2020-04-22 13:12:30.126 WARN  [background-preinit]o.s.http.converter.json.Jackson2ObjectMapperBuilder.warn:127 -For Jackson Kotlin classes support please add "com.fasterxml.jackson.module:jackson-module-kotlin" to the classpath
2020-04-22 13:12:34.550 WARN  [main]com.baomidou.mybatisplus.core.injector.AbstractMethod.addMappedStatement:307 -[cn.codexing.blog.mapper.ArticleMapper.deleteById] Has been loaded by XML or SqlProvider or Mybatis's Annotation, so ignoring this injection for [class com.baomidou.mybatisplus.core.injector.methods.DeleteById]
2020-04-22 13:12:34.679 WARN  [main]com.baomidou.mybatisplus.core.injector.AbstractMethod.addMappedStatement:307 -[cn.codexing.blog.mapper.CategoryMapper.deleteById] Has been loaded by XML or SqlProvider or Mybatis's Annotation, so ignoring this injection for [class com.baomidou.mybatisplus.core.injector.methods.DeleteById]
2020-04-22 13:12:35.009 WARN  [main]com.baomidou.mybatisplus.core.injector.AbstractMethod.addMappedStatement:307 -[cn.codexing.blog.mapper.TagMapper.deleteById] Has been loaded by XML or SqlProvider or Mybatis's Annotation, so ignoring this injection for [class com.baomidou.mybatisplus.core.injector.methods.DeleteById]
2020-04-22 13:39:31.601 WARN  [background-preinit]o.s.http.converter.json.Jackson2ObjectMapperBuilder.warn:127 -For Jackson Kotlin classes support please add "com.fasterxml.jackson.module:jackson-module-kotlin" to the classpath
2020-04-22 13:39:35.222 WARN  [main]com.baomidou.mybatisplus.core.injector.AbstractMethod.addMappedStatement:307 -[cn.codexing.blog.mapper.ArticleMapper.deleteById] Has been loaded by XML or SqlProvider or Mybatis's Annotation, so ignoring this injection for [class com.baomidou.mybatisplus.core.injector.methods.DeleteById]
2020-04-22 13:39:35.285 WARN  [main]com.baomidou.mybatisplus.core.injector.AbstractMethod.addMappedStatement:307 -[cn.codexing.blog.mapper.CategoryMapper.deleteById] Has been loaded by XML or SqlProvider or Mybatis's Annotation, so ignoring this injection for [class com.baomidou.mybatisplus.core.injector.methods.DeleteById]
2020-04-22 13:39:35.520 WARN  [main]com.baomidou.mybatisplus.core.injector.AbstractMethod.addMappedStatement:307 -[cn.codexing.blog.mapper.TagMapper.deleteById] Has been loaded by XML or SqlProvider or Mybatis's Annotation, so ignoring this injection for [class com.baomidou.mybatisplus.core.injector.methods.DeleteById]
2020-04-22 13:47:40.027 WARN  [background-preinit]o.s.http.converter.json.Jackson2ObjectMapperBuilder.warn:127 -For Jackson Kotlin classes support please add "com.fasterxml.jackson.module:jackson-module-kotlin" to the classpath
2020-04-22 13:47:43.221 WARN  [main]com.baomidou.mybatisplus.core.injector.AbstractMethod.addMappedStatement:307 -[cn.codexing.blog.mapper.ArticleMapper.deleteById] Has been loaded by XML or SqlProvider or Mybatis's Annotation, so ignoring this injection for [class com.baomidou.mybatisplus.core.injector.methods.DeleteById]
2020-04-22 13:47:43.279 WARN  [main]com.baomidou.mybatisplus.core.injector.AbstractMethod.addMappedStatement:307 -[cn.codexing.blog.mapper.CategoryMapper.deleteById] Has been loaded by XML or SqlProvider or Mybatis's Annotation, so ignoring this injection for [class com.baomidou.mybatisplus.core.injector.methods.DeleteById]
2020-04-22 13:47:43.454 WARN  [main]com.baomidou.mybatisplus.core.injector.AbstractMethod.addMappedStatement:307 -[cn.codexing.blog.mapper.TagMapper.deleteById] Has been loaded by XML or SqlProvider or Mybatis's Annotation, so ignoring this injection for [class com.baomidou.mybatisplus.core.injector.methods.DeleteById]
2020-04-22 15:09:28.670 WARN  [background-preinit]o.s.http.converter.json.Jackson2ObjectMapperBuilder.warn:127 -For Jackson Kotlin classes support please add "com.fasterxml.jackson.module:jackson-module-kotlin" to the classpath
2020-04-22 15:09:34.282 WARN  [main]com.baomidou.mybatisplus.core.injector.AbstractMethod.addMappedStatement:307 -[cn.codexing.blog.mapper.ArticleMapper.deleteById] Has been loaded by XML or SqlProvider or Mybatis's Annotation, so ignoring this injection for [class com.baomidou.mybatisplus.core.injector.methods.DeleteById]
2020-04-22 15:09:34.344 WARN  [main]com.baomidou.mybatisplus.core.injector.AbstractMethod.addMappedStatement:307 -[cn.codexing.blog.mapper.CategoryMapper.deleteById] Has been loaded by XML or SqlProvider or Mybatis's Annotation, so ignoring this injection for [class com.baomidou.mybatisplus.core.injector.methods.DeleteById]
2020-04-22 15:09:34.567 WARN  [main]com.baomidou.mybatisplus.core.injector.AbstractMethod.addMappedStatement:307 -[cn.codexing.blog.mapper.TagMapper.deleteById] Has been loaded by XML or SqlProvider or Mybatis's Annotation, so ignoring this injection for [class com.baomidou.mybatisplus.core.injector.methods.DeleteById]
2020-04-22 15:17:21.783 WARN  [http-nio-8088-exec-4]org.springframework.web.servlet.PageNotFound.noHandlerFound:1251 -No mapping for POST /login
2020-04-22 21:18:17.283 WARN  [background-preinit]o.s.http.converter.json.Jackson2ObjectMapperBuilder.warn:127 -For Jackson Kotlin classes support please add "com.fasterxml.jackson.module:jackson-module-kotlin" to the classpath
2020-04-22 21:18:20.940 WARN  [main]com.baomidou.mybatisplus.core.injector.AbstractMethod.addMappedStatement:307 -[cn.codexing.blog.mapper.ArticleMapper.deleteById] Has been loaded by XML or SqlProvider or Mybatis's Annotation, so ignoring this injection for [class com.baomidou.mybatisplus.core.injector.methods.DeleteById]
2020-04-22 21:18:21.004 WARN  [main]com.baomidou.mybatisplus.core.injector.AbstractMethod.addMappedStatement:307 -[cn.codexing.blog.mapper.CategoryMapper.deleteById] Has been loaded by XML or SqlProvider or Mybatis's Annotation, so ignoring this injection for [class com.baomidou.mybatisplus.core.injector.methods.DeleteById]
2020-04-22 21:18:21.241 WARN  [main]com.baomidou.mybatisplus.core.injector.AbstractMethod.addMappedStatement:307 -[cn.codexing.blog.mapper.TagMapper.deleteById] Has been loaded by XML or SqlProvider or Mybatis's Annotation, so ignoring this injection for [class com.baomidou.mybatisplus.core.injector.methods.DeleteById]
2020-04-22 21:23:55.007 WARN  [background-preinit]o.s.http.converter.json.Jackson2ObjectMapperBuilder.warn:127 -For Jackson Kotlin classes support please add "com.fasterxml.jackson.module:jackson-module-kotlin" to the classpath
2020-04-22 21:23:57.712 WARN  [main]com.baomidou.mybatisplus.core.injector.AbstractMethod.addMappedStatement:307 -[cn.codexing.blog.mapper.ArticleMapper.deleteById] Has been loaded by XML or SqlProvider or Mybatis's Annotation, so ignoring this injection for [class com.baomidou.mybatisplus.core.injector.methods.DeleteById]
2020-04-22 21:23:57.765 WARN  [main]com.baomidou.mybatisplus.core.injector.AbstractMethod.addMappedStatement:307 -[cn.codexing.blog.mapper.CategoryMapper.deleteById] Has been loaded by XML or SqlProvider or Mybatis's Annotation, so ignoring this injection for [class com.baomidou.mybatisplus.core.injector.methods.DeleteById]
2020-04-22 21:23:57.954 WARN  [main]com.baomidou.mybatisplus.core.injector.AbstractMethod.addMappedStatement:307 -[cn.codexing.blog.mapper.TagMapper.deleteById] Has been loaded by XML or SqlProvider or Mybatis's Annotation, so ignoring this injection for [class com.baomidou.mybatisplus.core.injector.methods.DeleteById]
2020-04-22 21:25:30.900 WARN  [background-preinit]o.s.http.converter.json.Jackson2ObjectMapperBuilder.warn:127 -For Jackson Kotlin classes support please add "com.fasterxml.jackson.module:jackson-module-kotlin" to the classpath
2020-04-22 21:25:33.954 WARN  [main]com.baomidou.mybatisplus.core.injector.AbstractMethod.addMappedStatement:307 -[cn.codexing.blog.mapper.ArticleMapper.deleteById] Has been loaded by XML or SqlProvider or Mybatis's Annotation, so ignoring this injection for [class com.baomidou.mybatisplus.core.injector.methods.DeleteById]
2020-04-22 21:25:34.020 WARN  [main]com.baomidou.mybatisplus.core.injector.AbstractMethod.addMappedStatement:307 -[cn.codexing.blog.mapper.CategoryMapper.deleteById] Has been loaded by XML or SqlProvider or Mybatis's Annotation, so ignoring this injection for [class com.baomidou.mybatisplus.core.injector.methods.DeleteById]
2020-04-22 21:25:34.279 WARN  [main]com.baomidou.mybatisplus.core.injector.AbstractMethod.addMappedStatement:307 -[cn.codexing.blog.mapper.TagMapper.deleteById] Has been loaded by XML or SqlProvider or Mybatis's Annotation, so ignoring this injection for [class com.baomidou.mybatisplus.core.injector.methods.DeleteById]
2020-04-22 23:01:30.982 WARN  [background-preinit]o.s.http.converter.json.Jackson2ObjectMapperBuilder.warn:127 -For Jackson Kotlin classes support please add "com.fasterxml.jackson.module:jackson-module-kotlin" to the classpath
2020-04-22 23:01:36.788 WARN  [main]com.baomidou.mybatisplus.core.injector.AbstractMethod.addMappedStatement:307 -[cn.codexing.blog.mapper.ArticleMapper.deleteById] Has been loaded by XML or SqlProvider or Mybatis's Annotation, so ignoring this injection for [class com.baomidou.mybatisplus.core.injector.methods.DeleteById]
2020-04-22 23:01:36.842 WARN  [main]com.baomidou.mybatisplus.core.injector.AbstractMethod.addMappedStatement:307 -[cn.codexing.blog.mapper.CategoryMapper.deleteById] Has been loaded by XML or SqlProvider or Mybatis's Annotation, so ignoring this injection for [class com.baomidou.mybatisplus.core.injector.methods.DeleteById]
2020-04-22 23:01:37.144 WARN  [main]com.baomidou.mybatisplus.core.injector.AbstractMethod.addMappedStatement:307 -[cn.codexing.blog.mapper.TagMapper.deleteById] Has been loaded by XML or SqlProvider or Mybatis's Annotation, so ignoring this injection for [class com.baomidou.mybatisplus.core.injector.methods.DeleteById]
2020-04-22 23:02:14.128 WARN  [http-nio-8088-exec-6]org.springframework.web.servlet.PageNotFound.noHandlerFound:1251 -No mapping for GET /
2020-04-22 23:03:01.687 WARN  [background-preinit]o.s.http.converter.json.Jackson2ObjectMapperBuilder.warn:127 -For Jackson Kotlin classes support please add "com.fasterxml.jackson.module:jackson-module-kotlin" to the classpath
2020-04-22 23:03:04.453 WARN  [main]com.baomidou.mybatisplus.core.injector.AbstractMethod.addMappedStatement:307 -[cn.codexing.blog.mapper.ArticleMapper.deleteById] Has been loaded by XML or SqlProvider or Mybatis's Annotation, so ignoring this injection for [class com.baomidou.mybatisplus.core.injector.methods.DeleteById]
2020-04-22 23:03:04.510 WARN  [main]com.baomidou.mybatisplus.core.injector.AbstractMethod.addMappedStatement:307 -[cn.codexing.blog.mapper.CategoryMapper.deleteById] Has been loaded by XML or SqlProvider or Mybatis's Annotation, so ignoring this injection for [class com.baomidou.mybatisplus.core.injector.methods.DeleteById]
2020-04-22 23:03:04.698 WARN  [main]com.baomidou.mybatisplus.core.injector.AbstractMethod.addMappedStatement:307 -[cn.codexing.blog.mapper.TagMapper.deleteById] Has been loaded by XML or SqlProvider or Mybatis's Annotation, so ignoring this injection for [class com.baomidou.mybatisplus.core.injector.methods.DeleteById]
2020-04-22 23:03:22.849 WARN  [http-nio-8088-exec-4]org.springframework.web.servlet.PageNotFound.noHandlerFound:1251 -No mapping for GET /login
2020-04-22 23:03:54.967 WARN  [http-nio-8088-exec-6]org.springframework.web.servlet.PageNotFound.noHandlerFound:1251 -No mapping for GET /login
2020-04-22 23:04:08.247 WARN  [http-nio-8088-exec-8]org.springframework.web.servlet.PageNotFound.noHandlerFound:1251 -No mapping for POST /login
2020-04-22 23:06:23.312 WARN  [background-preinit]o.s.http.converter.json.Jackson2ObjectMapperBuilder.warn:127 -For Jackson Kotlin classes support please add "com.fasterxml.jackson.module:jackson-module-kotlin" to the classpath
2020-04-22 23:06:26.504 WARN  [main]com.baomidou.mybatisplus.core.injector.AbstractMethod.addMappedStatement:307 -[cn.codexing.blog.mapper.ArticleMapper.deleteById] Has been loaded by XML or SqlProvider or Mybatis's Annotation, so ignoring this injection for [class com.baomidou.mybatisplus.core.injector.methods.DeleteById]
2020-04-22 23:06:26.564 WARN  [main]com.baomidou.mybatisplus.core.injector.AbstractMethod.addMappedStatement:307 -[cn.codexing.blog.mapper.CategoryMapper.deleteById] Has been loaded by XML or SqlProvider or Mybatis's Annotation, so ignoring this injection for [class com.baomidou.mybatisplus.core.injector.methods.DeleteById]
2020-04-22 23:06:26.791 WARN  [main]com.baomidou.mybatisplus.core.injector.AbstractMethod.addMappedStatement:307 -[cn.codexing.blog.mapper.TagMapper.deleteById] Has been loaded by XML or SqlProvider or Mybatis's Annotation, so ignoring this injection for [class com.baomidou.mybatisplus.core.injector.methods.DeleteById]
2020-04-22 23:06:44.912 WARN  [http-nio-8088-exec-2]org.springframework.web.servlet.PageNotFound.noHandlerFound:1251 -No mapping for POST /user/login
2020-04-22 23:06:51.683 WARN  [http-nio-8088-exec-3]org.springframework.web.servlet.PageNotFound.noHandlerFound:1251 -No mapping for POST /login
2020-04-22 23:07:03.736 WARN  [background-preinit]o.s.http.converter.json.Jackson2ObjectMapperBuilder.warn:127 -For Jackson Kotlin classes support please add "com.fasterxml.jackson.module:jackson-module-kotlin" to the classpath
2020-04-22 23:07:06.343 WARN  [main]com.baomidou.mybatisplus.core.injector.AbstractMethod.addMappedStatement:307 -[cn.codexing.blog.mapper.ArticleMapper.deleteById] Has been loaded by XML or SqlProvider or Mybatis's Annotation, so ignoring this injection for [class com.baomidou.mybatisplus.core.injector.methods.DeleteById]
2020-04-22 23:07:06.399 WARN  [main]com.baomidou.mybatisplus.core.injector.AbstractMethod.addMappedStatement:307 -[cn.codexing.blog.mapper.CategoryMapper.deleteById] Has been loaded by XML or SqlProvider or Mybatis's Annotation, so ignoring this injection for [class com.baomidou.mybatisplus.core.injector.methods.DeleteById]
2020-04-22 23:07:06.578 WARN  [main]com.baomidou.mybatisplus.core.injector.AbstractMethod.addMappedStatement:307 -[cn.codexing.blog.mapper.TagMapper.deleteById] Has been loaded by XML or SqlProvider or Mybatis's Annotation, so ignoring this injection for [class com.baomidou.mybatisplus.core.injector.methods.DeleteById]
2020-04-22 23:07:20.228 WARN  [http-nio-8088-exec-1]org.springframework.web.servlet.PageNotFound.noHandlerFound:1251 -No mapping for POST /login
2020-04-22 23:07:30.359 WARN  [http-nio-8088-exec-3]org.springframework.web.servlet.PageNotFound.noHandlerFound:1251 -No mapping for POST /login
2020-04-22 23:08:18.417 WARN  [background-preinit]o.s.http.converter.json.Jackson2ObjectMapperBuilder.warn:127 -For Jackson Kotlin classes support please add "com.fasterxml.jackson.module:jackson-module-kotlin" to the classpath
2020-04-22 23:08:21.210 WARN  [main]com.baomidou.mybatisplus.core.injector.AbstractMethod.addMappedStatement:307 -[cn.codexing.blog.mapper.ArticleMapper.deleteById] Has been loaded by XML or SqlProvider or Mybatis's Annotation, so ignoring this injection for [class com.baomidou.mybatisplus.core.injector.methods.DeleteById]
2020-04-22 23:08:21.283 WARN  [main]com.baomidou.mybatisplus.core.injector.AbstractMethod.addMappedStatement:307 -[cn.codexing.blog.mapper.CategoryMapper.deleteById] Has been loaded by XML or SqlProvider or Mybatis's Annotation, so ignoring this injection for [class com.baomidou.mybatisplus.core.injector.methods.DeleteById]
2020-04-22 23:08:21.487 WARN  [main]com.baomidou.mybatisplus.core.injector.AbstractMethod.addMappedStatement:307 -[cn.codexing.blog.mapper.TagMapper.deleteById] Has been loaded by XML or SqlProvider or Mybatis's Annotation, so ignoring this injection for [class com.baomidou.mybatisplus.core.injector.methods.DeleteById]
