2020-04-14 09:06:15.456 WARN  [background-preinit]o.s.http.converter.json.Jackson2ObjectMapperBuilder.warn:127 -For Jackson Kotlin classes support please add "com.fasterxml.jackson.module:jackson-module-kotlin" to the classpath
2020-04-14 09:06:18.852 WARN  [main]com.baomidou.mybatisplus.core.metadata.TableInfoHelper.initTableFields:280 -Warn: Could not find @TableId in Class: cn.codexing.blog.entity.ArticleComment.
2020-04-14 09:06:41.214 WARN  [http-nio-8088-exec-3]o.s.w.s.mvc.support.DefaultHandlerExceptionResolver.logException:199 -Resolved [org.springframework.web.HttpRequestMethodNotSupportedException: Request method 'POST' not supported]
2020-04-14 09:07:40.540 WARN  [background-preinit]o.s.http.converter.json.Jackson2ObjectMapperBuilder.warn:127 -For Jackson Kotlin classes support please add "com.fasterxml.jackson.module:jackson-module-kotlin" to the classpath
2020-04-14 09:07:42.518 WARN  [main]com.baomidou.mybatisplus.core.metadata.TableInfoHelper.initTableFields:280 -Warn: Could not find @TableId in Class: cn.codexing.blog.entity.ArticleComment.
2020-04-14 09:10:39.076 WARN  [background-preinit]o.s.http.converter.json.Jackson2ObjectMapperBuilder.warn:127 -For Jackson Kotlin classes support please add "com.fasterxml.jackson.module:jackson-module-kotlin" to the classpath
2020-04-14 09:10:40.987 WARN  [main]com.baomidou.mybatisplus.core.metadata.TableInfoHelper.initTableFields:280 -Warn: Could not find @TableId in Class: cn.codexing.blog.entity.ArticleComment.
2020-04-14 09:24:58.040 WARN  [background-preinit]o.s.http.converter.json.Jackson2ObjectMapperBuilder.warn:127 -For Jackson Kotlin classes support please add "com.fasterxml.jackson.module:jackson-module-kotlin" to the classpath
2020-04-14 09:25:00.794 WARN  [main]com.baomidou.mybatisplus.core.metadata.TableInfoHelper.initTableFields:280 -Warn: Could not find @TableId in Class: cn.codexing.blog.entity.ArticleComment.
2020-04-14 09:27:21.914 WARN  [http-nio-8088-exec-7]o.s.w.s.mvc.support.DefaultHandlerExceptionResolver.logException:199 -Resolved [org.springframework.http.converter.HttpMessageNotReadableException: JSON parse error: Unexpected character ('"' (code 34)): was expecting comma to separate Object entries; nested exception is com.fasterxml.jackson.core.JsonParseException: Unexpected character ('"' (code 34)): was expecting comma to separate Object entries
 at [Source: (PushbackInputStream); line: 3, column: 3]]
2020-04-14 09:27:28.757 WARN  [http-nio-8088-exec-9]o.s.w.s.mvc.support.DefaultHandlerExceptionResolver.logException:199 -Resolved [org.springframework.http.converter.HttpMessageNotReadableException: JSON parse error: Unexpected character ('"' (code 34)): was expecting comma to separate Object entries; nested exception is com.fasterxml.jackson.core.JsonParseException: Unexpected character ('"' (code 34)): was expecting comma to separate Object entries
 at [Source: (PushbackInputStream); line: 3, column: 3]]
2020-04-14 09:31:00.065 WARN  [background-preinit]o.s.http.converter.json.Jackson2ObjectMapperBuilder.warn:127 -For Jackson Kotlin classes support please add "com.fasterxml.jackson.module:jackson-module-kotlin" to the classpath
2020-04-14 09:31:02.396 WARN  [main]com.baomidou.mybatisplus.core.metadata.TableInfoHelper.initTableFields:280 -Warn: Could not find @TableId in Class: cn.codexing.blog.entity.ArticleComment.
2020-04-14 09:37:39.180 WARN  [background-preinit]o.s.http.converter.json.Jackson2ObjectMapperBuilder.warn:127 -For Jackson Kotlin classes support please add "com.fasterxml.jackson.module:jackson-module-kotlin" to the classpath
2020-04-14 09:37:41.226 WARN  [main]com.baomidou.mybatisplus.core.metadata.TableInfoHelper.initTableFields:280 -Warn: Could not find @TableId in Class: cn.codexing.blog.entity.ArticleComment.
2020-04-14 09:37:55.194 WARN  [http-nio-8088-exec-2]o.s.w.s.mvc.support.DefaultHandlerExceptionResolver.logException:199 -Resolved [org.springframework.http.converter.HttpMessageNotReadableException: Required request body is missing: public cn.codexing.blog.common.Result<cn.codexing.blog.common.util.PageUtils<cn.codexing.blog.vo.ArticleVO>> cn.codexing.blog.controller.ArticleController.getByPage(cn.codexing.blog.common.util.PageUtils<cn.codexing.blog.vo.ArticleVO>)]
2020-04-14 09:38:02.871 WARN  [http-nio-8088-exec-3]o.s.w.s.mvc.support.DefaultHandlerExceptionResolver.logException:199 -Resolved [org.springframework.http.converter.HttpMessageNotReadableException: Required request body is missing: public cn.codexing.blog.common.Result<cn.codexing.blog.common.util.PageUtils<cn.codexing.blog.vo.ArticleVO>> cn.codexing.blog.controller.ArticleController.getByPage(cn.codexing.blog.common.util.PageUtils<cn.codexing.blog.vo.ArticleVO>)]
2020-04-14 09:40:38.307 WARN  [background-preinit]o.s.http.converter.json.Jackson2ObjectMapperBuilder.warn:127 -For Jackson Kotlin classes support please add "com.fasterxml.jackson.module:jackson-module-kotlin" to the classpath
2020-04-14 09:40:41.373 WARN  [main]com.baomidou.mybatisplus.core.metadata.TableInfoHelper.initTableFields:280 -Warn: Could not find @TableId in Class: cn.codexing.blog.entity.ArticleComment.
2020-04-14 09:51:33.793 WARN  [background-preinit]o.s.http.converter.json.Jackson2ObjectMapperBuilder.warn:127 -For Jackson Kotlin classes support please add "com.fasterxml.jackson.module:jackson-module-kotlin" to the classpath
2020-04-14 09:51:35.833 WARN  [main]com.baomidou.mybatisplus.core.metadata.TableInfoHelper.initTableFields:280 -Warn: Could not find @TableId in Class: cn.codexing.blog.entity.ArticleComment.
2020-04-14 09:59:03.272 WARN  [background-preinit]o.s.http.converter.json.Jackson2ObjectMapperBuilder.warn:127 -For Jackson Kotlin classes support please add "com.fasterxml.jackson.module:jackson-module-kotlin" to the classpath
2020-04-14 09:59:05.473 WARN  [main]com.baomidou.mybatisplus.core.metadata.TableInfoHelper.initTableFields:280 -Warn: Could not find @TableId in Class: cn.codexing.blog.entity.ArticleComment.
2020-04-14 10:08:53.220 WARN  [background-preinit]o.s.http.converter.json.Jackson2ObjectMapperBuilder.warn:127 -For Jackson Kotlin classes support please add "com.fasterxml.jackson.module:jackson-module-kotlin" to the classpath
2020-04-14 10:08:55.419 WARN  [main]com.baomidou.mybatisplus.core.metadata.TableInfoHelper.initTableFields:280 -Warn: Could not find @TableId in Class: cn.codexing.blog.entity.ArticleComment.
2020-04-14 10:11:03.549 WARN  [background-preinit]o.s.http.converter.json.Jackson2ObjectMapperBuilder.warn:127 -For Jackson Kotlin classes support please add "com.fasterxml.jackson.module:jackson-module-kotlin" to the classpath
2020-04-14 10:11:05.754 WARN  [main]com.baomidou.mybatisplus.core.metadata.TableInfoHelper.initTableFields:280 -Warn: Could not find @TableId in Class: cn.codexing.blog.entity.ArticleComment.
2020-04-14 10:12:21.420 WARN  [background-preinit]o.s.http.converter.json.Jackson2ObjectMapperBuilder.warn:127 -For Jackson Kotlin classes support please add "com.fasterxml.jackson.module:jackson-module-kotlin" to the classpath
2020-04-14 10:12:23.332 WARN  [main]com.baomidou.mybatisplus.core.metadata.TableInfoHelper.initTableFields:280 -Warn: Could not find @TableId in Class: cn.codexing.blog.entity.ArticleComment.
2020-04-14 10:13:37.603 WARN  [background-preinit]o.s.http.converter.json.Jackson2ObjectMapperBuilder.warn:127 -For Jackson Kotlin classes support please add "com.fasterxml.jackson.module:jackson-module-kotlin" to the classpath
2020-04-14 10:13:39.959 WARN  [main]com.baomidou.mybatisplus.core.metadata.TableInfoHelper.initTableFields:280 -Warn: Could not find @TableId in Class: cn.codexing.blog.entity.ArticleComment.
2020-04-14 10:23:16.193 WARN  [background-preinit]o.s.http.converter.json.Jackson2ObjectMapperBuilder.warn:127 -For Jackson Kotlin classes support please add "com.fasterxml.jackson.module:jackson-module-kotlin" to the classpath
2020-04-14 10:23:18.270 WARN  [main]com.baomidou.mybatisplus.core.metadata.TableInfoHelper.initTableFields:280 -Warn: Could not find @TableId in Class: cn.codexing.blog.entity.ArticleComment.
2020-04-14 10:23:18.328 WARN  [main]com.baomidou.mybatisplus.core.injector.AbstractMethod.addMappedStatement:307 -[cn.codexing.blog.mapper.ArticleMapper.deleteById] Has been loaded by XML or SqlProvider or Mybatis's Annotation, so ignoring this injection for [class com.baomidou.mybatisplus.core.injector.methods.DeleteById]
2020-04-14 10:31:32.118 WARN  [background-preinit]o.s.http.converter.json.Jackson2ObjectMapperBuilder.warn:127 -For Jackson Kotlin classes support please add "com.fasterxml.jackson.module:jackson-module-kotlin" to the classpath
2020-04-14 10:31:34.394 WARN  [main]com.baomidou.mybatisplus.core.metadata.TableInfoHelper.initTableFields:280 -Warn: Could not find @TableId in Class: cn.codexing.blog.entity.ArticleComment.
2020-04-14 10:31:34.441 WARN  [main]com.baomidou.mybatisplus.core.injector.AbstractMethod.addMappedStatement:307 -[cn.codexing.blog.mapper.ArticleMapper.deleteById] Has been loaded by XML or SqlProvider or Mybatis's Annotation, so ignoring this injection for [class com.baomidou.mybatisplus.core.injector.methods.DeleteById]
2020-04-14 10:32:40.253 WARN  [http-nio-8088-exec-4]o.s.w.s.mvc.support.DefaultHandlerExceptionResolver.logException:199 -Resolved [org.springframework.web.HttpMediaTypeNotSupportedException: Content type 'text/plain;charset=UTF-8' not supported]
2020-04-14 10:33:48.950 WARN  [http-nio-8088-exec-7]o.s.w.s.mvc.support.DefaultHandlerExceptionResolver.logException:199 -Resolved [org.springframework.http.converter.HttpMessageNotReadableException: Invalid JSON input: Cannot deserialize instance of `java.lang.String` out of START_OBJECT token; nested exception is com.fasterxml.jackson.databind.exc.MismatchedInputException: Cannot deserialize instance of `java.lang.String` out of START_OBJECT token
 at [Source: (PushbackInputStream); line: 17, column: 29] (through reference chain: cn.codexing.blog.dto.ArticleDTO["category"])]
2020-04-14 10:35:56.772 WARN  [http-nio-8088-exec-9]o.s.w.s.mvc.support.DefaultHandlerExceptionResolver.logException:199 -Resolved [org.springframework.http.converter.HttpMessageNotReadableException: Invalid JSON input: Cannot deserialize instance of `java.lang.String` out of START_OBJECT token; nested exception is com.fasterxml.jackson.databind.exc.MismatchedInputException: Cannot deserialize instance of `java.lang.String` out of START_OBJECT token
 at [Source: (PushbackInputStream); line: 17, column: 29] (through reference chain: cn.codexing.blog.dto.ArticleDTO["category"])]
2020-04-14 10:37:11.857 WARN  [http-nio-8088-exec-2]o.s.w.s.mvc.support.DefaultHandlerExceptionResolver.logException:199 -Resolved [org.springframework.http.converter.HttpMessageNotReadableException: Invalid JSON input: Cannot deserialize instance of `java.lang.String` out of START_OBJECT token; nested exception is com.fasterxml.jackson.databind.exc.MismatchedInputException: Cannot deserialize instance of `java.lang.String` out of START_OBJECT token
 at [Source: (PushbackInputStream); line: 17, column: 14] (through reference chain: cn.codexing.blog.dto.ArticleDTO["category"])]
2020-04-14 10:38:27.485 WARN  [http-nio-8088-exec-3]o.s.w.s.mvc.support.DefaultHandlerExceptionResolver.logException:199 -Resolved [org.springframework.http.converter.HttpMessageNotReadableException: Invalid JSON input: Cannot deserialize instance of `java.lang.String` out of START_OBJECT token; nested exception is com.fasterxml.jackson.databind.exc.MismatchedInputException: Cannot deserialize instance of `java.lang.String` out of START_OBJECT token
 at [Source: (PushbackInputStream); line: 17, column: 14] (through reference chain: cn.codexing.blog.dto.ArticleDTO["category"])]
2020-04-14 10:39:18.599 WARN  [background-preinit]o.s.http.converter.json.Jackson2ObjectMapperBuilder.warn:127 -For Jackson Kotlin classes support please add "com.fasterxml.jackson.module:jackson-module-kotlin" to the classpath
2020-04-14 10:39:20.711 WARN  [main]com.baomidou.mybatisplus.core.metadata.TableInfoHelper.initTableFields:280 -Warn: Could not find @TableId in Class: cn.codexing.blog.entity.ArticleComment.
2020-04-14 10:39:20.756 WARN  [main]com.baomidou.mybatisplus.core.injector.AbstractMethod.addMappedStatement:307 -[cn.codexing.blog.mapper.ArticleMapper.deleteById] Has been loaded by XML or SqlProvider or Mybatis's Annotation, so ignoring this injection for [class com.baomidou.mybatisplus.core.injector.methods.DeleteById]
2020-04-14 10:42:43.250 WARN  [background-preinit]o.s.http.converter.json.Jackson2ObjectMapperBuilder.warn:127 -For Jackson Kotlin classes support please add "com.fasterxml.jackson.module:jackson-module-kotlin" to the classpath
2020-04-14 10:42:45.316 WARN  [main]com.baomidou.mybatisplus.core.metadata.TableInfoHelper.initTableFields:280 -Warn: Could not find @TableId in Class: cn.codexing.blog.entity.ArticleComment.
2020-04-14 10:42:45.366 WARN  [main]com.baomidou.mybatisplus.core.injector.AbstractMethod.addMappedStatement:307 -[cn.codexing.blog.mapper.ArticleMapper.deleteById] Has been loaded by XML or SqlProvider or Mybatis's Annotation, so ignoring this injection for [class com.baomidou.mybatisplus.core.injector.methods.DeleteById]
2020-04-14 11:19:28.197 WARN  [background-preinit]o.s.http.converter.json.Jackson2ObjectMapperBuilder.warn:127 -For Jackson Kotlin classes support please add "com.fasterxml.jackson.module:jackson-module-kotlin" to the classpath
2020-04-14 11:19:30.608 WARN  [main]com.baomidou.mybatisplus.core.metadata.TableInfoHelper.initTableFields:280 -Warn: Could not find @TableId in Class: cn.codexing.blog.entity.ArticleComment.
2020-04-14 11:19:30.687 WARN  [main]com.baomidou.mybatisplus.core.injector.AbstractMethod.addMappedStatement:307 -[cn.codexing.blog.mapper.ArticleMapper.deleteById] Has been loaded by XML or SqlProvider or Mybatis's Annotation, so ignoring this injection for [class com.baomidou.mybatisplus.core.injector.methods.DeleteById]
2020-04-14 11:21:29.821 WARN  [background-preinit]o.s.http.converter.json.Jackson2ObjectMapperBuilder.warn:127 -For Jackson Kotlin classes support please add "com.fasterxml.jackson.module:jackson-module-kotlin" to the classpath
2020-04-14 11:21:32.115 WARN  [main]com.baomidou.mybatisplus.core.metadata.TableInfoHelper.initTableFields:280 -Warn: Could not find @TableId in Class: cn.codexing.blog.entity.ArticleComment.
2020-04-14 11:21:32.157 WARN  [main]com.baomidou.mybatisplus.core.injector.AbstractMethod.addMappedStatement:307 -[cn.codexing.blog.mapper.ArticleMapper.deleteById] Has been loaded by XML or SqlProvider or Mybatis's Annotation, so ignoring this injection for [class com.baomidou.mybatisplus.core.injector.methods.DeleteById]
2020-04-14 12:21:33.922 WARN  [background-preinit]o.s.http.converter.json.Jackson2ObjectMapperBuilder.warn:127 -For Jackson Kotlin classes support please add "com.fasterxml.jackson.module:jackson-module-kotlin" to the classpath
2020-04-14 12:21:36.075 WARN  [main]com.baomidou.mybatisplus.core.metadata.TableInfoHelper.initTableFields:280 -Warn: Could not find @TableId in Class: cn.codexing.blog.entity.ArticleComment.
2020-04-14 12:21:36.121 WARN  [main]com.baomidou.mybatisplus.core.injector.AbstractMethod.addMappedStatement:307 -[cn.codexing.blog.mapper.ArticleMapper.deleteById] Has been loaded by XML or SqlProvider or Mybatis's Annotation, so ignoring this injection for [class com.baomidou.mybatisplus.core.injector.methods.DeleteById]
2020-04-14 12:27:13.674 WARN  [background-preinit]o.s.http.converter.json.Jackson2ObjectMapperBuilder.warn:127 -For Jackson Kotlin classes support please add "com.fasterxml.jackson.module:jackson-module-kotlin" to the classpath
2020-04-14 12:27:16.059 WARN  [main]com.baomidou.mybatisplus.core.metadata.TableInfoHelper.initTableFields:280 -Warn: Could not find @TableId in Class: cn.codexing.blog.entity.ArticleComment.
2020-04-14 12:27:16.113 WARN  [main]com.baomidou.mybatisplus.core.injector.AbstractMethod.addMappedStatement:307 -[cn.codexing.blog.mapper.ArticleMapper.deleteById] Has been loaded by XML or SqlProvider or Mybatis's Annotation, so ignoring this injection for [class com.baomidou.mybatisplus.core.injector.methods.DeleteById]
2020-04-14 12:28:30.725 WARN  [background-preinit]o.s.http.converter.json.Jackson2ObjectMapperBuilder.warn:127 -For Jackson Kotlin classes support please add "com.fasterxml.jackson.module:jackson-module-kotlin" to the classpath
2020-04-14 12:28:32.664 WARN  [main]com.baomidou.mybatisplus.core.metadata.TableInfoHelper.initTableFields:280 -Warn: Could not find @TableId in Class: cn.codexing.blog.entity.ArticleComment.
2020-04-14 12:28:32.706 WARN  [main]com.baomidou.mybatisplus.core.injector.AbstractMethod.addMappedStatement:307 -[cn.codexing.blog.mapper.ArticleMapper.deleteById] Has been loaded by XML or SqlProvider or Mybatis's Annotation, so ignoring this injection for [class com.baomidou.mybatisplus.core.injector.methods.DeleteById]
2020-04-14 12:49:44.152 WARN  [background-preinit]o.s.http.converter.json.Jackson2ObjectMapperBuilder.warn:127 -For Jackson Kotlin classes support please add "com.fasterxml.jackson.module:jackson-module-kotlin" to the classpath
2020-04-14 12:49:46.634 WARN  [main]com.baomidou.mybatisplus.core.metadata.TableInfoHelper.initTableFields:280 -Warn: Could not find @TableId in Class: cn.codexing.blog.entity.ArticleComment.
2020-04-14 12:49:46.684 WARN  [main]com.baomidou.mybatisplus.core.injector.AbstractMethod.addMappedStatement:307 -[cn.codexing.blog.mapper.ArticleMapper.deleteById] Has been loaded by XML or SqlProvider or Mybatis's Annotation, so ignoring this injection for [class com.baomidou.mybatisplus.core.injector.methods.DeleteById]
2020-04-14 12:55:37.698 WARN  [background-preinit]o.s.http.converter.json.Jackson2ObjectMapperBuilder.warn:127 -For Jackson Kotlin classes support please add "com.fasterxml.jackson.module:jackson-module-kotlin" to the classpath
2020-04-14 12:55:39.913 WARN  [main]com.baomidou.mybatisplus.core.metadata.TableInfoHelper.initTableFields:280 -Warn: Could not find @TableId in Class: cn.codexing.blog.entity.ArticleComment.
2020-04-14 12:55:39.956 WARN  [main]com.baomidou.mybatisplus.core.injector.AbstractMethod.addMappedStatement:307 -[cn.codexing.blog.mapper.ArticleMapper.deleteById] Has been loaded by XML or SqlProvider or Mybatis's Annotation, so ignoring this injection for [class com.baomidou.mybatisplus.core.injector.methods.DeleteById]
2020-04-14 12:59:02.426 WARN  [background-preinit]o.s.http.converter.json.Jackson2ObjectMapperBuilder.warn:127 -For Jackson Kotlin classes support please add "com.fasterxml.jackson.module:jackson-module-kotlin" to the classpath
2020-04-14 12:59:04.632 WARN  [main]com.baomidou.mybatisplus.core.metadata.TableInfoHelper.initTableFields:280 -Warn: Could not find @TableId in Class: cn.codexing.blog.entity.ArticleComment.
2020-04-14 12:59:04.673 WARN  [main]com.baomidou.mybatisplus.core.injector.AbstractMethod.addMappedStatement:307 -[cn.codexing.blog.mapper.ArticleMapper.deleteById] Has been loaded by XML or SqlProvider or Mybatis's Annotation, so ignoring this injection for [class com.baomidou.mybatisplus.core.injector.methods.DeleteById]
2020-04-14 13:21:04.879 WARN  [background-preinit]o.s.http.converter.json.Jackson2ObjectMapperBuilder.warn:127 -For Jackson Kotlin classes support please add "com.fasterxml.jackson.module:jackson-module-kotlin" to the classpath
2020-04-14 13:21:07.189 WARN  [main]com.baomidou.mybatisplus.core.metadata.TableInfoHelper.initTableFields:280 -Warn: Could not find @TableId in Class: cn.codexing.blog.entity.ArticleComment.
2020-04-14 13:21:07.232 WARN  [main]com.baomidou.mybatisplus.core.injector.AbstractMethod.addMappedStatement:307 -[cn.codexing.blog.mapper.ArticleMapper.deleteById] Has been loaded by XML or SqlProvider or Mybatis's Annotation, so ignoring this injection for [class com.baomidou.mybatisplus.core.injector.methods.DeleteById]
2020-04-14 15:01:05.121 WARN  [background-preinit]o.s.http.converter.json.Jackson2ObjectMapperBuilder.warn:127 -For Jackson Kotlin classes support please add "com.fasterxml.jackson.module:jackson-module-kotlin" to the classpath
2020-04-14 15:01:07.806 WARN  [main]o.s.b.w.s.c.AnnotationConfigServletWebServerApplicationContext.refresh:558 -Exception encountered during context initialization - cancelling refresh attempt: org.springframework.beans.factory.UnsatisfiedDependencyException: Error creating bean with name 'requestLogAspect': Unsatisfied dependency expressed through field 'sysLogService'; nested exception is org.springframework.beans.factory.UnsatisfiedDependencyException: Error creating bean with name 'sysLogServiceImpl': Unsatisfied dependency expressed through field 'baseMapper'; nested exception is org.springframework.beans.factory.UnsatisfiedDependencyException: Error creating bean with name 'sysLogMapper' defined in file [E:\2020\myblog2.0\blog-backend\target\classes\cn\codexing\blog\mapper\SysLogMapper.class]: Unsatisfied dependency expressed through bean property 'sqlSessionFactory'; nested exception is org.springframework.beans.factory.BeanCreationException: Error creating bean with name 'sqlSessionFactory' defined in class path resource [com/baomidou/mybatisplus/autoconfigure/MybatisPlusAutoConfiguration.class]: Bean instantiation via factory method failed; nested exception is org.springframework.beans.BeanInstantiationException: Failed to instantiate [org.apache.ibatis.session.SqlSessionFactory]: Factory method 'sqlSessionFactory' threw exception; nested exception is org.springframework.core.NestedIOException: Failed to parse mapping resource: 'file [E:\2020\myblog2.0\blog-backend\target\classes\mapper\ArticleCommentMapper.xml]'; nested exception is org.apache.ibatis.builder.BuilderException: Error parsing Mapper XML. The XML location is 'file [E:\2020\myblog2.0\blog-backend\target\classes\mapper\ArticleCommentMapper.xml]'. Cause: org.apache.ibatis.builder.BuilderException: Error resolving class. Cause: org.apache.ibatis.type.TypeException: Could not resolve type alias 'cn.codexing.myblog.entity.Message'.  Cause: java.lang.ClassNotFoundException: Cannot find class: cn.codexing.myblog.entity.Message
2020-04-14 15:02:36.859 WARN  [background-preinit]o.s.http.converter.json.Jackson2ObjectMapperBuilder.warn:127 -For Jackson Kotlin classes support please add "com.fasterxml.jackson.module:jackson-module-kotlin" to the classpath
2020-04-14 15:02:39.234 WARN  [main]com.baomidou.mybatisplus.core.injector.AbstractMethod.addMappedStatement:307 -[cn.codexing.blog.mapper.ArticleMapper.deleteById] Has been loaded by XML or SqlProvider or Mybatis's Annotation, so ignoring this injection for [class com.baomidou.mybatisplus.core.injector.methods.DeleteById]
2020-04-14 15:03:20.995 WARN  [background-preinit]o.s.http.converter.json.Jackson2ObjectMapperBuilder.warn:127 -For Jackson Kotlin classes support please add "com.fasterxml.jackson.module:jackson-module-kotlin" to the classpath
2020-04-14 15:03:23.265 WARN  [main]com.baomidou.mybatisplus.core.injector.AbstractMethod.addMappedStatement:307 -[cn.codexing.blog.mapper.ArticleMapper.deleteById] Has been loaded by XML or SqlProvider or Mybatis's Annotation, so ignoring this injection for [class com.baomidou.mybatisplus.core.injector.methods.DeleteById]
2020-04-14 15:04:52.485 WARN  [background-preinit]o.s.http.converter.json.Jackson2ObjectMapperBuilder.warn:127 -For Jackson Kotlin classes support please add "com.fasterxml.jackson.module:jackson-module-kotlin" to the classpath
2020-04-14 15:04:54.695 WARN  [main]com.baomidou.mybatisplus.core.injector.AbstractMethod.addMappedStatement:307 -[cn.codexing.blog.mapper.ArticleMapper.deleteById] Has been loaded by XML or SqlProvider or Mybatis's Annotation, so ignoring this injection for [class com.baomidou.mybatisplus.core.injector.methods.DeleteById]
2020-04-14 15:08:36.172 WARN  [background-preinit]o.s.http.converter.json.Jackson2ObjectMapperBuilder.warn:127 -For Jackson Kotlin classes support please add "com.fasterxml.jackson.module:jackson-module-kotlin" to the classpath
2020-04-14 15:08:38.627 WARN  [main]com.baomidou.mybatisplus.core.injector.AbstractMethod.addMappedStatement:307 -[cn.codexing.blog.mapper.ArticleMapper.deleteById] Has been loaded by XML or SqlProvider or Mybatis's Annotation, so ignoring this injection for [class com.baomidou.mybatisplus.core.injector.methods.DeleteById]
2020-04-14 19:49:26.792 WARN  [background-preinit]o.s.http.converter.json.Jackson2ObjectMapperBuilder.warn:127 -For Jackson Kotlin classes support please add "com.fasterxml.jackson.module:jackson-module-kotlin" to the classpath
2020-04-14 19:49:28.965 WARN  [main]com.baomidou.mybatisplus.core.injector.AbstractMethod.addMappedStatement:307 -[cn.codexing.blog.mapper.ArticleMapper.deleteById] Has been loaded by XML or SqlProvider or Mybatis's Annotation, so ignoring this injection for [class com.baomidou.mybatisplus.core.injector.methods.DeleteById]
