2020-04-21 09:47:47.015 WARN  [background-preinit]o.s.http.converter.json.Jackson2ObjectMapperBuilder.warn:127 -For Jackson Kotlin classes support please add "com.fasterxml.jackson.module:jackson-module-kotlin" to the classpath
2020-04-21 09:47:48.905 WARN  [main]com.baomidou.mybatisplus.core.injector.AbstractMethod.addMappedStatement:307 -[cn.codexing.blog.mapper.ArticleMapper.deleteById] Has been loaded by XML or SqlProvider or Mybatis's Annotation, so ignoring this injection for [class com.baomidou.mybatisplus.core.injector.methods.DeleteById]
2020-04-21 09:47:48.952 WARN  [main]com.baomidou.mybatisplus.core.injector.AbstractMethod.addMappedStatement:307 -[cn.codexing.blog.mapper.CategoryMapper.deleteById] Has been loaded by XML or SqlProvider or Mybatis's Annotation, so ignoring this injection for [class com.baomidou.mybatisplus.core.injector.methods.DeleteById]
2020-04-21 09:47:49.140 WARN  [main]com.baomidou.mybatisplus.core.injector.AbstractMethod.addMappedStatement:307 -[cn.codexing.blog.mapper.TagMapper.deleteById] Has been loaded by XML or SqlProvider or Mybatis's Annotation, so ignoring this injection for [class com.baomidou.mybatisplus.core.injector.methods.DeleteById]
2020-04-21 09:48:20.492 WARN  [http-nio-8088-exec-1]org.springframework.web.servlet.PageNotFound.noHandlerFound:1251 -No mapping for GET /favicon.ico
2020-04-21 09:51:46.848 WARN  [http-nio-8088-exec-3]org.springframework.web.servlet.PageNotFound.noHandlerFound:1251 -No mapping for GET /
2020-04-21 09:53:25.552 WARN  [background-preinit]o.s.http.converter.json.Jackson2ObjectMapperBuilder.warn:127 -For Jackson Kotlin classes support please add "com.fasterxml.jackson.module:jackson-module-kotlin" to the classpath
2020-04-21 09:53:27.365 WARN  [main]com.baomidou.mybatisplus.core.injector.AbstractMethod.addMappedStatement:307 -[cn.codexing.blog.mapper.ArticleMapper.deleteById] Has been loaded by XML or SqlProvider or Mybatis's Annotation, so ignoring this injection for [class com.baomidou.mybatisplus.core.injector.methods.DeleteById]
2020-04-21 09:53:27.443 WARN  [main]com.baomidou.mybatisplus.core.injector.AbstractMethod.addMappedStatement:307 -[cn.codexing.blog.mapper.CategoryMapper.deleteById] Has been loaded by XML or SqlProvider or Mybatis's Annotation, so ignoring this injection for [class com.baomidou.mybatisplus.core.injector.methods.DeleteById]
2020-04-21 09:53:27.661 WARN  [main]com.baomidou.mybatisplus.core.injector.AbstractMethod.addMappedStatement:307 -[cn.codexing.blog.mapper.TagMapper.deleteById] Has been loaded by XML or SqlProvider or Mybatis's Annotation, so ignoring this injection for [class com.baomidou.mybatisplus.core.injector.methods.DeleteById]
2020-04-21 11:13:30.847 WARN  [background-preinit]o.s.http.converter.json.Jackson2ObjectMapperBuilder.warn:127 -For Jackson Kotlin classes support please add "com.fasterxml.jackson.module:jackson-module-kotlin" to the classpath
2020-04-21 11:13:35.738 WARN  [main]com.baomidou.mybatisplus.core.injector.AbstractMethod.addMappedStatement:307 -[cn.codexing.blog.mapper.ArticleMapper.deleteById] Has been loaded by XML or SqlProvider or Mybatis's Annotation, so ignoring this injection for [class com.baomidou.mybatisplus.core.injector.methods.DeleteById]
2020-04-21 11:13:35.828 WARN  [main]com.baomidou.mybatisplus.core.injector.AbstractMethod.addMappedStatement:307 -[cn.codexing.blog.mapper.CategoryMapper.deleteById] Has been loaded by XML or SqlProvider or Mybatis's Annotation, so ignoring this injection for [class com.baomidou.mybatisplus.core.injector.methods.DeleteById]
2020-04-21 11:13:36.141 WARN  [main]com.baomidou.mybatisplus.core.injector.AbstractMethod.addMappedStatement:307 -[cn.codexing.blog.mapper.TagMapper.deleteById] Has been loaded by XML or SqlProvider or Mybatis's Annotation, so ignoring this injection for [class com.baomidou.mybatisplus.core.injector.methods.DeleteById]
2020-04-21 11:13:39.586 WARN  [main]o.s.b.w.s.c.AnnotationConfigServletWebServerApplicationContext.refresh:558 -Exception encountered during context initialization - cancelling refresh attempt: org.springframework.context.ApplicationContextException: Unable to start web server; nested exception is org.springframework.boot.web.server.WebServerException: Unable to start embedded Tomcat
2020-04-21 11:14:43.570 WARN  [background-preinit]o.s.http.converter.json.Jackson2ObjectMapperBuilder.warn:127 -For Jackson Kotlin classes support please add "com.fasterxml.jackson.module:jackson-module-kotlin" to the classpath
2020-04-21 11:14:45.923 WARN  [main]com.baomidou.mybatisplus.core.injector.AbstractMethod.addMappedStatement:307 -[cn.codexing.blog.mapper.ArticleMapper.deleteById] Has been loaded by XML or SqlProvider or Mybatis's Annotation, so ignoring this injection for [class com.baomidou.mybatisplus.core.injector.methods.DeleteById]
2020-04-21 11:14:45.970 WARN  [main]com.baomidou.mybatisplus.core.injector.AbstractMethod.addMappedStatement:307 -[cn.codexing.blog.mapper.CategoryMapper.deleteById] Has been loaded by XML or SqlProvider or Mybatis's Annotation, so ignoring this injection for [class com.baomidou.mybatisplus.core.injector.methods.DeleteById]
2020-04-21 11:14:46.157 WARN  [main]com.baomidou.mybatisplus.core.injector.AbstractMethod.addMappedStatement:307 -[cn.codexing.blog.mapper.TagMapper.deleteById] Has been loaded by XML or SqlProvider or Mybatis's Annotation, so ignoring this injection for [class com.baomidou.mybatisplus.core.injector.methods.DeleteById]
2020-04-21 11:14:47.672 WARN  [main]o.s.b.w.s.c.AnnotationConfigServletWebServerApplicationContext.refresh:558 -Exception encountered during context initialization - cancelling refresh attempt: org.springframework.context.ApplicationContextException: Unable to start web server; nested exception is org.springframework.boot.web.server.WebServerException: Unable to start embedded Tomcat
2020-04-21 11:16:50.569 WARN  [background-preinit]o.s.http.converter.json.Jackson2ObjectMapperBuilder.warn:127 -For Jackson Kotlin classes support please add "com.fasterxml.jackson.module:jackson-module-kotlin" to the classpath
2020-04-21 11:16:52.847 WARN  [main]com.baomidou.mybatisplus.core.injector.AbstractMethod.addMappedStatement:307 -[cn.codexing.blog.mapper.ArticleMapper.deleteById] Has been loaded by XML or SqlProvider or Mybatis's Annotation, so ignoring this injection for [class com.baomidou.mybatisplus.core.injector.methods.DeleteById]
2020-04-21 11:16:52.894 WARN  [main]com.baomidou.mybatisplus.core.injector.AbstractMethod.addMappedStatement:307 -[cn.codexing.blog.mapper.CategoryMapper.deleteById] Has been loaded by XML or SqlProvider or Mybatis's Annotation, so ignoring this injection for [class com.baomidou.mybatisplus.core.injector.methods.DeleteById]
2020-04-21 11:16:53.253 WARN  [main]com.baomidou.mybatisplus.core.injector.AbstractMethod.addMappedStatement:307 -[cn.codexing.blog.mapper.TagMapper.deleteById] Has been loaded by XML or SqlProvider or Mybatis's Annotation, so ignoring this injection for [class com.baomidou.mybatisplus.core.injector.methods.DeleteById]
2020-04-21 11:22:35.373 WARN  [background-preinit]o.s.http.converter.json.Jackson2ObjectMapperBuilder.warn:127 -For Jackson Kotlin classes support please add "com.fasterxml.jackson.module:jackson-module-kotlin" to the classpath
2020-04-21 11:22:37.395 WARN  [main]com.baomidou.mybatisplus.core.injector.AbstractMethod.addMappedStatement:307 -[cn.codexing.blog.mapper.ArticleMapper.deleteById] Has been loaded by XML or SqlProvider or Mybatis's Annotation, so ignoring this injection for [class com.baomidou.mybatisplus.core.injector.methods.DeleteById]
2020-04-21 11:22:37.454 WARN  [main]com.baomidou.mybatisplus.core.injector.AbstractMethod.addMappedStatement:307 -[cn.codexing.blog.mapper.CategoryMapper.deleteById] Has been loaded by XML or SqlProvider or Mybatis's Annotation, so ignoring this injection for [class com.baomidou.mybatisplus.core.injector.methods.DeleteById]
2020-04-21 11:22:37.628 WARN  [main]com.baomidou.mybatisplus.core.injector.AbstractMethod.addMappedStatement:307 -[cn.codexing.blog.mapper.TagMapper.deleteById] Has been loaded by XML or SqlProvider or Mybatis's Annotation, so ignoring this injection for [class com.baomidou.mybatisplus.core.injector.methods.DeleteById]
2020-04-21 11:29:13.710 WARN  [background-preinit]o.s.http.converter.json.Jackson2ObjectMapperBuilder.warn:127 -For Jackson Kotlin classes support please add "com.fasterxml.jackson.module:jackson-module-kotlin" to the classpath
2020-04-21 11:29:16.282 WARN  [main]com.baomidou.mybatisplus.core.injector.AbstractMethod.addMappedStatement:307 -[cn.codexing.blog.mapper.ArticleMapper.deleteById] Has been loaded by XML or SqlProvider or Mybatis's Annotation, so ignoring this injection for [class com.baomidou.mybatisplus.core.injector.methods.DeleteById]
2020-04-21 11:29:16.335 WARN  [main]com.baomidou.mybatisplus.core.injector.AbstractMethod.addMappedStatement:307 -[cn.codexing.blog.mapper.CategoryMapper.deleteById] Has been loaded by XML or SqlProvider or Mybatis's Annotation, so ignoring this injection for [class com.baomidou.mybatisplus.core.injector.methods.DeleteById]
2020-04-21 11:29:16.516 WARN  [main]com.baomidou.mybatisplus.core.injector.AbstractMethod.addMappedStatement:307 -[cn.codexing.blog.mapper.TagMapper.deleteById] Has been loaded by XML or SqlProvider or Mybatis's Annotation, so ignoring this injection for [class com.baomidou.mybatisplus.core.injector.methods.DeleteById]
2020-04-21 11:37:08.743 WARN  [http-nio-8088-exec-6]org.springframework.web.servlet.PageNotFound.noHandlerFound:1251 -No mapping for GET /login
2020-04-21 11:37:12.438 WARN  [http-nio-8088-exec-8]org.springframework.web.servlet.PageNotFound.noHandlerFound:1251 -No mapping for GET /login
2020-04-21 11:37:15.616 WARN  [http-nio-8088-exec-10]org.springframework.web.servlet.PageNotFound.noHandlerFound:1251 -No mapping for GET /login
2020-04-21 11:44:13.893 WARN  [background-preinit]o.s.http.converter.json.Jackson2ObjectMapperBuilder.warn:127 -For Jackson Kotlin classes support please add "com.fasterxml.jackson.module:jackson-module-kotlin" to the classpath
2020-04-21 11:44:16.243 WARN  [main]com.baomidou.mybatisplus.core.injector.AbstractMethod.addMappedStatement:307 -[cn.codexing.blog.mapper.ArticleMapper.deleteById] Has been loaded by XML or SqlProvider or Mybatis's Annotation, so ignoring this injection for [class com.baomidou.mybatisplus.core.injector.methods.DeleteById]
2020-04-21 11:44:16.307 WARN  [main]com.baomidou.mybatisplus.core.injector.AbstractMethod.addMappedStatement:307 -[cn.codexing.blog.mapper.CategoryMapper.deleteById] Has been loaded by XML or SqlProvider or Mybatis's Annotation, so ignoring this injection for [class com.baomidou.mybatisplus.core.injector.methods.DeleteById]
2020-04-21 11:44:16.527 WARN  [main]com.baomidou.mybatisplus.core.injector.AbstractMethod.addMappedStatement:307 -[cn.codexing.blog.mapper.TagMapper.deleteById] Has been loaded by XML or SqlProvider or Mybatis's Annotation, so ignoring this injection for [class com.baomidou.mybatisplus.core.injector.methods.DeleteById]
2020-04-21 14:18:12.399 WARN  [background-preinit]o.s.http.converter.json.Jackson2ObjectMapperBuilder.warn:127 -For Jackson Kotlin classes support please add "com.fasterxml.jackson.module:jackson-module-kotlin" to the classpath
2020-04-21 14:18:16.796 WARN  [main]com.baomidou.mybatisplus.core.injector.AbstractMethod.addMappedStatement:307 -[cn.codexing.blog.mapper.ArticleMapper.deleteById] Has been loaded by XML or SqlProvider or Mybatis's Annotation, so ignoring this injection for [class com.baomidou.mybatisplus.core.injector.methods.DeleteById]
2020-04-21 14:18:16.854 WARN  [main]com.baomidou.mybatisplus.core.injector.AbstractMethod.addMappedStatement:307 -[cn.codexing.blog.mapper.CategoryMapper.deleteById] Has been loaded by XML or SqlProvider or Mybatis's Annotation, so ignoring this injection for [class com.baomidou.mybatisplus.core.injector.methods.DeleteById]
2020-04-21 14:18:17.056 WARN  [main]com.baomidou.mybatisplus.core.injector.AbstractMethod.addMappedStatement:307 -[cn.codexing.blog.mapper.TagMapper.deleteById] Has been loaded by XML or SqlProvider or Mybatis's Annotation, so ignoring this injection for [class com.baomidou.mybatisplus.core.injector.methods.DeleteById]
2020-04-21 15:06:48.742 WARN  [background-preinit]o.s.http.converter.json.Jackson2ObjectMapperBuilder.warn:127 -For Jackson Kotlin classes support please add "com.fasterxml.jackson.module:jackson-module-kotlin" to the classpath
2020-04-21 15:06:51.821 WARN  [main]com.baomidou.mybatisplus.core.injector.AbstractMethod.addMappedStatement:307 -[cn.codexing.blog.mapper.ArticleMapper.deleteById] Has been loaded by XML or SqlProvider or Mybatis's Annotation, so ignoring this injection for [class com.baomidou.mybatisplus.core.injector.methods.DeleteById]
2020-04-21 15:06:51.873 WARN  [main]com.baomidou.mybatisplus.core.injector.AbstractMethod.addMappedStatement:307 -[cn.codexing.blog.mapper.CategoryMapper.deleteById] Has been loaded by XML or SqlProvider or Mybatis's Annotation, so ignoring this injection for [class com.baomidou.mybatisplus.core.injector.methods.DeleteById]
2020-04-21 15:06:52.047 WARN  [main]com.baomidou.mybatisplus.core.injector.AbstractMethod.addMappedStatement:307 -[cn.codexing.blog.mapper.TagMapper.deleteById] Has been loaded by XML or SqlProvider or Mybatis's Annotation, so ignoring this injection for [class com.baomidou.mybatisplus.core.injector.methods.DeleteById]
2020-04-21 15:07:12.769 WARN  [http-nio-8088-exec-3]org.springframework.web.servlet.PageNotFound.noHandlerFound:1251 -No mapping for POST /user/login
2020-04-21 17:45:10.101 WARN  [background-preinit]o.s.http.converter.json.Jackson2ObjectMapperBuilder.warn:127 -For Jackson Kotlin classes support please add "com.fasterxml.jackson.module:jackson-module-kotlin" to the classpath
2020-04-21 17:45:12.797 WARN  [main]com.baomidou.mybatisplus.core.injector.AbstractMethod.addMappedStatement:307 -[cn.codexing.blog.mapper.ArticleMapper.deleteById] Has been loaded by XML or SqlProvider or Mybatis's Annotation, so ignoring this injection for [class com.baomidou.mybatisplus.core.injector.methods.DeleteById]
2020-04-21 17:45:12.861 WARN  [main]com.baomidou.mybatisplus.core.injector.AbstractMethod.addMappedStatement:307 -[cn.codexing.blog.mapper.CategoryMapper.deleteById] Has been loaded by XML or SqlProvider or Mybatis's Annotation, so ignoring this injection for [class com.baomidou.mybatisplus.core.injector.methods.DeleteById]
2020-04-21 17:45:13.044 WARN  [main]com.baomidou.mybatisplus.core.injector.AbstractMethod.addMappedStatement:307 -[cn.codexing.blog.mapper.TagMapper.deleteById] Has been loaded by XML or SqlProvider or Mybatis's Annotation, so ignoring this injection for [class com.baomidou.mybatisplus.core.injector.methods.DeleteById]
2020-04-21 17:46:10.370 WARN  [http-nio-8088-exec-4]o.s.security.crypto.bcrypt.BCryptPasswordEncoder.matches:118 -Encoded password does not look like BCrypt
2020-04-21 17:51:48.613 WARN  [background-preinit]o.s.http.converter.json.Jackson2ObjectMapperBuilder.warn:127 -For Jackson Kotlin classes support please add "com.fasterxml.jackson.module:jackson-module-kotlin" to the classpath
2020-04-21 17:51:51.818 WARN  [main]com.baomidou.mybatisplus.core.injector.AbstractMethod.addMappedStatement:307 -[cn.codexing.blog.mapper.ArticleMapper.deleteById] Has been loaded by XML or SqlProvider or Mybatis's Annotation, so ignoring this injection for [class com.baomidou.mybatisplus.core.injector.methods.DeleteById]
2020-04-21 17:51:51.873 WARN  [main]com.baomidou.mybatisplus.core.injector.AbstractMethod.addMappedStatement:307 -[cn.codexing.blog.mapper.CategoryMapper.deleteById] Has been loaded by XML or SqlProvider or Mybatis's Annotation, so ignoring this injection for [class com.baomidou.mybatisplus.core.injector.methods.DeleteById]
2020-04-21 17:51:52.055 WARN  [main]com.baomidou.mybatisplus.core.injector.AbstractMethod.addMappedStatement:307 -[cn.codexing.blog.mapper.TagMapper.deleteById] Has been loaded by XML or SqlProvider or Mybatis's Annotation, so ignoring this injection for [class com.baomidou.mybatisplus.core.injector.methods.DeleteById]
2020-04-21 17:53:13.015 WARN  [http-nio-8088-exec-1]o.s.w.s.mvc.support.DefaultHandlerExceptionResolver.logException:199 -Resolved [org.springframework.http.converter.HttpMessageNotReadableException: Required request body is missing: public cn.codexing.blog.common.Result<java.lang.Object> cn.codexing.blog.controller.UserController.saveUser(cn.codexing.blog.entity.SysUser)]
2020-04-21 17:55:36.130 WARN  [background-preinit]o.s.http.converter.json.Jackson2ObjectMapperBuilder.warn:127 -For Jackson Kotlin classes support please add "com.fasterxml.jackson.module:jackson-module-kotlin" to the classpath
2020-04-21 17:55:39.013 WARN  [main]com.baomidou.mybatisplus.core.injector.AbstractMethod.addMappedStatement:307 -[cn.codexing.blog.mapper.ArticleMapper.deleteById] Has been loaded by XML or SqlProvider or Mybatis's Annotation, so ignoring this injection for [class com.baomidou.mybatisplus.core.injector.methods.DeleteById]
2020-04-21 17:55:39.066 WARN  [main]com.baomidou.mybatisplus.core.injector.AbstractMethod.addMappedStatement:307 -[cn.codexing.blog.mapper.CategoryMapper.deleteById] Has been loaded by XML or SqlProvider or Mybatis's Annotation, so ignoring this injection for [class com.baomidou.mybatisplus.core.injector.methods.DeleteById]
2020-04-21 17:55:39.246 WARN  [main]com.baomidou.mybatisplus.core.injector.AbstractMethod.addMappedStatement:307 -[cn.codexing.blog.mapper.TagMapper.deleteById] Has been loaded by XML or SqlProvider or Mybatis's Annotation, so ignoring this injection for [class com.baomidou.mybatisplus.core.injector.methods.DeleteById]
2020-04-21 17:59:19.204 WARN  [background-preinit]o.s.http.converter.json.Jackson2ObjectMapperBuilder.warn:127 -For Jackson Kotlin classes support please add "com.fasterxml.jackson.module:jackson-module-kotlin" to the classpath
2020-04-21 17:59:22.200 WARN  [main]com.baomidou.mybatisplus.core.injector.AbstractMethod.addMappedStatement:307 -[cn.codexing.blog.mapper.ArticleMapper.deleteById] Has been loaded by XML or SqlProvider or Mybatis's Annotation, so ignoring this injection for [class com.baomidou.mybatisplus.core.injector.methods.DeleteById]
2020-04-21 17:59:22.253 WARN  [main]com.baomidou.mybatisplus.core.injector.AbstractMethod.addMappedStatement:307 -[cn.codexing.blog.mapper.CategoryMapper.deleteById] Has been loaded by XML or SqlProvider or Mybatis's Annotation, so ignoring this injection for [class com.baomidou.mybatisplus.core.injector.methods.DeleteById]
2020-04-21 17:59:22.434 WARN  [main]com.baomidou.mybatisplus.core.injector.AbstractMethod.addMappedStatement:307 -[cn.codexing.blog.mapper.TagMapper.deleteById] Has been loaded by XML or SqlProvider or Mybatis's Annotation, so ignoring this injection for [class com.baomidou.mybatisplus.core.injector.methods.DeleteById]
2020-04-21 18:02:00.996 WARN  [background-preinit]o.s.http.converter.json.Jackson2ObjectMapperBuilder.warn:127 -For Jackson Kotlin classes support please add "com.fasterxml.jackson.module:jackson-module-kotlin" to the classpath
2020-04-21 18:02:04.126 WARN  [main]com.baomidou.mybatisplus.core.injector.AbstractMethod.addMappedStatement:307 -[cn.codexing.blog.mapper.ArticleMapper.deleteById] Has been loaded by XML or SqlProvider or Mybatis's Annotation, so ignoring this injection for [class com.baomidou.mybatisplus.core.injector.methods.DeleteById]
2020-04-21 18:02:04.181 WARN  [main]com.baomidou.mybatisplus.core.injector.AbstractMethod.addMappedStatement:307 -[cn.codexing.blog.mapper.CategoryMapper.deleteById] Has been loaded by XML or SqlProvider or Mybatis's Annotation, so ignoring this injection for [class com.baomidou.mybatisplus.core.injector.methods.DeleteById]
2020-04-21 18:02:04.379 WARN  [main]com.baomidou.mybatisplus.core.injector.AbstractMethod.addMappedStatement:307 -[cn.codexing.blog.mapper.TagMapper.deleteById] Has been loaded by XML or SqlProvider or Mybatis's Annotation, so ignoring this injection for [class com.baomidou.mybatisplus.core.injector.methods.DeleteById]
2020-04-21 18:08:15.614 WARN  [background-preinit]o.s.http.converter.json.Jackson2ObjectMapperBuilder.warn:127 -For Jackson Kotlin classes support please add "com.fasterxml.jackson.module:jackson-module-kotlin" to the classpath
2020-04-21 18:08:18.725 WARN  [main]com.baomidou.mybatisplus.core.injector.AbstractMethod.addMappedStatement:307 -[cn.codexing.blog.mapper.ArticleMapper.deleteById] Has been loaded by XML or SqlProvider or Mybatis's Annotation, so ignoring this injection for [class com.baomidou.mybatisplus.core.injector.methods.DeleteById]
2020-04-21 18:08:18.781 WARN  [main]com.baomidou.mybatisplus.core.injector.AbstractMethod.addMappedStatement:307 -[cn.codexing.blog.mapper.CategoryMapper.deleteById] Has been loaded by XML or SqlProvider or Mybatis's Annotation, so ignoring this injection for [class com.baomidou.mybatisplus.core.injector.methods.DeleteById]
2020-04-21 18:08:18.997 WARN  [main]com.baomidou.mybatisplus.core.injector.AbstractMethod.addMappedStatement:307 -[cn.codexing.blog.mapper.TagMapper.deleteById] Has been loaded by XML or SqlProvider or Mybatis's Annotation, so ignoring this injection for [class com.baomidou.mybatisplus.core.injector.methods.DeleteById]
2020-04-21 18:08:31.307 WARN  [http-nio-8088-exec-2]org.springframework.web.servlet.PageNotFound.noHandlerFound:1251 -No mapping for POST /user/login
2020-04-21 18:16:17.230 WARN  [background-preinit]o.s.http.converter.json.Jackson2ObjectMapperBuilder.warn:127 -For Jackson Kotlin classes support please add "com.fasterxml.jackson.module:jackson-module-kotlin" to the classpath
2020-04-21 18:16:19.834 WARN  [main]com.baomidou.mybatisplus.core.injector.AbstractMethod.addMappedStatement:307 -[cn.codexing.blog.mapper.ArticleMapper.deleteById] Has been loaded by XML or SqlProvider or Mybatis's Annotation, so ignoring this injection for [class com.baomidou.mybatisplus.core.injector.methods.DeleteById]
2020-04-21 18:16:19.892 WARN  [main]com.baomidou.mybatisplus.core.injector.AbstractMethod.addMappedStatement:307 -[cn.codexing.blog.mapper.CategoryMapper.deleteById] Has been loaded by XML or SqlProvider or Mybatis's Annotation, so ignoring this injection for [class com.baomidou.mybatisplus.core.injector.methods.DeleteById]
2020-04-21 18:16:20.070 WARN  [main]com.baomidou.mybatisplus.core.injector.AbstractMethod.addMappedStatement:307 -[cn.codexing.blog.mapper.TagMapper.deleteById] Has been loaded by XML or SqlProvider or Mybatis's Annotation, so ignoring this injection for [class com.baomidou.mybatisplus.core.injector.methods.DeleteById]
2020-04-21 18:17:11.235 WARN  [background-preinit]o.s.http.converter.json.Jackson2ObjectMapperBuilder.warn:127 -For Jackson Kotlin classes support please add "com.fasterxml.jackson.module:jackson-module-kotlin" to the classpath
2020-04-21 18:17:14.150 WARN  [main]com.baomidou.mybatisplus.core.injector.AbstractMethod.addMappedStatement:307 -[cn.codexing.blog.mapper.ArticleMapper.deleteById] Has been loaded by XML or SqlProvider or Mybatis's Annotation, so ignoring this injection for [class com.baomidou.mybatisplus.core.injector.methods.DeleteById]
2020-04-21 18:17:14.215 WARN  [main]com.baomidou.mybatisplus.core.injector.AbstractMethod.addMappedStatement:307 -[cn.codexing.blog.mapper.CategoryMapper.deleteById] Has been loaded by XML or SqlProvider or Mybatis's Annotation, so ignoring this injection for [class com.baomidou.mybatisplus.core.injector.methods.DeleteById]
2020-04-21 18:17:14.426 WARN  [main]com.baomidou.mybatisplus.core.injector.AbstractMethod.addMappedStatement:307 -[cn.codexing.blog.mapper.TagMapper.deleteById] Has been loaded by XML or SqlProvider or Mybatis's Annotation, so ignoring this injection for [class com.baomidou.mybatisplus.core.injector.methods.DeleteById]
2020-04-21 18:42:19.967 WARN  [background-preinit]o.s.http.converter.json.Jackson2ObjectMapperBuilder.warn:127 -For Jackson Kotlin classes support please add "com.fasterxml.jackson.module:jackson-module-kotlin" to the classpath
2020-04-21 18:42:22.856 WARN  [main]com.baomidou.mybatisplus.core.injector.AbstractMethod.addMappedStatement:307 -[cn.codexing.blog.mapper.ArticleMapper.deleteById] Has been loaded by XML or SqlProvider or Mybatis's Annotation, so ignoring this injection for [class com.baomidou.mybatisplus.core.injector.methods.DeleteById]
2020-04-21 18:42:22.909 WARN  [main]com.baomidou.mybatisplus.core.injector.AbstractMethod.addMappedStatement:307 -[cn.codexing.blog.mapper.CategoryMapper.deleteById] Has been loaded by XML or SqlProvider or Mybatis's Annotation, so ignoring this injection for [class com.baomidou.mybatisplus.core.injector.methods.DeleteById]
2020-04-21 18:42:23.076 WARN  [main]com.baomidou.mybatisplus.core.injector.AbstractMethod.addMappedStatement:307 -[cn.codexing.blog.mapper.TagMapper.deleteById] Has been loaded by XML or SqlProvider or Mybatis's Annotation, so ignoring this injection for [class com.baomidou.mybatisplus.core.injector.methods.DeleteById]
2020-04-21 19:24:37.147 WARN  [background-preinit]o.s.http.converter.json.Jackson2ObjectMapperBuilder.warn:127 -For Jackson Kotlin classes support please add "com.fasterxml.jackson.module:jackson-module-kotlin" to the classpath
2020-04-21 19:24:40.131 WARN  [main]com.baomidou.mybatisplus.core.injector.AbstractMethod.addMappedStatement:307 -[cn.codexing.blog.mapper.ArticleMapper.deleteById] Has been loaded by XML or SqlProvider or Mybatis's Annotation, so ignoring this injection for [class com.baomidou.mybatisplus.core.injector.methods.DeleteById]
2020-04-21 19:24:40.181 WARN  [main]com.baomidou.mybatisplus.core.injector.AbstractMethod.addMappedStatement:307 -[cn.codexing.blog.mapper.CategoryMapper.deleteById] Has been loaded by XML or SqlProvider or Mybatis's Annotation, so ignoring this injection for [class com.baomidou.mybatisplus.core.injector.methods.DeleteById]
2020-04-21 19:24:40.354 WARN  [main]com.baomidou.mybatisplus.core.injector.AbstractMethod.addMappedStatement:307 -[cn.codexing.blog.mapper.TagMapper.deleteById] Has been loaded by XML or SqlProvider or Mybatis's Annotation, so ignoring this injection for [class com.baomidou.mybatisplus.core.injector.methods.DeleteById]
2020-04-21 19:29:10.644 WARN  [background-preinit]o.s.http.converter.json.Jackson2ObjectMapperBuilder.warn:127 -For Jackson Kotlin classes support please add "com.fasterxml.jackson.module:jackson-module-kotlin" to the classpath
2020-04-21 19:29:14.400 WARN  [main]com.baomidou.mybatisplus.core.injector.AbstractMethod.addMappedStatement:307 -[cn.codexing.blog.mapper.ArticleMapper.deleteById] Has been loaded by XML or SqlProvider or Mybatis's Annotation, so ignoring this injection for [class com.baomidou.mybatisplus.core.injector.methods.DeleteById]
2020-04-21 19:29:14.454 WARN  [main]com.baomidou.mybatisplus.core.injector.AbstractMethod.addMappedStatement:307 -[cn.codexing.blog.mapper.CategoryMapper.deleteById] Has been loaded by XML or SqlProvider or Mybatis's Annotation, so ignoring this injection for [class com.baomidou.mybatisplus.core.injector.methods.DeleteById]
2020-04-21 19:29:14.624 WARN  [main]com.baomidou.mybatisplus.core.injector.AbstractMethod.addMappedStatement:307 -[cn.codexing.blog.mapper.TagMapper.deleteById] Has been loaded by XML or SqlProvider or Mybatis's Annotation, so ignoring this injection for [class com.baomidou.mybatisplus.core.injector.methods.DeleteById]
2020-04-21 19:32:34.380 WARN  [background-preinit]o.s.http.converter.json.Jackson2ObjectMapperBuilder.warn:127 -For Jackson Kotlin classes support please add "com.fasterxml.jackson.module:jackson-module-kotlin" to the classpath
2020-04-21 19:32:37.260 WARN  [main]com.baomidou.mybatisplus.core.injector.AbstractMethod.addMappedStatement:307 -[cn.codexing.blog.mapper.ArticleMapper.deleteById] Has been loaded by XML or SqlProvider or Mybatis's Annotation, so ignoring this injection for [class com.baomidou.mybatisplus.core.injector.methods.DeleteById]
2020-04-21 19:32:37.312 WARN  [main]com.baomidou.mybatisplus.core.injector.AbstractMethod.addMappedStatement:307 -[cn.codexing.blog.mapper.CategoryMapper.deleteById] Has been loaded by XML or SqlProvider or Mybatis's Annotation, so ignoring this injection for [class com.baomidou.mybatisplus.core.injector.methods.DeleteById]
2020-04-21 19:32:37.484 WARN  [main]com.baomidou.mybatisplus.core.injector.AbstractMethod.addMappedStatement:307 -[cn.codexing.blog.mapper.TagMapper.deleteById] Has been loaded by XML or SqlProvider or Mybatis's Annotation, so ignoring this injection for [class com.baomidou.mybatisplus.core.injector.methods.DeleteById]
2020-04-21 19:40:28.487 WARN  [background-preinit]o.s.http.converter.json.Jackson2ObjectMapperBuilder.warn:127 -For Jackson Kotlin classes support please add "com.fasterxml.jackson.module:jackson-module-kotlin" to the classpath
2020-04-21 19:40:31.537 WARN  [main]com.baomidou.mybatisplus.core.injector.AbstractMethod.addMappedStatement:307 -[cn.codexing.blog.mapper.ArticleMapper.deleteById] Has been loaded by XML or SqlProvider or Mybatis's Annotation, so ignoring this injection for [class com.baomidou.mybatisplus.core.injector.methods.DeleteById]
2020-04-21 19:40:31.593 WARN  [main]com.baomidou.mybatisplus.core.injector.AbstractMethod.addMappedStatement:307 -[cn.codexing.blog.mapper.CategoryMapper.deleteById] Has been loaded by XML or SqlProvider or Mybatis's Annotation, so ignoring this injection for [class com.baomidou.mybatisplus.core.injector.methods.DeleteById]
2020-04-21 19:40:31.775 WARN  [main]org.apache.catalina.loader.WebappClassLoaderBase.log:173 -The web application [ROOT] appears to have started a thread named [ForkJoinPool.commonPool-worker-1] but has failed to stop it. This is very likely to create a memory leak. Stack trace of thread:
 sun.misc.Unsafe.park(Native Method)
 java.util.concurrent.ForkJoinPool.awaitWork(ForkJoinPool.java:1824)
 java.util.concurrent.ForkJoinPool.runWorker(ForkJoinPool.java:1693)
 java.util.concurrent.ForkJoinWorkerThread.run(ForkJoinWorkerThread.java:157)
2020-04-21 19:40:31.776 WARN  [main]org.apache.catalina.loader.WebappClassLoaderBase.log:173 -The web application [ROOT] appears to have started a thread named [ForkJoinPool.commonPool-worker-2] but has failed to stop it. This is very likely to create a memory leak. Stack trace of thread:
 sun.misc.Unsafe.park(Native Method)
 java.util.concurrent.ForkJoinPool.awaitWork(ForkJoinPool.java:1824)
 java.util.concurrent.ForkJoinPool.runWorker(ForkJoinPool.java:1693)
 java.util.concurrent.ForkJoinWorkerThread.run(ForkJoinWorkerThread.java:157)
2020-04-21 19:40:31.777 WARN  [main]org.apache.catalina.loader.WebappClassLoaderBase.log:173 -The web application [ROOT] appears to have started a thread named [ForkJoinPool.commonPool-worker-3] but has failed to stop it. This is very likely to create a memory leak. Stack trace of thread:
 sun.misc.Unsafe.park(Native Method)
 java.util.concurrent.ForkJoinPool.awaitWork(ForkJoinPool.java:1824)
 java.util.concurrent.ForkJoinPool.runWorker(ForkJoinPool.java:1693)
 java.util.concurrent.ForkJoinWorkerThread.run(ForkJoinWorkerThread.java:157)
2020-04-21 19:40:31.779 WARN  [main]o.s.b.w.s.c.AnnotationConfigServletWebServerApplicationContext.refresh:558 -Exception encountered during context initialization - cancelling refresh attempt: org.springframework.context.ApplicationContextException: Unable to start web server; nested exception is org.springframework.boot.web.server.WebServerException: Unable to start embedded Tomcat
2020-04-21 19:42:25.209 WARN  [background-preinit]o.s.http.converter.json.Jackson2ObjectMapperBuilder.warn:127 -For Jackson Kotlin classes support please add "com.fasterxml.jackson.module:jackson-module-kotlin" to the classpath
2020-04-21 19:42:28.116 WARN  [main]com.baomidou.mybatisplus.core.injector.AbstractMethod.addMappedStatement:307 -[cn.codexing.blog.mapper.ArticleMapper.deleteById] Has been loaded by XML or SqlProvider or Mybatis's Annotation, so ignoring this injection for [class com.baomidou.mybatisplus.core.injector.methods.DeleteById]
2020-04-21 19:42:28.170 WARN  [main]com.baomidou.mybatisplus.core.injector.AbstractMethod.addMappedStatement:307 -[cn.codexing.blog.mapper.CategoryMapper.deleteById] Has been loaded by XML or SqlProvider or Mybatis's Annotation, so ignoring this injection for [class com.baomidou.mybatisplus.core.injector.methods.DeleteById]
2020-04-21 19:42:28.326 WARN  [main]org.apache.catalina.loader.WebappClassLoaderBase.log:173 -The web application [ROOT] appears to have started a thread named [ForkJoinPool.commonPool-worker-1] but has failed to stop it. This is very likely to create a memory leak. Stack trace of thread:
 sun.misc.Unsafe.park(Native Method)
 java.util.concurrent.ForkJoinPool.awaitWork(ForkJoinPool.java:1824)
 java.util.concurrent.ForkJoinPool.runWorker(ForkJoinPool.java:1693)
 java.util.concurrent.ForkJoinWorkerThread.run(ForkJoinWorkerThread.java:157)
2020-04-21 19:42:28.327 WARN  [main]org.apache.catalina.loader.WebappClassLoaderBase.log:173 -The web application [ROOT] appears to have started a thread named [ForkJoinPool.commonPool-worker-2] but has failed to stop it. This is very likely to create a memory leak. Stack trace of thread:
 sun.misc.Unsafe.park(Native Method)
 java.util.concurrent.ForkJoinPool.awaitWork(ForkJoinPool.java:1824)
 java.util.concurrent.ForkJoinPool.runWorker(ForkJoinPool.java:1693)
 java.util.concurrent.ForkJoinWorkerThread.run(ForkJoinWorkerThread.java:157)
2020-04-21 19:42:28.328 WARN  [main]org.apache.catalina.loader.WebappClassLoaderBase.log:173 -The web application [ROOT] appears to have started a thread named [ForkJoinPool.commonPool-worker-3] but has failed to stop it. This is very likely to create a memory leak. Stack trace of thread:
 sun.misc.Unsafe.park(Native Method)
 java.util.concurrent.ForkJoinPool.awaitWork(ForkJoinPool.java:1824)
 java.util.concurrent.ForkJoinPool.runWorker(ForkJoinPool.java:1693)
 java.util.concurrent.ForkJoinWorkerThread.run(ForkJoinWorkerThread.java:157)
2020-04-21 19:42:28.330 WARN  [main]o.s.b.w.s.c.AnnotationConfigServletWebServerApplicationContext.refresh:558 -Exception encountered during context initialization - cancelling refresh attempt: org.springframework.context.ApplicationContextException: Unable to start web server; nested exception is org.springframework.boot.web.server.WebServerException: Unable to start embedded Tomcat
2020-04-21 19:44:31.145 WARN  [background-preinit]o.s.http.converter.json.Jackson2ObjectMapperBuilder.warn:127 -For Jackson Kotlin classes support please add "com.fasterxml.jackson.module:jackson-module-kotlin" to the classpath
2020-04-21 19:44:34.307 WARN  [main]com.baomidou.mybatisplus.core.injector.AbstractMethod.addMappedStatement:307 -[cn.codexing.blog.mapper.ArticleMapper.deleteById] Has been loaded by XML or SqlProvider or Mybatis's Annotation, so ignoring this injection for [class com.baomidou.mybatisplus.core.injector.methods.DeleteById]
2020-04-21 19:44:34.368 WARN  [main]com.baomidou.mybatisplus.core.injector.AbstractMethod.addMappedStatement:307 -[cn.codexing.blog.mapper.CategoryMapper.deleteById] Has been loaded by XML or SqlProvider or Mybatis's Annotation, so ignoring this injection for [class com.baomidou.mybatisplus.core.injector.methods.DeleteById]
2020-04-21 19:44:34.556 WARN  [main]org.apache.catalina.loader.WebappClassLoaderBase.log:173 -The web application [ROOT] appears to have started a thread named [ForkJoinPool.commonPool-worker-1] but has failed to stop it. This is very likely to create a memory leak. Stack trace of thread:
 sun.misc.Unsafe.park(Native Method)
 java.util.concurrent.ForkJoinPool.awaitWork(ForkJoinPool.java:1824)
 java.util.concurrent.ForkJoinPool.runWorker(ForkJoinPool.java:1693)
 java.util.concurrent.ForkJoinWorkerThread.run(ForkJoinWorkerThread.java:157)
2020-04-21 19:44:34.557 WARN  [main]org.apache.catalina.loader.WebappClassLoaderBase.log:173 -The web application [ROOT] appears to have started a thread named [ForkJoinPool.commonPool-worker-2] but has failed to stop it. This is very likely to create a memory leak. Stack trace of thread:
 sun.misc.Unsafe.park(Native Method)
 java.util.concurrent.ForkJoinPool.awaitWork(ForkJoinPool.java:1824)
 java.util.concurrent.ForkJoinPool.runWorker(ForkJoinPool.java:1693)
 java.util.concurrent.ForkJoinWorkerThread.run(ForkJoinWorkerThread.java:157)
2020-04-21 19:44:34.558 WARN  [main]org.apache.catalina.loader.WebappClassLoaderBase.log:173 -The web application [ROOT] appears to have started a thread named [ForkJoinPool.commonPool-worker-3] but has failed to stop it. This is very likely to create a memory leak. Stack trace of thread:
 sun.misc.Unsafe.park(Native Method)
 java.util.concurrent.ForkJoinPool.awaitWork(ForkJoinPool.java:1824)
 java.util.concurrent.ForkJoinPool.runWorker(ForkJoinPool.java:1693)
 java.util.concurrent.ForkJoinWorkerThread.run(ForkJoinWorkerThread.java:157)
2020-04-21 19:44:34.560 WARN  [main]o.s.b.w.s.c.AnnotationConfigServletWebServerApplicationContext.refresh:558 -Exception encountered during context initialization - cancelling refresh attempt: org.springframework.context.ApplicationContextException: Unable to start web server; nested exception is org.springframework.boot.web.server.WebServerException: Unable to start embedded Tomcat
2020-04-21 19:47:28.693 WARN  [background-preinit]o.s.http.converter.json.Jackson2ObjectMapperBuilder.warn:127 -For Jackson Kotlin classes support please add "com.fasterxml.jackson.module:jackson-module-kotlin" to the classpath
2020-04-21 19:47:31.762 WARN  [main]com.baomidou.mybatisplus.core.injector.AbstractMethod.addMappedStatement:307 -[cn.codexing.blog.mapper.ArticleMapper.deleteById] Has been loaded by XML or SqlProvider or Mybatis's Annotation, so ignoring this injection for [class com.baomidou.mybatisplus.core.injector.methods.DeleteById]
2020-04-21 19:47:31.814 WARN  [main]com.baomidou.mybatisplus.core.injector.AbstractMethod.addMappedStatement:307 -[cn.codexing.blog.mapper.CategoryMapper.deleteById] Has been loaded by XML or SqlProvider or Mybatis's Annotation, so ignoring this injection for [class com.baomidou.mybatisplus.core.injector.methods.DeleteById]
2020-04-21 19:47:31.972 WARN  [main]org.apache.catalina.loader.WebappClassLoaderBase.log:173 -The web application [ROOT] appears to have started a thread named [ForkJoinPool.commonPool-worker-1] but has failed to stop it. This is very likely to create a memory leak. Stack trace of thread:
 sun.misc.Unsafe.park(Native Method)
 java.util.concurrent.ForkJoinPool.awaitWork(ForkJoinPool.java:1824)
 java.util.concurrent.ForkJoinPool.runWorker(ForkJoinPool.java:1693)
 java.util.concurrent.ForkJoinWorkerThread.run(ForkJoinWorkerThread.java:157)
2020-04-21 19:47:31.973 WARN  [main]org.apache.catalina.loader.WebappClassLoaderBase.log:173 -The web application [ROOT] appears to have started a thread named [ForkJoinPool.commonPool-worker-2] but has failed to stop it. This is very likely to create a memory leak. Stack trace of thread:
 sun.misc.Unsafe.park(Native Method)
 java.util.concurrent.ForkJoinPool.awaitWork(ForkJoinPool.java:1824)
 java.util.concurrent.ForkJoinPool.runWorker(ForkJoinPool.java:1693)
 java.util.concurrent.ForkJoinWorkerThread.run(ForkJoinWorkerThread.java:157)
2020-04-21 19:47:31.974 WARN  [main]org.apache.catalina.loader.WebappClassLoaderBase.log:173 -The web application [ROOT] appears to have started a thread named [ForkJoinPool.commonPool-worker-3] but has failed to stop it. This is very likely to create a memory leak. Stack trace of thread:
 sun.misc.Unsafe.park(Native Method)
 java.util.concurrent.ForkJoinPool.awaitWork(ForkJoinPool.java:1824)
 java.util.concurrent.ForkJoinPool.runWorker(ForkJoinPool.java:1693)
 java.util.concurrent.ForkJoinWorkerThread.run(ForkJoinWorkerThread.java:157)
2020-04-21 19:47:31.976 WARN  [main]o.s.b.w.s.c.AnnotationConfigServletWebServerApplicationContext.refresh:558 -Exception encountered during context initialization - cancelling refresh attempt: org.springframework.context.ApplicationContextException: Unable to start web server; nested exception is org.springframework.boot.web.server.WebServerException: Unable to start embedded Tomcat
2020-04-21 19:49:58.561 WARN  [background-preinit]o.s.http.converter.json.Jackson2ObjectMapperBuilder.warn:127 -For Jackson Kotlin classes support please add "com.fasterxml.jackson.module:jackson-module-kotlin" to the classpath
2020-04-21 19:50:01.409 WARN  [main]com.baomidou.mybatisplus.core.injector.AbstractMethod.addMappedStatement:307 -[cn.codexing.blog.mapper.ArticleMapper.deleteById] Has been loaded by XML or SqlProvider or Mybatis's Annotation, so ignoring this injection for [class com.baomidou.mybatisplus.core.injector.methods.DeleteById]
2020-04-21 19:50:01.466 WARN  [main]com.baomidou.mybatisplus.core.injector.AbstractMethod.addMappedStatement:307 -[cn.codexing.blog.mapper.CategoryMapper.deleteById] Has been loaded by XML or SqlProvider or Mybatis's Annotation, so ignoring this injection for [class com.baomidou.mybatisplus.core.injector.methods.DeleteById]
2020-04-21 19:50:01.634 WARN  [main]org.apache.catalina.loader.WebappClassLoaderBase.log:173 -The web application [ROOT] appears to have started a thread named [ForkJoinPool.commonPool-worker-1] but has failed to stop it. This is very likely to create a memory leak. Stack trace of thread:
 sun.misc.Unsafe.park(Native Method)
 java.util.concurrent.ForkJoinPool.awaitWork(ForkJoinPool.java:1824)
 java.util.concurrent.ForkJoinPool.runWorker(ForkJoinPool.java:1693)
 java.util.concurrent.ForkJoinWorkerThread.run(ForkJoinWorkerThread.java:157)
2020-04-21 19:50:01.635 WARN  [main]org.apache.catalina.loader.WebappClassLoaderBase.log:173 -The web application [ROOT] appears to have started a thread named [ForkJoinPool.commonPool-worker-2] but has failed to stop it. This is very likely to create a memory leak. Stack trace of thread:
 sun.misc.Unsafe.park(Native Method)
 java.util.concurrent.ForkJoinPool.awaitWork(ForkJoinPool.java:1824)
 java.util.concurrent.ForkJoinPool.runWorker(ForkJoinPool.java:1693)
 java.util.concurrent.ForkJoinWorkerThread.run(ForkJoinWorkerThread.java:157)
2020-04-21 19:50:01.635 WARN  [main]org.apache.catalina.loader.WebappClassLoaderBase.log:173 -The web application [ROOT] appears to have started a thread named [ForkJoinPool.commonPool-worker-3] but has failed to stop it. This is very likely to create a memory leak. Stack trace of thread:
 sun.misc.Unsafe.park(Native Method)
 java.util.concurrent.ForkJoinPool.awaitWork(ForkJoinPool.java:1824)
 java.util.concurrent.ForkJoinPool.runWorker(ForkJoinPool.java:1693)
 java.util.concurrent.ForkJoinWorkerThread.run(ForkJoinWorkerThread.java:157)
2020-04-21 19:50:01.637 WARN  [main]o.s.b.w.s.c.AnnotationConfigServletWebServerApplicationContext.refresh:558 -Exception encountered during context initialization - cancelling refresh attempt: org.springframework.context.ApplicationContextException: Unable to start web server; nested exception is org.springframework.boot.web.server.WebServerException: Unable to start embedded Tomcat
2020-04-21 19:58:51.374 WARN  [background-preinit]o.s.http.converter.json.Jackson2ObjectMapperBuilder.warn:127 -For Jackson Kotlin classes support please add "com.fasterxml.jackson.module:jackson-module-kotlin" to the classpath
2020-04-21 19:58:55.406 WARN  [main]com.baomidou.mybatisplus.core.injector.AbstractMethod.addMappedStatement:307 -[cn.codexing.blog.mapper.ArticleMapper.deleteById] Has been loaded by XML or SqlProvider or Mybatis's Annotation, so ignoring this injection for [class com.baomidou.mybatisplus.core.injector.methods.DeleteById]
2020-04-21 19:58:55.464 WARN  [main]com.baomidou.mybatisplus.core.injector.AbstractMethod.addMappedStatement:307 -[cn.codexing.blog.mapper.CategoryMapper.deleteById] Has been loaded by XML or SqlProvider or Mybatis's Annotation, so ignoring this injection for [class com.baomidou.mybatisplus.core.injector.methods.DeleteById]
2020-04-21 19:58:55.739 WARN  [main]org.apache.catalina.loader.WebappClassLoaderBase.log:173 -The web application [ROOT] appears to have started a thread named [ForkJoinPool.commonPool-worker-1] but has failed to stop it. This is very likely to create a memory leak. Stack trace of thread:
 sun.misc.Unsafe.park(Native Method)
 java.util.concurrent.ForkJoinPool.awaitWork(ForkJoinPool.java:1824)
 java.util.concurrent.ForkJoinPool.runWorker(ForkJoinPool.java:1693)
 java.util.concurrent.ForkJoinWorkerThread.run(ForkJoinWorkerThread.java:157)
2020-04-21 19:58:55.739 WARN  [main]org.apache.catalina.loader.WebappClassLoaderBase.log:173 -The web application [ROOT] appears to have started a thread named [ForkJoinPool.commonPool-worker-2] but has failed to stop it. This is very likely to create a memory leak. Stack trace of thread:
 sun.misc.Unsafe.park(Native Method)
 java.util.concurrent.ForkJoinPool.awaitWork(ForkJoinPool.java:1824)
 java.util.concurrent.ForkJoinPool.runWorker(ForkJoinPool.java:1693)
 java.util.concurrent.ForkJoinWorkerThread.run(ForkJoinWorkerThread.java:157)
2020-04-21 19:58:55.739 WARN  [main]org.apache.catalina.loader.WebappClassLoaderBase.log:173 -The web application [ROOT] appears to have started a thread named [ForkJoinPool.commonPool-worker-3] but has failed to stop it. This is very likely to create a memory leak. Stack trace of thread:
 sun.misc.Unsafe.park(Native Method)
 java.util.concurrent.ForkJoinPool.awaitWork(ForkJoinPool.java:1824)
 java.util.concurrent.ForkJoinPool.runWorker(ForkJoinPool.java:1693)
 java.util.concurrent.ForkJoinWorkerThread.run(ForkJoinWorkerThread.java:157)
2020-04-21 19:58:55.739 WARN  [main]o.s.b.w.s.c.AnnotationConfigServletWebServerApplicationContext.refresh:558 -Exception encountered during context initialization - cancelling refresh attempt: org.springframework.context.ApplicationContextException: Unable to start web server; nested exception is org.springframework.boot.web.server.WebServerException: Unable to start embedded Tomcat
2020-04-21 20:01:18.488 WARN  [background-preinit]o.s.http.converter.json.Jackson2ObjectMapperBuilder.warn:127 -For Jackson Kotlin classes support please add "com.fasterxml.jackson.module:jackson-module-kotlin" to the classpath
2020-04-21 20:01:21.325 WARN  [main]com.baomidou.mybatisplus.core.injector.AbstractMethod.addMappedStatement:307 -[cn.codexing.blog.mapper.ArticleMapper.deleteById] Has been loaded by XML or SqlProvider or Mybatis's Annotation, so ignoring this injection for [class com.baomidou.mybatisplus.core.injector.methods.DeleteById]
2020-04-21 20:01:21.388 WARN  [main]com.baomidou.mybatisplus.core.injector.AbstractMethod.addMappedStatement:307 -[cn.codexing.blog.mapper.CategoryMapper.deleteById] Has been loaded by XML or SqlProvider or Mybatis's Annotation, so ignoring this injection for [class com.baomidou.mybatisplus.core.injector.methods.DeleteById]
2020-04-21 20:01:21.528 WARN  [main]org.apache.catalina.loader.WebappClassLoaderBase.log:173 -The web application [ROOT] appears to have started a thread named [ForkJoinPool.commonPool-worker-1] but has failed to stop it. This is very likely to create a memory leak. Stack trace of thread:
 sun.misc.Unsafe.park(Native Method)
 java.util.concurrent.ForkJoinPool.awaitWork(ForkJoinPool.java:1824)
 java.util.concurrent.ForkJoinPool.runWorker(ForkJoinPool.java:1693)
 java.util.concurrent.ForkJoinWorkerThread.run(ForkJoinWorkerThread.java:157)
2020-04-21 20:01:21.544 WARN  [main]org.apache.catalina.loader.WebappClassLoaderBase.log:173 -The web application [ROOT] appears to have started a thread named [ForkJoinPool.commonPool-worker-2] but has failed to stop it. This is very likely to create a memory leak. Stack trace of thread:
 sun.misc.Unsafe.park(Native Method)
 java.util.concurrent.ForkJoinPool.awaitWork(ForkJoinPool.java:1824)
 java.util.concurrent.ForkJoinPool.runWorker(ForkJoinPool.java:1693)
 java.util.concurrent.ForkJoinWorkerThread.run(ForkJoinWorkerThread.java:157)
2020-04-21 20:01:21.544 WARN  [main]org.apache.catalina.loader.WebappClassLoaderBase.log:173 -The web application [ROOT] appears to have started a thread named [ForkJoinPool.commonPool-worker-3] but has failed to stop it. This is very likely to create a memory leak. Stack trace of thread:
 sun.misc.Unsafe.park(Native Method)
 java.util.concurrent.ForkJoinPool.awaitWork(ForkJoinPool.java:1824)
 java.util.concurrent.ForkJoinPool.runWorker(ForkJoinPool.java:1693)
 java.util.concurrent.ForkJoinWorkerThread.run(ForkJoinWorkerThread.java:157)
2020-04-21 20:01:21.560 WARN  [main]o.s.b.w.s.c.AnnotationConfigServletWebServerApplicationContext.refresh:558 -Exception encountered during context initialization - cancelling refresh attempt: org.springframework.context.ApplicationContextException: Unable to start web server; nested exception is org.springframework.boot.web.server.WebServerException: Unable to start embedded Tomcat
2020-04-21 20:01:34.053 WARN  [background-preinit]o.s.http.converter.json.Jackson2ObjectMapperBuilder.warn:127 -For Jackson Kotlin classes support please add "com.fasterxml.jackson.module:jackson-module-kotlin" to the classpath
2020-04-21 20:01:37.201 WARN  [main]com.baomidou.mybatisplus.core.injector.AbstractMethod.addMappedStatement:307 -[cn.codexing.blog.mapper.ArticleMapper.deleteById] Has been loaded by XML or SqlProvider or Mybatis's Annotation, so ignoring this injection for [class com.baomidou.mybatisplus.core.injector.methods.DeleteById]
2020-04-21 20:01:37.248 WARN  [main]com.baomidou.mybatisplus.core.injector.AbstractMethod.addMappedStatement:307 -[cn.codexing.blog.mapper.CategoryMapper.deleteById] Has been loaded by XML or SqlProvider or Mybatis's Annotation, so ignoring this injection for [class com.baomidou.mybatisplus.core.injector.methods.DeleteById]
2020-04-21 20:01:37.420 WARN  [main]org.apache.catalina.loader.WebappClassLoaderBase.log:173 -The web application [ROOT] appears to have started a thread named [ForkJoinPool.commonPool-worker-1] but has failed to stop it. This is very likely to create a memory leak. Stack trace of thread:
 sun.misc.Unsafe.park(Native Method)
 java.util.concurrent.ForkJoinPool.awaitWork(ForkJoinPool.java:1824)
 java.util.concurrent.ForkJoinPool.runWorker(ForkJoinPool.java:1693)
 java.util.concurrent.ForkJoinWorkerThread.run(ForkJoinWorkerThread.java:157)
2020-04-21 20:01:37.420 WARN  [main]org.apache.catalina.loader.WebappClassLoaderBase.log:173 -The web application [ROOT] appears to have started a thread named [ForkJoinPool.commonPool-worker-2] but has failed to stop it. This is very likely to create a memory leak. Stack trace of thread:
 sun.misc.Unsafe.park(Native Method)
 java.util.concurrent.ForkJoinPool.awaitWork(ForkJoinPool.java:1824)
 java.util.concurrent.ForkJoinPool.runWorker(ForkJoinPool.java:1693)
 java.util.concurrent.ForkJoinWorkerThread.run(ForkJoinWorkerThread.java:157)
2020-04-21 20:01:37.420 WARN  [main]org.apache.catalina.loader.WebappClassLoaderBase.log:173 -The web application [ROOT] appears to have started a thread named [ForkJoinPool.commonPool-worker-3] but has failed to stop it. This is very likely to create a memory leak. Stack trace of thread:
 sun.misc.Unsafe.park(Native Method)
 java.util.concurrent.ForkJoinPool.awaitWork(ForkJoinPool.java:1824)
 java.util.concurrent.ForkJoinPool.runWorker(ForkJoinPool.java:1693)
 java.util.concurrent.ForkJoinWorkerThread.run(ForkJoinWorkerThread.java:157)
2020-04-21 20:01:37.420 WARN  [main]o.s.b.w.s.c.AnnotationConfigServletWebServerApplicationContext.refresh:558 -Exception encountered during context initialization - cancelling refresh attempt: org.springframework.context.ApplicationContextException: Unable to start web server; nested exception is org.springframework.boot.web.server.WebServerException: Unable to start embedded Tomcat
2020-04-21 20:02:38.284 WARN  [background-preinit]o.s.http.converter.json.Jackson2ObjectMapperBuilder.warn:127 -For Jackson Kotlin classes support please add "com.fasterxml.jackson.module:jackson-module-kotlin" to the classpath
2020-04-21 20:02:41.012 WARN  [main]com.baomidou.mybatisplus.core.injector.AbstractMethod.addMappedStatement:307 -[cn.codexing.blog.mapper.ArticleMapper.deleteById] Has been loaded by XML or SqlProvider or Mybatis's Annotation, so ignoring this injection for [class com.baomidou.mybatisplus.core.injector.methods.DeleteById]
2020-04-21 20:02:41.075 WARN  [main]com.baomidou.mybatisplus.core.injector.AbstractMethod.addMappedStatement:307 -[cn.codexing.blog.mapper.CategoryMapper.deleteById] Has been loaded by XML or SqlProvider or Mybatis's Annotation, so ignoring this injection for [class com.baomidou.mybatisplus.core.injector.methods.DeleteById]
2020-04-21 20:02:41.247 WARN  [main]org.apache.catalina.loader.WebappClassLoaderBase.log:173 -The web application [ROOT] appears to have started a thread named [ForkJoinPool.commonPool-worker-1] but has failed to stop it. This is very likely to create a memory leak. Stack trace of thread:
 sun.misc.Unsafe.park(Native Method)
 java.util.concurrent.ForkJoinPool.awaitWork(ForkJoinPool.java:1824)
 java.util.concurrent.ForkJoinPool.runWorker(ForkJoinPool.java:1693)
 java.util.concurrent.ForkJoinWorkerThread.run(ForkJoinWorkerThread.java:157)
2020-04-21 20:02:41.247 WARN  [main]org.apache.catalina.loader.WebappClassLoaderBase.log:173 -The web application [ROOT] appears to have started a thread named [ForkJoinPool.commonPool-worker-2] but has failed to stop it. This is very likely to create a memory leak. Stack trace of thread:
 sun.misc.Unsafe.park(Native Method)
 java.util.concurrent.ForkJoinPool.awaitWork(ForkJoinPool.java:1824)
 java.util.concurrent.ForkJoinPool.runWorker(ForkJoinPool.java:1693)
 java.util.concurrent.ForkJoinWorkerThread.run(ForkJoinWorkerThread.java:157)
2020-04-21 20:02:41.247 WARN  [main]org.apache.catalina.loader.WebappClassLoaderBase.log:173 -The web application [ROOT] appears to have started a thread named [ForkJoinPool.commonPool-worker-3] but has failed to stop it. This is very likely to create a memory leak. Stack trace of thread:
 sun.misc.Unsafe.park(Native Method)
 java.util.concurrent.ForkJoinPool.awaitWork(ForkJoinPool.java:1824)
 java.util.concurrent.ForkJoinPool.runWorker(ForkJoinPool.java:1693)
 java.util.concurrent.ForkJoinWorkerThread.run(ForkJoinWorkerThread.java:157)
2020-04-21 20:02:41.247 WARN  [main]o.s.b.w.s.c.AnnotationConfigServletWebServerApplicationContext.refresh:558 -Exception encountered during context initialization - cancelling refresh attempt: org.springframework.context.ApplicationContextException: Unable to start web server; nested exception is org.springframework.boot.web.server.WebServerException: Unable to start embedded Tomcat
2020-04-21 20:05:10.313 WARN  [background-preinit]o.s.http.converter.json.Jackson2ObjectMapperBuilder.warn:127 -For Jackson Kotlin classes support please add "com.fasterxml.jackson.module:jackson-module-kotlin" to the classpath
2020-04-21 20:05:13.919 WARN  [main]com.baomidou.mybatisplus.core.injector.AbstractMethod.addMappedStatement:307 -[cn.codexing.blog.mapper.ArticleMapper.deleteById] Has been loaded by XML or SqlProvider or Mybatis's Annotation, so ignoring this injection for [class com.baomidou.mybatisplus.core.injector.methods.DeleteById]
2020-04-21 20:05:13.981 WARN  [main]com.baomidou.mybatisplus.core.injector.AbstractMethod.addMappedStatement:307 -[cn.codexing.blog.mapper.CategoryMapper.deleteById] Has been loaded by XML or SqlProvider or Mybatis's Annotation, so ignoring this injection for [class com.baomidou.mybatisplus.core.injector.methods.DeleteById]
2020-04-21 20:05:14.220 WARN  [main]com.baomidou.mybatisplus.core.injector.AbstractMethod.addMappedStatement:307 -[cn.codexing.blog.mapper.TagMapper.deleteById] Has been loaded by XML or SqlProvider or Mybatis's Annotation, so ignoring this injection for [class com.baomidou.mybatisplus.core.injector.methods.DeleteById]
2020-04-21 20:06:32.953 WARN  [background-preinit]o.s.http.converter.json.Jackson2ObjectMapperBuilder.warn:127 -For Jackson Kotlin classes support please add "com.fasterxml.jackson.module:jackson-module-kotlin" to the classpath
2020-04-21 20:06:36.221 WARN  [main]com.baomidou.mybatisplus.core.injector.AbstractMethod.addMappedStatement:307 -[cn.codexing.blog.mapper.ArticleMapper.deleteById] Has been loaded by XML or SqlProvider or Mybatis's Annotation, so ignoring this injection for [class com.baomidou.mybatisplus.core.injector.methods.DeleteById]
2020-04-21 20:06:36.274 WARN  [main]com.baomidou.mybatisplus.core.injector.AbstractMethod.addMappedStatement:307 -[cn.codexing.blog.mapper.CategoryMapper.deleteById] Has been loaded by XML or SqlProvider or Mybatis's Annotation, so ignoring this injection for [class com.baomidou.mybatisplus.core.injector.methods.DeleteById]
2020-04-21 20:06:36.446 WARN  [main]com.baomidou.mybatisplus.core.injector.AbstractMethod.addMappedStatement:307 -[cn.codexing.blog.mapper.TagMapper.deleteById] Has been loaded by XML or SqlProvider or Mybatis's Annotation, so ignoring this injection for [class com.baomidou.mybatisplus.core.injector.methods.DeleteById]
2020-04-21 20:09:23.531 WARN  [background-preinit]o.s.http.converter.json.Jackson2ObjectMapperBuilder.warn:127 -For Jackson Kotlin classes support please add "com.fasterxml.jackson.module:jackson-module-kotlin" to the classpath
2020-04-21 20:09:28.406 WARN  [main]com.baomidou.mybatisplus.core.injector.AbstractMethod.addMappedStatement:307 -[cn.codexing.blog.mapper.ArticleMapper.deleteById] Has been loaded by XML or SqlProvider or Mybatis's Annotation, so ignoring this injection for [class com.baomidou.mybatisplus.core.injector.methods.DeleteById]
2020-04-21 20:09:28.458 WARN  [main]com.baomidou.mybatisplus.core.injector.AbstractMethod.addMappedStatement:307 -[cn.codexing.blog.mapper.CategoryMapper.deleteById] Has been loaded by XML or SqlProvider or Mybatis's Annotation, so ignoring this injection for [class com.baomidou.mybatisplus.core.injector.methods.DeleteById]
2020-04-21 20:09:28.633 WARN  [main]com.baomidou.mybatisplus.core.injector.AbstractMethod.addMappedStatement:307 -[cn.codexing.blog.mapper.TagMapper.deleteById] Has been loaded by XML or SqlProvider or Mybatis's Annotation, so ignoring this injection for [class com.baomidou.mybatisplus.core.injector.methods.DeleteById]
2020-04-21 20:12:29.725 WARN  [background-preinit]o.s.http.converter.json.Jackson2ObjectMapperBuilder.warn:127 -For Jackson Kotlin classes support please add "com.fasterxml.jackson.module:jackson-module-kotlin" to the classpath
2020-04-21 20:12:32.560 WARN  [main]com.baomidou.mybatisplus.core.injector.AbstractMethod.addMappedStatement:307 -[cn.codexing.blog.mapper.ArticleMapper.deleteById] Has been loaded by XML or SqlProvider or Mybatis's Annotation, so ignoring this injection for [class com.baomidou.mybatisplus.core.injector.methods.DeleteById]
2020-04-21 20:12:32.610 WARN  [main]com.baomidou.mybatisplus.core.injector.AbstractMethod.addMappedStatement:307 -[cn.codexing.blog.mapper.CategoryMapper.deleteById] Has been loaded by XML or SqlProvider or Mybatis's Annotation, so ignoring this injection for [class com.baomidou.mybatisplus.core.injector.methods.DeleteById]
2020-04-21 20:12:32.773 WARN  [main]com.baomidou.mybatisplus.core.injector.AbstractMethod.addMappedStatement:307 -[cn.codexing.blog.mapper.TagMapper.deleteById] Has been loaded by XML or SqlProvider or Mybatis's Annotation, so ignoring this injection for [class com.baomidou.mybatisplus.core.injector.methods.DeleteById]
2020-04-21 20:34:18.463 WARN  [background-preinit]o.s.http.converter.json.Jackson2ObjectMapperBuilder.warn:127 -For Jackson Kotlin classes support please add "com.fasterxml.jackson.module:jackson-module-kotlin" to the classpath
2020-04-21 20:34:21.249 WARN  [main]com.baomidou.mybatisplus.core.injector.AbstractMethod.addMappedStatement:307 -[cn.codexing.blog.mapper.ArticleMapper.deleteById] Has been loaded by XML or SqlProvider or Mybatis's Annotation, so ignoring this injection for [class com.baomidou.mybatisplus.core.injector.methods.DeleteById]
2020-04-21 20:34:21.302 WARN  [main]com.baomidou.mybatisplus.core.injector.AbstractMethod.addMappedStatement:307 -[cn.codexing.blog.mapper.CategoryMapper.deleteById] Has been loaded by XML or SqlProvider or Mybatis's Annotation, so ignoring this injection for [class com.baomidou.mybatisplus.core.injector.methods.DeleteById]
2020-04-21 20:34:21.486 WARN  [main]com.baomidou.mybatisplus.core.injector.AbstractMethod.addMappedStatement:307 -[cn.codexing.blog.mapper.TagMapper.deleteById] Has been loaded by XML or SqlProvider or Mybatis's Annotation, so ignoring this injection for [class com.baomidou.mybatisplus.core.injector.methods.DeleteById]
2020-04-21 20:37:18.113 WARN  [background-preinit]o.s.http.converter.json.Jackson2ObjectMapperBuilder.warn:127 -For Jackson Kotlin classes support please add "com.fasterxml.jackson.module:jackson-module-kotlin" to the classpath
2020-04-21 20:37:20.923 WARN  [main]com.baomidou.mybatisplus.core.injector.AbstractMethod.addMappedStatement:307 -[cn.codexing.blog.mapper.ArticleMapper.deleteById] Has been loaded by XML or SqlProvider or Mybatis's Annotation, so ignoring this injection for [class com.baomidou.mybatisplus.core.injector.methods.DeleteById]
2020-04-21 20:37:20.975 WARN  [main]com.baomidou.mybatisplus.core.injector.AbstractMethod.addMappedStatement:307 -[cn.codexing.blog.mapper.CategoryMapper.deleteById] Has been loaded by XML or SqlProvider or Mybatis's Annotation, so ignoring this injection for [class com.baomidou.mybatisplus.core.injector.methods.DeleteById]
2020-04-21 20:37:21.144 WARN  [main]com.baomidou.mybatisplus.core.injector.AbstractMethod.addMappedStatement:307 -[cn.codexing.blog.mapper.TagMapper.deleteById] Has been loaded by XML or SqlProvider or Mybatis's Annotation, so ignoring this injection for [class com.baomidou.mybatisplus.core.injector.methods.DeleteById]
2020-04-21 20:44:43.914 WARN  [background-preinit]o.s.http.converter.json.Jackson2ObjectMapperBuilder.warn:127 -For Jackson Kotlin classes support please add "com.fasterxml.jackson.module:jackson-module-kotlin" to the classpath
2020-04-21 20:44:47.560 WARN  [main]com.baomidou.mybatisplus.core.injector.AbstractMethod.addMappedStatement:307 -[cn.codexing.blog.mapper.ArticleMapper.deleteById] Has been loaded by XML or SqlProvider or Mybatis's Annotation, so ignoring this injection for [class com.baomidou.mybatisplus.core.injector.methods.DeleteById]
2020-04-21 20:44:47.613 WARN  [main]com.baomidou.mybatisplus.core.injector.AbstractMethod.addMappedStatement:307 -[cn.codexing.blog.mapper.CategoryMapper.deleteById] Has been loaded by XML or SqlProvider or Mybatis's Annotation, so ignoring this injection for [class com.baomidou.mybatisplus.core.injector.methods.DeleteById]
2020-04-21 20:44:47.786 WARN  [main]com.baomidou.mybatisplus.core.injector.AbstractMethod.addMappedStatement:307 -[cn.codexing.blog.mapper.TagMapper.deleteById] Has been loaded by XML or SqlProvider or Mybatis's Annotation, so ignoring this injection for [class com.baomidou.mybatisplus.core.injector.methods.DeleteById]
2020-04-21 20:52:28.258 WARN  [background-preinit]o.s.http.converter.json.Jackson2ObjectMapperBuilder.warn:127 -For Jackson Kotlin classes support please add "com.fasterxml.jackson.module:jackson-module-kotlin" to the classpath
2020-04-21 20:52:31.364 WARN  [main]com.baomidou.mybatisplus.core.injector.AbstractMethod.addMappedStatement:307 -[cn.codexing.blog.mapper.ArticleMapper.deleteById] Has been loaded by XML or SqlProvider or Mybatis's Annotation, so ignoring this injection for [class com.baomidou.mybatisplus.core.injector.methods.DeleteById]
2020-04-21 20:52:31.416 WARN  [main]com.baomidou.mybatisplus.core.injector.AbstractMethod.addMappedStatement:307 -[cn.codexing.blog.mapper.CategoryMapper.deleteById] Has been loaded by XML or SqlProvider or Mybatis's Annotation, so ignoring this injection for [class com.baomidou.mybatisplus.core.injector.methods.DeleteById]
2020-04-21 20:52:31.618 WARN  [main]com.baomidou.mybatisplus.core.injector.AbstractMethod.addMappedStatement:307 -[cn.codexing.blog.mapper.TagMapper.deleteById] Has been loaded by XML or SqlProvider or Mybatis's Annotation, so ignoring this injection for [class com.baomidou.mybatisplus.core.injector.methods.DeleteById]
2020-04-21 20:58:28.421 WARN  [background-preinit]o.s.http.converter.json.Jackson2ObjectMapperBuilder.warn:127 -For Jackson Kotlin classes support please add "com.fasterxml.jackson.module:jackson-module-kotlin" to the classpath
2020-04-21 20:58:31.804 WARN  [main]com.baomidou.mybatisplus.core.injector.AbstractMethod.addMappedStatement:307 -[cn.codexing.blog.mapper.ArticleMapper.deleteById] Has been loaded by XML or SqlProvider or Mybatis's Annotation, so ignoring this injection for [class com.baomidou.mybatisplus.core.injector.methods.DeleteById]
2020-04-21 20:58:31.857 WARN  [main]com.baomidou.mybatisplus.core.injector.AbstractMethod.addMappedStatement:307 -[cn.codexing.blog.mapper.CategoryMapper.deleteById] Has been loaded by XML or SqlProvider or Mybatis's Annotation, so ignoring this injection for [class com.baomidou.mybatisplus.core.injector.methods.DeleteById]
2020-04-21 20:58:32.037 WARN  [main]com.baomidou.mybatisplus.core.injector.AbstractMethod.addMappedStatement:307 -[cn.codexing.blog.mapper.TagMapper.deleteById] Has been loaded by XML or SqlProvider or Mybatis's Annotation, so ignoring this injection for [class com.baomidou.mybatisplus.core.injector.methods.DeleteById]
2020-04-21 21:01:08.729 WARN  [background-preinit]o.s.http.converter.json.Jackson2ObjectMapperBuilder.warn:127 -For Jackson Kotlin classes support please add "com.fasterxml.jackson.module:jackson-module-kotlin" to the classpath
2020-04-21 21:01:12.296 WARN  [main]com.baomidou.mybatisplus.core.injector.AbstractMethod.addMappedStatement:307 -[cn.codexing.blog.mapper.ArticleMapper.deleteById] Has been loaded by XML or SqlProvider or Mybatis's Annotation, so ignoring this injection for [class com.baomidou.mybatisplus.core.injector.methods.DeleteById]
2020-04-21 21:01:12.352 WARN  [main]com.baomidou.mybatisplus.core.injector.AbstractMethod.addMappedStatement:307 -[cn.codexing.blog.mapper.CategoryMapper.deleteById] Has been loaded by XML or SqlProvider or Mybatis's Annotation, so ignoring this injection for [class com.baomidou.mybatisplus.core.injector.methods.DeleteById]
2020-04-21 21:01:12.535 WARN  [main]com.baomidou.mybatisplus.core.injector.AbstractMethod.addMappedStatement:307 -[cn.codexing.blog.mapper.TagMapper.deleteById] Has been loaded by XML or SqlProvider or Mybatis's Annotation, so ignoring this injection for [class com.baomidou.mybatisplus.core.injector.methods.DeleteById]
2020-04-21 21:02:37.032 WARN  [background-preinit]o.s.http.converter.json.Jackson2ObjectMapperBuilder.warn:127 -For Jackson Kotlin classes support please add "com.fasterxml.jackson.module:jackson-module-kotlin" to the classpath
2020-04-21 21:02:40.672 WARN  [main]com.baomidou.mybatisplus.core.injector.AbstractMethod.addMappedStatement:307 -[cn.codexing.blog.mapper.ArticleMapper.deleteById] Has been loaded by XML or SqlProvider or Mybatis's Annotation, so ignoring this injection for [class com.baomidou.mybatisplus.core.injector.methods.DeleteById]
2020-04-21 21:02:40.722 WARN  [main]com.baomidou.mybatisplus.core.injector.AbstractMethod.addMappedStatement:307 -[cn.codexing.blog.mapper.CategoryMapper.deleteById] Has been loaded by XML or SqlProvider or Mybatis's Annotation, so ignoring this injection for [class com.baomidou.mybatisplus.core.injector.methods.DeleteById]
2020-04-21 21:02:40.894 WARN  [main]com.baomidou.mybatisplus.core.injector.AbstractMethod.addMappedStatement:307 -[cn.codexing.blog.mapper.TagMapper.deleteById] Has been loaded by XML or SqlProvider or Mybatis's Annotation, so ignoring this injection for [class com.baomidou.mybatisplus.core.injector.methods.DeleteById]
2020-04-21 21:03:29.662 WARN  [http-nio-8088-exec-1]o.s.w.s.mvc.support.DefaultHandlerExceptionResolver.logException:199 -Resolved [org.springframework.web.method.annotation.MethodArgumentTypeMismatchException: Failed to convert value of type 'java.lang.String' to required type 'java.lang.Integer'; nested exception is java.lang.NumberFormatException: For input string: "list"]
2020-04-21 22:24:42.620 WARN  [background-preinit]o.s.http.converter.json.Jackson2ObjectMapperBuilder.warn:127 -For Jackson Kotlin classes support please add "com.fasterxml.jackson.module:jackson-module-kotlin" to the classpath
2020-04-21 22:24:47.372 WARN  [main]com.baomidou.mybatisplus.core.injector.AbstractMethod.addMappedStatement:307 -[cn.codexing.blog.mapper.ArticleMapper.deleteById] Has been loaded by XML or SqlProvider or Mybatis's Annotation, so ignoring this injection for [class com.baomidou.mybatisplus.core.injector.methods.DeleteById]
2020-04-21 22:24:47.443 WARN  [main]com.baomidou.mybatisplus.core.injector.AbstractMethod.addMappedStatement:307 -[cn.codexing.blog.mapper.CategoryMapper.deleteById] Has been loaded by XML or SqlProvider or Mybatis's Annotation, so ignoring this injection for [class com.baomidou.mybatisplus.core.injector.methods.DeleteById]
2020-04-21 22:24:47.676 WARN  [main]com.baomidou.mybatisplus.core.injector.AbstractMethod.addMappedStatement:307 -[cn.codexing.blog.mapper.TagMapper.deleteById] Has been loaded by XML or SqlProvider or Mybatis's Annotation, so ignoring this injection for [class com.baomidou.mybatisplus.core.injector.methods.DeleteById]
2020-04-21 22:46:31.572 WARN  [http-nio-8088-exec-2]org.springframework.web.servlet.PageNotFound.noHandlerFound:1251 -No mapping for GET /user/login
