2020-04-13 08:33:36.496 WARN  [background-preinit]o.s.http.converter.json.Jackson2ObjectMapperBuilder.warn:127 -For Jackson Kotlin classes support please add "com.fasterxml.jackson.module:jackson-module-kotlin" to the classpath
2020-04-13 08:33:40.223 WARN  [main]com.baomidou.mybatisplus.core.metadata.TableInfoHelper.initTableFields:280 -Warn: Could not find @TableId in Class: cn.codexing.blog.entity.ArticleComment.
2020-04-13 08:35:14.260 WARN  [background-preinit]o.s.http.converter.json.Jackson2ObjectMapperBuilder.warn:127 -For Jackson Kotlin classes support please add "com.fasterxml.jackson.module:jackson-module-kotlin" to the classpath
2020-04-13 08:35:16.960 WARN  [main]com.baomidou.mybatisplus.core.metadata.TableInfoHelper.initTableFields:280 -Warn: Could not find @TableId in Class: cn.codexing.blog.entity.ArticleComment.
2020-04-13 08:36:08.146 WARN  [http-nio-8088-exec-3]o.s.w.s.mvc.support.DefaultHandlerExceptionResolver.logException:199 -Resolved [org.springframework.http.converter.HttpMessageNotReadableException: Required request body is missing: public cn.codexing.blog.common.Result<cn.codexing.blog.common.util.PageUtils<cn.codexing.blog.entity.Article>> cn.codexing.blog.controller.ArticleController.getByPage(cn.codexing.blog.common.util.PageUtils<cn.codexing.blog.entity.Article>)]
2020-04-13 08:37:34.499 WARN  [http-nio-8088-exec-5]o.s.w.s.mvc.support.DefaultHandlerExceptionResolver.logException:199 -Resolved [org.springframework.http.converter.HttpMessageNotReadableException: Invalid JSON input: Cannot deserialize instance of `java.util.LinkedHashMap<java.lang.Object,java.lang.Object>` out of START_ARRAY token; nested exception is com.fasterxml.jackson.databind.exc.MismatchedInputException: Cannot deserialize instance of `java.util.LinkedHashMap<java.lang.Object,java.lang.Object>` out of START_ARRAY token
 at [Source: (PushbackInputStream); line: 3, column: 11] (through reference chain: cn.codexing.blog.common.util.PageUtils["params"])]
2020-04-13 08:37:54.787 WARN  [http-nio-8088-exec-8]o.s.w.s.mvc.support.DefaultHandlerExceptionResolver.logException:199 -Resolved [org.springframework.http.converter.HttpMessageNotReadableException: JSON parse error: Unexpected character ('}' (code 125)): was expecting double-quote to start field name; nested exception is com.fasterxml.jackson.core.JsonParseException: Unexpected character ('}' (code 125)): was expecting double-quote to start field name
 at [Source: (PushbackInputStream); line: 3, column: 2]]
2020-04-13 08:40:01.835 WARN  [http-nio-8088-exec-3]o.s.w.s.mvc.support.DefaultHandlerExceptionResolver.logException:199 -Resolved [org.springframework.http.converter.HttpMessageNotReadableException: Invalid JSON input: Cannot construct instance of `java.util.LinkedHashMap` (although at least one Creator exists): no String-argument constructor/factory method to deserialize from String value ('title'); nested exception is com.fasterxml.jackson.databind.exc.MismatchedInputException: Cannot construct instance of `java.util.LinkedHashMap` (although at least one Creator exists): no String-argument constructor/factory method to deserialize from String value ('title')
 at [Source: (PushbackInputStream); line: 3, column: 11] (through reference chain: cn.codexing.blog.common.util.PageUtils["params"])]
2020-04-13 08:44:01.362 WARN  [http-nio-8088-exec-7]o.s.w.s.mvc.support.DefaultHandlerExceptionResolver.logException:199 -Resolved [org.springframework.http.converter.HttpMessageNotReadableException: Required request body is missing: public cn.codexing.blog.common.Result<cn.codexing.blog.common.util.PageUtils<cn.codexing.blog.entity.Article>> cn.codexing.blog.controller.ArticleController.getByPage(cn.codexing.blog.common.util.PageUtils<cn.codexing.blog.entity.Article>)]
2020-04-13 08:54:14.947 WARN  [background-preinit]o.s.http.converter.json.Jackson2ObjectMapperBuilder.warn:127 -For Jackson Kotlin classes support please add "com.fasterxml.jackson.module:jackson-module-kotlin" to the classpath
2020-04-13 08:54:17.533 WARN  [main]com.baomidou.mybatisplus.core.metadata.TableInfoHelper.initTableFields:280 -Warn: Could not find @TableId in Class: cn.codexing.blog.entity.ArticleComment.
2020-04-13 08:54:55.940 WARN  [background-preinit]o.s.http.converter.json.Jackson2ObjectMapperBuilder.warn:127 -For Jackson Kotlin classes support please add "com.fasterxml.jackson.module:jackson-module-kotlin" to the classpath
2020-04-13 08:54:58.386 WARN  [main]com.baomidou.mybatisplus.core.metadata.TableInfoHelper.initTableFields:280 -Warn: Could not find @TableId in Class: cn.codexing.blog.entity.ArticleComment.
2020-04-13 08:56:28.385 WARN  [background-preinit]o.s.http.converter.json.Jackson2ObjectMapperBuilder.warn:127 -For Jackson Kotlin classes support please add "com.fasterxml.jackson.module:jackson-module-kotlin" to the classpath
2020-04-13 08:56:30.787 WARN  [main]com.baomidou.mybatisplus.core.metadata.TableInfoHelper.initTableFields:280 -Warn: Could not find @TableId in Class: cn.codexing.blog.entity.ArticleComment.
2020-04-13 09:03:39.487 WARN  [background-preinit]o.s.http.converter.json.Jackson2ObjectMapperBuilder.warn:127 -For Jackson Kotlin classes support please add "com.fasterxml.jackson.module:jackson-module-kotlin" to the classpath
2020-04-13 09:03:42.027 WARN  [main]com.baomidou.mybatisplus.core.metadata.TableInfoHelper.initTableFields:280 -Warn: Could not find @TableId in Class: cn.codexing.blog.entity.ArticleComment.
2020-04-13 09:32:22.089 WARN  [background-preinit]o.s.http.converter.json.Jackson2ObjectMapperBuilder.warn:127 -For Jackson Kotlin classes support please add "com.fasterxml.jackson.module:jackson-module-kotlin" to the classpath
2020-04-13 09:32:24.813 WARN  [main]com.baomidou.mybatisplus.core.metadata.TableInfoHelper.initTableFields:280 -Warn: Could not find @TableId in Class: cn.codexing.blog.entity.ArticleComment.
2020-04-13 09:33:09.727 WARN  [background-preinit]o.s.http.converter.json.Jackson2ObjectMapperBuilder.warn:127 -For Jackson Kotlin classes support please add "com.fasterxml.jackson.module:jackson-module-kotlin" to the classpath
2020-04-13 09:33:12.192 WARN  [main]com.baomidou.mybatisplus.core.metadata.TableInfoHelper.initTableFields:280 -Warn: Could not find @TableId in Class: cn.codexing.blog.entity.ArticleComment.
2020-04-13 09:33:57.558 WARN  [background-preinit]o.s.http.converter.json.Jackson2ObjectMapperBuilder.warn:127 -For Jackson Kotlin classes support please add "com.fasterxml.jackson.module:jackson-module-kotlin" to the classpath
2020-04-13 09:33:59.888 WARN  [main]com.baomidou.mybatisplus.core.metadata.TableInfoHelper.initTableFields:280 -Warn: Could not find @TableId in Class: cn.codexing.blog.entity.ArticleComment.
2020-04-13 09:35:33.414 WARN  [background-preinit]o.s.http.converter.json.Jackson2ObjectMapperBuilder.warn:127 -For Jackson Kotlin classes support please add "com.fasterxml.jackson.module:jackson-module-kotlin" to the classpath
2020-04-13 09:35:35.504 WARN  [main]com.baomidou.mybatisplus.core.metadata.TableInfoHelper.initTableFields:280 -Warn: Could not find @TableId in Class: cn.codexing.blog.entity.ArticleComment.
2020-04-13 09:46:45.615 WARN  [background-preinit]o.s.http.converter.json.Jackson2ObjectMapperBuilder.warn:127 -For Jackson Kotlin classes support please add "com.fasterxml.jackson.module:jackson-module-kotlin" to the classpath
2020-04-13 09:46:47.750 WARN  [main]com.baomidou.mybatisplus.core.metadata.TableInfoHelper.initTableFields:280 -Warn: Could not find @TableId in Class: cn.codexing.blog.entity.ArticleComment.
2020-04-13 09:48:39.803 WARN  [background-preinit]o.s.http.converter.json.Jackson2ObjectMapperBuilder.warn:127 -For Jackson Kotlin classes support please add "com.fasterxml.jackson.module:jackson-module-kotlin" to the classpath
2020-04-13 09:48:41.899 WARN  [main]com.baomidou.mybatisplus.core.metadata.TableInfoHelper.initTableFields:280 -Warn: Could not find @TableId in Class: cn.codexing.blog.entity.ArticleComment.
2020-04-13 10:51:45.010 WARN  [background-preinit]o.s.http.converter.json.Jackson2ObjectMapperBuilder.warn:127 -For Jackson Kotlin classes support please add "com.fasterxml.jackson.module:jackson-module-kotlin" to the classpath
2020-04-13 10:51:47.341 WARN  [main]com.baomidou.mybatisplus.core.metadata.TableInfoHelper.initTableFields:280 -Warn: Could not find @TableId in Class: cn.codexing.blog.entity.ArticleComment.
2020-04-13 10:56:34.874 WARN  [background-preinit]o.s.http.converter.json.Jackson2ObjectMapperBuilder.warn:127 -For Jackson Kotlin classes support please add "com.fasterxml.jackson.module:jackson-module-kotlin" to the classpath
2020-04-13 10:56:36.885 WARN  [main]com.baomidou.mybatisplus.core.metadata.TableInfoHelper.initTableFields:280 -Warn: Could not find @TableId in Class: cn.codexing.blog.entity.ArticleComment.
2020-04-13 10:59:30.669 WARN  [background-preinit]o.s.http.converter.json.Jackson2ObjectMapperBuilder.warn:127 -For Jackson Kotlin classes support please add "com.fasterxml.jackson.module:jackson-module-kotlin" to the classpath
2020-04-13 10:59:33.138 WARN  [main]com.baomidou.mybatisplus.core.metadata.TableInfoHelper.initTableFields:280 -Warn: Could not find @TableId in Class: cn.codexing.blog.entity.ArticleComment.
2020-04-13 11:00:33.829 WARN  [background-preinit]o.s.http.converter.json.Jackson2ObjectMapperBuilder.warn:127 -For Jackson Kotlin classes support please add "com.fasterxml.jackson.module:jackson-module-kotlin" to the classpath
2020-04-13 11:00:36.045 WARN  [main]com.baomidou.mybatisplus.core.metadata.TableInfoHelper.initTableFields:280 -Warn: Could not find @TableId in Class: cn.codexing.blog.entity.ArticleComment.
2020-04-13 11:01:23.635 WARN  [http-nio-8088-exec-4]o.s.w.s.mvc.support.DefaultHandlerExceptionResolver.logException:199 -Resolved [org.springframework.http.converter.HttpMessageNotReadableException: JSON parse error: Unexpected character ('"' (code 34)): was expecting comma to separate Object entries; nested exception is com.fasterxml.jackson.core.JsonParseException: Unexpected character ('"' (code 34)): was expecting comma to separate Object entries
 at [Source: (PushbackInputStream); line: 4, column: 3]]
2020-04-13 15:01:40.561 WARN  [background-preinit]o.s.http.converter.json.Jackson2ObjectMapperBuilder.warn:127 -For Jackson Kotlin classes support please add "com.fasterxml.jackson.module:jackson-module-kotlin" to the classpath
2020-04-13 15:01:42.787 WARN  [main]com.baomidou.mybatisplus.core.metadata.TableInfoHelper.initTableFields:280 -Warn: Could not find @TableId in Class: cn.codexing.blog.entity.ArticleComment.
2020-04-13 15:03:36.795 WARN  [background-preinit]o.s.http.converter.json.Jackson2ObjectMapperBuilder.warn:127 -For Jackson Kotlin classes support please add "com.fasterxml.jackson.module:jackson-module-kotlin" to the classpath
2020-04-13 15:03:38.925 WARN  [main]com.baomidou.mybatisplus.core.metadata.TableInfoHelper.initTableFields:280 -Warn: Could not find @TableId in Class: cn.codexing.blog.entity.ArticleComment.
2020-04-13 15:36:12.861 WARN  [background-preinit]o.s.http.converter.json.Jackson2ObjectMapperBuilder.warn:127 -For Jackson Kotlin classes support please add "com.fasterxml.jackson.module:jackson-module-kotlin" to the classpath
2020-04-13 15:36:14.892 WARN  [main]com.baomidou.mybatisplus.core.metadata.TableInfoHelper.initTableFields:280 -Warn: Could not find @TableId in Class: cn.codexing.blog.entity.ArticleComment.
2020-04-13 16:09:50.358 WARN  [background-preinit]o.s.http.converter.json.Jackson2ObjectMapperBuilder.warn:127 -For Jackson Kotlin classes support please add "com.fasterxml.jackson.module:jackson-module-kotlin" to the classpath
2020-04-13 16:09:52.491 WARN  [main]com.baomidou.mybatisplus.core.metadata.TableInfoHelper.initTableFields:280 -Warn: Could not find @TableId in Class: cn.codexing.blog.entity.ArticleComment.
2020-04-13 18:12:36.492 WARN  [background-preinit]o.s.http.converter.json.Jackson2ObjectMapperBuilder.warn:127 -For Jackson Kotlin classes support please add "com.fasterxml.jackson.module:jackson-module-kotlin" to the classpath
2020-04-13 18:12:40.125 WARN  [main]com.baomidou.mybatisplus.core.metadata.TableInfoHelper.initTableFields:280 -Warn: Could not find @TableId in Class: cn.codexing.blog.entity.ArticleComment.
2020-04-13 18:14:19.260 WARN  [background-preinit]o.s.http.converter.json.Jackson2ObjectMapperBuilder.warn:127 -For Jackson Kotlin classes support please add "com.fasterxml.jackson.module:jackson-module-kotlin" to the classpath
2020-04-13 18:14:21.688 WARN  [main]com.baomidou.mybatisplus.core.metadata.TableInfoHelper.initTableFields:280 -Warn: Could not find @TableId in Class: cn.codexing.blog.entity.ArticleComment.
2020-04-13 18:15:19.148 WARN  [background-preinit]o.s.http.converter.json.Jackson2ObjectMapperBuilder.warn:127 -For Jackson Kotlin classes support please add "com.fasterxml.jackson.module:jackson-module-kotlin" to the classpath
2020-04-13 18:15:21.845 WARN  [main]com.baomidou.mybatisplus.core.metadata.TableInfoHelper.initTableFields:280 -Warn: Could not find @TableId in Class: cn.codexing.blog.entity.ArticleComment.
2020-04-13 18:57:13.302 WARN  [background-preinit]o.s.http.converter.json.Jackson2ObjectMapperBuilder.warn:127 -For Jackson Kotlin classes support please add "com.fasterxml.jackson.module:jackson-module-kotlin" to the classpath
2020-04-13 18:57:15.485 WARN  [main]com.baomidou.mybatisplus.core.metadata.TableInfoHelper.initTableFields:280 -Warn: Could not find @TableId in Class: cn.codexing.blog.entity.ArticleComment.
2020-04-13 19:00:33.098 WARN  [background-preinit]o.s.http.converter.json.Jackson2ObjectMapperBuilder.warn:127 -For Jackson Kotlin classes support please add "com.fasterxml.jackson.module:jackson-module-kotlin" to the classpath
2020-04-13 19:00:35.333 WARN  [main]com.baomidou.mybatisplus.core.metadata.TableInfoHelper.initTableFields:280 -Warn: Could not find @TableId in Class: cn.codexing.blog.entity.ArticleComment.
2020-04-13 19:05:54.462 WARN  [background-preinit]o.s.http.converter.json.Jackson2ObjectMapperBuilder.warn:127 -For Jackson Kotlin classes support please add "com.fasterxml.jackson.module:jackson-module-kotlin" to the classpath
2020-04-13 19:05:56.752 WARN  [main]com.baomidou.mybatisplus.core.metadata.TableInfoHelper.initTableFields:280 -Warn: Could not find @TableId in Class: cn.codexing.blog.entity.ArticleComment.
2020-04-13 19:08:59.869 WARN  [background-preinit]o.s.http.converter.json.Jackson2ObjectMapperBuilder.warn:127 -For Jackson Kotlin classes support please add "com.fasterxml.jackson.module:jackson-module-kotlin" to the classpath
2020-04-13 19:09:02.267 WARN  [main]com.baomidou.mybatisplus.core.metadata.TableInfoHelper.initTableFields:280 -Warn: Could not find @TableId in Class: cn.codexing.blog.entity.ArticleComment.
2020-04-13 19:16:50.076 WARN  [background-preinit]o.s.http.converter.json.Jackson2ObjectMapperBuilder.warn:127 -For Jackson Kotlin classes support please add "com.fasterxml.jackson.module:jackson-module-kotlin" to the classpath
2020-04-13 19:16:52.177 WARN  [main]com.baomidou.mybatisplus.core.metadata.TableInfoHelper.initTableFields:280 -Warn: Could not find @TableId in Class: cn.codexing.blog.entity.ArticleComment.
2020-04-13 19:18:27.473 WARN  [background-preinit]o.s.http.converter.json.Jackson2ObjectMapperBuilder.warn:127 -For Jackson Kotlin classes support please add "com.fasterxml.jackson.module:jackson-module-kotlin" to the classpath
2020-04-13 19:18:29.954 WARN  [main]com.baomidou.mybatisplus.core.metadata.TableInfoHelper.initTableFields:280 -Warn: Could not find @TableId in Class: cn.codexing.blog.entity.ArticleComment.
2020-04-13 19:24:12.451 WARN  [background-preinit]o.s.http.converter.json.Jackson2ObjectMapperBuilder.warn:127 -For Jackson Kotlin classes support please add "com.fasterxml.jackson.module:jackson-module-kotlin" to the classpath
2020-04-13 19:24:15.861 WARN  [main]com.baomidou.mybatisplus.core.metadata.TableInfoHelper.initTableFields:280 -Warn: Could not find @TableId in Class: cn.codexing.blog.entity.ArticleComment.
2020-04-13 19:26:11.361 WARN  [background-preinit]o.s.http.converter.json.Jackson2ObjectMapperBuilder.warn:127 -For Jackson Kotlin classes support please add "com.fasterxml.jackson.module:jackson-module-kotlin" to the classpath
2020-04-13 19:26:13.558 WARN  [main]com.baomidou.mybatisplus.core.metadata.TableInfoHelper.initTableFields:280 -Warn: Could not find @TableId in Class: cn.codexing.blog.entity.ArticleComment.
2020-04-13 19:28:15.275 WARN  [background-preinit]o.s.http.converter.json.Jackson2ObjectMapperBuilder.warn:127 -For Jackson Kotlin classes support please add "com.fasterxml.jackson.module:jackson-module-kotlin" to the classpath
2020-04-13 19:28:17.457 WARN  [main]com.baomidou.mybatisplus.core.metadata.TableInfoHelper.initTableFields:280 -Warn: Could not find @TableId in Class: cn.codexing.blog.entity.ArticleComment.
2020-04-13 19:31:29.417 WARN  [background-preinit]o.s.http.converter.json.Jackson2ObjectMapperBuilder.warn:127 -For Jackson Kotlin classes support please add "com.fasterxml.jackson.module:jackson-module-kotlin" to the classpath
2020-04-13 19:31:31.942 WARN  [main]com.baomidou.mybatisplus.core.metadata.TableInfoHelper.initTableFields:280 -Warn: Could not find @TableId in Class: cn.codexing.blog.entity.ArticleComment.
2020-04-13 19:33:02.739 WARN  [background-preinit]o.s.http.converter.json.Jackson2ObjectMapperBuilder.warn:127 -For Jackson Kotlin classes support please add "com.fasterxml.jackson.module:jackson-module-kotlin" to the classpath
2020-04-13 19:33:05.355 WARN  [main]com.baomidou.mybatisplus.core.metadata.TableInfoHelper.initTableFields:280 -Warn: Could not find @TableId in Class: cn.codexing.blog.entity.ArticleComment.
2020-04-13 19:34:47.298 WARN  [background-preinit]o.s.http.converter.json.Jackson2ObjectMapperBuilder.warn:127 -For Jackson Kotlin classes support please add "com.fasterxml.jackson.module:jackson-module-kotlin" to the classpath
2020-04-13 19:34:49.370 WARN  [main]com.baomidou.mybatisplus.core.metadata.TableInfoHelper.initTableFields:280 -Warn: Could not find @TableId in Class: cn.codexing.blog.entity.ArticleComment.
2020-04-13 19:35:14.198 WARN  [background-preinit]o.s.http.converter.json.Jackson2ObjectMapperBuilder.warn:127 -For Jackson Kotlin classes support please add "com.fasterxml.jackson.module:jackson-module-kotlin" to the classpath
2020-04-13 19:35:16.641 WARN  [main]com.baomidou.mybatisplus.core.metadata.TableInfoHelper.initTableFields:280 -Warn: Could not find @TableId in Class: cn.codexing.blog.entity.ArticleComment.
2020-04-13 19:36:59.106 WARN  [background-preinit]o.s.http.converter.json.Jackson2ObjectMapperBuilder.warn:127 -For Jackson Kotlin classes support please add "com.fasterxml.jackson.module:jackson-module-kotlin" to the classpath
2020-04-13 19:37:01.294 WARN  [main]com.baomidou.mybatisplus.core.metadata.TableInfoHelper.initTableFields:280 -Warn: Could not find @TableId in Class: cn.codexing.blog.entity.ArticleComment.
2020-04-13 19:40:30.702 WARN  [background-preinit]o.s.http.converter.json.Jackson2ObjectMapperBuilder.warn:127 -For Jackson Kotlin classes support please add "com.fasterxml.jackson.module:jackson-module-kotlin" to the classpath
2020-04-13 19:40:32.928 WARN  [main]com.baomidou.mybatisplus.core.metadata.TableInfoHelper.initTableFields:280 -Warn: Could not find @TableId in Class: cn.codexing.blog.entity.ArticleComment.
2020-04-13 19:41:03.921 WARN  [background-preinit]o.s.http.converter.json.Jackson2ObjectMapperBuilder.warn:127 -For Jackson Kotlin classes support please add "com.fasterxml.jackson.module:jackson-module-kotlin" to the classpath
2020-04-13 19:41:05.999 WARN  [main]com.baomidou.mybatisplus.core.metadata.TableInfoHelper.initTableFields:280 -Warn: Could not find @TableId in Class: cn.codexing.blog.entity.ArticleComment.
2020-04-13 19:41:56.365 WARN  [background-preinit]o.s.http.converter.json.Jackson2ObjectMapperBuilder.warn:127 -For Jackson Kotlin classes support please add "com.fasterxml.jackson.module:jackson-module-kotlin" to the classpath
2020-04-13 19:41:58.362 WARN  [main]com.baomidou.mybatisplus.core.metadata.TableInfoHelper.initTableFields:280 -Warn: Could not find @TableId in Class: cn.codexing.blog.entity.ArticleComment.
2020-04-13 19:43:48.851 WARN  [background-preinit]o.s.http.converter.json.Jackson2ObjectMapperBuilder.warn:127 -For Jackson Kotlin classes support please add "com.fasterxml.jackson.module:jackson-module-kotlin" to the classpath
2020-04-13 19:43:50.921 WARN  [main]com.baomidou.mybatisplus.core.metadata.TableInfoHelper.initTableFields:280 -Warn: Could not find @TableId in Class: cn.codexing.blog.entity.ArticleComment.
2020-04-13 19:45:58.647 WARN  [background-preinit]o.s.http.converter.json.Jackson2ObjectMapperBuilder.warn:127 -For Jackson Kotlin classes support please add "com.fasterxml.jackson.module:jackson-module-kotlin" to the classpath
2020-04-13 19:46:00.788 WARN  [main]com.baomidou.mybatisplus.core.metadata.TableInfoHelper.initTableFields:280 -Warn: Could not find @TableId in Class: cn.codexing.blog.entity.ArticleComment.
