2020-04-27 09:29:13.627 INFO  [main]org.springframework.core.KotlinDetector.<clinit>:57 -Kotlin reflection implementation not found at runtime, related features won't be available.
2020-04-27 09:29:14.611 INFO  [main]cn.codexing.blog.BlogApplication.logStarting:55 -Starting BlogApplication on DESKTOP-0EBHI2S with PID 11624 (E:\2020\myblog2.0\blog-backend\target\classes started by GuoXing in E:\2020\myblog2.0\blog-backend)
2020-04-27 09:29:14.626 INFO  [main]cn.codexing.blog.BlogApplication.logStartupProfileInfo:655 -The following profiles are active: prod
2020-04-27 09:29:17.110 INFO  [main]o.s.d.repository.config.RepositoryConfigurationDelegate.multipleStoresDetected:249 -Multiple Spring Data modules found, entering strict repository configuration mode!
2020-04-27 09:29:17.126 INFO  [main]o.s.d.repository.config.RepositoryConfigurationDelegate.registerRepositoriesIn:127 -Bootstrapping Spring Data Redis repositories in DEFAULT mode.
2020-04-27 09:29:17.220 INFO  [main]o.s.d.repository.config.RepositoryConfigurationDelegate.registerRepositoriesIn:187 -Finished Spring Data repository scanning in 64ms. Found 0 Redis repository interfaces.
2020-04-27 09:29:17.626 INFO  [main]o.s.c.s.PostProcessorRegistrationDelegate$BeanPostProcessorChecker.postProcessAfterInitialization:330 -Bean 'org.springframework.security.config.annotation.configuration.ObjectPostProcessorConfiguration' of type [org.springframework.security.config.annotation.configuration.ObjectPostProcessorConfiguration] is not eligible for getting processed by all BeanPostProcessors (for example: not eligible for auto-proxying)
2020-04-27 09:29:17.688 INFO  [main]o.s.c.s.PostProcessorRegistrationDelegate$BeanPostProcessorChecker.postProcessAfterInitialization:330 -Bean 'objectPostProcessor' of type [org.springframework.security.config.annotation.configuration.AutowireBeanFactoryObjectPostProcessor] is not eligible for getting processed by all BeanPostProcessors (for example: not eligible for auto-proxying)
2020-04-27 09:29:17.704 INFO  [main]o.s.c.s.PostProcessorRegistrationDelegate$BeanPostProcessorChecker.postProcessAfterInitialization:330 -Bean 'org.springframework.security.access.expression.method.DefaultMethodSecurityExpressionHandler@1457fde' of type [org.springframework.security.access.expression.method.DefaultMethodSecurityExpressionHandler] is not eligible for getting processed by all BeanPostProcessors (for example: not eligible for auto-proxying)
2020-04-27 09:29:17.704 INFO  [main]o.s.c.s.PostProcessorRegistrationDelegate$BeanPostProcessorChecker.postProcessAfterInitialization:330 -Bean 'org.springframework.security.config.annotation.method.configuration.GlobalMethodSecurityConfiguration' of type [org.springframework.security.config.annotation.method.configuration.GlobalMethodSecurityConfiguration] is not eligible for getting processed by all BeanPostProcessors (for example: not eligible for auto-proxying)
2020-04-27 09:29:17.719 INFO  [main]o.s.c.s.PostProcessorRegistrationDelegate$BeanPostProcessorChecker.postProcessAfterInitialization:330 -Bean 'methodSecurityMetadataSource' of type [org.springframework.security.access.method.DelegatingMethodSecurityMetadataSource] is not eligible for getting processed by all BeanPostProcessors (for example: not eligible for auto-proxying)
2020-04-27 09:29:17.719 INFO  [main]o.s.c.s.PostProcessorRegistrationDelegate$BeanPostProcessorChecker.postProcessAfterInitialization:330 -Bean 'redisConfig' of type [cn.codexing.blog.common.config.RedisConfig$$EnhancerBySpringCGLIB$$1f7b634c] is not eligible for getting processed by all BeanPostProcessors (for example: not eligible for auto-proxying)
2020-04-27 09:29:18.219 INFO  [main]o.s.boot.web.embedded.tomcat.TomcatWebServer.initialize:92 -Tomcat initialized with port(s): 8088 (http)
2020-04-27 09:29:18.235 INFO  [main]org.apache.coyote.http11.Http11NioProtocol.log:173 -Initializing ProtocolHandler ["http-nio-8088"]
2020-04-27 09:29:18.235 INFO  [main]org.apache.catalina.core.StandardService.log:173 -Starting service [Tomcat]
2020-04-27 09:29:18.235 INFO  [main]org.apache.catalina.core.StandardEngine.log:173 -Starting Servlet engine: [Apache Tomcat/9.0.31]
2020-04-27 09:29:18.329 INFO  [main]o.a.catalina.core.ContainerBase.[Tomcat].[localhost].[/].log:173 -Initializing Spring embedded WebApplicationContext
2020-04-27 09:29:18.329 INFO  [main]org.springframework.web.context.ContextLoader.prepareWebApplicationContext:284 -Root WebApplicationContext: initialization completed in 3640 ms
2020-04-27 09:29:21.703 INFO  [main]s.d.s.web.PropertySourcedRequestMappingHandlerMapping.initHandlerMethods:69 -Mapped URL path [/v2/api-docs] onto method [springfox.documentation.swagger2.web.Swagger2Controller#getDocumentation(String, HttpServletRequest)]
2020-04-27 09:29:21.922 INFO  [main]o.s.security.web.DefaultSecurityFilterChain.<init>:43 -Creating filter chain: any request, [org.springframework.security.web.context.request.async.WebAsyncManagerIntegrationFilter@118cbded, org.springframework.security.web.context.SecurityContextPersistenceFilter@70f4abc1, org.springframework.security.web.header.HeaderWriterFilter@7ec13984, org.springframework.security.web.authentication.logout.LogoutFilter@625264ed, cn.codexing.blog.common.filter.JwtAuthenticationFilter@8fcc534, org.springframework.security.web.authentication.UsernamePasswordAuthenticationFilter@1752e45c, org.springframework.security.web.savedrequest.RequestCacheAwareFilter@a2df0d5, org.springframework.security.web.servletapi.SecurityContextHolderAwareRequestFilter@20027c44, org.springframework.security.web.authentication.AnonymousAuthenticationFilter@4cc26df, org.springframework.security.web.session.SessionManagementFilter@59fea5f5, org.springframework.security.web.access.ExceptionTranslationFilter@5d221b20, org.springframework.security.web.access.intercept.FilterSecurityInterceptor@10b67f54]
2020-04-27 09:29:22.531 INFO  [main]s.d.spring.web.plugins.DocumentationPluginsBootstrapper.start:160 -Context refreshed
2020-04-27 09:29:22.546 INFO  [main]s.d.spring.web.plugins.DocumentationPluginsBootstrapper.start:163 -Found 1 custom documentation plugin(s)
2020-04-27 09:29:22.578 INFO  [main]s.d.spring.web.scanners.ApiListingReferenceScanner.scan:41 -Scanning for api listing references
2020-04-27 09:29:22.749 INFO  [main]s.d.s.w.readers.operation.CachingOperationNameGenerator.startingWith:40 -Generating unique operation named: getByPageUsingPOST_1
2020-04-27 09:29:22.781 INFO  [main]s.d.s.w.readers.operation.CachingOperationNameGenerator.startingWith:40 -Generating unique operation named: getByIdUsingGET_1
2020-04-27 09:29:22.796 INFO  [main]s.d.s.w.readers.operation.CachingOperationNameGenerator.startingWith:40 -Generating unique operation named: getByPageUsingPOST_2
2020-04-27 09:29:22.796 INFO  [main]s.d.s.w.readers.operation.CachingOperationNameGenerator.startingWith:40 -Generating unique operation named: getByIdUsingGET_2
2020-04-27 09:29:22.812 INFO  [main]s.d.s.w.readers.operation.CachingOperationNameGenerator.startingWith:40 -Generating unique operation named: getByIdUsingGET_3
2020-04-27 09:29:22.828 INFO  [main]s.d.s.w.readers.operation.CachingOperationNameGenerator.startingWith:40 -Generating unique operation named: getByIdUsingGET_4
2020-04-27 09:29:22.828 INFO  [main]s.d.s.w.readers.operation.CachingOperationNameGenerator.startingWith:40 -Generating unique operation named: getByPageUsingPOST_3
2020-04-27 09:29:22.874 INFO  [main]org.apache.coyote.http11.Http11NioProtocol.log:173 -Starting ProtocolHandler ["http-nio-8088"]
2020-04-27 09:29:22.890 INFO  [main]o.s.boot.web.embedded.tomcat.TomcatWebServer.start:204 -Tomcat started on port(s): 8088 (http) with context path ''
2020-04-27 09:29:22.890 INFO  [main]cn.codexing.blog.BlogApplication.logStarted:61 -Started BlogApplication in 9.123 seconds (JVM running for 10.984)
2020-04-27 09:59:51.312 INFO  [main]org.springframework.core.KotlinDetector.<clinit>:57 -Kotlin reflection implementation not found at runtime, related features won't be available.
2020-04-27 09:59:52.183 INFO  [main]cn.codexing.blog.BlogApplication.logStarting:55 -Starting BlogApplication on DESKTOP-0EBHI2S with PID 12444 (E:\2020\myblog2.0\blog-backend\target\classes started by GuoXing in E:\2020\myblog2.0\blog-backend)
2020-04-27 09:59:52.228 INFO  [main]cn.codexing.blog.BlogApplication.logStartupProfileInfo:655 -The following profiles are active: dev
2020-04-27 09:59:54.774 INFO  [main]o.s.d.repository.config.RepositoryConfigurationDelegate.multipleStoresDetected:249 -Multiple Spring Data modules found, entering strict repository configuration mode!
2020-04-27 09:59:54.774 INFO  [main]o.s.d.repository.config.RepositoryConfigurationDelegate.registerRepositoriesIn:127 -Bootstrapping Spring Data Redis repositories in DEFAULT mode.
2020-04-27 09:59:54.852 INFO  [main]o.s.d.repository.config.RepositoryConfigurationDelegate.registerRepositoriesIn:187 -Finished Spring Data repository scanning in 57ms. Found 0 Redis repository interfaces.
2020-04-27 09:59:55.450 INFO  [main]o.s.c.s.PostProcessorRegistrationDelegate$BeanPostProcessorChecker.postProcessAfterInitialization:330 -Bean 'org.springframework.security.config.annotation.configuration.ObjectPostProcessorConfiguration' of type [org.springframework.security.config.annotation.configuration.ObjectPostProcessorConfiguration] is not eligible for getting processed by all BeanPostProcessors (for example: not eligible for auto-proxying)
2020-04-27 09:59:55.554 INFO  [main]o.s.c.s.PostProcessorRegistrationDelegate$BeanPostProcessorChecker.postProcessAfterInitialization:330 -Bean 'objectPostProcessor' of type [org.springframework.security.config.annotation.configuration.AutowireBeanFactoryObjectPostProcessor] is not eligible for getting processed by all BeanPostProcessors (for example: not eligible for auto-proxying)
2020-04-27 09:59:55.554 INFO  [main]o.s.c.s.PostProcessorRegistrationDelegate$BeanPostProcessorChecker.postProcessAfterInitialization:330 -Bean 'org.springframework.security.access.expression.method.DefaultMethodSecurityExpressionHandler@32130e61' of type [org.springframework.security.access.expression.method.DefaultMethodSecurityExpressionHandler] is not eligible for getting processed by all BeanPostProcessors (for example: not eligible for auto-proxying)
2020-04-27 09:59:55.569 INFO  [main]o.s.c.s.PostProcessorRegistrationDelegate$BeanPostProcessorChecker.postProcessAfterInitialization:330 -Bean 'org.springframework.security.config.annotation.method.configuration.GlobalMethodSecurityConfiguration' of type [org.springframework.security.config.annotation.method.configuration.GlobalMethodSecurityConfiguration] is not eligible for getting processed by all BeanPostProcessors (for example: not eligible for auto-proxying)
2020-04-27 09:59:55.585 INFO  [main]o.s.c.s.PostProcessorRegistrationDelegate$BeanPostProcessorChecker.postProcessAfterInitialization:330 -Bean 'methodSecurityMetadataSource' of type [org.springframework.security.access.method.DelegatingMethodSecurityMetadataSource] is not eligible for getting processed by all BeanPostProcessors (for example: not eligible for auto-proxying)
2020-04-27 09:59:55.601 INFO  [main]o.s.c.s.PostProcessorRegistrationDelegate$BeanPostProcessorChecker.postProcessAfterInitialization:330 -Bean 'redisConfig' of type [cn.codexing.blog.common.config.RedisConfig$$EnhancerBySpringCGLIB$$714c3985] is not eligible for getting processed by all BeanPostProcessors (for example: not eligible for auto-proxying)
2020-04-27 09:59:56.337 INFO  [main]o.s.boot.web.embedded.tomcat.TomcatWebServer.initialize:92 -Tomcat initialized with port(s): 8088 (http)
2020-04-27 09:59:56.353 INFO  [main]org.apache.coyote.http11.Http11NioProtocol.log:173 -Initializing ProtocolHandler ["http-nio-8088"]
2020-04-27 09:59:56.353 INFO  [main]org.apache.catalina.core.StandardService.log:173 -Starting service [Tomcat]
2020-04-27 09:59:56.353 INFO  [main]org.apache.catalina.core.StandardEngine.log:173 -Starting Servlet engine: [Apache Tomcat/9.0.31]
2020-04-27 09:59:56.525 INFO  [main]o.a.catalina.core.ContainerBase.[Tomcat].[localhost].[/].log:173 -Initializing Spring embedded WebApplicationContext
2020-04-27 09:59:56.525 INFO  [main]org.springframework.web.context.ContextLoader.prepareWebApplicationContext:284 -Root WebApplicationContext: initialization completed in 4209 ms
2020-04-27 10:00:02.945 INFO  [main]s.d.s.web.PropertySourcedRequestMappingHandlerMapping.initHandlerMethods:69 -Mapped URL path [/v2/api-docs] onto method [springfox.documentation.swagger2.web.Swagger2Controller#getDocumentation(String, HttpServletRequest)]
2020-04-27 10:00:03.362 INFO  [main]o.s.security.web.DefaultSecurityFilterChain.<init>:43 -Creating filter chain: any request, [org.springframework.security.web.context.request.async.WebAsyncManagerIntegrationFilter@6e46891d, org.springframework.security.web.context.SecurityContextPersistenceFilter@42cc420b, org.springframework.security.web.header.HeaderWriterFilter@2dd3d39d, org.springframework.security.web.authentication.logout.LogoutFilter@7ab2ba47, cn.codexing.blog.common.filter.JwtAuthenticationFilter@39832280, org.springframework.security.web.authentication.UsernamePasswordAuthenticationFilter@118cbded, org.springframework.security.web.savedrequest.RequestCacheAwareFilter@5086623f, org.springframework.security.web.servletapi.SecurityContextHolderAwareRequestFilter@2c9cafa5, org.springframework.security.web.authentication.AnonymousAuthenticationFilter@48632f69, org.springframework.security.web.session.SessionManagementFilter@6f2d3391, org.springframework.security.web.access.ExceptionTranslationFilter@a2df0d5, org.springframework.security.web.access.intercept.FilterSecurityInterceptor@481ed95c]
2020-04-27 10:00:04.719 INFO  [main]s.d.spring.web.plugins.DocumentationPluginsBootstrapper.start:160 -Context refreshed
2020-04-27 10:00:04.761 INFO  [main]s.d.spring.web.plugins.DocumentationPluginsBootstrapper.start:163 -Found 1 custom documentation plugin(s)
2020-04-27 10:00:04.826 INFO  [main]s.d.spring.web.scanners.ApiListingReferenceScanner.scan:41 -Scanning for api listing references
2020-04-27 10:00:05.212 INFO  [main]s.d.s.w.readers.operation.CachingOperationNameGenerator.startingWith:40 -Generating unique operation named: getByPageUsingPOST_1
2020-04-27 10:00:05.280 INFO  [main]s.d.s.w.readers.operation.CachingOperationNameGenerator.startingWith:40 -Generating unique operation named: getByIdUsingGET_1
2020-04-27 10:00:05.294 INFO  [main]s.d.s.w.readers.operation.CachingOperationNameGenerator.startingWith:40 -Generating unique operation named: getByPageUsingPOST_2
2020-04-27 10:00:05.305 INFO  [main]s.d.s.w.readers.operation.CachingOperationNameGenerator.startingWith:40 -Generating unique operation named: getByIdUsingGET_2
2020-04-27 10:00:05.347 INFO  [main]s.d.s.w.readers.operation.CachingOperationNameGenerator.startingWith:40 -Generating unique operation named: getByIdUsingGET_3
2020-04-27 10:00:05.374 INFO  [main]s.d.s.w.readers.operation.CachingOperationNameGenerator.startingWith:40 -Generating unique operation named: getByIdUsingGET_4
2020-04-27 10:00:05.394 INFO  [main]s.d.s.w.readers.operation.CachingOperationNameGenerator.startingWith:40 -Generating unique operation named: getByPageUsingPOST_3
2020-04-27 10:00:05.466 INFO  [main]org.apache.coyote.http11.Http11NioProtocol.log:173 -Starting ProtocolHandler ["http-nio-8088"]
2020-04-27 10:00:05.500 INFO  [main]o.s.boot.web.embedded.tomcat.TomcatWebServer.start:204 -Tomcat started on port(s): 8088 (http) with context path ''
2020-04-27 10:00:05.508 INFO  [main]cn.codexing.blog.BlogApplication.logStarted:61 -Started BlogApplication in 14.074 seconds (JVM running for 15.755)
2020-04-27 10:00:26.538 INFO  [http-nio-8088-exec-10]o.a.catalina.core.ContainerBase.[Tomcat].[localhost].[/].log:173 -Initializing Spring DispatcherServlet 'dispatcherServlet'
2020-04-27 10:00:26.538 INFO  [http-nio-8088-exec-10]org.springframework.web.servlet.DispatcherServlet.initServletBean:525 -Initializing Servlet 'dispatcherServlet'
2020-04-27 10:00:26.554 INFO  [http-nio-8088-exec-10]org.springframework.web.servlet.DispatcherServlet.initServletBean:547 -Completed initialization in 15 ms
2020-04-27 10:00:26.738 INFO  [http-nio-8088-exec-10]com.alibaba.druid.pool.DruidDataSource.init:1003 -{dataSource-1} inited
2020-04-27 10:00:27.877 INFO  [http-nio-8088-exec-10]cn.codexing.blog.common.handler.LoginSuccessHandler.onAuthenticationSuccess:35 -用户为====>admin登录成功
2020-04-27 10:00:28.420 INFO  [http-nio-8088-exec-10]io.lettuce.core.EpollProvider.<clinit>:68 -Starting without optional epoll library
2020-04-27 10:00:28.423 INFO  [http-nio-8088-exec-10]io.lettuce.core.KqueueProvider.<clinit>:70 -Starting without optional kqueue library
2020-04-27 10:00:29.500 INFO  [http-nio-8088-exec-9]cn.codexing.blog.common.aspect.RequestLogAspect.printRequestLog:121 -请求地址：/user/info
2020-04-27 10:00:29.500 INFO  [http-nio-8088-exec-9]cn.codexing.blog.common.aspect.RequestLogAspect.printRequestLog:122 -请求方式：GET
2020-04-27 10:00:29.500 INFO  [http-nio-8088-exec-9]cn.codexing.blog.common.aspect.RequestLogAspect.printRequestLog:125 -请求IP：127.0.0.1
2020-04-27 10:00:29.500 INFO  [http-nio-8088-exec-9]cn.codexing.blog.common.aspect.RequestLogAspect.printRequestLog:127 -方法：cn.codexing.blog.controller.UserController.userInfo
2020-04-27 10:00:29.500 INFO  [http-nio-8088-exec-9]cn.codexing.blog.common.aspect.RequestLogAspect.printRequestLog:130 -浏览器：Mozilla/5.0 (Windows NT 10.0; Win64; x64) AppleWebKit/537.36 (KHTML, like Gecko) Chrome/81.0.4044.122 Safari/537.36
2020-04-27 10:00:29.516 INFO  [http-nio-8088-exec-9]cn.codexing.blog.common.aspect.RequestLogAspect.doAround:76 -耗时：16
2020-04-27 10:00:29.532 INFO  [http-nio-8088-exec-9]cn.codexing.blog.common.aspect.RequestLogAspect.doAfterReturning:90 -返回值：{"code":20000,"data":{"accountNonExpired":true,"accountNonLocked":true,"authorities":[],"credentialsNonExpired":true,"enabled":true,"id":3,"password":"[HIDE]","username":"admin"},"msg":"操作成功"}
2020-04-27 10:00:30.749 INFO  [http-nio-8088-exec-8]cn.codexing.blog.common.aspect.RequestLogAspect.printRequestLog:121 -请求地址：/tag/list
2020-04-27 10:00:30.749 INFO  [http-nio-8088-exec-8]cn.codexing.blog.common.aspect.RequestLogAspect.printRequestLog:122 -请求方式：POST
2020-04-27 10:00:30.750 INFO  [http-nio-8088-exec-8]cn.codexing.blog.common.aspect.RequestLogAspect.printRequestLog:125 -请求IP：127.0.0.1
2020-04-27 10:00:30.750 INFO  [http-nio-8088-exec-8]cn.codexing.blog.common.aspect.RequestLogAspect.printRequestLog:127 -方法：cn.codexing.blog.controller.TagController.getByPage
2020-04-27 10:00:30.750 INFO  [http-nio-8088-exec-8]cn.codexing.blog.common.aspect.RequestLogAspect.printRequestLog:130 -浏览器：Mozilla/5.0 (Windows NT 10.0; Win64; x64) AppleWebKit/537.36 (KHTML, like Gecko) Chrome/81.0.4044.122 Safari/537.36
2020-04-27 10:00:30.750 INFO  [http-nio-8088-exec-7]cn.codexing.blog.common.aspect.RequestLogAspect.printRequestLog:121 -请求地址：/category/list
2020-04-27 10:00:30.750 INFO  [http-nio-8088-exec-7]cn.codexing.blog.common.aspect.RequestLogAspect.printRequestLog:122 -请求方式：POST
2020-04-27 10:00:30.750 INFO  [http-nio-8088-exec-7]cn.codexing.blog.common.aspect.RequestLogAspect.printRequestLog:125 -请求IP：127.0.0.1
2020-04-27 10:00:30.750 INFO  [http-nio-8088-exec-7]cn.codexing.blog.common.aspect.RequestLogAspect.printRequestLog:127 -方法：cn.codexing.blog.controller.CategoryController.getByPage
2020-04-27 10:00:30.750 INFO  [http-nio-8088-exec-7]cn.codexing.blog.common.aspect.RequestLogAspect.printRequestLog:130 -浏览器：Mozilla/5.0 (Windows NT 10.0; Win64; x64) AppleWebKit/537.36 (KHTML, like Gecko) Chrome/81.0.4044.122 Safari/537.36
2020-04-27 10:00:30.985 INFO  [http-nio-8088-exec-8]cn.codexing.blog.common.aspect.RequestLogAspect.doAround:76 -耗时：236
2020-04-27 10:00:30.985 INFO  [http-nio-8088-exec-7]cn.codexing.blog.common.aspect.RequestLogAspect.doAround:76 -耗时：235
2020-04-27 10:00:30.994 INFO  [http-nio-8088-exec-7]cn.codexing.blog.common.aspect.RequestLogAspect.doAfterReturning:90 -返回值：{"code":20000,"data":{"currPage":1,"list":[{"articleCount":"1","categoryName":"test","id":1,"isEnable":true}],"pageSize":20,"params":{},"totalCount":1,"totalPage":1},"msg":"操作成功"}
2020-04-27 10:00:30.994 INFO  [http-nio-8088-exec-8]cn.codexing.blog.common.aspect.RequestLogAspect.doAfterReturning:90 -返回值：{"code":20000,"data":{"currPage":1,"list":[{"articleCount":"1","id":1,"isEnable":true,"name":"test"}],"pageSize":20,"params":{},"totalCount":1,"totalPage":1},"msg":"操作成功"}
2020-04-27 10:00:38.557 INFO  [http-nio-8088-exec-6]cn.codexing.blog.common.aspect.RequestLogAspect.printRequestLog:121 -请求地址：/article/list
2020-04-27 10:00:38.558 INFO  [http-nio-8088-exec-6]cn.codexing.blog.common.aspect.RequestLogAspect.printRequestLog:122 -请求方式：POST
2020-04-27 10:00:38.558 INFO  [http-nio-8088-exec-6]cn.codexing.blog.common.aspect.RequestLogAspect.printRequestLog:125 -请求IP：127.0.0.1
2020-04-27 10:00:38.559 INFO  [http-nio-8088-exec-6]cn.codexing.blog.common.aspect.RequestLogAspect.printRequestLog:127 -方法：cn.codexing.blog.controller.ArticleController.getByPage
2020-04-27 10:00:38.559 INFO  [http-nio-8088-exec-6]cn.codexing.blog.common.aspect.RequestLogAspect.printRequestLog:130 -浏览器：Mozilla/5.0 (Windows NT 10.0; Win64; x64) AppleWebKit/537.36 (KHTML, like Gecko) Chrome/81.0.4044.122 Safari/537.36
2020-04-27 10:00:38.773 INFO  [http-nio-8088-exec-6]cn.codexing.blog.common.aspect.RequestLogAspect.doAround:76 -耗时：216
2020-04-27 10:00:38.789 INFO  [http-nio-8088-exec-6]cn.codexing.blog.common.aspect.RequestLogAspect.doAfterReturning:90 -返回值：{"code":20000,"data":{"currPage":1,"list":[{"author":"1","category":{"categoryName":"test","id":1},"commentCount":0,"content":"1","createTime":"2020-04-26 12:05:28","id":"1","isEnable":true,"isRecommend":true,"isTop":false,"likeCount":0,"summary":"1","tagList":[{"id":1,"name":"test"}],"title":"1","updateTime":"2020-04-26 12:05:28","views":10}],"pageSize":10,"params":{},"totalCount":1,"totalPage":1},"msg":"操作成功"}
2020-04-27 10:01:23.504 INFO  [http-nio-8088-exec-3]cn.codexing.blog.common.aspect.RequestLogAspect.printRequestLog:121 -请求地址：/user/info
2020-04-27 10:01:23.505 INFO  [http-nio-8088-exec-3]cn.codexing.blog.common.aspect.RequestLogAspect.printRequestLog:122 -请求方式：GET
2020-04-27 10:01:23.505 INFO  [http-nio-8088-exec-3]cn.codexing.blog.common.aspect.RequestLogAspect.printRequestLog:125 -请求IP：127.0.0.1
2020-04-27 10:01:23.506 INFO  [http-nio-8088-exec-3]cn.codexing.blog.common.aspect.RequestLogAspect.printRequestLog:127 -方法：cn.codexing.blog.controller.UserController.userInfo
2020-04-27 10:01:23.506 INFO  [http-nio-8088-exec-3]cn.codexing.blog.common.aspect.RequestLogAspect.printRequestLog:130 -浏览器：Mozilla/5.0 (Windows NT 10.0; Win64; x64) AppleWebKit/537.36 (KHTML, like Gecko) Chrome/81.0.4044.122 Safari/537.36
2020-04-27 10:01:23.507 INFO  [http-nio-8088-exec-3]cn.codexing.blog.common.aspect.RequestLogAspect.doAround:76 -耗时：3
2020-04-27 10:01:23.508 INFO  [http-nio-8088-exec-3]cn.codexing.blog.common.aspect.RequestLogAspect.doAfterReturning:90 -返回值：{"code":20000,"data":{"accountNonExpired":true,"accountNonLocked":true,"authorities":[],"credentialsNonExpired":true,"enabled":true,"id":3,"password":"[HIDE]","username":"admin"},"msg":"操作成功"}
2020-04-27 10:01:24.376 INFO  [http-nio-8088-exec-2]cn.codexing.blog.common.aspect.RequestLogAspect.printRequestLog:121 -请求地址：/tag/list
2020-04-27 10:01:24.376 INFO  [http-nio-8088-exec-2]cn.codexing.blog.common.aspect.RequestLogAspect.printRequestLog:122 -请求方式：POST
2020-04-27 10:01:24.377 INFO  [http-nio-8088-exec-2]cn.codexing.blog.common.aspect.RequestLogAspect.printRequestLog:125 -请求IP：127.0.0.1
2020-04-27 10:01:24.377 INFO  [http-nio-8088-exec-2]cn.codexing.blog.common.aspect.RequestLogAspect.printRequestLog:127 -方法：cn.codexing.blog.controller.TagController.getByPage
2020-04-27 10:01:24.378 INFO  [http-nio-8088-exec-2]cn.codexing.blog.common.aspect.RequestLogAspect.printRequestLog:130 -浏览器：Mozilla/5.0 (Windows NT 10.0; Win64; x64) AppleWebKit/537.36 (KHTML, like Gecko) Chrome/81.0.4044.122 Safari/537.36
2020-04-27 10:01:24.425 INFO  [http-nio-8088-exec-5]cn.codexing.blog.common.aspect.RequestLogAspect.printRequestLog:121 -请求地址：/category/list
2020-04-27 10:01:24.425 INFO  [http-nio-8088-exec-5]cn.codexing.blog.common.aspect.RequestLogAspect.printRequestLog:122 -请求方式：POST
2020-04-27 10:01:24.426 INFO  [http-nio-8088-exec-5]cn.codexing.blog.common.aspect.RequestLogAspect.printRequestLog:125 -请求IP：127.0.0.1
2020-04-27 10:01:24.426 INFO  [http-nio-8088-exec-5]cn.codexing.blog.common.aspect.RequestLogAspect.printRequestLog:127 -方法：cn.codexing.blog.controller.CategoryController.getByPage
2020-04-27 10:01:24.426 INFO  [http-nio-8088-exec-5]cn.codexing.blog.common.aspect.RequestLogAspect.printRequestLog:130 -浏览器：Mozilla/5.0 (Windows NT 10.0; Win64; x64) AppleWebKit/537.36 (KHTML, like Gecko) Chrome/81.0.4044.122 Safari/537.36
2020-04-27 10:01:24.557 INFO  [http-nio-8088-exec-2]cn.codexing.blog.common.aspect.RequestLogAspect.doAround:76 -耗时：181
2020-04-27 10:01:24.557 INFO  [http-nio-8088-exec-2]cn.codexing.blog.common.aspect.RequestLogAspect.doAfterReturning:90 -返回值：{"code":20000,"data":{"currPage":1,"list":[{"articleCount":"1","id":1,"isEnable":true,"name":"test"}],"pageSize":20,"params":{},"totalCount":1,"totalPage":1},"msg":"操作成功"}
2020-04-27 10:01:24.638 INFO  [http-nio-8088-exec-5]cn.codexing.blog.common.aspect.RequestLogAspect.doAround:76 -耗时：213
2020-04-27 10:01:24.638 INFO  [http-nio-8088-exec-5]cn.codexing.blog.common.aspect.RequestLogAspect.doAfterReturning:90 -返回值：{"code":20000,"data":{"currPage":1,"list":[{"articleCount":"1","categoryName":"test","id":1,"isEnable":true}],"pageSize":20,"params":{},"totalCount":1,"totalPage":1},"msg":"操作成功"}
2020-04-27 10:01:24.744 INFO  [http-nio-8088-exec-1]cn.codexing.blog.common.aspect.RequestLogAspect.printRequestLog:121 -请求地址：/article/list
2020-04-27 10:01:24.745 INFO  [http-nio-8088-exec-1]cn.codexing.blog.common.aspect.RequestLogAspect.printRequestLog:122 -请求方式：POST
2020-04-27 10:01:24.745 INFO  [http-nio-8088-exec-1]cn.codexing.blog.common.aspect.RequestLogAspect.printRequestLog:125 -请求IP：127.0.0.1
2020-04-27 10:01:24.746 INFO  [http-nio-8088-exec-1]cn.codexing.blog.common.aspect.RequestLogAspect.printRequestLog:127 -方法：cn.codexing.blog.controller.ArticleController.getByPage
2020-04-27 10:01:24.746 INFO  [http-nio-8088-exec-1]cn.codexing.blog.common.aspect.RequestLogAspect.printRequestLog:130 -浏览器：Mozilla/5.0 (Windows NT 10.0; Win64; x64) AppleWebKit/537.36 (KHTML, like Gecko) Chrome/81.0.4044.122 Safari/537.36
2020-04-27 10:01:24.960 INFO  [http-nio-8088-exec-1]cn.codexing.blog.common.aspect.RequestLogAspect.doAround:76 -耗时：216
2020-04-27 10:01:24.961 INFO  [http-nio-8088-exec-1]cn.codexing.blog.common.aspect.RequestLogAspect.doAfterReturning:90 -返回值：{"code":20000,"data":{"currPage":1,"list":[{"author":"1","category":{"categoryName":"test","id":1},"commentCount":0,"content":"1","createTime":"2020-04-26 12:05:28","id":"1","isEnable":true,"isRecommend":true,"isTop":false,"likeCount":0,"summary":"1","tagList":[{"id":1,"name":"test"}],"title":"1","updateTime":"2020-04-26 12:05:28","views":10}],"pageSize":10,"params":{},"totalCount":1,"totalPage":1},"msg":"操作成功"}
2020-04-27 10:01:27.572 INFO  [http-nio-8088-exec-10]cn.codexing.blog.common.aspect.RequestLogAspect.printRequestLog:121 -请求地址：/category/list
2020-04-27 10:01:27.572 INFO  [http-nio-8088-exec-10]cn.codexing.blog.common.aspect.RequestLogAspect.printRequestLog:122 -请求方式：POST
2020-04-27 10:01:27.572 INFO  [http-nio-8088-exec-10]cn.codexing.blog.common.aspect.RequestLogAspect.printRequestLog:125 -请求IP：127.0.0.1
2020-04-27 10:01:27.572 INFO  [http-nio-8088-exec-10]cn.codexing.blog.common.aspect.RequestLogAspect.printRequestLog:127 -方法：cn.codexing.blog.controller.CategoryController.getByPage
2020-04-27 10:01:27.572 INFO  [http-nio-8088-exec-10]cn.codexing.blog.common.aspect.RequestLogAspect.printRequestLog:130 -浏览器：Mozilla/5.0 (Windows NT 10.0; Win64; x64) AppleWebKit/537.36 (KHTML, like Gecko) Chrome/81.0.4044.122 Safari/537.36
2020-04-27 10:01:27.712 INFO  [http-nio-8088-exec-10]cn.codexing.blog.common.aspect.RequestLogAspect.doAround:76 -耗时：140
2020-04-27 10:01:27.712 INFO  [http-nio-8088-exec-10]cn.codexing.blog.common.aspect.RequestLogAspect.doAfterReturning:90 -返回值：{"code":20000,"data":{"currPage":1,"list":[{"articleCount":"1","categoryName":"test","id":1,"isEnable":true}],"pageSize":10,"params":{},"totalCount":1,"totalPage":1},"msg":"操作成功"}
2020-04-27 10:01:39.001 INFO  [http-nio-8088-exec-7]cn.codexing.blog.common.handler.LoginSuccessHandler.onAuthenticationSuccess:35 -用户为====>admin登录成功
2020-04-27 10:01:39.754 INFO  [http-nio-8088-exec-8]cn.codexing.blog.common.aspect.RequestLogAspect.printRequestLog:121 -请求地址：/user/info
2020-04-27 10:01:39.754 INFO  [http-nio-8088-exec-8]cn.codexing.blog.common.aspect.RequestLogAspect.printRequestLog:122 -请求方式：GET
2020-04-27 10:01:39.754 INFO  [http-nio-8088-exec-8]cn.codexing.blog.common.aspect.RequestLogAspect.printRequestLog:125 -请求IP：127.0.0.1
2020-04-27 10:01:39.754 INFO  [http-nio-8088-exec-8]cn.codexing.blog.common.aspect.RequestLogAspect.printRequestLog:127 -方法：cn.codexing.blog.controller.UserController.userInfo
2020-04-27 10:01:39.754 INFO  [http-nio-8088-exec-8]cn.codexing.blog.common.aspect.RequestLogAspect.printRequestLog:130 -浏览器：Mozilla/5.0 (Windows NT 10.0; Win64; x64) AppleWebKit/537.36 (KHTML, like Gecko) Chrome/81.0.4044.122 Safari/537.36
2020-04-27 10:01:39.754 INFO  [http-nio-8088-exec-8]cn.codexing.blog.common.aspect.RequestLogAspect.doAround:76 -耗时：0
2020-04-27 10:01:39.754 INFO  [http-nio-8088-exec-8]cn.codexing.blog.common.aspect.RequestLogAspect.doAfterReturning:90 -返回值：{"code":20000,"data":{"accountNonExpired":true,"accountNonLocked":true,"authorities":[],"credentialsNonExpired":true,"enabled":true,"id":3,"password":"[HIDE]","username":"admin"},"msg":"操作成功"}
2020-04-27 10:01:40.462 INFO  [http-nio-8088-exec-6]cn.codexing.blog.common.aspect.RequestLogAspect.printRequestLog:121 -请求地址：/tag/list
2020-04-27 10:01:40.462 INFO  [http-nio-8088-exec-6]cn.codexing.blog.common.aspect.RequestLogAspect.printRequestLog:122 -请求方式：POST
2020-04-27 10:01:40.463 INFO  [http-nio-8088-exec-6]cn.codexing.blog.common.aspect.RequestLogAspect.printRequestLog:125 -请求IP：127.0.0.1
2020-04-27 10:01:40.463 INFO  [http-nio-8088-exec-6]cn.codexing.blog.common.aspect.RequestLogAspect.printRequestLog:127 -方法：cn.codexing.blog.controller.TagController.getByPage
2020-04-27 10:01:40.463 INFO  [http-nio-8088-exec-6]cn.codexing.blog.common.aspect.RequestLogAspect.printRequestLog:130 -浏览器：Mozilla/5.0 (Windows NT 10.0; Win64; x64) AppleWebKit/537.36 (KHTML, like Gecko) Chrome/81.0.4044.122 Safari/537.36
2020-04-27 10:01:40.606 INFO  [http-nio-8088-exec-6]cn.codexing.blog.common.aspect.RequestLogAspect.doAround:76 -耗时：144
2020-04-27 10:01:40.606 INFO  [http-nio-8088-exec-6]cn.codexing.blog.common.aspect.RequestLogAspect.doAfterReturning:90 -返回值：{"code":20000,"data":{"currPage":1,"list":[{"articleCount":"1","id":1,"isEnable":true,"name":"test"}],"pageSize":20,"params":{},"totalCount":1,"totalPage":1},"msg":"操作成功"}
2020-04-27 10:01:40.856 INFO  [http-nio-8088-exec-4]cn.codexing.blog.common.aspect.RequestLogAspect.printRequestLog:121 -请求地址：/category/list
2020-04-27 10:01:40.856 INFO  [http-nio-8088-exec-4]cn.codexing.blog.common.aspect.RequestLogAspect.printRequestLog:122 -请求方式：POST
2020-04-27 10:01:40.856 INFO  [http-nio-8088-exec-4]cn.codexing.blog.common.aspect.RequestLogAspect.printRequestLog:125 -请求IP：127.0.0.1
2020-04-27 10:01:40.856 INFO  [http-nio-8088-exec-4]cn.codexing.blog.common.aspect.RequestLogAspect.printRequestLog:127 -方法：cn.codexing.blog.controller.CategoryController.getByPage
2020-04-27 10:01:40.856 INFO  [http-nio-8088-exec-4]cn.codexing.blog.common.aspect.RequestLogAspect.printRequestLog:130 -浏览器：Mozilla/5.0 (Windows NT 10.0; Win64; x64) AppleWebKit/537.36 (KHTML, like Gecko) Chrome/81.0.4044.122 Safari/537.36
2020-04-27 10:01:40.912 INFO  [http-nio-8088-exec-3]cn.codexing.blog.common.aspect.RequestLogAspect.printRequestLog:121 -请求地址：/category/list
2020-04-27 10:01:40.912 INFO  [http-nio-8088-exec-3]cn.codexing.blog.common.aspect.RequestLogAspect.printRequestLog:122 -请求方式：POST
2020-04-27 10:01:40.913 INFO  [http-nio-8088-exec-3]cn.codexing.blog.common.aspect.RequestLogAspect.printRequestLog:125 -请求IP：127.0.0.1
2020-04-27 10:01:40.913 INFO  [http-nio-8088-exec-3]cn.codexing.blog.common.aspect.RequestLogAspect.printRequestLog:127 -方法：cn.codexing.blog.controller.CategoryController.getByPage
2020-04-27 10:01:40.913 INFO  [http-nio-8088-exec-3]cn.codexing.blog.common.aspect.RequestLogAspect.printRequestLog:130 -浏览器：Mozilla/5.0 (Windows NT 10.0; Win64; x64) AppleWebKit/537.36 (KHTML, like Gecko) Chrome/81.0.4044.122 Safari/537.36
2020-04-27 10:01:41.004 INFO  [http-nio-8088-exec-4]cn.codexing.blog.common.aspect.RequestLogAspect.doAround:76 -耗时：148
2020-04-27 10:01:41.004 INFO  [http-nio-8088-exec-4]cn.codexing.blog.common.aspect.RequestLogAspect.doAfterReturning:90 -返回值：{"code":20000,"data":{"currPage":1,"list":[{"articleCount":"1","categoryName":"test","id":1,"isEnable":true}],"pageSize":20,"params":{},"totalCount":1,"totalPage":1},"msg":"操作成功"}
2020-04-27 10:01:41.051 INFO  [http-nio-8088-exec-3]cn.codexing.blog.common.aspect.RequestLogAspect.doAround:76 -耗时：139
2020-04-27 10:01:41.051 INFO  [http-nio-8088-exec-3]cn.codexing.blog.common.aspect.RequestLogAspect.doAfterReturning:90 -返回值：{"code":20000,"data":{"currPage":1,"list":[{"articleCount":"1","categoryName":"test","id":1,"isEnable":true}],"pageSize":10,"params":{},"totalCount":1,"totalPage":1},"msg":"操作成功"}
2020-04-27 10:06:02.156 INFO  [http-nio-8088-exec-2]cn.codexing.blog.common.aspect.RequestLogAspect.printRequestLog:121 -请求地址：/user/info
2020-04-27 10:06:02.157 INFO  [http-nio-8088-exec-2]cn.codexing.blog.common.aspect.RequestLogAspect.printRequestLog:122 -请求方式：GET
2020-04-27 10:06:02.157 INFO  [http-nio-8088-exec-2]cn.codexing.blog.common.aspect.RequestLogAspect.printRequestLog:125 -请求IP：127.0.0.1
2020-04-27 10:06:02.158 INFO  [http-nio-8088-exec-2]cn.codexing.blog.common.aspect.RequestLogAspect.printRequestLog:127 -方法：cn.codexing.blog.controller.UserController.userInfo
2020-04-27 10:06:02.158 INFO  [http-nio-8088-exec-2]cn.codexing.blog.common.aspect.RequestLogAspect.printRequestLog:130 -浏览器：Mozilla/5.0 (Windows NT 10.0; Win64; x64) AppleWebKit/537.36 (KHTML, like Gecko) Chrome/81.0.4044.122 Safari/537.36
2020-04-27 10:06:02.159 INFO  [http-nio-8088-exec-2]cn.codexing.blog.common.aspect.RequestLogAspect.doAround:76 -耗时：3
2020-04-27 10:06:02.159 INFO  [http-nio-8088-exec-2]cn.codexing.blog.common.aspect.RequestLogAspect.doAfterReturning:90 -返回值：{"code":20000,"data":{"accountNonExpired":true,"accountNonLocked":true,"authorities":[],"credentialsNonExpired":true,"enabled":true,"id":3,"password":"[HIDE]","username":"admin"},"msg":"操作成功"}
2020-04-27 10:06:02.846 INFO  [http-nio-8088-exec-5]cn.codexing.blog.common.aspect.RequestLogAspect.printRequestLog:121 -请求地址：/tag/list
2020-04-27 10:06:02.846 INFO  [http-nio-8088-exec-5]cn.codexing.blog.common.aspect.RequestLogAspect.printRequestLog:122 -请求方式：POST
2020-04-27 10:06:02.847 INFO  [http-nio-8088-exec-5]cn.codexing.blog.common.aspect.RequestLogAspect.printRequestLog:125 -请求IP：127.0.0.1
2020-04-27 10:06:02.847 INFO  [http-nio-8088-exec-5]cn.codexing.blog.common.aspect.RequestLogAspect.printRequestLog:127 -方法：cn.codexing.blog.controller.TagController.getByPage
2020-04-27 10:06:02.847 INFO  [http-nio-8088-exec-5]cn.codexing.blog.common.aspect.RequestLogAspect.printRequestLog:130 -浏览器：Mozilla/5.0 (Windows NT 10.0; Win64; x64) AppleWebKit/537.36 (KHTML, like Gecko) Chrome/81.0.4044.122 Safari/537.36
2020-04-27 10:06:02.937 INFO  [http-nio-8088-exec-1]cn.codexing.blog.common.aspect.RequestLogAspect.printRequestLog:121 -请求地址：/category/list
2020-04-27 10:06:02.937 INFO  [http-nio-8088-exec-1]cn.codexing.blog.common.aspect.RequestLogAspect.printRequestLog:122 -请求方式：POST
2020-04-27 10:06:02.938 INFO  [http-nio-8088-exec-1]cn.codexing.blog.common.aspect.RequestLogAspect.printRequestLog:125 -请求IP：127.0.0.1
2020-04-27 10:06:02.938 INFO  [http-nio-8088-exec-1]cn.codexing.blog.common.aspect.RequestLogAspect.printRequestLog:127 -方法：cn.codexing.blog.controller.CategoryController.getByPage
2020-04-27 10:06:02.938 INFO  [http-nio-8088-exec-1]cn.codexing.blog.common.aspect.RequestLogAspect.printRequestLog:130 -浏览器：Mozilla/5.0 (Windows NT 10.0; Win64; x64) AppleWebKit/537.36 (KHTML, like Gecko) Chrome/81.0.4044.122 Safari/537.36
2020-04-27 10:06:02.994 INFO  [http-nio-8088-exec-5]cn.codexing.blog.common.aspect.RequestLogAspect.doAround:76 -耗时：148
2020-04-27 10:06:02.995 INFO  [http-nio-8088-exec-5]cn.codexing.blog.common.aspect.RequestLogAspect.doAfterReturning:90 -返回值：{"code":20000,"data":{"currPage":1,"list":[{"articleCount":"1","id":1,"isEnable":true,"name":"test"}],"pageSize":20,"params":{},"totalCount":1,"totalPage":1},"msg":"操作成功"}
2020-04-27 10:06:03.085 INFO  [http-nio-8088-exec-1]cn.codexing.blog.common.aspect.RequestLogAspect.doAround:76 -耗时：148
2020-04-27 10:06:03.086 INFO  [http-nio-8088-exec-1]cn.codexing.blog.common.aspect.RequestLogAspect.doAfterReturning:90 -返回值：{"code":20000,"data":{"currPage":1,"list":[{"articleCount":"1","categoryName":"test","id":1,"isEnable":true}],"pageSize":20,"params":{},"totalCount":1,"totalPage":1},"msg":"操作成功"}
2020-04-27 10:06:08.042 INFO  [http-nio-8088-exec-10]cn.codexing.blog.common.aspect.RequestLogAspect.printRequestLog:121 -请求地址：/article/list
2020-04-27 10:06:08.043 INFO  [http-nio-8088-exec-10]cn.codexing.blog.common.aspect.RequestLogAspect.printRequestLog:122 -请求方式：POST
2020-04-27 10:06:08.043 INFO  [http-nio-8088-exec-10]cn.codexing.blog.common.aspect.RequestLogAspect.printRequestLog:125 -请求IP：127.0.0.1
2020-04-27 10:06:08.044 INFO  [http-nio-8088-exec-10]cn.codexing.blog.common.aspect.RequestLogAspect.printRequestLog:127 -方法：cn.codexing.blog.controller.ArticleController.getByPage
2020-04-27 10:06:08.044 INFO  [http-nio-8088-exec-10]cn.codexing.blog.common.aspect.RequestLogAspect.printRequestLog:130 -浏览器：Mozilla/5.0 (Windows NT 10.0; Win64; x64) AppleWebKit/537.36 (KHTML, like Gecko) Chrome/81.0.4044.122 Safari/537.36
2020-04-27 10:06:08.251 INFO  [http-nio-8088-exec-10]cn.codexing.blog.common.aspect.RequestLogAspect.doAround:76 -耗时：209
2020-04-27 10:06:08.251 INFO  [http-nio-8088-exec-10]cn.codexing.blog.common.aspect.RequestLogAspect.doAfterReturning:90 -返回值：{"code":20000,"data":{"currPage":1,"list":[{"author":"1","category":{"categoryName":"test","id":1},"commentCount":0,"content":"1","createTime":"2020-04-26 12:05:28","id":"1","isEnable":true,"isRecommend":true,"isTop":false,"likeCount":0,"summary":"1","tagList":[{"id":1,"name":"test"}],"title":"1","updateTime":"2020-04-26 12:05:28","views":10}],"pageSize":10,"params":{},"totalCount":1,"totalPage":1},"msg":"操作成功"}
2020-04-27 10:06:34.342 INFO  [http-nio-8088-exec-7]cn.codexing.blog.common.aspect.RequestLogAspect.printRequestLog:121 -请求地址：/log/list
2020-04-27 10:06:34.342 INFO  [http-nio-8088-exec-7]cn.codexing.blog.common.aspect.RequestLogAspect.printRequestLog:122 -请求方式：POST
2020-04-27 10:06:34.342 INFO  [http-nio-8088-exec-7]cn.codexing.blog.common.aspect.RequestLogAspect.printRequestLog:125 -请求IP：127.0.0.1
2020-04-27 10:06:34.342 INFO  [http-nio-8088-exec-7]cn.codexing.blog.common.aspect.RequestLogAspect.printRequestLog:127 -方法：cn.codexing.blog.controller.LogController.getByPage
2020-04-27 10:06:34.342 INFO  [http-nio-8088-exec-7]cn.codexing.blog.common.aspect.RequestLogAspect.printRequestLog:130 -浏览器：Mozilla/5.0 (Windows NT 10.0; Win64; x64) AppleWebKit/537.36 (KHTML, like Gecko) Chrome/81.0.4044.122 Safari/537.36
2020-04-27 10:06:34.541 INFO  [http-nio-8088-exec-7]cn.codexing.blog.common.aspect.RequestLogAspect.doAround:76 -耗时：199
2020-04-27 10:06:34.544 INFO  [http-nio-8088-exec-7]cn.codexing.blog.common.aspect.RequestLogAspect.doAfterReturning:90 -返回值：{"code":20000,"data":{"currPage":1,"list":[{"createTime":"2020-04-27 02:06:07","id":4512,"ip":"127.0.0.1","method":"POST","params":"[PageUtils(totalCount=0, pageSize=10, totalPage=0, currPage=1, list=[], params={}, sortColumn=create_time)]","result":"{\"code\":20000,\"data\":{\"currPage\":1,\"list\":[{\"author\":\"1\",\"category\":{\"categoryName\":\"test\",\"id\":1},\"commentCount\":0,\"content\":\"1\",\"createTime\":\"2020-04-26 12:05:28\",\"id\":\"1\",\"isEnable\":true,\"isRecommend\":true,\"isTop\":false,\"likeCount\":0,\"summary\":\"1\",\"tagList\":[{\"id\":1,\"name\":\"test\"}],\"title\":\"1\",\"updateTime\":\"2020-04-26 12:05:28\",\"views\":10}],\"pageSize\":10,\"params\":{},\"totalCount\":1,\"totalPage\":1},\"msg\":\"操作成功\"}","status":1,"url":"/article/list","usedTime":209},{"createTime":"2020-04-27 02:06:01","id":4510,"ip":"127.0.0.1","method":"POST","params":"[PageUtils(totalCount=0, pageSize=20, totalPage=0, currPage=1, list=[], params={}, sortColumn=)]","result":"{\"code\":20000,\"data\":{\"currPage\":1,\"list\":[{\"articleCount\":\"1\",\"id\":1,\"isEnable\":true,\"name\":\"test\"}],\"pageSize\":20,\"params\":{},\"totalCount\":1,\"totalPage\":1},\"msg\":\"操作成功\"}","status":1,"url":"/tag/list","usedTime":148},{"createTime":"2020-04-27 02:06:01","id":4511,"ip":"127.0.0.1","method":"POST","params":"[PageUtils(totalCount=0, pageSize=20, totalPage=0, currPage=1, list=[], params={}, sortColumn=)]","result":"{\"code\":20000,\"data\":{\"currPage\":1,\"list\":[{\"articleCount\":\"1\",\"categoryName\":\"test\",\"id\":1,\"isEnable\":true}],\"pageSize\":20,\"params\":{},\"totalCount\":1,\"totalPage\":1},\"msg\":\"操作成功\"}","status":1,"url":"/category/list","usedTime":148},{"createTime":"2020-04-27 02:06:00","id":4509,"ip":"127.0.0.1","method":"GET","params":"[]","result":"{\"code\":20000,\"data\":{\"accountNonExpired\":true,\"accountNonLocked\":true,\"authorities\":[],\"credentialsNonExpired\":true,\"enabled\":true,\"id\":3,\"password\":\"[HIDE]\",\"username\":\"admin\"},\"msg\":\"操作成功\"}","status":1,"url":"/user/info","usedTime":3},{"createTime":"2020-04-27 02:01:39","id":4506,"ip":"127.0.0.1","method":"POST","params":"[PageUtils(totalCount=0, pageSize=20, totalPage=0, currPage=1, list=[], params={}, sortColumn=)]","result":"{\"code\":20000,\"data\":{\"currPage\":1,\"list\":[{\"articleCount\":\"1\",\"id\":1,\"isEnable\":true,\"name\":\"test\"}],\"pageSize\":20,\"params\":{},\"totalCount\":1,\"totalPage\":1},\"msg\":\"操作成功\"}","status":1,"url":"/tag/list","usedTime":144},{"createTime":"2020-04-27 02:01:39","id":4507,"ip":"127.0.0.1","method":"POST","params":"[PageUtils(totalCount=0, pageSize=20, totalPage=0, currPage=1, list=[], params={}, sortColumn=)]","result":"{\"code\":20000,\"data\":{\"currPage\":1,\"list\":[{\"articleCount\":\"1\",\"categoryName\":\"test\",\"id\":1,\"isEnable\":true}],\"pageSize\":20,\"params\":{},\"totalCount\":1,\"totalPage\":1},\"msg\":\"操作成功\"}","status":1,"url":"/category/list","usedTime":148},{"createTime":"2020-04-27 02:01:39","id":4508,"ip":"127.0.0.1","method":"POST","params":"[PageUtils(totalCount=0, pageSize=10, totalPage=0, currPage=1, list=[], params={}, sortColumn=)]","result":"{\"code\":20000,\"data\":{\"currPage\":1,\"list\":[{\"articleCount\":\"1\",\"categoryName\":\"test\",\"id\":1,\"isEnable\":true}],\"pageSize\":10,\"params\":{},\"totalCount\":1,\"totalPage\":1},\"msg\":\"操作成功\"}","status":1,"url":"/category/list","usedTime":139},{"createTime":"2020-04-27 02:01:38","id":4505,"ip":"127.0.0.1","method":"GET","params":"[]","result":"{\"code\":20000,\"data\":{\"accountNonExpired\":true,\"accountNonLocked\":true,\"authorities\":[],\"credentialsNonExpired\":true,\"enabled\":true,\"id\":3,\"password\":\"[HIDE]\",\"username\":\"admin\"},\"msg\":\"操作成功\"}","status":1,"url":"/user/info","usedTime":0},{"createTime":"2020-04-27 02:01:26","id":4504,"ip":"127.0.0.1","method":"POST","params":"[PageUtils(totalCount=0, pageSize=10, totalPage=0, currPage=1, list=[], params={}, sortColumn=)]","result":"{\"code\":20000,\"data\":{\"currPage\":1,\"list\":[{\"articleCount\":\"1\",\"categoryName\":\"test\",\"id\":1,\"isEnable\":true}],\"pageSize\":10,\"params\":{},\"totalCount\":1,\"totalPage\":1},\"msg\":\"操作成功\"}","status":1,"url":"/category/list","usedTime":140},{"createTime":"2020-04-27 02:01:23","id":4501,"ip":"127.0.0.1","method":"POST","params":"[PageUtils(totalCount=0, pageSize=20, totalPage=0, currPage=1, list=[], params={}, sortColumn=)]","result":"{\"code\":20000,\"data\":{\"currPage\":1,\"list\":[{\"articleCount\":\"1\",\"id\":1,\"isEnable\":true,\"name\":\"test\"}],\"pageSize\":20,\"params\":{},\"totalCount\":1,\"totalPage\":1},\"msg\":\"操作成功\"}","status":1,"url":"/tag/list","usedTime":181}],"pageSize":10,"params":{},"totalCount":171,"totalPage":18},"msg":"操作成功"}
2020-04-27 10:06:43.096 INFO  [http-nio-8088-exec-8]cn.codexing.blog.common.aspect.RequestLogAspect.printRequestLog:121 -请求地址：/log/list
2020-04-27 10:06:43.096 INFO  [http-nio-8088-exec-8]cn.codexing.blog.common.aspect.RequestLogAspect.printRequestLog:122 -请求方式：POST
2020-04-27 10:06:43.096 INFO  [http-nio-8088-exec-8]cn.codexing.blog.common.aspect.RequestLogAspect.printRequestLog:125 -请求IP：127.0.0.1
2020-04-27 10:06:43.096 INFO  [http-nio-8088-exec-8]cn.codexing.blog.common.aspect.RequestLogAspect.printRequestLog:127 -方法：cn.codexing.blog.controller.LogController.getByPage
2020-04-27 10:06:43.096 INFO  [http-nio-8088-exec-8]cn.codexing.blog.common.aspect.RequestLogAspect.printRequestLog:130 -浏览器：Mozilla/5.0 (Windows NT 10.0; Win64; x64) AppleWebKit/537.36 (KHTML, like Gecko) Chrome/81.0.4044.122 Safari/537.36
2020-04-27 10:06:43.159 INFO  [http-nio-8088-exec-8]cn.codexing.blog.common.aspect.RequestLogAspect.doAround:76 -耗时：63
2020-04-27 10:06:43.159 INFO  [http-nio-8088-exec-8]cn.codexing.blog.common.aspect.RequestLogAspect.doAfterReturning:90 -返回值：{"code":20000,"data":{"currPage":1,"list":[],"pageSize":10,"params":{},"totalCount":0,"totalPage":0},"msg":"操作成功"}
2020-04-27 10:07:07.678 INFO  [http-nio-8088-exec-6]cn.codexing.blog.common.aspect.RequestLogAspect.printRequestLog:121 -请求地址：/log/list
2020-04-27 10:07:07.678 INFO  [http-nio-8088-exec-6]cn.codexing.blog.common.aspect.RequestLogAspect.printRequestLog:122 -请求方式：POST
2020-04-27 10:07:07.678 INFO  [http-nio-8088-exec-6]cn.codexing.blog.common.aspect.RequestLogAspect.printRequestLog:125 -请求IP：127.0.0.1
2020-04-27 10:07:07.678 INFO  [http-nio-8088-exec-6]cn.codexing.blog.common.aspect.RequestLogAspect.printRequestLog:127 -方法：cn.codexing.blog.controller.LogController.getByPage
2020-04-27 10:07:07.678 INFO  [http-nio-8088-exec-6]cn.codexing.blog.common.aspect.RequestLogAspect.printRequestLog:130 -浏览器：Mozilla/5.0 (Windows NT 10.0; Win64; x64) AppleWebKit/537.36 (KHTML, like Gecko) Chrome/81.0.4044.122 Safari/537.36
2020-04-27 10:07:07.772 INFO  [http-nio-8088-exec-6]cn.codexing.blog.common.aspect.RequestLogAspect.doAround:76 -耗时：94
2020-04-27 10:07:07.772 INFO  [http-nio-8088-exec-6]cn.codexing.blog.common.aspect.RequestLogAspect.doAfterReturning:90 -返回值：{"code":20000,"data":{"currPage":1,"list":[{"createTime":"2020-04-26 11:52:52","id":4342,"ip":"61.140.170.209","method":"POST","params":"[SysUser(id=null, ip=null, username=admin, password=godforwar, avatar=null, email=2933575030@qq.com, tel=null, birthday=null, age=null, gender=1, userCreateTime=null, isEnable=null, isDeleted=null), SecurityContextHolderAwareRequestWrapper[ org.springframework.security.web.header.HeaderWriterFilter$HeaderWriterRequest@58c8101d]]","result":"{\"code\":20000,\"msg\":\"注册成功\"}","status":1,"url":"/user/register","usedTime":168},{"createTime":"2020-04-26 12:05:53","id":4343,"ip":"61.140.170.209","method":"POST","params":"[PageUtils(totalCount=0, pageSize=10, totalPage=0, currPage=1, list=null, params={}, sortColumn=null)]","result":"{\"code\":20000,\"data\":{\"currPage\":1,\"list\":[{\"author\":\"1\",\"commentCount\":0,\"content\":\"1\",\"createTime\":\"2020-04-26 12:05:28\",\"id\":\"1\",\"isEnable\":true,\"isRecommend\":false,\"isTop\":false,\"likeCount\":0,\"summary\":\"1\",\"tagList\":[],\"title\":\"1\",\"updateTime\":\"2020-04-26 12:05:28\",\"views\":0}],\"pageSize\":10,\"params\":{},\"totalCount\":1,\"totalPage\":1},\"msg\":\"操作成功\"}","status":1,"url":"/article/list","usedTime":127},{"createTime":"2020-04-26 12:27:45","id":4344,"ip":"127.0.0.1","method":"POST","params":"[PageUtils(totalCount=0, pageSize=10, totalPage=0, currPage=1, list=[], params={isEnable=true}, sortColumn=create_time)]","result":"{\"code\":20000,\"data\":{\"currPage\":1,\"list\":[{\"author\":\"1\",\"commentCount\":0,\"content\":\"1\",\"createTime\":\"2020-04-26 12:05:28\",\"id\":\"1\",\"isEnable\":true,\"isRecommend\":false,\"isTop\":false,\"likeCount\":0,\"summary\":\"1\",\"tagList\":[],\"title\":\"1\",\"updateTime\":\"2020-04-26 12:05:28\",\"views\":0}],\"pageSize\":10,\"params\":{},\"totalCount\":1,\"totalPage\":1},\"msg\":\"操作成功\"}","status":1,"url":"/article/list","usedTime":64},{"createTime":"2020-04-26 12:27:45","id":4345,"ip":"127.0.0.1","method":"POST","params":"[PageUtils(totalCount=0, pageSize=20, totalPage=0, currPage=1, list=[], params={isEnable=1}, sortColumn=)]","result":"{\"code\":20000,\"data\":{\"currPage\":1,\"list\":[],\"pageSize\":20,\"params\":{},\"totalCount\":0,\"totalPage\":0},\"msg\":\"操作成功\"}","status":1,"url":"/tag/list","usedTime":91},{"createTime":"2020-04-26 12:27:45","id":4346,"ip":"127.0.0.1","method":"GET","params":"[]","result":"{\"code\":20000,\"data\":[],\"msg\":\"操作成功\"}","status":1,"url":"/article/recommend/list","usedTime":11},{"createTime":"2020-04-26 12:27:45","id":4347,"ip":"127.0.0.1","method":"GET","params":"[]","result":"{\"code\":20000,\"data\":[],\"msg\":\"操作成功\"}","status":1,"url":"/link/list/enable","usedTime":29},{"createTime":"2020-04-26 12:27:48","id":4348,"ip":"127.0.0.1","method":"GET","params":"[1]","result":"{\"code\":20000,\"data\":[],\"msg\":\"操作成功\"}","status":1,"url":"/comment/list/1","usedTime":38},{"createTime":"2020-04-26 12:27:48","id":4349,"ip":"127.0.0.1","method":"GET","params":"[1]","result":"{\"code\":20000,\"data\":{\"author\":\"1\",\"commentCount\":0,\"content\":\"1\",\"createTime\":\"2020-04-26 12:05:28\",\"id\":\"1\",\"isEnable\":true,\"isRecommend\":false,\"isTop\":false,\"likeCount\":0,\"summary\":\"1\",\"tagList\":[],\"title\":\"1\",\"updateTime\":\"2020-04-26 12:05:28\",\"views\":0},\"msg\":\"操作成功\"}","status":1,"url":"/article/details/1","usedTime":85},{"createTime":"2020-04-26 12:27:48","id":4350,"ip":"127.0.0.1","method":"GET","params":"[]","result":"{\"code\":20000,\"data\":[],\"msg\":\"操作成功\"}","status":1,"url":"/article/recommend/list","usedTime":6},{"createTime":"2020-04-26 12:27:48","id":4351,"ip":"127.0.0.1","method":"POST","params":"[PageUtils(totalCount=0, pageSize=20, totalPage=0, currPage=1, list=[], params={isEnable=1}, sortColumn=)]","result":"{\"code\":20000,\"data\":{\"currPage\":1,\"list\":[],\"pageSize\":20,\"params\":{},\"totalCount\":0,\"totalPage\":0},\"msg\":\"操作成功\"}","status":1,"url":"/tag/list","usedTime":7}],"pageSize":10,"params":{},"totalCount":173,"totalPage":18},"msg":"操作成功"}
2020-04-27 10:55:34.124 INFO  [main]org.springframework.core.KotlinDetector.<clinit>:57 -Kotlin reflection implementation not found at runtime, related features won't be available.
2020-04-27 10:55:35.149 INFO  [main]cn.codexing.blog.BlogApplication.logStarting:55 -Starting BlogApplication on DESKTOP-0EBHI2S with PID 12824 (E:\2020\myblog2.0\blog-backend\target\classes started by GuoXing in E:\2020\myblog2.0\blog-backend)
2020-04-27 10:55:35.149 INFO  [main]cn.codexing.blog.BlogApplication.logStartupProfileInfo:655 -The following profiles are active: dev
2020-04-27 10:55:37.219 INFO  [main]o.s.d.repository.config.RepositoryConfigurationDelegate.multipleStoresDetected:249 -Multiple Spring Data modules found, entering strict repository configuration mode!
2020-04-27 10:55:37.223 INFO  [main]o.s.d.repository.config.RepositoryConfigurationDelegate.registerRepositoriesIn:127 -Bootstrapping Spring Data Redis repositories in DEFAULT mode.
2020-04-27 10:55:37.296 INFO  [main]o.s.d.repository.config.RepositoryConfigurationDelegate.registerRepositoriesIn:187 -Finished Spring Data repository scanning in 53ms. Found 0 Redis repository interfaces.
2020-04-27 10:55:38.011 INFO  [main]o.s.c.s.PostProcessorRegistrationDelegate$BeanPostProcessorChecker.postProcessAfterInitialization:330 -Bean 'org.springframework.security.config.annotation.configuration.ObjectPostProcessorConfiguration' of type [org.springframework.security.config.annotation.configuration.ObjectPostProcessorConfiguration] is not eligible for getting processed by all BeanPostProcessors (for example: not eligible for auto-proxying)
2020-04-27 10:55:38.158 INFO  [main]o.s.c.s.PostProcessorRegistrationDelegate$BeanPostProcessorChecker.postProcessAfterInitialization:330 -Bean 'objectPostProcessor' of type [org.springframework.security.config.annotation.configuration.AutowireBeanFactoryObjectPostProcessor] is not eligible for getting processed by all BeanPostProcessors (for example: not eligible for auto-proxying)
2020-04-27 10:55:38.186 INFO  [main]o.s.c.s.PostProcessorRegistrationDelegate$BeanPostProcessorChecker.postProcessAfterInitialization:330 -Bean 'org.springframework.security.access.expression.method.DefaultMethodSecurityExpressionHandler@4dba773d' of type [org.springframework.security.access.expression.method.DefaultMethodSecurityExpressionHandler] is not eligible for getting processed by all BeanPostProcessors (for example: not eligible for auto-proxying)
2020-04-27 10:55:38.191 INFO  [main]o.s.c.s.PostProcessorRegistrationDelegate$BeanPostProcessorChecker.postProcessAfterInitialization:330 -Bean 'org.springframework.security.config.annotation.method.configuration.GlobalMethodSecurityConfiguration' of type [org.springframework.security.config.annotation.method.configuration.GlobalMethodSecurityConfiguration] is not eligible for getting processed by all BeanPostProcessors (for example: not eligible for auto-proxying)
2020-04-27 10:55:38.216 INFO  [main]o.s.c.s.PostProcessorRegistrationDelegate$BeanPostProcessorChecker.postProcessAfterInitialization:330 -Bean 'methodSecurityMetadataSource' of type [org.springframework.security.access.method.DelegatingMethodSecurityMetadataSource] is not eligible for getting processed by all BeanPostProcessors (for example: not eligible for auto-proxying)
2020-04-27 10:55:38.247 INFO  [main]o.s.c.s.PostProcessorRegistrationDelegate$BeanPostProcessorChecker.postProcessAfterInitialization:330 -Bean 'redisConfig' of type [cn.codexing.blog.common.config.RedisConfig$$EnhancerBySpringCGLIB$$e274a6c4] is not eligible for getting processed by all BeanPostProcessors (for example: not eligible for auto-proxying)
2020-04-27 10:55:39.315 INFO  [main]o.s.boot.web.embedded.tomcat.TomcatWebServer.initialize:92 -Tomcat initialized with port(s): 8088 (http)
2020-04-27 10:55:40.777 INFO  [main]org.apache.coyote.http11.Http11NioProtocol.log:173 -Initializing ProtocolHandler ["http-nio-8088"]
2020-04-27 10:55:40.777 INFO  [main]org.apache.catalina.core.StandardService.log:173 -Starting service [Tomcat]
2020-04-27 10:55:40.777 INFO  [main]org.apache.catalina.core.StandardEngine.log:173 -Starting Servlet engine: [Apache Tomcat/9.0.31]
2020-04-27 10:55:40.965 INFO  [main]o.a.catalina.core.ContainerBase.[Tomcat].[localhost].[/].log:173 -Initializing Spring embedded WebApplicationContext
2020-04-27 10:55:40.980 INFO  [main]org.springframework.web.context.ContextLoader.prepareWebApplicationContext:284 -Root WebApplicationContext: initialization completed in 5655 ms
2020-04-27 10:55:48.208 INFO  [main]s.d.s.web.PropertySourcedRequestMappingHandlerMapping.initHandlerMethods:69 -Mapped URL path [/v2/api-docs] onto method [springfox.documentation.swagger2.web.Swagger2Controller#getDocumentation(String, HttpServletRequest)]
2020-04-27 10:55:48.623 INFO  [main]o.s.security.web.DefaultSecurityFilterChain.<init>:43 -Creating filter chain: any request, [org.springframework.security.web.context.request.async.WebAsyncManagerIntegrationFilter@1d7c9811, org.springframework.security.web.context.SecurityContextPersistenceFilter@2c9cafa5, org.springframework.security.web.header.HeaderWriterFilter@da34eb0, org.springframework.security.web.authentication.logout.LogoutFilter@13908f9c, cn.codexing.blog.common.filter.JwtAuthenticationFilter@646cd766, org.springframework.security.web.authentication.UsernamePasswordAuthenticationFilter@5350ab17, org.springframework.security.web.savedrequest.RequestCacheAwareFilter@7df4709e, org.springframework.security.web.servletapi.SecurityContextHolderAwareRequestFilter@3739f3c9, org.springframework.security.web.authentication.AnonymousAuthenticationFilter@3b362f1, org.springframework.security.web.session.SessionManagementFilter@2bf3ec4, org.springframework.security.web.access.ExceptionTranslationFilter@5d84e363, org.springframework.security.web.access.intercept.FilterSecurityInterceptor@1e471884]
2020-04-27 10:55:50.252 INFO  [main]s.d.spring.web.plugins.DocumentationPluginsBootstrapper.start:160 -Context refreshed
2020-04-27 10:55:50.291 INFO  [main]s.d.spring.web.plugins.DocumentationPluginsBootstrapper.start:163 -Found 1 custom documentation plugin(s)
2020-04-27 10:55:50.457 INFO  [main]s.d.spring.web.scanners.ApiListingReferenceScanner.scan:41 -Scanning for api listing references
2020-04-27 10:55:51.173 INFO  [main]s.d.s.w.readers.operation.CachingOperationNameGenerator.startingWith:40 -Generating unique operation named: getByPageUsingPOST_1
2020-04-27 10:55:51.227 INFO  [main]s.d.s.w.readers.operation.CachingOperationNameGenerator.startingWith:40 -Generating unique operation named: getByIdUsingGET_1
2020-04-27 10:55:51.243 INFO  [main]s.d.s.w.readers.operation.CachingOperationNameGenerator.startingWith:40 -Generating unique operation named: getByPageUsingPOST_2
2020-04-27 10:55:51.256 INFO  [main]s.d.s.w.readers.operation.CachingOperationNameGenerator.startingWith:40 -Generating unique operation named: getByIdUsingGET_2
2020-04-27 10:55:51.286 INFO  [main]s.d.s.w.readers.operation.CachingOperationNameGenerator.startingWith:40 -Generating unique operation named: getByIdUsingGET_3
2020-04-27 10:55:51.308 INFO  [main]s.d.s.w.readers.operation.CachingOperationNameGenerator.startingWith:40 -Generating unique operation named: getByIdUsingGET_4
2020-04-27 10:55:51.325 INFO  [main]s.d.s.w.readers.operation.CachingOperationNameGenerator.startingWith:40 -Generating unique operation named: getByPageUsingPOST_3
2020-04-27 10:55:51.446 INFO  [main]org.apache.coyote.http11.Http11NioProtocol.log:173 -Starting ProtocolHandler ["http-nio-8088"]
2020-04-27 10:55:51.510 INFO  [main]o.s.boot.web.embedded.tomcat.TomcatWebServer.start:204 -Tomcat started on port(s): 8088 (http) with context path ''
2020-04-27 10:55:51.522 INFO  [main]cn.codexing.blog.BlogApplication.logStarted:61 -Started BlogApplication in 17.295 seconds (JVM running for 18.835)
2020-04-27 10:55:57.621 INFO  [http-nio-8088-exec-9]o.a.catalina.core.ContainerBase.[Tomcat].[localhost].[/].log:173 -Initializing Spring DispatcherServlet 'dispatcherServlet'
2020-04-27 10:55:57.622 INFO  [http-nio-8088-exec-9]org.springframework.web.servlet.DispatcherServlet.initServletBean:525 -Initializing Servlet 'dispatcherServlet'
2020-04-27 10:55:57.652 INFO  [http-nio-8088-exec-9]org.springframework.web.servlet.DispatcherServlet.initServletBean:547 -Completed initialization in 29 ms
2020-04-27 10:55:58.472 INFO  [http-nio-8088-exec-9]io.lettuce.core.EpollProvider.<clinit>:68 -Starting without optional epoll library
2020-04-27 10:55:58.472 INFO  [http-nio-8088-exec-9]io.lettuce.core.KqueueProvider.<clinit>:70 -Starting without optional kqueue library
2020-04-27 10:55:59.122 INFO  [http-nio-8088-exec-9]cn.codexing.blog.common.aspect.RequestLogAspect.printRequestLog:121 -请求地址：/user/info
2020-04-27 10:55:59.122 INFO  [http-nio-8088-exec-9]cn.codexing.blog.common.aspect.RequestLogAspect.printRequestLog:122 -请求方式：GET
2020-04-27 10:55:59.124 INFO  [http-nio-8088-exec-9]cn.codexing.blog.common.aspect.RequestLogAspect.printRequestLog:125 -请求IP：127.0.0.1
2020-04-27 10:55:59.132 INFO  [http-nio-8088-exec-9]cn.codexing.blog.common.aspect.RequestLogAspect.printRequestLog:127 -方法：cn.codexing.blog.controller.UserController.userInfo
2020-04-27 10:55:59.133 INFO  [http-nio-8088-exec-9]cn.codexing.blog.common.aspect.RequestLogAspect.printRequestLog:130 -浏览器：Mozilla/5.0 (Windows NT 10.0; Win64; x64) AppleWebKit/537.36 (KHTML, like Gecko) Chrome/81.0.4044.122 Safari/537.36
2020-04-27 10:55:59.254 INFO  [http-nio-8088-exec-9]com.alibaba.druid.pool.DruidDataSource.init:1003 -{dataSource-1} inited
2020-04-27 10:56:00.262 INFO  [http-nio-8088-exec-7]cn.codexing.blog.common.aspect.RequestLogAspect.printRequestLog:121 -请求地址：/user/info
2020-04-27 10:56:00.263 INFO  [http-nio-8088-exec-7]cn.codexing.blog.common.aspect.RequestLogAspect.printRequestLog:122 -请求方式：GET
2020-04-27 10:56:00.264 INFO  [http-nio-8088-exec-7]cn.codexing.blog.common.aspect.RequestLogAspect.printRequestLog:125 -请求IP：127.0.0.1
2020-04-27 10:56:00.265 INFO  [http-nio-8088-exec-7]cn.codexing.blog.common.aspect.RequestLogAspect.printRequestLog:127 -方法：cn.codexing.blog.controller.UserController.userInfo
2020-04-27 10:56:00.265 INFO  [http-nio-8088-exec-7]cn.codexing.blog.common.aspect.RequestLogAspect.printRequestLog:130 -浏览器：Mozilla/5.0 (Windows NT 10.0; Win64; x64) AppleWebKit/537.36 (KHTML, like Gecko) Chrome/81.0.4044.122 Safari/537.36
2020-04-27 10:56:07.324 INFO  [http-nio-8088-exec-10]cn.codexing.blog.common.handler.LoginSuccessHandler.onAuthenticationSuccess:35 -用户为====>admin登录成功
2020-04-27 10:56:07.798 INFO  [http-nio-8088-exec-6]cn.codexing.blog.common.aspect.RequestLogAspect.printRequestLog:121 -请求地址：/user/info
2020-04-27 10:56:07.798 INFO  [http-nio-8088-exec-6]cn.codexing.blog.common.aspect.RequestLogAspect.printRequestLog:122 -请求方式：GET
2020-04-27 10:56:07.798 INFO  [http-nio-8088-exec-6]cn.codexing.blog.common.aspect.RequestLogAspect.printRequestLog:125 -请求IP：127.0.0.1
2020-04-27 10:56:07.798 INFO  [http-nio-8088-exec-6]cn.codexing.blog.common.aspect.RequestLogAspect.printRequestLog:127 -方法：cn.codexing.blog.controller.UserController.userInfo
2020-04-27 10:56:07.798 INFO  [http-nio-8088-exec-6]cn.codexing.blog.common.aspect.RequestLogAspect.printRequestLog:130 -浏览器：Mozilla/5.0 (Windows NT 10.0; Win64; x64) AppleWebKit/537.36 (KHTML, like Gecko) Chrome/81.0.4044.122 Safari/537.36
2020-04-27 10:56:07.798 INFO  [http-nio-8088-exec-6]cn.codexing.blog.common.aspect.RequestLogAspect.doAround:76 -耗时：0
2020-04-27 10:56:07.813 INFO  [http-nio-8088-exec-6]cn.codexing.blog.common.aspect.RequestLogAspect.doAfterReturning:90 -返回值：{"code":20000,"data":{"accountNonExpired":true,"accountNonLocked":true,"authorities":[],"credentialsNonExpired":true,"enabled":true,"id":3,"password":"[HIDE]","username":"admin"},"msg":"操作成功"}
2020-04-27 10:56:08.872 INFO  [http-nio-8088-exec-8]cn.codexing.blog.common.aspect.RequestLogAspect.printRequestLog:121 -请求地址：/tag/list
2020-04-27 10:56:08.872 INFO  [http-nio-8088-exec-8]cn.codexing.blog.common.aspect.RequestLogAspect.printRequestLog:122 -请求方式：POST
2020-04-27 10:56:08.872 INFO  [http-nio-8088-exec-8]cn.codexing.blog.common.aspect.RequestLogAspect.printRequestLog:125 -请求IP：127.0.0.1
2020-04-27 10:56:08.872 INFO  [http-nio-8088-exec-8]cn.codexing.blog.common.aspect.RequestLogAspect.printRequestLog:127 -方法：cn.codexing.blog.controller.TagController.getByPage
2020-04-27 10:56:08.872 INFO  [http-nio-8088-exec-8]cn.codexing.blog.common.aspect.RequestLogAspect.printRequestLog:130 -浏览器：Mozilla/5.0 (Windows NT 10.0; Win64; x64) AppleWebKit/537.36 (KHTML, like Gecko) Chrome/81.0.4044.122 Safari/537.36
2020-04-27 10:56:08.944 INFO  [http-nio-8088-exec-4]cn.codexing.blog.common.aspect.RequestLogAspect.printRequestLog:121 -请求地址：/category/list
2020-04-27 10:56:08.945 INFO  [http-nio-8088-exec-4]cn.codexing.blog.common.aspect.RequestLogAspect.printRequestLog:122 -请求方式：POST
2020-04-27 10:56:08.945 INFO  [http-nio-8088-exec-4]cn.codexing.blog.common.aspect.RequestLogAspect.printRequestLog:125 -请求IP：127.0.0.1
2020-04-27 10:56:08.946 INFO  [http-nio-8088-exec-4]cn.codexing.blog.common.aspect.RequestLogAspect.printRequestLog:127 -方法：cn.codexing.blog.controller.CategoryController.getByPage
2020-04-27 10:56:08.947 INFO  [http-nio-8088-exec-4]cn.codexing.blog.common.aspect.RequestLogAspect.printRequestLog:130 -浏览器：Mozilla/5.0 (Windows NT 10.0; Win64; x64) AppleWebKit/537.36 (KHTML, like Gecko) Chrome/81.0.4044.122 Safari/537.36
2020-04-27 10:56:09.150 INFO  [http-nio-8088-exec-8]cn.codexing.blog.common.aspect.RequestLogAspect.doAround:76 -耗时：278
2020-04-27 10:56:09.160 INFO  [http-nio-8088-exec-8]cn.codexing.blog.common.aspect.RequestLogAspect.doAfterReturning:90 -返回值：{"code":20000,"data":{"currPage":1,"list":[{"articleCount":"1","id":1,"isEnable":true,"name":"test"}],"pageSize":20,"params":{},"totalCount":1,"totalPage":1},"msg":"操作成功"}
2020-04-27 10:56:09.251 INFO  [http-nio-8088-exec-4]cn.codexing.blog.common.aspect.RequestLogAspect.doAround:76 -耗时：307
2020-04-27 10:56:09.255 INFO  [http-nio-8088-exec-4]cn.codexing.blog.common.aspect.RequestLogAspect.doAfterReturning:90 -返回值：{"code":20000,"data":{"currPage":1,"list":[{"articleCount":"1","categoryName":"test","id":1,"isEnable":true}],"pageSize":20,"params":{},"totalCount":1,"totalPage":1},"msg":"操作成功"}
2020-04-27 10:56:19.827 INFO  [http-nio-8088-exec-5]cn.codexing.blog.common.aspect.RequestLogAspect.printRequestLog:121 -请求地址：/article/list
2020-04-27 10:56:19.828 INFO  [http-nio-8088-exec-5]cn.codexing.blog.common.aspect.RequestLogAspect.printRequestLog:122 -请求方式：POST
2020-04-27 10:56:19.828 INFO  [http-nio-8088-exec-5]cn.codexing.blog.common.aspect.RequestLogAspect.printRequestLog:125 -请求IP：127.0.0.1
2020-04-27 10:56:19.829 INFO  [http-nio-8088-exec-5]cn.codexing.blog.common.aspect.RequestLogAspect.printRequestLog:127 -方法：cn.codexing.blog.controller.ArticleController.getByPage
2020-04-27 10:56:19.829 INFO  [http-nio-8088-exec-5]cn.codexing.blog.common.aspect.RequestLogAspect.printRequestLog:130 -浏览器：Mozilla/5.0 (Windows NT 10.0; Win64; x64) AppleWebKit/537.36 (KHTML, like Gecko) Chrome/81.0.4044.122 Safari/537.36
2020-04-27 10:56:20.060 INFO  [http-nio-8088-exec-5]cn.codexing.blog.common.aspect.RequestLogAspect.doAround:76 -耗时：233
2020-04-27 10:56:20.077 INFO  [http-nio-8088-exec-5]cn.codexing.blog.common.aspect.RequestLogAspect.doAfterReturning:90 -返回值：{"code":20000,"data":{"currPage":1,"list":[{"author":"1","category":{"categoryName":"test","id":1},"commentCount":0,"content":"1","createTime":"2020-04-26 12:05:28","id":"1","isEnable":true,"isRecommend":true,"isTop":false,"likeCount":0,"summary":"1","tagList":[{"id":1,"name":"test"}],"title":"1","updateTime":"2020-04-26 12:05:28","views":10}],"pageSize":10,"params":{},"totalCount":1,"totalPage":1},"msg":"操作成功"}
2020-04-27 10:56:20.990 INFO  [http-nio-8088-exec-3]cn.codexing.blog.common.aspect.RequestLogAspect.printRequestLog:121 -请求地址：/category/list
2020-04-27 10:56:20.991 INFO  [http-nio-8088-exec-3]cn.codexing.blog.common.aspect.RequestLogAspect.printRequestLog:122 -请求方式：POST
2020-04-27 10:56:20.991 INFO  [http-nio-8088-exec-3]cn.codexing.blog.common.aspect.RequestLogAspect.printRequestLog:125 -请求IP：127.0.0.1
2020-04-27 10:56:20.992 INFO  [http-nio-8088-exec-3]cn.codexing.blog.common.aspect.RequestLogAspect.printRequestLog:127 -方法：cn.codexing.blog.controller.CategoryController.getByPage
2020-04-27 10:56:20.993 INFO  [http-nio-8088-exec-3]cn.codexing.blog.common.aspect.RequestLogAspect.printRequestLog:130 -浏览器：Mozilla/5.0 (Windows NT 10.0; Win64; x64) AppleWebKit/537.36 (KHTML, like Gecko) Chrome/81.0.4044.122 Safari/537.36
2020-04-27 10:56:21.144 INFO  [http-nio-8088-exec-3]cn.codexing.blog.common.aspect.RequestLogAspect.doAround:76 -耗时：154
2020-04-27 10:56:21.145 INFO  [http-nio-8088-exec-3]cn.codexing.blog.common.aspect.RequestLogAspect.doAfterReturning:90 -返回值：{"code":20000,"data":{"currPage":1,"list":[{"articleCount":"1","categoryName":"test","id":1,"isEnable":true}],"pageSize":10,"params":{},"totalCount":1,"totalPage":1},"msg":"操作成功"}
2020-04-27 10:56:22.314 INFO  [http-nio-8088-exec-1]cn.codexing.blog.common.aspect.RequestLogAspect.printRequestLog:121 -请求地址：/article/list
2020-04-27 10:56:22.315 INFO  [http-nio-8088-exec-1]cn.codexing.blog.common.aspect.RequestLogAspect.printRequestLog:122 -请求方式：POST
2020-04-27 10:56:22.315 INFO  [http-nio-8088-exec-1]cn.codexing.blog.common.aspect.RequestLogAspect.printRequestLog:125 -请求IP：127.0.0.1
2020-04-27 10:56:22.315 INFO  [http-nio-8088-exec-1]cn.codexing.blog.common.aspect.RequestLogAspect.printRequestLog:127 -方法：cn.codexing.blog.controller.ArticleController.getByPage
2020-04-27 10:56:22.316 INFO  [http-nio-8088-exec-1]cn.codexing.blog.common.aspect.RequestLogAspect.printRequestLog:130 -浏览器：Mozilla/5.0 (Windows NT 10.0; Win64; x64) AppleWebKit/537.36 (KHTML, like Gecko) Chrome/81.0.4044.122 Safari/537.36
2020-04-27 10:56:22.524 INFO  [http-nio-8088-exec-1]cn.codexing.blog.common.aspect.RequestLogAspect.doAround:76 -耗时：210
2020-04-27 10:56:22.525 INFO  [http-nio-8088-exec-1]cn.codexing.blog.common.aspect.RequestLogAspect.doAfterReturning:90 -返回值：{"code":20000,"data":{"currPage":1,"list":[{"author":"1","category":{"categoryName":"test","id":1},"commentCount":0,"content":"1","createTime":"2020-04-26 12:05:28","id":"1","isEnable":true,"isRecommend":true,"isTop":false,"likeCount":0,"summary":"1","tagList":[{"id":1,"name":"test"}],"title":"1","updateTime":"2020-04-26 12:05:28","views":10}],"pageSize":10,"params":{},"totalCount":1,"totalPage":1},"msg":"操作成功"}
