2020-04-18 00:15:18.740 WARN  [background-preinit]o.s.http.converter.json.Jackson2ObjectMapperBuilder.warn:127 -For Jackson Kotlin classes support please add "com.fasterxml.jackson.module:jackson-module-kotlin" to the classpath
2020-04-18 00:15:20.511 WARN  [main]com.baomidou.mybatisplus.core.injector.AbstractMethod.addMappedStatement:307 -[cn.codexing.blog.mapper.ArticleMapper.deleteById] Has been loaded by XML or SqlProvider or Mybatis's Annotation, so ignoring this injection for [class com.baomidou.mybatisplus.core.injector.methods.DeleteById]
2020-04-18 00:16:26.140 WARN  [background-preinit]o.s.http.converter.json.Jackson2ObjectMapperBuilder.warn:127 -For Jackson Kotlin classes support please add "com.fasterxml.jackson.module:jackson-module-kotlin" to the classpath
2020-04-18 00:16:27.976 WARN  [main]com.baomidou.mybatisplus.core.injector.AbstractMethod.addMappedStatement:307 -[cn.codexing.blog.mapper.ArticleMapper.deleteById] Has been loaded by XML or SqlProvider or Mybatis's Annotation, so ignoring this injection for [class com.baomidou.mybatisplus.core.injector.methods.DeleteById]
2020-04-18 00:24:24.231 WARN  [background-preinit]o.s.http.converter.json.Jackson2ObjectMapperBuilder.warn:127 -For Jackson Kotlin classes support please add "com.fasterxml.jackson.module:jackson-module-kotlin" to the classpath
2020-04-18 00:24:26.250 WARN  [main]com.baomidou.mybatisplus.core.injector.AbstractMethod.addMappedStatement:307 -[cn.codexing.blog.mapper.ArticleMapper.deleteById] Has been loaded by XML or SqlProvider or Mybatis's Annotation, so ignoring this injection for [class com.baomidou.mybatisplus.core.injector.methods.DeleteById]
2020-04-18 00:25:50.491 WARN  [background-preinit]o.s.http.converter.json.Jackson2ObjectMapperBuilder.warn:127 -For Jackson Kotlin classes support please add "com.fasterxml.jackson.module:jackson-module-kotlin" to the classpath
2020-04-18 00:25:52.197 WARN  [main]com.baomidou.mybatisplus.core.injector.AbstractMethod.addMappedStatement:307 -[cn.codexing.blog.mapper.ArticleMapper.deleteById] Has been loaded by XML or SqlProvider or Mybatis's Annotation, so ignoring this injection for [class com.baomidou.mybatisplus.core.injector.methods.DeleteById]
2020-04-18 08:39:51.621 WARN  [background-preinit]o.s.http.converter.json.Jackson2ObjectMapperBuilder.warn:127 -For Jackson Kotlin classes support please add "com.fasterxml.jackson.module:jackson-module-kotlin" to the classpath
2020-04-18 08:39:55.581 WARN  [main]com.baomidou.mybatisplus.core.injector.AbstractMethod.addMappedStatement:307 -[cn.codexing.blog.mapper.ArticleMapper.deleteById] Has been loaded by XML or SqlProvider or Mybatis's Annotation, so ignoring this injection for [class com.baomidou.mybatisplus.core.injector.methods.DeleteById]
2020-04-18 08:42:58.164 WARN  [background-preinit]o.s.http.converter.json.Jackson2ObjectMapperBuilder.warn:127 -For Jackson Kotlin classes support please add "com.fasterxml.jackson.module:jackson-module-kotlin" to the classpath
2020-04-18 08:43:00.100 WARN  [main]com.baomidou.mybatisplus.core.injector.AbstractMethod.addMappedStatement:307 -[cn.codexing.blog.mapper.ArticleMapper.deleteById] Has been loaded by XML or SqlProvider or Mybatis's Annotation, so ignoring this injection for [class com.baomidou.mybatisplus.core.injector.methods.DeleteById]
2020-04-18 08:45:08.954 WARN  [background-preinit]o.s.http.converter.json.Jackson2ObjectMapperBuilder.warn:127 -For Jackson Kotlin classes support please add "com.fasterxml.jackson.module:jackson-module-kotlin" to the classpath
2020-04-18 08:45:10.893 WARN  [main]com.baomidou.mybatisplus.core.injector.AbstractMethod.addMappedStatement:307 -[cn.codexing.blog.mapper.ArticleMapper.deleteById] Has been loaded by XML or SqlProvider or Mybatis's Annotation, so ignoring this injection for [class com.baomidou.mybatisplus.core.injector.methods.DeleteById]
2020-04-18 08:46:23.644 WARN  [background-preinit]o.s.http.converter.json.Jackson2ObjectMapperBuilder.warn:127 -For Jackson Kotlin classes support please add "com.fasterxml.jackson.module:jackson-module-kotlin" to the classpath
2020-04-18 08:46:26.193 WARN  [main]com.baomidou.mybatisplus.core.injector.AbstractMethod.addMappedStatement:307 -[cn.codexing.blog.mapper.ArticleMapper.deleteById] Has been loaded by XML or SqlProvider or Mybatis's Annotation, so ignoring this injection for [class com.baomidou.mybatisplus.core.injector.methods.DeleteById]
2020-04-18 08:47:09.891 WARN  [background-preinit]o.s.http.converter.json.Jackson2ObjectMapperBuilder.warn:127 -For Jackson Kotlin classes support please add "com.fasterxml.jackson.module:jackson-module-kotlin" to the classpath
2020-04-18 08:47:11.438 WARN  [main]com.baomidou.mybatisplus.core.injector.AbstractMethod.addMappedStatement:307 -[cn.codexing.blog.mapper.ArticleMapper.deleteById] Has been loaded by XML or SqlProvider or Mybatis's Annotation, so ignoring this injection for [class com.baomidou.mybatisplus.core.injector.methods.DeleteById]
2020-04-18 08:54:04.035 WARN  [background-preinit]o.s.http.converter.json.Jackson2ObjectMapperBuilder.warn:127 -For Jackson Kotlin classes support please add "com.fasterxml.jackson.module:jackson-module-kotlin" to the classpath
2020-04-18 08:54:05.965 WARN  [main]com.baomidou.mybatisplus.core.injector.AbstractMethod.addMappedStatement:307 -[cn.codexing.blog.mapper.ArticleMapper.deleteById] Has been loaded by XML or SqlProvider or Mybatis's Annotation, so ignoring this injection for [class com.baomidou.mybatisplus.core.injector.methods.DeleteById]
2020-04-18 08:57:14.317 WARN  [background-preinit]o.s.http.converter.json.Jackson2ObjectMapperBuilder.warn:127 -For Jackson Kotlin classes support please add "com.fasterxml.jackson.module:jackson-module-kotlin" to the classpath
2020-04-18 08:57:16.085 WARN  [main]com.baomidou.mybatisplus.core.injector.AbstractMethod.addMappedStatement:307 -[cn.codexing.blog.mapper.ArticleMapper.deleteById] Has been loaded by XML or SqlProvider or Mybatis's Annotation, so ignoring this injection for [class com.baomidou.mybatisplus.core.injector.methods.DeleteById]
2020-04-18 08:57:26.409 WARN  [http-nio-8088-exec-1]org.apache.shiro.authc.AbstractAuthenticator.authenticate:216 -Authentication failed for token submission [cn.codexing.blog.common.token.UsernamePasswordToken - xing, rememberMe=false].  Possible unexpected error? (Typical or expected login exceptions should extend from AuthenticationException).
cn.codexing.blog.common.exception.BlogException: 用户不存在！
	at cn.codexing.blog.realm.UserRealm.doGetAuthenticationInfo(UserRealm.java:53)
	at org.apache.shiro.realm.AuthenticatingRealm.getAuthenticationInfo(AuthenticatingRealm.java:571)
	at org.apache.shiro.authc.pam.ModularRealmAuthenticator.doSingleRealmAuthentication(ModularRealmAuthenticator.java:180)
	at org.apache.shiro.authc.pam.ModularRealmAuthenticator.doAuthenticate(ModularRealmAuthenticator.java:267)
	at org.apache.shiro.authc.AbstractAuthenticator.authenticate(AbstractAuthenticator.java:198)
	at org.apache.shiro.mgt.AuthenticatingSecurityManager.authenticate(AuthenticatingSecurityManager.java:106)
	at org.apache.shiro.mgt.DefaultSecurityManager.login(DefaultSecurityManager.java:275)
	at org.apache.shiro.subject.support.DelegatingSubject.login(DelegatingSubject.java:260)
	at cn.codexing.blog.controller.SystemController.sysLogin(SystemController.java:42)
	at sun.reflect.NativeMethodAccessorImpl.invoke0(Native Method)
	at sun.reflect.NativeMethodAccessorImpl.invoke(NativeMethodAccessorImpl.java:62)
	at sun.reflect.DelegatingMethodAccessorImpl.invoke(DelegatingMethodAccessorImpl.java:43)
	at java.lang.reflect.Method.invoke(Method.java:498)
	at org.springframework.web.method.support.InvocableHandlerMethod.doInvoke(InvocableHandlerMethod.java:190)
	at org.springframework.web.method.support.InvocableHandlerMethod.invokeForRequest(InvocableHandlerMethod.java:138)
	at org.springframework.web.servlet.mvc.method.annotation.ServletInvocableHandlerMethod.invokeAndHandle(ServletInvocableHandlerMethod.java:106)
	at org.springframework.web.servlet.mvc.method.annotation.RequestMappingHandlerAdapter.invokeHandlerMethod(RequestMappingHandlerAdapter.java:879)
	at org.springframework.web.servlet.mvc.method.annotation.RequestMappingHandlerAdapter.handleInternal(RequestMappingHandlerAdapter.java:793)
	at org.springframework.web.servlet.mvc.method.AbstractHandlerMethodAdapter.handle(AbstractHandlerMethodAdapter.java:87)
	at org.springframework.web.servlet.DispatcherServlet.doDispatch(DispatcherServlet.java:1040)
	at org.springframework.web.servlet.DispatcherServlet.doService(DispatcherServlet.java:943)
	at org.springframework.web.servlet.FrameworkServlet.processRequest(FrameworkServlet.java:1006)
	at org.springframework.web.servlet.FrameworkServlet.doPost(FrameworkServlet.java:909)
	at javax.servlet.http.HttpServlet.service(HttpServlet.java:660)
	at org.springframework.web.servlet.FrameworkServlet.service(FrameworkServlet.java:883)
	at javax.servlet.http.HttpServlet.service(HttpServlet.java:741)
	at org.apache.catalina.core.ApplicationFilterChain.internalDoFilter(ApplicationFilterChain.java:231)
	at org.apache.catalina.core.ApplicationFilterChain.doFilter(ApplicationFilterChain.java:166)
	at org.apache.tomcat.websocket.server.WsFilter.doFilter(WsFilter.java:53)
	at org.apache.catalina.core.ApplicationFilterChain.internalDoFilter(ApplicationFilterChain.java:193)
	at org.apache.catalina.core.ApplicationFilterChain.doFilter(ApplicationFilterChain.java:166)
	at org.apache.shiro.web.servlet.ProxiedFilterChain.doFilter(ProxiedFilterChain.java:61)
	at org.apache.shiro.web.servlet.AdviceFilter.executeChain(AdviceFilter.java:108)
	at org.apache.shiro.web.servlet.AdviceFilter.doFilterInternal(AdviceFilter.java:137)
	at org.apache.shiro.web.servlet.OncePerRequestFilter.doFilter(OncePerRequestFilter.java:125)
	at org.apache.shiro.web.servlet.ProxiedFilterChain.doFilter(ProxiedFilterChain.java:66)
	at org.apache.shiro.web.servlet.AbstractShiroFilter.executeChain(AbstractShiroFilter.java:449)
	at org.apache.shiro.web.servlet.AbstractShiroFilter$1.call(AbstractShiroFilter.java:365)
	at org.apache.shiro.subject.support.SubjectCallable.doCall(SubjectCallable.java:90)
	at org.apache.shiro.subject.support.SubjectCallable.call(SubjectCallable.java:83)
	at org.apache.shiro.subject.support.DelegatingSubject.execute(DelegatingSubject.java:387)
	at org.apache.shiro.web.servlet.AbstractShiroFilter.doFilterInternal(AbstractShiroFilter.java:362)
	at org.apache.shiro.web.servlet.OncePerRequestFilter.doFilter(OncePerRequestFilter.java:125)
	at org.apache.catalina.core.ApplicationFilterChain.internalDoFilter(ApplicationFilterChain.java:193)
	at org.apache.catalina.core.ApplicationFilterChain.doFilter(ApplicationFilterChain.java:166)
	at com.alibaba.druid.support.http.WebStatFilter.doFilter(WebStatFilter.java:124)
	at org.apache.catalina.core.ApplicationFilterChain.internalDoFilter(ApplicationFilterChain.java:193)
	at org.apache.catalina.core.ApplicationFilterChain.doFilter(ApplicationFilterChain.java:166)
	at org.springframework.web.filter.CharacterEncodingFilter.doFilterInternal(CharacterEncodingFilter.java:201)
	at org.springframework.web.filter.OncePerRequestFilter.doFilter(OncePerRequestFilter.java:119)
	at org.apache.catalina.core.ApplicationFilterChain.internalDoFilter(ApplicationFilterChain.java:193)
	at org.apache.catalina.core.ApplicationFilterChain.doFilter(ApplicationFilterChain.java:166)
	at org.apache.catalina.core.StandardWrapperValve.invoke(StandardWrapperValve.java:202)
	at org.apache.catalina.core.StandardContextValve.invoke(StandardContextValve.java:96)
	at org.apache.catalina.authenticator.AuthenticatorBase.invoke(AuthenticatorBase.java:541)
	at org.apache.catalina.core.StandardHostValve.invoke(StandardHostValve.java:139)
	at org.apache.catalina.valves.ErrorReportValve.invoke(ErrorReportValve.java:92)
	at org.apache.catalina.core.StandardEngineValve.invoke(StandardEngineValve.java:74)
	at org.apache.catalina.connector.CoyoteAdapter.service(CoyoteAdapter.java:343)
	at org.apache.coyote.http11.Http11Processor.service(Http11Processor.java:367)
	at org.apache.coyote.AbstractProcessorLight.process(AbstractProcessorLight.java:65)
	at org.apache.coyote.AbstractProtocol$ConnectionHandler.process(AbstractProtocol.java:868)
	at org.apache.tomcat.util.net.NioEndpoint$SocketProcessor.doRun(NioEndpoint.java:1639)
	at org.apache.tomcat.util.net.SocketProcessorBase.run(SocketProcessorBase.java:49)
	at java.util.concurrent.ThreadPoolExecutor.runWorker(ThreadPoolExecutor.java:1149)
	at java.util.concurrent.ThreadPoolExecutor$Worker.run(ThreadPoolExecutor.java:624)
	at org.apache.tomcat.util.threads.TaskThread$WrappingRunnable.run(TaskThread.java:61)
	at java.lang.Thread.run(Thread.java:748)
2020-04-18 08:57:28.627 WARN  [http-nio-8088-exec-3]org.apache.shiro.authc.AbstractAuthenticator.authenticate:216 -Authentication failed for token submission [cn.codexing.blog.common.token.UsernamePasswordToken - xing, rememberMe=false].  Possible unexpected error? (Typical or expected login exceptions should extend from AuthenticationException).
cn.codexing.blog.common.exception.BlogException: 用户不存在！
	at cn.codexing.blog.realm.UserRealm.doGetAuthenticationInfo(UserRealm.java:53)
	at org.apache.shiro.realm.AuthenticatingRealm.getAuthenticationInfo(AuthenticatingRealm.java:571)
	at org.apache.shiro.authc.pam.ModularRealmAuthenticator.doSingleRealmAuthentication(ModularRealmAuthenticator.java:180)
	at org.apache.shiro.authc.pam.ModularRealmAuthenticator.doAuthenticate(ModularRealmAuthenticator.java:267)
	at org.apache.shiro.authc.AbstractAuthenticator.authenticate(AbstractAuthenticator.java:198)
	at org.apache.shiro.mgt.AuthenticatingSecurityManager.authenticate(AuthenticatingSecurityManager.java:106)
	at org.apache.shiro.mgt.DefaultSecurityManager.login(DefaultSecurityManager.java:275)
	at org.apache.shiro.subject.support.DelegatingSubject.login(DelegatingSubject.java:260)
	at cn.codexing.blog.controller.SystemController.sysLogin(SystemController.java:42)
	at sun.reflect.NativeMethodAccessorImpl.invoke0(Native Method)
	at sun.reflect.NativeMethodAccessorImpl.invoke(NativeMethodAccessorImpl.java:62)
	at sun.reflect.DelegatingMethodAccessorImpl.invoke(DelegatingMethodAccessorImpl.java:43)
	at java.lang.reflect.Method.invoke(Method.java:498)
	at org.springframework.web.method.support.InvocableHandlerMethod.doInvoke(InvocableHandlerMethod.java:190)
	at org.springframework.web.method.support.InvocableHandlerMethod.invokeForRequest(InvocableHandlerMethod.java:138)
	at org.springframework.web.servlet.mvc.method.annotation.ServletInvocableHandlerMethod.invokeAndHandle(ServletInvocableHandlerMethod.java:106)
	at org.springframework.web.servlet.mvc.method.annotation.RequestMappingHandlerAdapter.invokeHandlerMethod(RequestMappingHandlerAdapter.java:879)
	at org.springframework.web.servlet.mvc.method.annotation.RequestMappingHandlerAdapter.handleInternal(RequestMappingHandlerAdapter.java:793)
	at org.springframework.web.servlet.mvc.method.AbstractHandlerMethodAdapter.handle(AbstractHandlerMethodAdapter.java:87)
	at org.springframework.web.servlet.DispatcherServlet.doDispatch(DispatcherServlet.java:1040)
	at org.springframework.web.servlet.DispatcherServlet.doService(DispatcherServlet.java:943)
	at org.springframework.web.servlet.FrameworkServlet.processRequest(FrameworkServlet.java:1006)
	at org.springframework.web.servlet.FrameworkServlet.doPost(FrameworkServlet.java:909)
	at javax.servlet.http.HttpServlet.service(HttpServlet.java:660)
	at org.springframework.web.servlet.FrameworkServlet.service(FrameworkServlet.java:883)
	at javax.servlet.http.HttpServlet.service(HttpServlet.java:741)
	at org.apache.catalina.core.ApplicationFilterChain.internalDoFilter(ApplicationFilterChain.java:231)
	at org.apache.catalina.core.ApplicationFilterChain.doFilter(ApplicationFilterChain.java:166)
	at org.apache.tomcat.websocket.server.WsFilter.doFilter(WsFilter.java:53)
	at org.apache.catalina.core.ApplicationFilterChain.internalDoFilter(ApplicationFilterChain.java:193)
	at org.apache.catalina.core.ApplicationFilterChain.doFilter(ApplicationFilterChain.java:166)
	at org.apache.shiro.web.servlet.ProxiedFilterChain.doFilter(ProxiedFilterChain.java:61)
	at org.apache.shiro.web.servlet.AdviceFilter.executeChain(AdviceFilter.java:108)
	at org.apache.shiro.web.servlet.AdviceFilter.doFilterInternal(AdviceFilter.java:137)
	at org.apache.shiro.web.servlet.OncePerRequestFilter.doFilter(OncePerRequestFilter.java:125)
	at org.apache.shiro.web.servlet.ProxiedFilterChain.doFilter(ProxiedFilterChain.java:66)
	at org.apache.shiro.web.servlet.AbstractShiroFilter.executeChain(AbstractShiroFilter.java:449)
	at org.apache.shiro.web.servlet.AbstractShiroFilter$1.call(AbstractShiroFilter.java:365)
	at org.apache.shiro.subject.support.SubjectCallable.doCall(SubjectCallable.java:90)
	at org.apache.shiro.subject.support.SubjectCallable.call(SubjectCallable.java:83)
	at org.apache.shiro.subject.support.DelegatingSubject.execute(DelegatingSubject.java:387)
	at org.apache.shiro.web.servlet.AbstractShiroFilter.doFilterInternal(AbstractShiroFilter.java:362)
	at org.apache.shiro.web.servlet.OncePerRequestFilter.doFilter(OncePerRequestFilter.java:125)
	at org.apache.catalina.core.ApplicationFilterChain.internalDoFilter(ApplicationFilterChain.java:193)
	at org.apache.catalina.core.ApplicationFilterChain.doFilter(ApplicationFilterChain.java:166)
	at com.alibaba.druid.support.http.WebStatFilter.doFilter(WebStatFilter.java:124)
	at org.apache.catalina.core.ApplicationFilterChain.internalDoFilter(ApplicationFilterChain.java:193)
	at org.apache.catalina.core.ApplicationFilterChain.doFilter(ApplicationFilterChain.java:166)
	at org.springframework.web.filter.CharacterEncodingFilter.doFilterInternal(CharacterEncodingFilter.java:201)
	at org.springframework.web.filter.OncePerRequestFilter.doFilter(OncePerRequestFilter.java:119)
	at org.apache.catalina.core.ApplicationFilterChain.internalDoFilter(ApplicationFilterChain.java:193)
	at org.apache.catalina.core.ApplicationFilterChain.doFilter(ApplicationFilterChain.java:166)
	at org.apache.catalina.core.StandardWrapperValve.invoke(StandardWrapperValve.java:202)
	at org.apache.catalina.core.StandardContextValve.invoke(StandardContextValve.java:96)
	at org.apache.catalina.authenticator.AuthenticatorBase.invoke(AuthenticatorBase.java:541)
	at org.apache.catalina.core.StandardHostValve.invoke(StandardHostValve.java:139)
	at org.apache.catalina.valves.ErrorReportValve.invoke(ErrorReportValve.java:92)
	at org.apache.catalina.core.StandardEngineValve.invoke(StandardEngineValve.java:74)
	at org.apache.catalina.connector.CoyoteAdapter.service(CoyoteAdapter.java:343)
	at org.apache.coyote.http11.Http11Processor.service(Http11Processor.java:367)
	at org.apache.coyote.AbstractProcessorLight.process(AbstractProcessorLight.java:65)
	at org.apache.coyote.AbstractProtocol$ConnectionHandler.process(AbstractProtocol.java:868)
	at org.apache.tomcat.util.net.NioEndpoint$SocketProcessor.doRun(NioEndpoint.java:1639)
	at org.apache.tomcat.util.net.SocketProcessorBase.run(SocketProcessorBase.java:49)
	at java.util.concurrent.ThreadPoolExecutor.runWorker(ThreadPoolExecutor.java:1149)
	at java.util.concurrent.ThreadPoolExecutor$Worker.run(ThreadPoolExecutor.java:624)
	at org.apache.tomcat.util.threads.TaskThread$WrappingRunnable.run(TaskThread.java:61)
	at java.lang.Thread.run(Thread.java:748)
2020-04-18 09:01:48.561 WARN  [background-preinit]o.s.http.converter.json.Jackson2ObjectMapperBuilder.warn:127 -For Jackson Kotlin classes support please add "com.fasterxml.jackson.module:jackson-module-kotlin" to the classpath
2020-04-18 09:01:50.443 WARN  [main]com.baomidou.mybatisplus.core.injector.AbstractMethod.addMappedStatement:307 -[cn.codexing.blog.mapper.ArticleMapper.deleteById] Has been loaded by XML or SqlProvider or Mybatis's Annotation, so ignoring this injection for [class com.baomidou.mybatisplus.core.injector.methods.DeleteById]
2020-04-18 09:29:33.074 WARN  [background-preinit]o.s.http.converter.json.Jackson2ObjectMapperBuilder.warn:127 -For Jackson Kotlin classes support please add "com.fasterxml.jackson.module:jackson-module-kotlin" to the classpath
2020-04-18 09:29:35.012 WARN  [main]com.baomidou.mybatisplus.core.injector.AbstractMethod.addMappedStatement:307 -[cn.codexing.blog.mapper.ArticleMapper.deleteById] Has been loaded by XML or SqlProvider or Mybatis's Annotation, so ignoring this injection for [class com.baomidou.mybatisplus.core.injector.methods.DeleteById]
2020-04-18 09:32:26.958 WARN  [background-preinit]o.s.http.converter.json.Jackson2ObjectMapperBuilder.warn:127 -For Jackson Kotlin classes support please add "com.fasterxml.jackson.module:jackson-module-kotlin" to the classpath
2020-04-18 09:32:28.830 WARN  [main]com.baomidou.mybatisplus.core.injector.AbstractMethod.addMappedStatement:307 -[cn.codexing.blog.mapper.ArticleMapper.deleteById] Has been loaded by XML or SqlProvider or Mybatis's Annotation, so ignoring this injection for [class com.baomidou.mybatisplus.core.injector.methods.DeleteById]
2020-04-18 09:33:36.079 WARN  [background-preinit]o.s.http.converter.json.Jackson2ObjectMapperBuilder.warn:127 -For Jackson Kotlin classes support please add "com.fasterxml.jackson.module:jackson-module-kotlin" to the classpath
2020-04-18 09:33:37.902 WARN  [main]com.baomidou.mybatisplus.core.injector.AbstractMethod.addMappedStatement:307 -[cn.codexing.blog.mapper.ArticleMapper.deleteById] Has been loaded by XML or SqlProvider or Mybatis's Annotation, so ignoring this injection for [class com.baomidou.mybatisplus.core.injector.methods.DeleteById]
2020-04-18 09:35:40.511 WARN  [background-preinit]o.s.http.converter.json.Jackson2ObjectMapperBuilder.warn:127 -For Jackson Kotlin classes support please add "com.fasterxml.jackson.module:jackson-module-kotlin" to the classpath
2020-04-18 09:35:42.392 WARN  [main]com.baomidou.mybatisplus.core.injector.AbstractMethod.addMappedStatement:307 -[cn.codexing.blog.mapper.ArticleMapper.deleteById] Has been loaded by XML or SqlProvider or Mybatis's Annotation, so ignoring this injection for [class com.baomidou.mybatisplus.core.injector.methods.DeleteById]
2020-04-18 09:37:39.116 WARN  [background-preinit]o.s.http.converter.json.Jackson2ObjectMapperBuilder.warn:127 -For Jackson Kotlin classes support please add "com.fasterxml.jackson.module:jackson-module-kotlin" to the classpath
2020-04-18 09:37:40.734 WARN  [main]com.baomidou.mybatisplus.core.injector.AbstractMethod.addMappedStatement:307 -[cn.codexing.blog.mapper.ArticleMapper.deleteById] Has been loaded by XML or SqlProvider or Mybatis's Annotation, so ignoring this injection for [class com.baomidou.mybatisplus.core.injector.methods.DeleteById]
2020-04-18 10:00:48.422 WARN  [background-preinit]o.s.http.converter.json.Jackson2ObjectMapperBuilder.warn:127 -For Jackson Kotlin classes support please add "com.fasterxml.jackson.module:jackson-module-kotlin" to the classpath
2020-04-18 10:00:50.266 WARN  [main]com.baomidou.mybatisplus.core.injector.AbstractMethod.addMappedStatement:307 -[cn.codexing.blog.mapper.ArticleMapper.deleteById] Has been loaded by XML or SqlProvider or Mybatis's Annotation, so ignoring this injection for [class com.baomidou.mybatisplus.core.injector.methods.DeleteById]
2020-04-18 10:10:53.559 WARN  [background-preinit]o.s.http.converter.json.Jackson2ObjectMapperBuilder.warn:127 -For Jackson Kotlin classes support please add "com.fasterxml.jackson.module:jackson-module-kotlin" to the classpath
2020-04-18 10:10:55.815 WARN  [main]com.baomidou.mybatisplus.core.injector.AbstractMethod.addMappedStatement:307 -[cn.codexing.blog.mapper.ArticleMapper.deleteById] Has been loaded by XML or SqlProvider or Mybatis's Annotation, so ignoring this injection for [class com.baomidou.mybatisplus.core.injector.methods.DeleteById]
2020-04-18 10:12:52.528 WARN  [background-preinit]o.s.http.converter.json.Jackson2ObjectMapperBuilder.warn:127 -For Jackson Kotlin classes support please add "com.fasterxml.jackson.module:jackson-module-kotlin" to the classpath
2020-04-18 10:12:54.457 WARN  [main]com.baomidou.mybatisplus.core.injector.AbstractMethod.addMappedStatement:307 -[cn.codexing.blog.mapper.ArticleMapper.deleteById] Has been loaded by XML or SqlProvider or Mybatis's Annotation, so ignoring this injection for [class com.baomidou.mybatisplus.core.injector.methods.DeleteById]
2020-04-18 10:14:00.014 WARN  [background-preinit]o.s.http.converter.json.Jackson2ObjectMapperBuilder.warn:127 -For Jackson Kotlin classes support please add "com.fasterxml.jackson.module:jackson-module-kotlin" to the classpath
2020-04-18 10:14:01.813 WARN  [main]com.baomidou.mybatisplus.core.injector.AbstractMethod.addMappedStatement:307 -[cn.codexing.blog.mapper.ArticleMapper.deleteById] Has been loaded by XML or SqlProvider or Mybatis's Annotation, so ignoring this injection for [class com.baomidou.mybatisplus.core.injector.methods.DeleteById]
2020-04-18 10:21:55.111 WARN  [background-preinit]o.s.http.converter.json.Jackson2ObjectMapperBuilder.warn:127 -For Jackson Kotlin classes support please add "com.fasterxml.jackson.module:jackson-module-kotlin" to the classpath
2020-04-18 10:21:56.700 WARN  [main]com.baomidou.mybatisplus.core.injector.AbstractMethod.addMappedStatement:307 -[cn.codexing.blog.mapper.ArticleMapper.deleteById] Has been loaded by XML or SqlProvider or Mybatis's Annotation, so ignoring this injection for [class com.baomidou.mybatisplus.core.injector.methods.DeleteById]
2020-04-18 10:25:00.493 WARN  [background-preinit]o.s.http.converter.json.Jackson2ObjectMapperBuilder.warn:127 -For Jackson Kotlin classes support please add "com.fasterxml.jackson.module:jackson-module-kotlin" to the classpath
2020-04-18 10:25:02.476 WARN  [main]com.baomidou.mybatisplus.core.injector.AbstractMethod.addMappedStatement:307 -[cn.codexing.blog.mapper.ArticleMapper.deleteById] Has been loaded by XML or SqlProvider or Mybatis's Annotation, so ignoring this injection for [class com.baomidou.mybatisplus.core.injector.methods.DeleteById]
2020-04-18 10:27:04.094 WARN  [background-preinit]o.s.http.converter.json.Jackson2ObjectMapperBuilder.warn:127 -For Jackson Kotlin classes support please add "com.fasterxml.jackson.module:jackson-module-kotlin" to the classpath
2020-04-18 10:27:05.776 WARN  [main]com.baomidou.mybatisplus.core.injector.AbstractMethod.addMappedStatement:307 -[cn.codexing.blog.mapper.ArticleMapper.deleteById] Has been loaded by XML or SqlProvider or Mybatis's Annotation, so ignoring this injection for [class com.baomidou.mybatisplus.core.injector.methods.DeleteById]
2020-04-18 10:31:00.085 WARN  [background-preinit]o.s.http.converter.json.Jackson2ObjectMapperBuilder.warn:127 -For Jackson Kotlin classes support please add "com.fasterxml.jackson.module:jackson-module-kotlin" to the classpath
2020-04-18 10:31:01.799 WARN  [main]com.baomidou.mybatisplus.core.injector.AbstractMethod.addMappedStatement:307 -[cn.codexing.blog.mapper.ArticleMapper.deleteById] Has been loaded by XML or SqlProvider or Mybatis's Annotation, so ignoring this injection for [class com.baomidou.mybatisplus.core.injector.methods.DeleteById]
2020-04-18 10:44:51.565 WARN  [background-preinit]o.s.http.converter.json.Jackson2ObjectMapperBuilder.warn:127 -For Jackson Kotlin classes support please add "com.fasterxml.jackson.module:jackson-module-kotlin" to the classpath
2020-04-18 10:44:53.080 WARN  [main]com.baomidou.mybatisplus.core.injector.AbstractMethod.addMappedStatement:307 -[cn.codexing.blog.mapper.ArticleMapper.deleteById] Has been loaded by XML or SqlProvider or Mybatis's Annotation, so ignoring this injection for [class com.baomidou.mybatisplus.core.injector.methods.DeleteById]
2020-04-18 10:52:09.704 WARN  [background-preinit]o.s.http.converter.json.Jackson2ObjectMapperBuilder.warn:127 -For Jackson Kotlin classes support please add "com.fasterxml.jackson.module:jackson-module-kotlin" to the classpath
2020-04-18 10:52:11.548 WARN  [main]com.baomidou.mybatisplus.core.injector.AbstractMethod.addMappedStatement:307 -[cn.codexing.blog.mapper.ArticleMapper.deleteById] Has been loaded by XML or SqlProvider or Mybatis's Annotation, so ignoring this injection for [class com.baomidou.mybatisplus.core.injector.methods.DeleteById]
2020-04-18 10:54:15.961 WARN  [background-preinit]o.s.http.converter.json.Jackson2ObjectMapperBuilder.warn:127 -For Jackson Kotlin classes support please add "com.fasterxml.jackson.module:jackson-module-kotlin" to the classpath
2020-04-18 10:54:17.582 WARN  [main]com.baomidou.mybatisplus.core.injector.AbstractMethod.addMappedStatement:307 -[cn.codexing.blog.mapper.ArticleMapper.deleteById] Has been loaded by XML or SqlProvider or Mybatis's Annotation, so ignoring this injection for [class com.baomidou.mybatisplus.core.injector.methods.DeleteById]
2020-04-18 10:58:24.620 WARN  [background-preinit]o.s.http.converter.json.Jackson2ObjectMapperBuilder.warn:127 -For Jackson Kotlin classes support please add "com.fasterxml.jackson.module:jackson-module-kotlin" to the classpath
2020-04-18 10:58:26.308 WARN  [main]com.baomidou.mybatisplus.core.injector.AbstractMethod.addMappedStatement:307 -[cn.codexing.blog.mapper.ArticleMapper.deleteById] Has been loaded by XML or SqlProvider or Mybatis's Annotation, so ignoring this injection for [class com.baomidou.mybatisplus.core.injector.methods.DeleteById]
2020-04-18 11:07:51.260 WARN  [background-preinit]o.s.http.converter.json.Jackson2ObjectMapperBuilder.warn:127 -For Jackson Kotlin classes support please add "com.fasterxml.jackson.module:jackson-module-kotlin" to the classpath
2020-04-18 11:07:53.099 WARN  [main]com.baomidou.mybatisplus.core.injector.AbstractMethod.addMappedStatement:307 -[cn.codexing.blog.mapper.ArticleMapper.deleteById] Has been loaded by XML or SqlProvider or Mybatis's Annotation, so ignoring this injection for [class com.baomidou.mybatisplus.core.injector.methods.DeleteById]
2020-04-18 11:15:22.051 WARN  [background-preinit]o.s.http.converter.json.Jackson2ObjectMapperBuilder.warn:127 -For Jackson Kotlin classes support please add "com.fasterxml.jackson.module:jackson-module-kotlin" to the classpath
2020-04-18 11:15:24.194 WARN  [main]com.baomidou.mybatisplus.core.injector.AbstractMethod.addMappedStatement:307 -[cn.codexing.blog.mapper.ArticleMapper.deleteById] Has been loaded by XML or SqlProvider or Mybatis's Annotation, so ignoring this injection for [class com.baomidou.mybatisplus.core.injector.methods.DeleteById]
2020-04-18 12:31:12.225 WARN  [background-preinit]o.s.http.converter.json.Jackson2ObjectMapperBuilder.warn:127 -For Jackson Kotlin classes support please add "com.fasterxml.jackson.module:jackson-module-kotlin" to the classpath
2020-04-18 12:31:14.021 WARN  [main]com.baomidou.mybatisplus.core.injector.AbstractMethod.addMappedStatement:307 -[cn.codexing.blog.mapper.ArticleMapper.deleteById] Has been loaded by XML or SqlProvider or Mybatis's Annotation, so ignoring this injection for [class com.baomidou.mybatisplus.core.injector.methods.DeleteById]
2020-04-18 13:26:32.814 WARN  [http-nio-8088-exec-10]o.s.w.s.mvc.support.DefaultHandlerExceptionResolver.logException:199 -Resolved [org.springframework.http.converter.HttpMessageNotReadableException: Required request body is missing: public cn.codexing.blog.common.Result<java.lang.Object> cn.codexing.blog.controller.FriendLinkController.saveLink(cn.codexing.blog.entity.FriendLink)]
2020-04-18 13:26:51.077 WARN  [http-nio-8088-exec-8]o.s.w.s.mvc.support.DefaultHandlerExceptionResolver.logException:199 -Resolved [org.springframework.http.converter.HttpMessageNotReadableException: Required request body is missing: public cn.codexing.blog.common.Result<java.lang.Object> cn.codexing.blog.controller.FriendLinkController.saveLink(cn.codexing.blog.entity.FriendLink)]
2020-04-18 13:27:47.374 WARN  [http-nio-8088-exec-9]o.s.w.s.mvc.support.DefaultHandlerExceptionResolver.logException:199 -Resolved [org.springframework.http.converter.HttpMessageNotReadableException: Required request body is missing: public cn.codexing.blog.common.Result<java.lang.Object> cn.codexing.blog.controller.FriendLinkController.saveLink(cn.codexing.blog.entity.FriendLink)]
2020-04-18 14:58:24.802 WARN  [http-nio-8088-exec-1]o.s.w.s.mvc.support.DefaultHandlerExceptionResolver.logException:199 -Resolved [org.springframework.http.converter.HttpMessageNotReadableException: Required request body is missing: public cn.codexing.blog.common.Result<cn.codexing.blog.common.util.PageUtils<cn.codexing.blog.vo.ArticleVO>> cn.codexing.blog.controller.ArticleController.getByPage(cn.codexing.blog.common.util.PageUtils<cn.codexing.blog.vo.ArticleVO>)]
2020-04-18 15:06:28.467 WARN  [http-nio-8088-exec-2]o.s.w.s.mvc.support.DefaultHandlerExceptionResolver.logException:199 -Resolved [org.springframework.http.converter.HttpMessageNotReadableException: Required request body is missing: public cn.codexing.blog.common.Result<cn.codexing.blog.common.util.PageUtils<cn.codexing.blog.vo.ArticleVO>> cn.codexing.blog.controller.ArticleController.getByPage(cn.codexing.blog.common.util.PageUtils<cn.codexing.blog.vo.ArticleVO>)]
2020-04-18 15:07:49.653 WARN  [http-nio-8088-exec-5]o.s.w.s.mvc.support.DefaultHandlerExceptionResolver.logException:199 -Resolved [org.springframework.http.converter.HttpMessageNotReadableException: Required request body is missing: public cn.codexing.blog.common.Result<cn.codexing.blog.common.util.PageUtils<cn.codexing.blog.vo.ArticleVO>> cn.codexing.blog.controller.ArticleController.getByPage(cn.codexing.blog.common.util.PageUtils<cn.codexing.blog.vo.ArticleVO>)]
2020-04-18 15:08:11.793 WARN  [http-nio-8088-exec-6]o.s.w.s.mvc.support.DefaultHandlerExceptionResolver.logException:199 -Resolved [org.springframework.http.converter.HttpMessageNotReadableException: Required request body is missing: public cn.codexing.blog.common.Result<cn.codexing.blog.common.util.PageUtils<cn.codexing.blog.vo.ArticleVO>> cn.codexing.blog.controller.ArticleController.getByPage(cn.codexing.blog.common.util.PageUtils<cn.codexing.blog.vo.ArticleVO>)]
2020-04-18 15:08:16.717 WARN  [http-nio-8088-exec-9]o.s.w.s.mvc.support.DefaultHandlerExceptionResolver.logException:199 -Resolved [org.springframework.http.converter.HttpMessageNotReadableException: Required request body is missing: public cn.codexing.blog.common.Result<cn.codexing.blog.common.util.PageUtils<cn.codexing.blog.vo.ArticleVO>> cn.codexing.blog.controller.ArticleController.getByPage(cn.codexing.blog.common.util.PageUtils<cn.codexing.blog.vo.ArticleVO>)]
2020-04-18 15:41:36.689 WARN  [http-nio-8088-exec-4]o.s.w.s.mvc.support.DefaultHandlerExceptionResolver.logException:199 -Resolved [org.springframework.http.converter.HttpMessageNotReadableException: Invalid JSON input: Cannot construct instance of `cn.codexing.blog.entity.Tag` (although at least one Creator exists): no int/Int-argument constructor/factory method to deserialize from Number value (2); nested exception is com.fasterxml.jackson.databind.exc.MismatchedInputException: Cannot construct instance of `cn.codexing.blog.entity.Tag` (although at least one Creator exists): no int/Int-argument constructor/factory method to deserialize from Number value (2)
 at [Source: (PushbackInputStream); line: 1, column: 13] (through reference chain: cn.codexing.blog.dto.ArticleDTO["tagList"]->java.util.ArrayList[0])]
2020-04-18 17:09:52.860 WARN  [background-preinit]o.s.http.converter.json.Jackson2ObjectMapperBuilder.warn:127 -For Jackson Kotlin classes support please add "com.fasterxml.jackson.module:jackson-module-kotlin" to the classpath
2020-04-18 17:09:54.966 WARN  [main]com.baomidou.mybatisplus.core.injector.AbstractMethod.addMappedStatement:307 -[cn.codexing.blog.mapper.ArticleMapper.deleteById] Has been loaded by XML or SqlProvider or Mybatis's Annotation, so ignoring this injection for [class com.baomidou.mybatisplus.core.injector.methods.DeleteById]
2020-04-18 17:10:37.898 WARN  [http-nio-8088-exec-7]o.s.w.s.mvc.support.DefaultHandlerExceptionResolver.logException:199 -Resolved [org.springframework.http.converter.HttpMessageNotReadableException: Invalid JSON input: Cannot construct instance of `cn.codexing.blog.entity.Tag` (although at least one Creator exists): no int/Int-argument constructor/factory method to deserialize from Number value (2); nested exception is com.fasterxml.jackson.databind.exc.MismatchedInputException: Cannot construct instance of `cn.codexing.blog.entity.Tag` (although at least one Creator exists): no int/Int-argument constructor/factory method to deserialize from Number value (2)
 at [Source: (PushbackInputStream); line: 1, column: 13] (through reference chain: cn.codexing.blog.dto.ArticleDTO["tagList"]->java.util.ArrayList[0])]
2020-04-18 17:13:51.560 WARN  [http-nio-8088-exec-8]o.s.w.s.mvc.support.DefaultHandlerExceptionResolver.logException:199 -Resolved [org.springframework.http.converter.HttpMessageNotReadableException: Invalid JSON input: Cannot construct instance of `cn.codexing.blog.entity.Tag` (although at least one Creator exists): no int/Int-argument constructor/factory method to deserialize from Number value (1); nested exception is com.fasterxml.jackson.databind.exc.MismatchedInputException: Cannot construct instance of `cn.codexing.blog.entity.Tag` (although at least one Creator exists): no int/Int-argument constructor/factory method to deserialize from Number value (1)
 at [Source: (PushbackInputStream); line: 1, column: 13] (through reference chain: cn.codexing.blog.dto.ArticleDTO["tagList"]->java.util.ArrayList[0])]
2020-04-18 17:22:09.517 WARN  [background-preinit]o.s.http.converter.json.Jackson2ObjectMapperBuilder.warn:127 -For Jackson Kotlin classes support please add "com.fasterxml.jackson.module:jackson-module-kotlin" to the classpath
2020-04-18 17:22:11.237 WARN  [main]com.baomidou.mybatisplus.core.injector.AbstractMethod.addMappedStatement:307 -[cn.codexing.blog.mapper.ArticleMapper.deleteById] Has been loaded by XML or SqlProvider or Mybatis's Annotation, so ignoring this injection for [class com.baomidou.mybatisplus.core.injector.methods.DeleteById]
2020-04-18 17:29:55.967 WARN  [background-preinit]o.s.http.converter.json.Jackson2ObjectMapperBuilder.warn:127 -For Jackson Kotlin classes support please add "com.fasterxml.jackson.module:jackson-module-kotlin" to the classpath
2020-04-18 17:29:57.746 WARN  [main]com.baomidou.mybatisplus.core.injector.AbstractMethod.addMappedStatement:307 -[cn.codexing.blog.mapper.ArticleMapper.deleteById] Has been loaded by XML or SqlProvider or Mybatis's Annotation, so ignoring this injection for [class com.baomidou.mybatisplus.core.injector.methods.DeleteById]
2020-04-18 17:53:36.109 WARN  [background-preinit]o.s.http.converter.json.Jackson2ObjectMapperBuilder.warn:127 -For Jackson Kotlin classes support please add "com.fasterxml.jackson.module:jackson-module-kotlin" to the classpath
2020-04-18 17:53:37.779 WARN  [main]com.baomidou.mybatisplus.core.injector.AbstractMethod.addMappedStatement:307 -[cn.codexing.blog.mapper.ArticleMapper.deleteById] Has been loaded by XML or SqlProvider or Mybatis's Annotation, so ignoring this injection for [class com.baomidou.mybatisplus.core.injector.methods.DeleteById]
2020-04-18 17:56:45.302 WARN  [http-nio-8088-exec-10]o.s.w.s.mvc.support.DefaultHandlerExceptionResolver.logException:199 -Resolved [org.springframework.http.converter.HttpMessageNotReadableException: Invalid JSON input: Cannot construct instance of `cn.codexing.blog.entity.Tag` (although at least one Creator exists): no int/Int-argument constructor/factory method to deserialize from Number value (2); nested exception is com.fasterxml.jackson.databind.exc.MismatchedInputException: Cannot construct instance of `cn.codexing.blog.entity.Tag` (although at least one Creator exists): no int/Int-argument constructor/factory method to deserialize from Number value (2)
 at [Source: (PushbackInputStream); line: 1, column: 13] (through reference chain: cn.codexing.blog.dto.ArticleDTO["tagList"]->java.util.ArrayList[0])]
2020-04-18 17:59:01.347 WARN  [http-nio-8088-exec-2]o.s.w.s.mvc.support.DefaultHandlerExceptionResolver.logException:199 -Resolved [org.springframework.http.converter.HttpMessageNotReadableException: Invalid JSON input: Cannot construct instance of `cn.codexing.blog.entity.Tag` (although at least one Creator exists): no int/Int-argument constructor/factory method to deserialize from Number value (1); nested exception is com.fasterxml.jackson.databind.exc.MismatchedInputException: Cannot construct instance of `cn.codexing.blog.entity.Tag` (although at least one Creator exists): no int/Int-argument constructor/factory method to deserialize from Number value (1)
 at [Source: (PushbackInputStream); line: 1, column: 13] (through reference chain: cn.codexing.blog.dto.ArticleDTO["tagList"]->java.util.ArrayList[0])]
2020-04-18 17:59:26.819 WARN  [background-preinit]o.s.http.converter.json.Jackson2ObjectMapperBuilder.warn:127 -For Jackson Kotlin classes support please add "com.fasterxml.jackson.module:jackson-module-kotlin" to the classpath
2020-04-18 17:59:29.140 WARN  [main]com.baomidou.mybatisplus.core.injector.AbstractMethod.addMappedStatement:307 -[cn.codexing.blog.mapper.ArticleMapper.deleteById] Has been loaded by XML or SqlProvider or Mybatis's Annotation, so ignoring this injection for [class com.baomidou.mybatisplus.core.injector.methods.DeleteById]
2020-04-18 18:02:49.797 WARN  [background-preinit]o.s.http.converter.json.Jackson2ObjectMapperBuilder.warn:127 -For Jackson Kotlin classes support please add "com.fasterxml.jackson.module:jackson-module-kotlin" to the classpath
2020-04-18 18:02:51.556 WARN  [main]com.baomidou.mybatisplus.core.injector.AbstractMethod.addMappedStatement:307 -[cn.codexing.blog.mapper.ArticleMapper.deleteById] Has been loaded by XML or SqlProvider or Mybatis's Annotation, so ignoring this injection for [class com.baomidou.mybatisplus.core.injector.methods.DeleteById]
2020-04-18 18:04:32.511 WARN  [background-preinit]o.s.http.converter.json.Jackson2ObjectMapperBuilder.warn:127 -For Jackson Kotlin classes support please add "com.fasterxml.jackson.module:jackson-module-kotlin" to the classpath
2020-04-18 18:04:34.393 WARN  [main]com.baomidou.mybatisplus.core.injector.AbstractMethod.addMappedStatement:307 -[cn.codexing.blog.mapper.ArticleMapper.deleteById] Has been loaded by XML or SqlProvider or Mybatis's Annotation, so ignoring this injection for [class com.baomidou.mybatisplus.core.injector.methods.DeleteById]
2020-04-18 18:09:06.921 WARN  [background-preinit]o.s.http.converter.json.Jackson2ObjectMapperBuilder.warn:127 -For Jackson Kotlin classes support please add "com.fasterxml.jackson.module:jackson-module-kotlin" to the classpath
2020-04-18 18:09:08.586 WARN  [main]com.baomidou.mybatisplus.core.injector.AbstractMethod.addMappedStatement:307 -[cn.codexing.blog.mapper.ArticleMapper.deleteById] Has been loaded by XML or SqlProvider or Mybatis's Annotation, so ignoring this injection for [class com.baomidou.mybatisplus.core.injector.methods.DeleteById]
2020-04-18 18:15:10.222 WARN  [background-preinit]o.s.http.converter.json.Jackson2ObjectMapperBuilder.warn:127 -For Jackson Kotlin classes support please add "com.fasterxml.jackson.module:jackson-module-kotlin" to the classpath
2020-04-18 18:15:11.922 WARN  [main]com.baomidou.mybatisplus.core.injector.AbstractMethod.addMappedStatement:307 -[cn.codexing.blog.mapper.ArticleMapper.deleteById] Has been loaded by XML or SqlProvider or Mybatis's Annotation, so ignoring this injection for [class com.baomidou.mybatisplus.core.injector.methods.DeleteById]
2020-04-18 18:15:22.662 WARN  [background-preinit]o.s.http.converter.json.Jackson2ObjectMapperBuilder.warn:127 -For Jackson Kotlin classes support please add "com.fasterxml.jackson.module:jackson-module-kotlin" to the classpath
2020-04-18 18:15:24.270 WARN  [main]com.baomidou.mybatisplus.core.injector.AbstractMethod.addMappedStatement:307 -[cn.codexing.blog.mapper.ArticleMapper.deleteById] Has been loaded by XML or SqlProvider or Mybatis's Annotation, so ignoring this injection for [class com.baomidou.mybatisplus.core.injector.methods.DeleteById]
2020-04-18 19:04:27.448 WARN  [background-preinit]o.s.http.converter.json.Jackson2ObjectMapperBuilder.warn:127 -For Jackson Kotlin classes support please add "com.fasterxml.jackson.module:jackson-module-kotlin" to the classpath
2020-04-18 19:04:29.407 WARN  [main]com.baomidou.mybatisplus.core.injector.AbstractMethod.addMappedStatement:307 -[cn.codexing.blog.mapper.ArticleMapper.deleteById] Has been loaded by XML or SqlProvider or Mybatis's Annotation, so ignoring this injection for [class com.baomidou.mybatisplus.core.injector.methods.DeleteById]
2020-04-18 19:07:28.501 WARN  [background-preinit]o.s.http.converter.json.Jackson2ObjectMapperBuilder.warn:127 -For Jackson Kotlin classes support please add "com.fasterxml.jackson.module:jackson-module-kotlin" to the classpath
2020-04-18 19:07:30.195 WARN  [main]com.baomidou.mybatisplus.core.injector.AbstractMethod.addMappedStatement:307 -[cn.codexing.blog.mapper.ArticleMapper.deleteById] Has been loaded by XML or SqlProvider or Mybatis's Annotation, so ignoring this injection for [class com.baomidou.mybatisplus.core.injector.methods.DeleteById]
2020-04-18 19:09:39.249 WARN  [background-preinit]o.s.http.converter.json.Jackson2ObjectMapperBuilder.warn:127 -For Jackson Kotlin classes support please add "com.fasterxml.jackson.module:jackson-module-kotlin" to the classpath
2020-04-18 19:09:41.449 WARN  [main]com.baomidou.mybatisplus.core.injector.AbstractMethod.addMappedStatement:307 -[cn.codexing.blog.mapper.ArticleMapper.deleteById] Has been loaded by XML or SqlProvider or Mybatis's Annotation, so ignoring this injection for [class com.baomidou.mybatisplus.core.injector.methods.DeleteById]
2020-04-18 19:10:58.752 WARN  [background-preinit]o.s.http.converter.json.Jackson2ObjectMapperBuilder.warn:127 -For Jackson Kotlin classes support please add "com.fasterxml.jackson.module:jackson-module-kotlin" to the classpath
2020-04-18 19:11:00.319 WARN  [main]com.baomidou.mybatisplus.core.injector.AbstractMethod.addMappedStatement:307 -[cn.codexing.blog.mapper.ArticleMapper.deleteById] Has been loaded by XML or SqlProvider or Mybatis's Annotation, so ignoring this injection for [class com.baomidou.mybatisplus.core.injector.methods.DeleteById]
2020-04-18 19:20:54.589 WARN  [http-nio-8088-exec-3]o.s.w.s.mvc.support.DefaultHandlerExceptionResolver.logException:199 -Resolved [org.springframework.http.converter.HttpMessageNotReadableException: Required request body is missing: public cn.codexing.blog.common.Result<cn.codexing.blog.common.util.PageUtils<cn.codexing.blog.vo.ArticleVO>> cn.codexing.blog.controller.ArticleController.getByPage(cn.codexing.blog.common.util.PageUtils<cn.codexing.blog.vo.ArticleVO>)]
2020-04-18 19:21:19.850 WARN  [http-nio-8088-exec-4]o.s.w.s.mvc.support.DefaultHandlerExceptionResolver.logException:199 -Resolved [org.springframework.http.converter.HttpMessageNotReadableException: Required request body is missing: public cn.codexing.blog.common.Result<cn.codexing.blog.common.util.PageUtils<cn.codexing.blog.vo.ArticleVO>> cn.codexing.blog.controller.ArticleController.getByPage(cn.codexing.blog.common.util.PageUtils<cn.codexing.blog.vo.ArticleVO>)]
2020-04-18 19:29:18.814 WARN  [background-preinit]o.s.http.converter.json.Jackson2ObjectMapperBuilder.warn:127 -For Jackson Kotlin classes support please add "com.fasterxml.jackson.module:jackson-module-kotlin" to the classpath
2020-04-18 19:29:21.362 WARN  [main]com.baomidou.mybatisplus.core.injector.AbstractMethod.addMappedStatement:307 -[cn.codexing.blog.mapper.ArticleMapper.deleteById] Has been loaded by XML or SqlProvider or Mybatis's Annotation, so ignoring this injection for [class com.baomidou.mybatisplus.core.injector.methods.DeleteById]
2020-04-18 19:31:21.392 WARN  [background-preinit]o.s.http.converter.json.Jackson2ObjectMapperBuilder.warn:127 -For Jackson Kotlin classes support please add "com.fasterxml.jackson.module:jackson-module-kotlin" to the classpath
2020-04-18 19:31:23.369 WARN  [main]com.baomidou.mybatisplus.core.injector.AbstractMethod.addMappedStatement:307 -[cn.codexing.blog.mapper.ArticleMapper.deleteById] Has been loaded by XML or SqlProvider or Mybatis's Annotation, so ignoring this injection for [class com.baomidou.mybatisplus.core.injector.methods.DeleteById]
2020-04-18 19:38:48.544 WARN  [background-preinit]o.s.http.converter.json.Jackson2ObjectMapperBuilder.warn:127 -For Jackson Kotlin classes support please add "com.fasterxml.jackson.module:jackson-module-kotlin" to the classpath
2020-04-18 19:38:50.240 WARN  [main]com.baomidou.mybatisplus.core.injector.AbstractMethod.addMappedStatement:307 -[cn.codexing.blog.mapper.ArticleMapper.deleteById] Has been loaded by XML or SqlProvider or Mybatis's Annotation, so ignoring this injection for [class com.baomidou.mybatisplus.core.injector.methods.DeleteById]
2020-04-18 19:38:52.535 WARN  [main]o.s.b.w.s.c.AnnotationConfigServletWebServerApplicationContext.refresh:558 -Exception encountered during context initialization - cancelling refresh attempt: org.springframework.beans.factory.UnsatisfiedDependencyException: Error creating bean with name 'standardJacksonObjectMapperBuilderCustomizer' defined in class path resource [org/springframework/boot/autoconfigure/jackson/JacksonAutoConfiguration$Jackson2ObjectMapperBuilderCustomizerConfiguration.class]: Unsatisfied dependency expressed through method 'standardJacksonObjectMapperBuilderCustomizer' parameter 1; nested exception is org.springframework.boot.context.properties.ConfigurationPropertiesBindException: Error creating bean with name 'spring.jackson-org.springframework.boot.autoconfigure.jackson.JacksonProperties': Could not bind properties to 'JacksonProperties' : prefix=spring.jackson, ignoreInvalidFields=false, ignoreUnknownFields=true; nested exception is org.springframework.boot.context.properties.bind.BindException: Failed to bind properties under 'spring.jackson.serialization' to java.util.Map<com.fasterxml.jackson.databind.SerializationFeature, java.lang.Boolean>
2020-04-18 19:39:30.351 WARN  [background-preinit]o.s.http.converter.json.Jackson2ObjectMapperBuilder.warn:127 -For Jackson Kotlin classes support please add "com.fasterxml.jackson.module:jackson-module-kotlin" to the classpath
2020-04-18 19:39:31.945 WARN  [main]com.baomidou.mybatisplus.core.injector.AbstractMethod.addMappedStatement:307 -[cn.codexing.blog.mapper.ArticleMapper.deleteById] Has been loaded by XML or SqlProvider or Mybatis's Annotation, so ignoring this injection for [class com.baomidou.mybatisplus.core.injector.methods.DeleteById]
2020-04-18 19:42:23.192 WARN  [background-preinit]o.s.http.converter.json.Jackson2ObjectMapperBuilder.warn:127 -For Jackson Kotlin classes support please add "com.fasterxml.jackson.module:jackson-module-kotlin" to the classpath
2020-04-18 19:42:24.974 WARN  [main]com.baomidou.mybatisplus.core.injector.AbstractMethod.addMappedStatement:307 -[cn.codexing.blog.mapper.ArticleMapper.deleteById] Has been loaded by XML or SqlProvider or Mybatis's Annotation, so ignoring this injection for [class com.baomidou.mybatisplus.core.injector.methods.DeleteById]
2020-04-18 19:52:16.457 WARN  [background-preinit]o.s.http.converter.json.Jackson2ObjectMapperBuilder.warn:127 -For Jackson Kotlin classes support please add "com.fasterxml.jackson.module:jackson-module-kotlin" to the classpath
2020-04-18 19:52:18.155 WARN  [main]com.baomidou.mybatisplus.core.injector.AbstractMethod.addMappedStatement:307 -[cn.codexing.blog.mapper.ArticleMapper.deleteById] Has been loaded by XML or SqlProvider or Mybatis's Annotation, so ignoring this injection for [class com.baomidou.mybatisplus.core.injector.methods.DeleteById]
2020-04-18 20:00:29.665 WARN  [background-preinit]o.s.http.converter.json.Jackson2ObjectMapperBuilder.warn:127 -For Jackson Kotlin classes support please add "com.fasterxml.jackson.module:jackson-module-kotlin" to the classpath
2020-04-18 20:00:31.246 WARN  [main]com.baomidou.mybatisplus.core.injector.AbstractMethod.addMappedStatement:307 -[cn.codexing.blog.mapper.ArticleMapper.deleteById] Has been loaded by XML or SqlProvider or Mybatis's Annotation, so ignoring this injection for [class com.baomidou.mybatisplus.core.injector.methods.DeleteById]
2020-04-18 20:03:30.119 WARN  [background-preinit]o.s.http.converter.json.Jackson2ObjectMapperBuilder.warn:127 -For Jackson Kotlin classes support please add "com.fasterxml.jackson.module:jackson-module-kotlin" to the classpath
2020-04-18 20:03:31.978 WARN  [main]com.baomidou.mybatisplus.core.injector.AbstractMethod.addMappedStatement:307 -[cn.codexing.blog.mapper.ArticleMapper.deleteById] Has been loaded by XML or SqlProvider or Mybatis's Annotation, so ignoring this injection for [class com.baomidou.mybatisplus.core.injector.methods.DeleteById]
2020-04-18 20:06:13.753 WARN  [background-preinit]o.s.http.converter.json.Jackson2ObjectMapperBuilder.warn:127 -For Jackson Kotlin classes support please add "com.fasterxml.jackson.module:jackson-module-kotlin" to the classpath
2020-04-18 20:06:16.006 WARN  [main]com.baomidou.mybatisplus.core.injector.AbstractMethod.addMappedStatement:307 -[cn.codexing.blog.mapper.ArticleMapper.deleteById] Has been loaded by XML or SqlProvider or Mybatis's Annotation, so ignoring this injection for [class com.baomidou.mybatisplus.core.injector.methods.DeleteById]
2020-04-18 20:09:35.172 WARN  [background-preinit]o.s.http.converter.json.Jackson2ObjectMapperBuilder.warn:127 -For Jackson Kotlin classes support please add "com.fasterxml.jackson.module:jackson-module-kotlin" to the classpath
2020-04-18 20:09:37.083 WARN  [main]com.baomidou.mybatisplus.core.injector.AbstractMethod.addMappedStatement:307 -[cn.codexing.blog.mapper.ArticleMapper.deleteById] Has been loaded by XML or SqlProvider or Mybatis's Annotation, so ignoring this injection for [class com.baomidou.mybatisplus.core.injector.methods.DeleteById]
2020-04-18 20:14:01.921 WARN  [background-preinit]o.s.http.converter.json.Jackson2ObjectMapperBuilder.warn:127 -For Jackson Kotlin classes support please add "com.fasterxml.jackson.module:jackson-module-kotlin" to the classpath
2020-04-18 20:14:04.048 WARN  [main]com.baomidou.mybatisplus.core.injector.AbstractMethod.addMappedStatement:307 -[cn.codexing.blog.mapper.ArticleMapper.deleteById] Has been loaded by XML or SqlProvider or Mybatis's Annotation, so ignoring this injection for [class com.baomidou.mybatisplus.core.injector.methods.DeleteById]
2020-04-18 20:14:36.854 WARN  [background-preinit]o.s.http.converter.json.Jackson2ObjectMapperBuilder.warn:127 -For Jackson Kotlin classes support please add "com.fasterxml.jackson.module:jackson-module-kotlin" to the classpath
2020-04-18 20:14:38.921 WARN  [main]com.baomidou.mybatisplus.core.injector.AbstractMethod.addMappedStatement:307 -[cn.codexing.blog.mapper.ArticleMapper.deleteById] Has been loaded by XML or SqlProvider or Mybatis's Annotation, so ignoring this injection for [class com.baomidou.mybatisplus.core.injector.methods.DeleteById]
2020-04-18 20:18:37.569 WARN  [background-preinit]o.s.http.converter.json.Jackson2ObjectMapperBuilder.warn:127 -For Jackson Kotlin classes support please add "com.fasterxml.jackson.module:jackson-module-kotlin" to the classpath
2020-04-18 20:18:39.258 WARN  [main]com.baomidou.mybatisplus.core.injector.AbstractMethod.addMappedStatement:307 -[cn.codexing.blog.mapper.ArticleMapper.deleteById] Has been loaded by XML or SqlProvider or Mybatis's Annotation, so ignoring this injection for [class com.baomidou.mybatisplus.core.injector.methods.DeleteById]
2020-04-18 20:22:42.307 WARN  [background-preinit]o.s.http.converter.json.Jackson2ObjectMapperBuilder.warn:127 -For Jackson Kotlin classes support please add "com.fasterxml.jackson.module:jackson-module-kotlin" to the classpath
2020-04-18 20:22:44.089 WARN  [main]com.baomidou.mybatisplus.core.injector.AbstractMethod.addMappedStatement:307 -[cn.codexing.blog.mapper.ArticleMapper.deleteById] Has been loaded by XML or SqlProvider or Mybatis's Annotation, so ignoring this injection for [class com.baomidou.mybatisplus.core.injector.methods.DeleteById]
2020-04-18 20:26:25.509 WARN  [background-preinit]o.s.http.converter.json.Jackson2ObjectMapperBuilder.warn:127 -For Jackson Kotlin classes support please add "com.fasterxml.jackson.module:jackson-module-kotlin" to the classpath
2020-04-18 20:26:27.340 WARN  [main]com.baomidou.mybatisplus.core.injector.AbstractMethod.addMappedStatement:307 -[cn.codexing.blog.mapper.ArticleMapper.deleteById] Has been loaded by XML or SqlProvider or Mybatis's Annotation, so ignoring this injection for [class com.baomidou.mybatisplus.core.injector.methods.DeleteById]
2020-04-18 20:27:32.334 WARN  [background-preinit]o.s.http.converter.json.Jackson2ObjectMapperBuilder.warn:127 -For Jackson Kotlin classes support please add "com.fasterxml.jackson.module:jackson-module-kotlin" to the classpath
2020-04-18 20:27:34.199 WARN  [main]com.baomidou.mybatisplus.core.injector.AbstractMethod.addMappedStatement:307 -[cn.codexing.blog.mapper.ArticleMapper.deleteById] Has been loaded by XML or SqlProvider or Mybatis's Annotation, so ignoring this injection for [class com.baomidou.mybatisplus.core.injector.methods.DeleteById]
2020-04-18 20:37:06.792 WARN  [http-nio-8088-exec-7]o.s.w.s.mvc.support.DefaultHandlerExceptionResolver.logException:199 -Resolved [org.springframework.http.converter.HttpMessageNotReadableException: Invalid JSON input: Cannot construct instance of `cn.codexing.blog.entity.Tag` (although at least one Creator exists): no int/Int-argument constructor/factory method to deserialize from Number value (1); nested exception is com.fasterxml.jackson.databind.exc.MismatchedInputException: Cannot construct instance of `cn.codexing.blog.entity.Tag` (although at least one Creator exists): no int/Int-argument constructor/factory method to deserialize from Number value (1)
 at [Source: (PushbackInputStream); line: 1, column: 13] (through reference chain: cn.codexing.blog.dto.ArticleDTO["tagList"]->java.util.ArrayList[0])]
2020-04-18 20:38:47.136 WARN  [background-preinit]o.s.http.converter.json.Jackson2ObjectMapperBuilder.warn:127 -For Jackson Kotlin classes support please add "com.fasterxml.jackson.module:jackson-module-kotlin" to the classpath
2020-04-18 20:38:49.000 WARN  [main]com.baomidou.mybatisplus.core.injector.AbstractMethod.addMappedStatement:307 -[cn.codexing.blog.mapper.ArticleMapper.deleteById] Has been loaded by XML or SqlProvider or Mybatis's Annotation, so ignoring this injection for [class com.baomidou.mybatisplus.core.injector.methods.DeleteById]
2020-04-18 20:39:04.041 WARN  [http-nio-8088-exec-1]o.s.w.s.mvc.support.DefaultHandlerExceptionResolver.logException:199 -Resolved [org.springframework.http.converter.HttpMessageNotReadableException: Invalid JSON input: Cannot construct instance of `cn.codexing.blog.entity.Tag` (although at least one Creator exists): no int/Int-argument constructor/factory method to deserialize from Number value (1); nested exception is com.fasterxml.jackson.databind.exc.MismatchedInputException: Cannot construct instance of `cn.codexing.blog.entity.Tag` (although at least one Creator exists): no int/Int-argument constructor/factory method to deserialize from Number value (1)
 at [Source: (PushbackInputStream); line: 1, column: 13] (through reference chain: cn.codexing.blog.dto.ArticleDTO["tagList"]->java.util.ArrayList[0])]
2020-04-18 20:41:50.271 WARN  [http-nio-8088-exec-8]o.s.w.s.mvc.support.DefaultHandlerExceptionResolver.logException:199 -Resolved [org.springframework.http.converter.HttpMessageNotReadableException: Invalid JSON input: Cannot construct instance of `cn.codexing.blog.entity.Category` (although at least one Creator exists): no int/Int-argument constructor/factory method to deserialize from Number value (1); nested exception is com.fasterxml.jackson.databind.exc.MismatchedInputException: Cannot construct instance of `cn.codexing.blog.entity.Category` (although at least one Creator exists): no int/Int-argument constructor/factory method to deserialize from Number value (1)
 at [Source: (PushbackInputStream); line: 1, column: 75] (through reference chain: cn.codexing.blog.dto.ArticleDTO["category"])]
2020-04-18 20:42:08.948 WARN  [http-nio-8088-exec-9]o.s.w.s.mvc.support.DefaultHandlerExceptionResolver.logException:199 -Resolved [org.springframework.http.converter.HttpMessageNotReadableException: Invalid JSON input: Cannot construct instance of `cn.codexing.blog.entity.Category` (although at least one Creator exists): no int/Int-argument constructor/factory method to deserialize from Number value (1); nested exception is com.fasterxml.jackson.databind.exc.MismatchedInputException: Cannot construct instance of `cn.codexing.blog.entity.Category` (although at least one Creator exists): no int/Int-argument constructor/factory method to deserialize from Number value (1)
 at [Source: (PushbackInputStream); line: 1, column: 75] (through reference chain: cn.codexing.blog.dto.ArticleDTO["category"])]
2020-04-18 20:54:26.334 WARN  [http-nio-8088-exec-2]o.s.w.s.mvc.support.DefaultHandlerExceptionResolver.logException:199 -Resolved [org.springframework.http.converter.HttpMessageNotReadableException: Invalid JSON input: Cannot construct instance of `cn.codexing.blog.entity.Category` (although at least one Creator exists): no int/Int-argument constructor/factory method to deserialize from Number value (1); nested exception is com.fasterxml.jackson.databind.exc.MismatchedInputException: Cannot construct instance of `cn.codexing.blog.entity.Category` (although at least one Creator exists): no int/Int-argument constructor/factory method to deserialize from Number value (1)
 at [Source: (PushbackInputStream); line: 1, column: 107] (through reference chain: cn.codexing.blog.dto.ArticleDTO["category"])]
2020-04-18 20:54:31.271 WARN  [http-nio-8088-exec-3]o.s.w.s.mvc.support.DefaultHandlerExceptionResolver.logException:199 -Resolved [org.springframework.http.converter.HttpMessageNotReadableException: Invalid JSON input: Cannot construct instance of `cn.codexing.blog.entity.Category` (although at least one Creator exists): no int/Int-argument constructor/factory method to deserialize from Number value (1); nested exception is com.fasterxml.jackson.databind.exc.MismatchedInputException: Cannot construct instance of `cn.codexing.blog.entity.Category` (although at least one Creator exists): no int/Int-argument constructor/factory method to deserialize from Number value (1)
 at [Source: (PushbackInputStream); line: 1, column: 107] (through reference chain: cn.codexing.blog.dto.ArticleDTO["category"])]
2020-04-18 20:54:33.445 WARN  [http-nio-8088-exec-4]o.s.w.s.mvc.support.DefaultHandlerExceptionResolver.logException:199 -Resolved [org.springframework.http.converter.HttpMessageNotReadableException: Invalid JSON input: Cannot construct instance of `cn.codexing.blog.entity.Category` (although at least one Creator exists): no int/Int-argument constructor/factory method to deserialize from Number value (1); nested exception is com.fasterxml.jackson.databind.exc.MismatchedInputException: Cannot construct instance of `cn.codexing.blog.entity.Category` (although at least one Creator exists): no int/Int-argument constructor/factory method to deserialize from Number value (1)
 at [Source: (PushbackInputStream); line: 1, column: 107] (through reference chain: cn.codexing.blog.dto.ArticleDTO["category"])]
2020-04-18 20:54:34.349 WARN  [http-nio-8088-exec-5]o.s.w.s.mvc.support.DefaultHandlerExceptionResolver.logException:199 -Resolved [org.springframework.http.converter.HttpMessageNotReadableException: Invalid JSON input: Cannot construct instance of `cn.codexing.blog.entity.Category` (although at least one Creator exists): no int/Int-argument constructor/factory method to deserialize from Number value (1); nested exception is com.fasterxml.jackson.databind.exc.MismatchedInputException: Cannot construct instance of `cn.codexing.blog.entity.Category` (although at least one Creator exists): no int/Int-argument constructor/factory method to deserialize from Number value (1)
 at [Source: (PushbackInputStream); line: 1, column: 107] (through reference chain: cn.codexing.blog.dto.ArticleDTO["category"])]
2020-04-18 20:54:35.085 WARN  [http-nio-8088-exec-6]o.s.w.s.mvc.support.DefaultHandlerExceptionResolver.logException:199 -Resolved [org.springframework.http.converter.HttpMessageNotReadableException: Invalid JSON input: Cannot construct instance of `cn.codexing.blog.entity.Category` (although at least one Creator exists): no int/Int-argument constructor/factory method to deserialize from Number value (1); nested exception is com.fasterxml.jackson.databind.exc.MismatchedInputException: Cannot construct instance of `cn.codexing.blog.entity.Category` (although at least one Creator exists): no int/Int-argument constructor/factory method to deserialize from Number value (1)
 at [Source: (PushbackInputStream); line: 1, column: 107] (through reference chain: cn.codexing.blog.dto.ArticleDTO["category"])]
2020-04-18 20:54:35.274 WARN  [http-nio-8088-exec-7]o.s.w.s.mvc.support.DefaultHandlerExceptionResolver.logException:199 -Resolved [org.springframework.http.converter.HttpMessageNotReadableException: Invalid JSON input: Cannot construct instance of `cn.codexing.blog.entity.Category` (although at least one Creator exists): no int/Int-argument constructor/factory method to deserialize from Number value (1); nested exception is com.fasterxml.jackson.databind.exc.MismatchedInputException: Cannot construct instance of `cn.codexing.blog.entity.Category` (although at least one Creator exists): no int/Int-argument constructor/factory method to deserialize from Number value (1)
 at [Source: (PushbackInputStream); line: 1, column: 107] (through reference chain: cn.codexing.blog.dto.ArticleDTO["category"])]
2020-04-18 20:54:35.335 WARN  [http-nio-8088-exec-8]o.s.w.s.mvc.support.DefaultHandlerExceptionResolver.logException:199 -Resolved [org.springframework.http.converter.HttpMessageNotReadableException: Invalid JSON input: Cannot construct instance of `cn.codexing.blog.entity.Category` (although at least one Creator exists): no int/Int-argument constructor/factory method to deserialize from Number value (1); nested exception is com.fasterxml.jackson.databind.exc.MismatchedInputException: Cannot construct instance of `cn.codexing.blog.entity.Category` (although at least one Creator exists): no int/Int-argument constructor/factory method to deserialize from Number value (1)
 at [Source: (PushbackInputStream); line: 1, column: 107] (through reference chain: cn.codexing.blog.dto.ArticleDTO["category"])]
2020-04-18 20:54:35.434 WARN  [http-nio-8088-exec-10]o.s.w.s.mvc.support.DefaultHandlerExceptionResolver.logException:199 -Resolved [org.springframework.http.converter.HttpMessageNotReadableException: Invalid JSON input: Cannot construct instance of `cn.codexing.blog.entity.Category` (although at least one Creator exists): no int/Int-argument constructor/factory method to deserialize from Number value (1); nested exception is com.fasterxml.jackson.databind.exc.MismatchedInputException: Cannot construct instance of `cn.codexing.blog.entity.Category` (although at least one Creator exists): no int/Int-argument constructor/factory method to deserialize from Number value (1)
 at [Source: (PushbackInputStream); line: 1, column: 107] (through reference chain: cn.codexing.blog.dto.ArticleDTO["category"])]
2020-04-18 20:54:35.587 WARN  [http-nio-8088-exec-9]o.s.w.s.mvc.support.DefaultHandlerExceptionResolver.logException:199 -Resolved [org.springframework.http.converter.HttpMessageNotReadableException: Invalid JSON input: Cannot construct instance of `cn.codexing.blog.entity.Category` (although at least one Creator exists): no int/Int-argument constructor/factory method to deserialize from Number value (1); nested exception is com.fasterxml.jackson.databind.exc.MismatchedInputException: Cannot construct instance of `cn.codexing.blog.entity.Category` (although at least one Creator exists): no int/Int-argument constructor/factory method to deserialize from Number value (1)
 at [Source: (PushbackInputStream); line: 1, column: 107] (through reference chain: cn.codexing.blog.dto.ArticleDTO["category"])]
2020-04-18 20:57:58.421 WARN  [http-nio-8088-exec-5]o.s.w.s.mvc.support.DefaultHandlerExceptionResolver.logException:199 -Resolved [org.springframework.http.converter.HttpMessageNotReadableException: Invalid JSON input: Cannot construct instance of `cn.codexing.blog.entity.Tag` (although at least one Creator exists): no int/Int-argument constructor/factory method to deserialize from Number value (1); nested exception is com.fasterxml.jackson.databind.exc.MismatchedInputException: Cannot construct instance of `cn.codexing.blog.entity.Tag` (although at least one Creator exists): no int/Int-argument constructor/factory method to deserialize from Number value (1)
 at [Source: (PushbackInputStream); line: 1, column: 95] (through reference chain: cn.codexing.blog.dto.ArticleDTO["tagList"]->java.util.ArrayList[0])]
2020-04-18 20:58:25.620 WARN  [http-nio-8088-exec-6]o.s.w.s.mvc.support.DefaultHandlerExceptionResolver.logException:199 -Resolved [org.springframework.http.converter.HttpMessageNotReadableException: Invalid JSON input: Cannot construct instance of `cn.codexing.blog.entity.Tag` (although at least one Creator exists): no int/Int-argument constructor/factory method to deserialize from Number value (1); nested exception is com.fasterxml.jackson.databind.exc.MismatchedInputException: Cannot construct instance of `cn.codexing.blog.entity.Tag` (although at least one Creator exists): no int/Int-argument constructor/factory method to deserialize from Number value (1)
 at [Source: (PushbackInputStream); line: 1, column: 95] (through reference chain: cn.codexing.blog.dto.ArticleDTO["tagList"]->java.util.ArrayList[0])]
2020-04-18 21:17:12.507 WARN  [background-preinit]o.s.http.converter.json.Jackson2ObjectMapperBuilder.warn:127 -For Jackson Kotlin classes support please add "com.fasterxml.jackson.module:jackson-module-kotlin" to the classpath
2020-04-18 21:17:15.198 WARN  [main]com.baomidou.mybatisplus.core.injector.AbstractMethod.addMappedStatement:307 -[cn.codexing.blog.mapper.ArticleMapper.deleteById] Has been loaded by XML or SqlProvider or Mybatis's Annotation, so ignoring this injection for [class com.baomidou.mybatisplus.core.injector.methods.DeleteById]
2020-04-18 21:41:13.567 WARN  [background-preinit]o.s.http.converter.json.Jackson2ObjectMapperBuilder.warn:127 -For Jackson Kotlin classes support please add "com.fasterxml.jackson.module:jackson-module-kotlin" to the classpath
2020-04-18 21:41:16.084 WARN  [main]com.baomidou.mybatisplus.core.injector.AbstractMethod.addMappedStatement:307 -[cn.codexing.blog.mapper.ArticleMapper.deleteById] Has been loaded by XML or SqlProvider or Mybatis's Annotation, so ignoring this injection for [class com.baomidou.mybatisplus.core.injector.methods.DeleteById]
2020-04-18 21:45:16.327 WARN  [background-preinit]o.s.http.converter.json.Jackson2ObjectMapperBuilder.warn:127 -For Jackson Kotlin classes support please add "com.fasterxml.jackson.module:jackson-module-kotlin" to the classpath
2020-04-18 21:45:18.204 WARN  [main]com.baomidou.mybatisplus.core.injector.AbstractMethod.addMappedStatement:307 -[cn.codexing.blog.mapper.ArticleMapper.deleteById] Has been loaded by XML or SqlProvider or Mybatis's Annotation, so ignoring this injection for [class com.baomidou.mybatisplus.core.injector.methods.DeleteById]
2020-04-18 21:52:11.156 WARN  [background-preinit]o.s.http.converter.json.Jackson2ObjectMapperBuilder.warn:127 -For Jackson Kotlin classes support please add "com.fasterxml.jackson.module:jackson-module-kotlin" to the classpath
2020-04-18 21:52:13.091 WARN  [main]com.baomidou.mybatisplus.core.injector.AbstractMethod.addMappedStatement:307 -[cn.codexing.blog.mapper.ArticleMapper.deleteById] Has been loaded by XML or SqlProvider or Mybatis's Annotation, so ignoring this injection for [class com.baomidou.mybatisplus.core.injector.methods.DeleteById]
2020-04-18 21:53:13.763 WARN  [background-preinit]o.s.http.converter.json.Jackson2ObjectMapperBuilder.warn:127 -For Jackson Kotlin classes support please add "com.fasterxml.jackson.module:jackson-module-kotlin" to the classpath
2020-04-18 21:53:15.686 WARN  [main]com.baomidou.mybatisplus.core.injector.AbstractMethod.addMappedStatement:307 -[cn.codexing.blog.mapper.ArticleMapper.deleteById] Has been loaded by XML or SqlProvider or Mybatis's Annotation, so ignoring this injection for [class com.baomidou.mybatisplus.core.injector.methods.DeleteById]
2020-04-18 21:57:06.620 WARN  [background-preinit]o.s.http.converter.json.Jackson2ObjectMapperBuilder.warn:127 -For Jackson Kotlin classes support please add "com.fasterxml.jackson.module:jackson-module-kotlin" to the classpath
2020-04-18 21:57:09.251 WARN  [main]com.baomidou.mybatisplus.core.injector.AbstractMethod.addMappedStatement:307 -[cn.codexing.blog.mapper.ArticleMapper.deleteById] Has been loaded by XML or SqlProvider or Mybatis's Annotation, so ignoring this injection for [class com.baomidou.mybatisplus.core.injector.methods.DeleteById]
2020-04-18 21:58:57.456 WARN  [background-preinit]o.s.http.converter.json.Jackson2ObjectMapperBuilder.warn:127 -For Jackson Kotlin classes support please add "com.fasterxml.jackson.module:jackson-module-kotlin" to the classpath
2020-04-18 21:58:59.360 WARN  [main]com.baomidou.mybatisplus.core.injector.AbstractMethod.addMappedStatement:307 -[cn.codexing.blog.mapper.ArticleMapper.deleteById] Has been loaded by XML or SqlProvider or Mybatis's Annotation, so ignoring this injection for [class com.baomidou.mybatisplus.core.injector.methods.DeleteById]
2020-04-18 22:20:12.792 WARN  [background-preinit]o.s.http.converter.json.Jackson2ObjectMapperBuilder.warn:127 -For Jackson Kotlin classes support please add "com.fasterxml.jackson.module:jackson-module-kotlin" to the classpath
2020-04-18 22:20:14.806 WARN  [main]com.baomidou.mybatisplus.core.injector.AbstractMethod.addMappedStatement:307 -[cn.codexing.blog.mapper.ArticleMapper.deleteById] Has been loaded by XML or SqlProvider or Mybatis's Annotation, so ignoring this injection for [class com.baomidou.mybatisplus.core.injector.methods.DeleteById]
