2020-04-08 10:11:16.115 WARN  [background-preinit]o.s.http.converter.json.Jackson2ObjectMapperBuilder.warn:127 -For Jackson Kotlin classes support please add "com.fasterxml.jackson.module:jackson-module-kotlin" to the classpath
2020-04-08 10:11:18.314 WARN  [main]com.baomidou.mybatisplus.core.metadata.TableInfoHelper.initTableFields:280 -Warn: Could not find @TableId in Class: cn.codexing.blog.entity.ArticleComment.
2020-04-08 10:24:55.388 WARN  [background-preinit]o.s.http.converter.json.Jackson2ObjectMapperBuilder.warn:127 -For Jackson Kotlin classes support please add "com.fasterxml.jackson.module:jackson-module-kotlin" to the classpath
2020-04-08 10:24:57.403 WARN  [main]com.baomidou.mybatisplus.core.metadata.TableInfoHelper.initTableFields:280 -Warn: Could not find @TableId in Class: cn.codexing.blog.entity.ArticleComment.
2020-04-08 10:51:49.210 WARN  [background-preinit]o.s.http.converter.json.Jackson2ObjectMapperBuilder.warn:127 -For Jackson Kotlin classes support please add "com.fasterxml.jackson.module:jackson-module-kotlin" to the classpath
2020-04-08 10:51:51.564 WARN  [main]com.baomidou.mybatisplus.core.metadata.TableInfoHelper.initTableFields:280 -Warn: Could not find @TableId in Class: cn.codexing.blog.entity.ArticleComment.
2020-04-08 11:14:36.802 WARN  [http-nio-8088-exec-6]o.s.w.s.mvc.support.DefaultHandlerExceptionResolver.logException:199 -Resolved [org.springframework.web.HttpRequestMethodNotSupportedException: Request method 'POST' not supported]
2020-04-08 11:16:08.334 WARN  [background-preinit]o.s.http.converter.json.Jackson2ObjectMapperBuilder.warn:127 -For Jackson Kotlin classes support please add "com.fasterxml.jackson.module:jackson-module-kotlin" to the classpath
2020-04-08 11:16:10.715 WARN  [main]com.baomidou.mybatisplus.core.metadata.TableInfoHelper.initTableFields:280 -Warn: Could not find @TableId in Class: cn.codexing.blog.entity.ArticleComment.
2020-04-08 11:18:45.591 WARN  [background-preinit]o.s.http.converter.json.Jackson2ObjectMapperBuilder.warn:127 -For Jackson Kotlin classes support please add "com.fasterxml.jackson.module:jackson-module-kotlin" to the classpath
2020-04-08 11:18:47.698 WARN  [main]com.baomidou.mybatisplus.core.metadata.TableInfoHelper.initTableFields:280 -Warn: Could not find @TableId in Class: cn.codexing.blog.entity.ArticleComment.
2020-04-08 11:19:07.269 WARN  [background-preinit]o.s.http.converter.json.Jackson2ObjectMapperBuilder.warn:127 -For Jackson Kotlin classes support please add "com.fasterxml.jackson.module:jackson-module-kotlin" to the classpath
2020-04-08 11:19:09.271 WARN  [main]com.baomidou.mybatisplus.core.metadata.TableInfoHelper.initTableFields:280 -Warn: Could not find @TableId in Class: cn.codexing.blog.entity.ArticleComment.
2020-04-08 11:24:46.889 WARN  [background-preinit]o.s.http.converter.json.Jackson2ObjectMapperBuilder.warn:127 -For Jackson Kotlin classes support please add "com.fasterxml.jackson.module:jackson-module-kotlin" to the classpath
2020-04-08 11:24:49.217 WARN  [main]com.baomidou.mybatisplus.core.metadata.TableInfoHelper.initTableFields:280 -Warn: Could not find @TableId in Class: cn.codexing.blog.entity.ArticleComment.
2020-04-08 11:59:49.305 WARN  [background-preinit]o.s.http.converter.json.Jackson2ObjectMapperBuilder.warn:127 -For Jackson Kotlin classes support please add "com.fasterxml.jackson.module:jackson-module-kotlin" to the classpath
2020-04-08 11:59:51.421 WARN  [main]com.baomidou.mybatisplus.core.metadata.TableInfoHelper.initTableFields:280 -Warn: Could not find @TableId in Class: cn.codexing.blog.entity.ArticleComment.
2020-04-08 11:59:58.109 WARN  [http-nio-8088-exec-1]o.s.w.s.mvc.support.DefaultHandlerExceptionResolver.logException:199 -Resolved [org.springframework.http.converter.HttpMessageNotReadableException: Required request body is missing: public cn.codexing.blog.common.Result<cn.codexing.blog.common.util.PageUtils<cn.codexing.blog.entity.Article>> cn.codexing.blog.controller.ArticleController.getByPage(cn.codexing.blog.common.util.PageUtils<cn.codexing.blog.entity.Article>)]
2020-04-08 12:00:24.634 WARN  [background-preinit]o.s.http.converter.json.Jackson2ObjectMapperBuilder.warn:127 -For Jackson Kotlin classes support please add "com.fasterxml.jackson.module:jackson-module-kotlin" to the classpath
2020-04-08 12:00:27.545 WARN  [main]com.baomidou.mybatisplus.core.metadata.TableInfoHelper.initTableFields:280 -Warn: Could not find @TableId in Class: cn.codexing.blog.entity.ArticleComment.
2020-04-08 12:01:35.127 WARN  [background-preinit]o.s.http.converter.json.Jackson2ObjectMapperBuilder.warn:127 -For Jackson Kotlin classes support please add "com.fasterxml.jackson.module:jackson-module-kotlin" to the classpath
2020-04-08 12:01:37.407 WARN  [main]com.baomidou.mybatisplus.core.metadata.TableInfoHelper.initTableFields:280 -Warn: Could not find @TableId in Class: cn.codexing.blog.entity.ArticleComment.
2020-04-08 13:09:31.216 WARN  [background-preinit]o.s.http.converter.json.Jackson2ObjectMapperBuilder.warn:127 -For Jackson Kotlin classes support please add "com.fasterxml.jackson.module:jackson-module-kotlin" to the classpath
2020-04-08 13:09:33.568 WARN  [main]com.baomidou.mybatisplus.core.metadata.TableInfoHelper.initTableFields:280 -Warn: Could not find @TableId in Class: cn.codexing.blog.entity.ArticleComment.
2020-04-08 13:09:40.034 WARN  [http-nio-8088-exec-2]o.s.w.s.mvc.support.DefaultHandlerExceptionResolver.logException:199 -Resolved [org.springframework.http.converter.HttpMessageNotReadableException: Required request body is missing: public cn.codexing.blog.common.Result<cn.codexing.blog.common.util.PageUtils<cn.codexing.blog.entity.Article>> cn.codexing.blog.controller.ArticleController.page(cn.codexing.blog.common.util.PageUtils<cn.codexing.blog.entity.Article>)]
2020-04-08 13:47:52.609 WARN  [background-preinit]o.s.http.converter.json.Jackson2ObjectMapperBuilder.warn:127 -For Jackson Kotlin classes support please add "com.fasterxml.jackson.module:jackson-module-kotlin" to the classpath
2020-04-08 13:47:55.078 WARN  [main]com.baomidou.mybatisplus.core.metadata.TableInfoHelper.initTableFields:280 -Warn: Could not find @TableId in Class: cn.codexing.blog.entity.ArticleComment.
2020-04-08 13:48:04.492 WARN  [http-nio-8088-exec-2]o.s.w.s.mvc.support.DefaultHandlerExceptionResolver.logException:199 -Resolved [org.springframework.web.HttpRequestMethodNotSupportedException: Request method 'POST' not supported]
2020-04-08 13:49:33.684 WARN  [background-preinit]o.s.http.converter.json.Jackson2ObjectMapperBuilder.warn:127 -For Jackson Kotlin classes support please add "com.fasterxml.jackson.module:jackson-module-kotlin" to the classpath
2020-04-08 13:49:35.957 WARN  [main]com.baomidou.mybatisplus.core.metadata.TableInfoHelper.initTableFields:280 -Warn: Could not find @TableId in Class: cn.codexing.blog.entity.ArticleComment.
2020-04-08 13:50:02.698 WARN  [background-preinit]o.s.http.converter.json.Jackson2ObjectMapperBuilder.warn:127 -For Jackson Kotlin classes support please add "com.fasterxml.jackson.module:jackson-module-kotlin" to the classpath
2020-04-08 13:50:04.837 WARN  [main]com.baomidou.mybatisplus.core.metadata.TableInfoHelper.initTableFields:280 -Warn: Could not find @TableId in Class: cn.codexing.blog.entity.ArticleComment.
2020-04-08 14:23:41.927 WARN  [background-preinit]o.s.http.converter.json.Jackson2ObjectMapperBuilder.warn:127 -For Jackson Kotlin classes support please add "com.fasterxml.jackson.module:jackson-module-kotlin" to the classpath
2020-04-08 14:23:44.277 WARN  [main]com.baomidou.mybatisplus.core.metadata.TableInfoHelper.initTableFields:280 -Warn: Could not find @TableId in Class: cn.codexing.blog.entity.ArticleComment.
2020-04-08 14:23:49.621 WARN  [http-nio-8088-exec-2]o.s.w.s.mvc.support.DefaultHandlerExceptionResolver.logException:199 -Resolved [org.springframework.http.converter.HttpMessageNotReadableException: Required request body is missing: public cn.codexing.blog.common.Result<cn.codexing.blog.common.util.PageUtils> cn.codexing.blog.controller.ArticleController.listByPage(cn.codexing.blog.common.util.PageUtils)]
2020-04-08 14:24:47.767 WARN  [background-preinit]o.s.http.converter.json.Jackson2ObjectMapperBuilder.warn:127 -For Jackson Kotlin classes support please add "com.fasterxml.jackson.module:jackson-module-kotlin" to the classpath
2020-04-08 14:24:49.981 WARN  [main]com.baomidou.mybatisplus.core.metadata.TableInfoHelper.initTableFields:280 -Warn: Could not find @TableId in Class: cn.codexing.blog.entity.ArticleComment.
2020-04-08 14:25:49.714 WARN  [background-preinit]o.s.http.converter.json.Jackson2ObjectMapperBuilder.warn:127 -For Jackson Kotlin classes support please add "com.fasterxml.jackson.module:jackson-module-kotlin" to the classpath
2020-04-08 14:25:52.098 WARN  [main]com.baomidou.mybatisplus.core.metadata.TableInfoHelper.initTableFields:280 -Warn: Could not find @TableId in Class: cn.codexing.blog.entity.ArticleComment.
2020-04-08 14:26:13.783 WARN  [background-preinit]o.s.http.converter.json.Jackson2ObjectMapperBuilder.warn:127 -For Jackson Kotlin classes support please add "com.fasterxml.jackson.module:jackson-module-kotlin" to the classpath
2020-04-08 14:26:15.929 WARN  [main]com.baomidou.mybatisplus.core.metadata.TableInfoHelper.initTableFields:280 -Warn: Could not find @TableId in Class: cn.codexing.blog.entity.ArticleComment.
2020-04-08 20:38:01.823 WARN  [background-preinit]o.s.http.converter.json.Jackson2ObjectMapperBuilder.warn:127 -For Jackson Kotlin classes support please add "com.fasterxml.jackson.module:jackson-module-kotlin" to the classpath
2020-04-08 20:38:05.661 WARN  [main]com.baomidou.mybatisplus.core.metadata.TableInfoHelper.initTableFields:280 -Warn: Could not find @TableId in Class: cn.codexing.blog.entity.ArticleComment.
2020-04-08 20:38:23.892 WARN  [background-preinit]o.s.http.converter.json.Jackson2ObjectMapperBuilder.warn:127 -For Jackson Kotlin classes support please add "com.fasterxml.jackson.module:jackson-module-kotlin" to the classpath
2020-04-08 20:38:26.142 WARN  [main]com.baomidou.mybatisplus.core.metadata.TableInfoHelper.initTableFields:280 -Warn: Could not find @TableId in Class: cn.codexing.blog.entity.ArticleComment.
2020-04-08 20:40:28.055 WARN  [http-nio-8088-exec-4]o.s.w.s.mvc.support.DefaultHandlerExceptionResolver.logException:199 -Resolved [org.springframework.http.converter.HttpMessageNotReadableException: Invalid JSON input: Cannot construct instance of `java.util.LinkedHashMap` (although at least one Creator exists): no String-argument constructor/factory method to deserialize from String value ('as'); nested exception is com.fasterxml.jackson.databind.exc.MismatchedInputException: Cannot construct instance of `java.util.LinkedHashMap` (although at least one Creator exists): no String-argument constructor/factory method to deserialize from String value ('as')
 at [Source: (PushbackInputStream); line: 2, column: 11] (through reference chain: cn.codexing.blog.common.util.PageUtils["params"])]
