2020-04-07 19:23:33.413 INFO  [main]org.springframework.core.KotlinDetector.<clinit>:57 -Kotlin reflection implementation not found at runtime, related features won't be available.
2020-04-07 19:23:34.171 INFO  [main]cn.codexing.blog.BlogApplication.logStarting:55 -Starting BlogApplication on DESKTOP-0EBHI2S with PID 14300 (E:\2020\myblog2.0\blog-backend\target\classes started by GuoXing in E:\2020\myblog2.0\blog-backend)
2020-04-07 19:23:34.172 DEBUG [main]cn.codexing.blog.BlogApplication.logStarting:56 -Running with Spring Boot v2.2.5.RELEASE, Spring v5.2.4.RELEASE
2020-04-07 19:23:34.173 INFO  [main]cn.codexing.blog.BlogApplication.logStartupProfileInfo:655 -The following profiles are active: dev
2020-04-07 19:23:34.369 WARN  [background-preinit]o.s.http.converter.json.Jackson2ObjectMapperBuilder.warn:127 -For Jackson Kotlin classes support please add "com.fasterxml.jackson.module:jackson-module-kotlin" to the classpath
2020-04-07 19:23:35.926 INFO  [main]o.s.boot.web.embedded.tomcat.TomcatWebServer.initialize:92 -Tomcat initialized with port(s): 8088 (http)
2020-04-07 19:23:35.934 INFO  [main]org.apache.coyote.http11.Http11NioProtocol.log:173 -Initializing ProtocolHandler ["http-nio-8088"]
2020-04-07 19:23:35.935 INFO  [main]org.apache.catalina.core.StandardService.log:173 -Starting service [Tomcat]
2020-04-07 19:23:35.935 INFO  [main]org.apache.catalina.core.StandardEngine.log:173 -Starting Servlet engine: [Apache Tomcat/9.0.31]
2020-04-07 19:23:36.025 INFO  [main]o.a.catalina.core.ContainerBase.[Tomcat].[localhost].[/].log:173 -Initializing Spring embedded WebApplicationContext
2020-04-07 19:23:36.026 INFO  [main]org.springframework.web.context.ContextLoader.prepareWebApplicationContext:284 -Root WebApplicationContext: initialization completed in 1705 ms
2020-04-07 19:23:36.423 WARN  [main]com.baomidou.mybatisplus.core.metadata.TableInfoHelper.initTableFields:280 -Warn: Could not find @TableId in Class: cn.codexing.blog.entity.ArticleComment.
2020-04-07 19:23:37.317 INFO  [main]s.d.s.web.PropertySourcedRequestMappingHandlerMapping.initHandlerMethods:69 -Mapped URL path [/v2/api-docs] onto method [springfox.documentation.swagger2.web.Swagger2Controller#getDocumentation(String, HttpServletRequest)]
2020-04-07 19:23:37.395 INFO  [main]o.s.scheduling.concurrent.ThreadPoolTaskExecutor.initialize:181 -Initializing ExecutorService 'applicationTaskExecutor'
2020-04-07 19:23:37.585 INFO  [main]s.d.spring.web.plugins.DocumentationPluginsBootstrapper.start:160 -Context refreshed
2020-04-07 19:23:37.603 INFO  [main]s.d.spring.web.plugins.DocumentationPluginsBootstrapper.start:163 -Found 1 custom documentation plugin(s)
2020-04-07 19:23:37.628 INFO  [main]s.d.spring.web.scanners.ApiListingReferenceScanner.scan:41 -Scanning for api listing references
2020-04-07 19:23:37.746 INFO  [main]org.apache.coyote.http11.Http11NioProtocol.log:173 -Starting ProtocolHandler ["http-nio-8088"]
2020-04-07 19:23:37.765 INFO  [main]o.s.boot.web.embedded.tomcat.TomcatWebServer.start:204 -Tomcat started on port(s): 8088 (http) with context path ''
2020-04-07 19:23:37.768 INFO  [main]cn.codexing.blog.BlogApplication.logStarted:61 -Started BlogApplication in 4.245 seconds (JVM running for 5.502)
