2020-04-24 08:53:29.693 WARN  [background-preinit]o.s.http.converter.json.Jackson2ObjectMapperBuilder.warn:127 -For Jackson Kotlin classes support please add "com.fasterxml.jackson.module:jackson-module-kotlin" to the classpath
2020-04-24 08:53:34.677 WARN  [main]com.baomidou.mybatisplus.core.injector.AbstractMethod.addMappedStatement:307 -[cn.codexing.blog.mapper.ArticleMapper.deleteById] Has been loaded by XML or SqlProvider or Mybatis's Annotation, so ignoring this injection for [class com.baomidou.mybatisplus.core.injector.methods.DeleteById]
2020-04-24 08:53:34.802 WARN  [main]com.baomidou.mybatisplus.core.injector.AbstractMethod.addMappedStatement:307 -[cn.codexing.blog.mapper.CategoryMapper.deleteById] Has been loaded by XML or SqlProvider or Mybatis's Annotation, so ignoring this injection for [class com.baomidou.mybatisplus.core.injector.methods.DeleteById]
2020-04-24 08:53:35.161 WARN  [main]com.baomidou.mybatisplus.core.injector.AbstractMethod.addMappedStatement:307 -[cn.codexing.blog.mapper.TagMapper.deleteById] Has been loaded by XML or SqlProvider or Mybatis's Annotation, so ignoring this injection for [class com.baomidou.mybatisplus.core.injector.methods.DeleteById]
2020-04-24 09:50:29.994 WARN  [http-nio-8088-exec-4]org.springframework.web.servlet.PageNotFound.noHandlerFound:1251 -No mapping for POST /commeet/save
2020-04-24 09:53:51.907 WARN  [http-nio-8088-exec-6]org.springframework.web.servlet.PageNotFound.noHandlerFound:1251 -No mapping for GET /list/1251776651612700674
2020-04-24 09:55:10.734 WARN  [background-preinit]o.s.http.converter.json.Jackson2ObjectMapperBuilder.warn:127 -For Jackson Kotlin classes support please add "com.fasterxml.jackson.module:jackson-module-kotlin" to the classpath
2020-04-24 09:55:15.124 WARN  [main]com.baomidou.mybatisplus.core.injector.AbstractMethod.addMappedStatement:307 -[cn.codexing.blog.mapper.ArticleMapper.deleteById] Has been loaded by XML or SqlProvider or Mybatis's Annotation, so ignoring this injection for [class com.baomidou.mybatisplus.core.injector.methods.DeleteById]
2020-04-24 09:55:15.192 WARN  [main]com.baomidou.mybatisplus.core.injector.AbstractMethod.addMappedStatement:307 -[cn.codexing.blog.mapper.CategoryMapper.deleteById] Has been loaded by XML or SqlProvider or Mybatis's Annotation, so ignoring this injection for [class com.baomidou.mybatisplus.core.injector.methods.DeleteById]
2020-04-24 09:55:15.424 WARN  [main]com.baomidou.mybatisplus.core.injector.AbstractMethod.addMappedStatement:307 -[cn.codexing.blog.mapper.TagMapper.deleteById] Has been loaded by XML or SqlProvider or Mybatis's Annotation, so ignoring this injection for [class com.baomidou.mybatisplus.core.injector.methods.DeleteById]
2020-04-24 09:59:37.871 WARN  [background-preinit]o.s.http.converter.json.Jackson2ObjectMapperBuilder.warn:127 -For Jackson Kotlin classes support please add "com.fasterxml.jackson.module:jackson-module-kotlin" to the classpath
2020-04-24 09:59:40.950 WARN  [main]com.baomidou.mybatisplus.core.injector.AbstractMethod.addMappedStatement:307 -[cn.codexing.blog.mapper.ArticleMapper.deleteById] Has been loaded by XML or SqlProvider or Mybatis's Annotation, so ignoring this injection for [class com.baomidou.mybatisplus.core.injector.methods.DeleteById]
2020-04-24 09:59:41.037 WARN  [main]com.baomidou.mybatisplus.core.injector.AbstractMethod.addMappedStatement:307 -[cn.codexing.blog.mapper.CategoryMapper.deleteById] Has been loaded by XML or SqlProvider or Mybatis's Annotation, so ignoring this injection for [class com.baomidou.mybatisplus.core.injector.methods.DeleteById]
2020-04-24 09:59:41.223 WARN  [main]com.baomidou.mybatisplus.core.injector.AbstractMethod.addMappedStatement:307 -[cn.codexing.blog.mapper.TagMapper.deleteById] Has been loaded by XML or SqlProvider or Mybatis's Annotation, so ignoring this injection for [class com.baomidou.mybatisplus.core.injector.methods.DeleteById]
2020-04-24 10:38:37.541 WARN  [http-nio-8088-exec-2]o.s.w.s.mvc.support.DefaultHandlerExceptionResolver.logException:199 -Resolved [org.springframework.http.converter.HttpMessageNotReadableException: Invalid JSON input: Cannot deserialize instance of `java.lang.String` out of START_OBJECT token; nested exception is com.fasterxml.jackson.databind.exc.MismatchedInputException: Cannot deserialize instance of `java.lang.String` out of START_OBJECT token
 at [Source: (PushbackInputStream); line: 1, column: 74] (through reference chain: cn.codexing.blog.entity.ArticleComment["user"])]
2020-04-24 10:38:50.585 WARN  [http-nio-8088-exec-10]o.s.w.s.mvc.support.DefaultHandlerExceptionResolver.logException:199 -Resolved [org.springframework.http.converter.HttpMessageNotReadableException: Invalid JSON input: Cannot deserialize instance of `java.lang.String` out of START_OBJECT token; nested exception is com.fasterxml.jackson.databind.exc.MismatchedInputException: Cannot deserialize instance of `java.lang.String` out of START_OBJECT token
 at [Source: (PushbackInputStream); line: 1, column: 68] (through reference chain: cn.codexing.blog.entity.ArticleComment["user"])]
2020-04-24 10:48:25.210 WARN  [background-preinit]o.s.http.converter.json.Jackson2ObjectMapperBuilder.warn:127 -For Jackson Kotlin classes support please add "com.fasterxml.jackson.module:jackson-module-kotlin" to the classpath
2020-04-24 10:48:29.248 WARN  [main]com.baomidou.mybatisplus.core.injector.AbstractMethod.addMappedStatement:307 -[cn.codexing.blog.mapper.ArticleMapper.deleteById] Has been loaded by XML or SqlProvider or Mybatis's Annotation, so ignoring this injection for [class com.baomidou.mybatisplus.core.injector.methods.DeleteById]
2020-04-24 10:48:29.311 WARN  [main]com.baomidou.mybatisplus.core.injector.AbstractMethod.addMappedStatement:307 -[cn.codexing.blog.mapper.CategoryMapper.deleteById] Has been loaded by XML or SqlProvider or Mybatis's Annotation, so ignoring this injection for [class com.baomidou.mybatisplus.core.injector.methods.DeleteById]
2020-04-24 10:48:29.557 WARN  [main]com.baomidou.mybatisplus.core.injector.AbstractMethod.addMappedStatement:307 -[cn.codexing.blog.mapper.TagMapper.deleteById] Has been loaded by XML or SqlProvider or Mybatis's Annotation, so ignoring this injection for [class com.baomidou.mybatisplus.core.injector.methods.DeleteById]
2020-04-24 10:48:41.187 WARN  [background-preinit]o.s.http.converter.json.Jackson2ObjectMapperBuilder.warn:127 -For Jackson Kotlin classes support please add "com.fasterxml.jackson.module:jackson-module-kotlin" to the classpath
2020-04-24 10:48:43.774 WARN  [main]com.baomidou.mybatisplus.core.injector.AbstractMethod.addMappedStatement:307 -[cn.codexing.blog.mapper.ArticleMapper.deleteById] Has been loaded by XML or SqlProvider or Mybatis's Annotation, so ignoring this injection for [class com.baomidou.mybatisplus.core.injector.methods.DeleteById]
2020-04-24 10:48:43.829 WARN  [main]com.baomidou.mybatisplus.core.injector.AbstractMethod.addMappedStatement:307 -[cn.codexing.blog.mapper.CategoryMapper.deleteById] Has been loaded by XML or SqlProvider or Mybatis's Annotation, so ignoring this injection for [class com.baomidou.mybatisplus.core.injector.methods.DeleteById]
2020-04-24 10:48:44.013 WARN  [main]com.baomidou.mybatisplus.core.injector.AbstractMethod.addMappedStatement:307 -[cn.codexing.blog.mapper.TagMapper.deleteById] Has been loaded by XML or SqlProvider or Mybatis's Annotation, so ignoring this injection for [class com.baomidou.mybatisplus.core.injector.methods.DeleteById]
2020-04-24 12:01:01.118 WARN  [http-nio-8088-exec-2]org.springframework.web.servlet.PageNotFound.noHandlerFound:1251 -No mapping for OPTIONS /login
2020-04-24 12:02:54.344 WARN  [http-nio-8088-exec-3]org.springframework.web.servlet.PageNotFound.noHandlerFound:1251 -No mapping for POST /sys/user/logout
2020-04-24 12:03:03.474 WARN  [http-nio-8088-exec-7]org.springframework.web.servlet.PageNotFound.noHandlerFound:1251 -No mapping for GET /login
2020-04-24 12:13:05.529 WARN  [background-preinit]o.s.http.converter.json.Jackson2ObjectMapperBuilder.warn:127 -For Jackson Kotlin classes support please add "com.fasterxml.jackson.module:jackson-module-kotlin" to the classpath
2020-04-24 12:13:09.041 WARN  [main]com.baomidou.mybatisplus.core.injector.AbstractMethod.addMappedStatement:307 -[cn.codexing.blog.mapper.ArticleMapper.deleteById] Has been loaded by XML or SqlProvider or Mybatis's Annotation, so ignoring this injection for [class com.baomidou.mybatisplus.core.injector.methods.DeleteById]
2020-04-24 12:13:09.092 WARN  [main]com.baomidou.mybatisplus.core.injector.AbstractMethod.addMappedStatement:307 -[cn.codexing.blog.mapper.CategoryMapper.deleteById] Has been loaded by XML or SqlProvider or Mybatis's Annotation, so ignoring this injection for [class com.baomidou.mybatisplus.core.injector.methods.DeleteById]
2020-04-24 12:13:09.322 WARN  [main]com.baomidou.mybatisplus.core.injector.AbstractMethod.addMappedStatement:307 -[cn.codexing.blog.mapper.TagMapper.deleteById] Has been loaded by XML or SqlProvider or Mybatis's Annotation, so ignoring this injection for [class com.baomidou.mybatisplus.core.injector.methods.DeleteById]
2020-04-24 12:15:18.092 WARN  [background-preinit]o.s.http.converter.json.Jackson2ObjectMapperBuilder.warn:127 -For Jackson Kotlin classes support please add "com.fasterxml.jackson.module:jackson-module-kotlin" to the classpath
2020-04-24 12:15:22.012 WARN  [main]com.baomidou.mybatisplus.core.injector.AbstractMethod.addMappedStatement:307 -[cn.codexing.blog.mapper.ArticleMapper.deleteById] Has been loaded by XML or SqlProvider or Mybatis's Annotation, so ignoring this injection for [class com.baomidou.mybatisplus.core.injector.methods.DeleteById]
2020-04-24 12:15:22.067 WARN  [main]com.baomidou.mybatisplus.core.injector.AbstractMethod.addMappedStatement:307 -[cn.codexing.blog.mapper.CategoryMapper.deleteById] Has been loaded by XML or SqlProvider or Mybatis's Annotation, so ignoring this injection for [class com.baomidou.mybatisplus.core.injector.methods.DeleteById]
2020-04-24 12:15:22.238 WARN  [main]com.baomidou.mybatisplus.core.injector.AbstractMethod.addMappedStatement:307 -[cn.codexing.blog.mapper.TagMapper.deleteById] Has been loaded by XML or SqlProvider or Mybatis's Annotation, so ignoring this injection for [class com.baomidou.mybatisplus.core.injector.methods.DeleteById]
2020-04-24 12:15:40.751 WARN  [background-preinit]o.s.http.converter.json.Jackson2ObjectMapperBuilder.warn:127 -For Jackson Kotlin classes support please add "com.fasterxml.jackson.module:jackson-module-kotlin" to the classpath
2020-04-24 12:15:43.784 WARN  [main]com.baomidou.mybatisplus.core.injector.AbstractMethod.addMappedStatement:307 -[cn.codexing.blog.mapper.ArticleMapper.deleteById] Has been loaded by XML or SqlProvider or Mybatis's Annotation, so ignoring this injection for [class com.baomidou.mybatisplus.core.injector.methods.DeleteById]
2020-04-24 12:15:43.841 WARN  [main]com.baomidou.mybatisplus.core.injector.AbstractMethod.addMappedStatement:307 -[cn.codexing.blog.mapper.CategoryMapper.deleteById] Has been loaded by XML or SqlProvider or Mybatis's Annotation, so ignoring this injection for [class com.baomidou.mybatisplus.core.injector.methods.DeleteById]
2020-04-24 12:15:44.032 WARN  [main]com.baomidou.mybatisplus.core.injector.AbstractMethod.addMappedStatement:307 -[cn.codexing.blog.mapper.TagMapper.deleteById] Has been loaded by XML or SqlProvider or Mybatis's Annotation, so ignoring this injection for [class com.baomidou.mybatisplus.core.injector.methods.DeleteById]
2020-04-24 12:17:08.351 WARN  [background-preinit]o.s.http.converter.json.Jackson2ObjectMapperBuilder.warn:127 -For Jackson Kotlin classes support please add "com.fasterxml.jackson.module:jackson-module-kotlin" to the classpath
2020-04-24 12:17:11.508 WARN  [main]com.baomidou.mybatisplus.core.injector.AbstractMethod.addMappedStatement:307 -[cn.codexing.blog.mapper.ArticleMapper.deleteById] Has been loaded by XML or SqlProvider or Mybatis's Annotation, so ignoring this injection for [class com.baomidou.mybatisplus.core.injector.methods.DeleteById]
2020-04-24 12:17:11.567 WARN  [main]com.baomidou.mybatisplus.core.injector.AbstractMethod.addMappedStatement:307 -[cn.codexing.blog.mapper.CategoryMapper.deleteById] Has been loaded by XML or SqlProvider or Mybatis's Annotation, so ignoring this injection for [class com.baomidou.mybatisplus.core.injector.methods.DeleteById]
2020-04-24 12:17:11.747 WARN  [main]com.baomidou.mybatisplus.core.injector.AbstractMethod.addMappedStatement:307 -[cn.codexing.blog.mapper.TagMapper.deleteById] Has been loaded by XML or SqlProvider or Mybatis's Annotation, so ignoring this injection for [class com.baomidou.mybatisplus.core.injector.methods.DeleteById]
2020-04-24 19:41:34.431 WARN  [background-preinit]o.s.http.converter.json.Jackson2ObjectMapperBuilder.warn:127 -For Jackson Kotlin classes support please add "com.fasterxml.jackson.module:jackson-module-kotlin" to the classpath
2020-04-24 19:41:37.983 WARN  [main]com.baomidou.mybatisplus.core.injector.AbstractMethod.addMappedStatement:307 -[cn.codexing.blog.mapper.ArticleMapper.deleteById] Has been loaded by XML or SqlProvider or Mybatis's Annotation, so ignoring this injection for [class com.baomidou.mybatisplus.core.injector.methods.DeleteById]
2020-04-24 19:41:38.058 WARN  [main]com.baomidou.mybatisplus.core.injector.AbstractMethod.addMappedStatement:307 -[cn.codexing.blog.mapper.CategoryMapper.deleteById] Has been loaded by XML or SqlProvider or Mybatis's Annotation, so ignoring this injection for [class com.baomidou.mybatisplus.core.injector.methods.DeleteById]
2020-04-24 19:41:38.278 WARN  [main]com.baomidou.mybatisplus.core.injector.AbstractMethod.addMappedStatement:307 -[cn.codexing.blog.mapper.TagMapper.deleteById] Has been loaded by XML or SqlProvider or Mybatis's Annotation, so ignoring this injection for [class com.baomidou.mybatisplus.core.injector.methods.DeleteById]
2020-04-24 19:58:02.829 WARN  [http-nio-8088-exec-7]org.springframework.web.servlet.PageNotFound.noHandlerFound:1251 -No mapping for GET /user/myinfo/
2020-04-24 19:58:15.674 WARN  [http-nio-8088-exec-10]org.springframework.web.servlet.PageNotFound.noHandlerFound:1251 -No mapping for GET /user/myinfo/
2020-04-24 19:58:51.103 WARN  [http-nio-8088-exec-4]org.springframework.web.servlet.PageNotFound.noHandlerFound:1251 -No mapping for GET /user/myinfo/
2020-04-24 19:59:00.522 WARN  [http-nio-8088-exec-6]org.springframework.web.servlet.PageNotFound.noHandlerFound:1251 -No mapping for GET /user/myinfo/
2020-04-24 20:02:04.159 WARN  [http-nio-8088-exec-4]org.springframework.web.servlet.PageNotFound.noHandlerFound:1251 -No mapping for GET /user/myinfo/
2020-04-24 20:03:06.087 WARN  [http-nio-8088-exec-2]org.springframework.web.servlet.PageNotFound.noHandlerFound:1251 -No mapping for GET /user/myinfo/
2020-04-24 20:03:17.471 WARN  [http-nio-8088-exec-5]org.springframework.web.servlet.PageNotFound.noHandlerFound:1251 -No mapping for GET /user/myinfo/
