2020-04-23 07:56:43.820 WARN  [background-preinit]o.s.http.converter.json.Jackson2ObjectMapperBuilder.warn:127 -For Jackson Kotlin classes support please add "com.fasterxml.jackson.module:jackson-module-kotlin" to the classpath
2020-04-23 07:56:49.780 WARN  [main]com.baomidou.mybatisplus.core.injector.AbstractMethod.addMappedStatement:307 -[cn.codexing.blog.mapper.ArticleMapper.deleteById] Has been loaded by XML or SqlProvider or Mybatis's Annotation, so ignoring this injection for [class com.baomidou.mybatisplus.core.injector.methods.DeleteById]
2020-04-23 07:56:49.855 WARN  [main]com.baomidou.mybatisplus.core.injector.AbstractMethod.addMappedStatement:307 -[cn.codexing.blog.mapper.CategoryMapper.deleteById] Has been loaded by XML or SqlProvider or Mybatis's Annotation, so ignoring this injection for [class com.baomidou.mybatisplus.core.injector.methods.DeleteById]
2020-04-23 07:56:50.379 WARN  [main]com.baomidou.mybatisplus.core.injector.AbstractMethod.addMappedStatement:307 -[cn.codexing.blog.mapper.TagMapper.deleteById] Has been loaded by XML or SqlProvider or Mybatis's Annotation, so ignoring this injection for [class com.baomidou.mybatisplus.core.injector.methods.DeleteById]
2020-04-23 07:57:17.439 WARN  [http-nio-8088-exec-3]org.springframework.web.servlet.PageNotFound.noHandlerFound:1251 -No mapping for GET /
2020-04-23 07:58:41.763 WARN  [background-preinit]o.s.http.converter.json.Jackson2ObjectMapperBuilder.warn:127 -For Jackson Kotlin classes support please add "com.fasterxml.jackson.module:jackson-module-kotlin" to the classpath
2020-04-23 07:58:45.243 WARN  [main]com.baomidou.mybatisplus.core.injector.AbstractMethod.addMappedStatement:307 -[cn.codexing.blog.mapper.ArticleMapper.deleteById] Has been loaded by XML or SqlProvider or Mybatis's Annotation, so ignoring this injection for [class com.baomidou.mybatisplus.core.injector.methods.DeleteById]
2020-04-23 07:58:45.321 WARN  [main]com.baomidou.mybatisplus.core.injector.AbstractMethod.addMappedStatement:307 -[cn.codexing.blog.mapper.CategoryMapper.deleteById] Has been loaded by XML or SqlProvider or Mybatis's Annotation, so ignoring this injection for [class com.baomidou.mybatisplus.core.injector.methods.DeleteById]
2020-04-23 07:58:45.539 WARN  [main]com.baomidou.mybatisplus.core.injector.AbstractMethod.addMappedStatement:307 -[cn.codexing.blog.mapper.TagMapper.deleteById] Has been loaded by XML or SqlProvider or Mybatis's Annotation, so ignoring this injection for [class com.baomidou.mybatisplus.core.injector.methods.DeleteById]
2020-04-23 08:02:05.548 WARN  [background-preinit]o.s.http.converter.json.Jackson2ObjectMapperBuilder.warn:127 -For Jackson Kotlin classes support please add "com.fasterxml.jackson.module:jackson-module-kotlin" to the classpath
2020-04-23 08:02:09.692 WARN  [main]com.baomidou.mybatisplus.core.injector.AbstractMethod.addMappedStatement:307 -[cn.codexing.blog.mapper.ArticleMapper.deleteById] Has been loaded by XML or SqlProvider or Mybatis's Annotation, so ignoring this injection for [class com.baomidou.mybatisplus.core.injector.methods.DeleteById]
2020-04-23 08:02:09.754 WARN  [main]com.baomidou.mybatisplus.core.injector.AbstractMethod.addMappedStatement:307 -[cn.codexing.blog.mapper.CategoryMapper.deleteById] Has been loaded by XML or SqlProvider or Mybatis's Annotation, so ignoring this injection for [class com.baomidou.mybatisplus.core.injector.methods.DeleteById]
2020-04-23 08:02:09.919 WARN  [main]com.baomidou.mybatisplus.core.injector.AbstractMethod.addMappedStatement:307 -[cn.codexing.blog.mapper.TagMapper.deleteById] Has been loaded by XML or SqlProvider or Mybatis's Annotation, so ignoring this injection for [class com.baomidou.mybatisplus.core.injector.methods.DeleteById]
2020-04-23 08:02:28.325 WARN  [http-nio-8088-exec-3]org.springframework.web.servlet.PageNotFound.noHandlerFound:1251 -No mapping for GET /
2020-04-23 08:06:26.439 WARN  [background-preinit]o.s.http.converter.json.Jackson2ObjectMapperBuilder.warn:127 -For Jackson Kotlin classes support please add "com.fasterxml.jackson.module:jackson-module-kotlin" to the classpath
2020-04-23 08:06:30.488 WARN  [main]com.baomidou.mybatisplus.core.injector.AbstractMethod.addMappedStatement:307 -[cn.codexing.blog.mapper.ArticleMapper.deleteById] Has been loaded by XML or SqlProvider or Mybatis's Annotation, so ignoring this injection for [class com.baomidou.mybatisplus.core.injector.methods.DeleteById]
2020-04-23 08:06:30.551 WARN  [main]com.baomidou.mybatisplus.core.injector.AbstractMethod.addMappedStatement:307 -[cn.codexing.blog.mapper.CategoryMapper.deleteById] Has been loaded by XML or SqlProvider or Mybatis's Annotation, so ignoring this injection for [class com.baomidou.mybatisplus.core.injector.methods.DeleteById]
2020-04-23 08:06:30.757 WARN  [main]com.baomidou.mybatisplus.core.injector.AbstractMethod.addMappedStatement:307 -[cn.codexing.blog.mapper.TagMapper.deleteById] Has been loaded by XML or SqlProvider or Mybatis's Annotation, so ignoring this injection for [class com.baomidou.mybatisplus.core.injector.methods.DeleteById]
2020-04-23 08:15:58.864 WARN  [background-preinit]o.s.http.converter.json.Jackson2ObjectMapperBuilder.warn:127 -For Jackson Kotlin classes support please add "com.fasterxml.jackson.module:jackson-module-kotlin" to the classpath
2020-04-23 08:16:02.078 WARN  [main]com.baomidou.mybatisplus.core.injector.AbstractMethod.addMappedStatement:307 -[cn.codexing.blog.mapper.ArticleMapper.deleteById] Has been loaded by XML or SqlProvider or Mybatis's Annotation, so ignoring this injection for [class com.baomidou.mybatisplus.core.injector.methods.DeleteById]
2020-04-23 08:16:02.141 WARN  [main]com.baomidou.mybatisplus.core.injector.AbstractMethod.addMappedStatement:307 -[cn.codexing.blog.mapper.CategoryMapper.deleteById] Has been loaded by XML or SqlProvider or Mybatis's Annotation, so ignoring this injection for [class com.baomidou.mybatisplus.core.injector.methods.DeleteById]
2020-04-23 08:16:02.365 WARN  [main]com.baomidou.mybatisplus.core.injector.AbstractMethod.addMappedStatement:307 -[cn.codexing.blog.mapper.TagMapper.deleteById] Has been loaded by XML or SqlProvider or Mybatis's Annotation, so ignoring this injection for [class com.baomidou.mybatisplus.core.injector.methods.DeleteById]
2020-04-23 08:16:31.797 WARN  [http-nio-8088-exec-2]org.springframework.web.servlet.PageNotFound.noHandlerFound:1251 -No mapping for GET /user/info
2020-04-23 08:19:21.591 WARN  [background-preinit]o.s.http.converter.json.Jackson2ObjectMapperBuilder.warn:127 -For Jackson Kotlin classes support please add "com.fasterxml.jackson.module:jackson-module-kotlin" to the classpath
2020-04-23 08:19:24.117 WARN  [main]com.baomidou.mybatisplus.core.injector.AbstractMethod.addMappedStatement:307 -[cn.codexing.blog.mapper.ArticleMapper.deleteById] Has been loaded by XML or SqlProvider or Mybatis's Annotation, so ignoring this injection for [class com.baomidou.mybatisplus.core.injector.methods.DeleteById]
2020-04-23 08:19:24.179 WARN  [main]com.baomidou.mybatisplus.core.injector.AbstractMethod.addMappedStatement:307 -[cn.codexing.blog.mapper.CategoryMapper.deleteById] Has been loaded by XML or SqlProvider or Mybatis's Annotation, so ignoring this injection for [class com.baomidou.mybatisplus.core.injector.methods.DeleteById]
2020-04-23 08:19:24.351 WARN  [main]com.baomidou.mybatisplus.core.injector.AbstractMethod.addMappedStatement:307 -[cn.codexing.blog.mapper.TagMapper.deleteById] Has been loaded by XML or SqlProvider or Mybatis's Annotation, so ignoring this injection for [class com.baomidou.mybatisplus.core.injector.methods.DeleteById]
2020-04-23 08:25:11.967 WARN  [background-preinit]o.s.http.converter.json.Jackson2ObjectMapperBuilder.warn:127 -For Jackson Kotlin classes support please add "com.fasterxml.jackson.module:jackson-module-kotlin" to the classpath
2020-04-23 08:25:15.511 WARN  [main]com.baomidou.mybatisplus.core.injector.AbstractMethod.addMappedStatement:307 -[cn.codexing.blog.mapper.ArticleMapper.deleteById] Has been loaded by XML or SqlProvider or Mybatis's Annotation, so ignoring this injection for [class com.baomidou.mybatisplus.core.injector.methods.DeleteById]
2020-04-23 08:25:15.564 WARN  [main]com.baomidou.mybatisplus.core.injector.AbstractMethod.addMappedStatement:307 -[cn.codexing.blog.mapper.CategoryMapper.deleteById] Has been loaded by XML or SqlProvider or Mybatis's Annotation, so ignoring this injection for [class com.baomidou.mybatisplus.core.injector.methods.DeleteById]
2020-04-23 08:25:15.747 WARN  [main]com.baomidou.mybatisplus.core.injector.AbstractMethod.addMappedStatement:307 -[cn.codexing.blog.mapper.TagMapper.deleteById] Has been loaded by XML or SqlProvider or Mybatis's Annotation, so ignoring this injection for [class com.baomidou.mybatisplus.core.injector.methods.DeleteById]
2020-04-23 08:25:28.147 WARN  [background-preinit]o.s.http.converter.json.Jackson2ObjectMapperBuilder.warn:127 -For Jackson Kotlin classes support please add "com.fasterxml.jackson.module:jackson-module-kotlin" to the classpath
2020-04-23 08:25:31.088 WARN  [main]com.baomidou.mybatisplus.core.injector.AbstractMethod.addMappedStatement:307 -[cn.codexing.blog.mapper.ArticleMapper.deleteById] Has been loaded by XML or SqlProvider or Mybatis's Annotation, so ignoring this injection for [class com.baomidou.mybatisplus.core.injector.methods.DeleteById]
2020-04-23 08:25:31.150 WARN  [main]com.baomidou.mybatisplus.core.injector.AbstractMethod.addMappedStatement:307 -[cn.codexing.blog.mapper.CategoryMapper.deleteById] Has been loaded by XML or SqlProvider or Mybatis's Annotation, so ignoring this injection for [class com.baomidou.mybatisplus.core.injector.methods.DeleteById]
2020-04-23 08:25:31.338 WARN  [main]com.baomidou.mybatisplus.core.injector.AbstractMethod.addMappedStatement:307 -[cn.codexing.blog.mapper.TagMapper.deleteById] Has been loaded by XML or SqlProvider or Mybatis's Annotation, so ignoring this injection for [class com.baomidou.mybatisplus.core.injector.methods.DeleteById]
2020-04-23 08:33:40.211 WARN  [background-preinit]o.s.http.converter.json.Jackson2ObjectMapperBuilder.warn:127 -For Jackson Kotlin classes support please add "com.fasterxml.jackson.module:jackson-module-kotlin" to the classpath
2020-04-23 08:33:43.031 WARN  [main]com.baomidou.mybatisplus.core.injector.AbstractMethod.addMappedStatement:307 -[cn.codexing.blog.mapper.ArticleMapper.deleteById] Has been loaded by XML or SqlProvider or Mybatis's Annotation, so ignoring this injection for [class com.baomidou.mybatisplus.core.injector.methods.DeleteById]
2020-04-23 08:33:43.083 WARN  [main]com.baomidou.mybatisplus.core.injector.AbstractMethod.addMappedStatement:307 -[cn.codexing.blog.mapper.CategoryMapper.deleteById] Has been loaded by XML or SqlProvider or Mybatis's Annotation, so ignoring this injection for [class com.baomidou.mybatisplus.core.injector.methods.DeleteById]
2020-04-23 08:33:43.254 WARN  [main]com.baomidou.mybatisplus.core.injector.AbstractMethod.addMappedStatement:307 -[cn.codexing.blog.mapper.TagMapper.deleteById] Has been loaded by XML or SqlProvider or Mybatis's Annotation, so ignoring this injection for [class com.baomidou.mybatisplus.core.injector.methods.DeleteById]
2020-04-23 08:35:44.303 WARN  [http-nio-8088-exec-9]org.springframework.web.servlet.PageNotFound.noHandlerFound:1251 -No mapping for GET /login
2020-04-23 08:36:43.675 WARN  [http-nio-8088-exec-8]org.springframework.web.servlet.PageNotFound.noHandlerFound:1251 -No mapping for GET /login
2020-04-23 08:42:17.362 WARN  [http-nio-8088-exec-10]o.s.w.s.mvc.support.DefaultHandlerExceptionResolver.logException:199 -Resolved [org.springframework.web.method.annotation.MethodArgumentTypeMismatchException: Failed to convert value of type 'java.lang.String' to required type 'java.lang.Integer'; nested exception is java.lang.NumberFormatException: For input string: "list"]
2020-04-23 08:50:27.463 WARN  [background-preinit]o.s.http.converter.json.Jackson2ObjectMapperBuilder.warn:127 -For Jackson Kotlin classes support please add "com.fasterxml.jackson.module:jackson-module-kotlin" to the classpath
2020-04-23 08:50:30.636 WARN  [main]com.baomidou.mybatisplus.core.injector.AbstractMethod.addMappedStatement:307 -[cn.codexing.blog.mapper.ArticleMapper.deleteById] Has been loaded by XML or SqlProvider or Mybatis's Annotation, so ignoring this injection for [class com.baomidou.mybatisplus.core.injector.methods.DeleteById]
2020-04-23 08:50:30.698 WARN  [main]com.baomidou.mybatisplus.core.injector.AbstractMethod.addMappedStatement:307 -[cn.codexing.blog.mapper.CategoryMapper.deleteById] Has been loaded by XML or SqlProvider or Mybatis's Annotation, so ignoring this injection for [class com.baomidou.mybatisplus.core.injector.methods.DeleteById]
2020-04-23 08:50:30.879 WARN  [main]com.baomidou.mybatisplus.core.injector.AbstractMethod.addMappedStatement:307 -[cn.codexing.blog.mapper.TagMapper.deleteById] Has been loaded by XML or SqlProvider or Mybatis's Annotation, so ignoring this injection for [class com.baomidou.mybatisplus.core.injector.methods.DeleteById]
2020-04-23 09:01:55.761 WARN  [background-preinit]o.s.http.converter.json.Jackson2ObjectMapperBuilder.warn:127 -For Jackson Kotlin classes support please add "com.fasterxml.jackson.module:jackson-module-kotlin" to the classpath
2020-04-23 09:01:58.736 WARN  [main]com.baomidou.mybatisplus.core.injector.AbstractMethod.addMappedStatement:307 -[cn.codexing.blog.mapper.ArticleMapper.deleteById] Has been loaded by XML or SqlProvider or Mybatis's Annotation, so ignoring this injection for [class com.baomidou.mybatisplus.core.injector.methods.DeleteById]
2020-04-23 09:01:58.802 WARN  [main]com.baomidou.mybatisplus.core.injector.AbstractMethod.addMappedStatement:307 -[cn.codexing.blog.mapper.CategoryMapper.deleteById] Has been loaded by XML or SqlProvider or Mybatis's Annotation, so ignoring this injection for [class com.baomidou.mybatisplus.core.injector.methods.DeleteById]
2020-04-23 09:01:59.127 WARN  [main]com.baomidou.mybatisplus.core.injector.AbstractMethod.addMappedStatement:307 -[cn.codexing.blog.mapper.TagMapper.deleteById] Has been loaded by XML or SqlProvider or Mybatis's Annotation, so ignoring this injection for [class com.baomidou.mybatisplus.core.injector.methods.DeleteById]
2020-04-23 09:09:47.569 WARN  [background-preinit]o.s.http.converter.json.Jackson2ObjectMapperBuilder.warn:127 -For Jackson Kotlin classes support please add "com.fasterxml.jackson.module:jackson-module-kotlin" to the classpath
2020-04-23 09:09:50.536 WARN  [main]com.baomidou.mybatisplus.core.injector.AbstractMethod.addMappedStatement:307 -[cn.codexing.blog.mapper.ArticleMapper.deleteById] Has been loaded by XML or SqlProvider or Mybatis's Annotation, so ignoring this injection for [class com.baomidou.mybatisplus.core.injector.methods.DeleteById]
2020-04-23 09:09:50.598 WARN  [main]com.baomidou.mybatisplus.core.injector.AbstractMethod.addMappedStatement:307 -[cn.codexing.blog.mapper.CategoryMapper.deleteById] Has been loaded by XML or SqlProvider or Mybatis's Annotation, so ignoring this injection for [class com.baomidou.mybatisplus.core.injector.methods.DeleteById]
2020-04-23 09:09:50.768 WARN  [main]com.baomidou.mybatisplus.core.injector.AbstractMethod.addMappedStatement:307 -[cn.codexing.blog.mapper.TagMapper.deleteById] Has been loaded by XML or SqlProvider or Mybatis's Annotation, so ignoring this injection for [class com.baomidou.mybatisplus.core.injector.methods.DeleteById]
2020-04-23 09:14:14.685 WARN  [background-preinit]o.s.http.converter.json.Jackson2ObjectMapperBuilder.warn:127 -For Jackson Kotlin classes support please add "com.fasterxml.jackson.module:jackson-module-kotlin" to the classpath
2020-04-23 09:14:17.388 WARN  [main]com.baomidou.mybatisplus.core.injector.AbstractMethod.addMappedStatement:307 -[cn.codexing.blog.mapper.ArticleMapper.deleteById] Has been loaded by XML or SqlProvider or Mybatis's Annotation, so ignoring this injection for [class com.baomidou.mybatisplus.core.injector.methods.DeleteById]
2020-04-23 09:14:17.442 WARN  [main]com.baomidou.mybatisplus.core.injector.AbstractMethod.addMappedStatement:307 -[cn.codexing.blog.mapper.CategoryMapper.deleteById] Has been loaded by XML or SqlProvider or Mybatis's Annotation, so ignoring this injection for [class com.baomidou.mybatisplus.core.injector.methods.DeleteById]
2020-04-23 09:14:17.617 WARN  [main]com.baomidou.mybatisplus.core.injector.AbstractMethod.addMappedStatement:307 -[cn.codexing.blog.mapper.TagMapper.deleteById] Has been loaded by XML or SqlProvider or Mybatis's Annotation, so ignoring this injection for [class com.baomidou.mybatisplus.core.injector.methods.DeleteById]
2020-04-23 09:24:00.057 WARN  [background-preinit]o.s.http.converter.json.Jackson2ObjectMapperBuilder.warn:127 -For Jackson Kotlin classes support please add "com.fasterxml.jackson.module:jackson-module-kotlin" to the classpath
2020-04-23 09:24:03.874 WARN  [main]com.baomidou.mybatisplus.core.injector.AbstractMethod.addMappedStatement:307 -[cn.codexing.blog.mapper.ArticleMapper.deleteById] Has been loaded by XML or SqlProvider or Mybatis's Annotation, so ignoring this injection for [class com.baomidou.mybatisplus.core.injector.methods.DeleteById]
2020-04-23 09:24:03.936 WARN  [main]com.baomidou.mybatisplus.core.injector.AbstractMethod.addMappedStatement:307 -[cn.codexing.blog.mapper.CategoryMapper.deleteById] Has been loaded by XML or SqlProvider or Mybatis's Annotation, so ignoring this injection for [class com.baomidou.mybatisplus.core.injector.methods.DeleteById]
2020-04-23 09:24:04.162 WARN  [main]com.baomidou.mybatisplus.core.injector.AbstractMethod.addMappedStatement:307 -[cn.codexing.blog.mapper.TagMapper.deleteById] Has been loaded by XML or SqlProvider or Mybatis's Annotation, so ignoring this injection for [class com.baomidou.mybatisplus.core.injector.methods.DeleteById]
2020-04-23 10:20:06.958 WARN  [http-nio-8088-exec-3]org.springframework.web.servlet.PageNotFound.noHandlerFound:1251 -No mapping for GET /archive/list
2020-04-23 10:21:10.079 WARN  [background-preinit]o.s.http.converter.json.Jackson2ObjectMapperBuilder.warn:127 -For Jackson Kotlin classes support please add "com.fasterxml.jackson.module:jackson-module-kotlin" to the classpath
2020-04-23 10:21:13.657 WARN  [main]com.baomidou.mybatisplus.core.injector.AbstractMethod.addMappedStatement:307 -[cn.codexing.blog.mapper.ArticleMapper.deleteById] Has been loaded by XML or SqlProvider or Mybatis's Annotation, so ignoring this injection for [class com.baomidou.mybatisplus.core.injector.methods.DeleteById]
2020-04-23 10:21:13.713 WARN  [main]com.baomidou.mybatisplus.core.injector.AbstractMethod.addMappedStatement:307 -[cn.codexing.blog.mapper.CategoryMapper.deleteById] Has been loaded by XML or SqlProvider or Mybatis's Annotation, so ignoring this injection for [class com.baomidou.mybatisplus.core.injector.methods.DeleteById]
2020-04-23 10:21:13.928 WARN  [main]com.baomidou.mybatisplus.core.injector.AbstractMethod.addMappedStatement:307 -[cn.codexing.blog.mapper.TagMapper.deleteById] Has been loaded by XML or SqlProvider or Mybatis's Annotation, so ignoring this injection for [class com.baomidou.mybatisplus.core.injector.methods.DeleteById]
2020-04-23 10:21:38.941 WARN  [background-preinit]o.s.http.converter.json.Jackson2ObjectMapperBuilder.warn:127 -For Jackson Kotlin classes support please add "com.fasterxml.jackson.module:jackson-module-kotlin" to the classpath
2020-04-23 10:21:41.854 WARN  [main]com.baomidou.mybatisplus.core.injector.AbstractMethod.addMappedStatement:307 -[cn.codexing.blog.mapper.ArticleMapper.deleteById] Has been loaded by XML or SqlProvider or Mybatis's Annotation, so ignoring this injection for [class com.baomidou.mybatisplus.core.injector.methods.DeleteById]
2020-04-23 10:21:41.908 WARN  [main]com.baomidou.mybatisplus.core.injector.AbstractMethod.addMappedStatement:307 -[cn.codexing.blog.mapper.CategoryMapper.deleteById] Has been loaded by XML or SqlProvider or Mybatis's Annotation, so ignoring this injection for [class com.baomidou.mybatisplus.core.injector.methods.DeleteById]
2020-04-23 10:21:42.117 WARN  [main]com.baomidou.mybatisplus.core.injector.AbstractMethod.addMappedStatement:307 -[cn.codexing.blog.mapper.TagMapper.deleteById] Has been loaded by XML or SqlProvider or Mybatis's Annotation, so ignoring this injection for [class com.baomidou.mybatisplus.core.injector.methods.DeleteById]
2020-04-23 14:05:34.817 WARN  [background-preinit]o.s.http.converter.json.Jackson2ObjectMapperBuilder.warn:127 -For Jackson Kotlin classes support please add "com.fasterxml.jackson.module:jackson-module-kotlin" to the classpath
2020-04-23 14:05:38.926 WARN  [main]com.baomidou.mybatisplus.core.injector.AbstractMethod.addMappedStatement:307 -[cn.codexing.blog.mapper.ArticleMapper.deleteById] Has been loaded by XML or SqlProvider or Mybatis's Annotation, so ignoring this injection for [class com.baomidou.mybatisplus.core.injector.methods.DeleteById]
2020-04-23 14:05:38.985 WARN  [main]com.baomidou.mybatisplus.core.injector.AbstractMethod.addMappedStatement:307 -[cn.codexing.blog.mapper.CategoryMapper.deleteById] Has been loaded by XML or SqlProvider or Mybatis's Annotation, so ignoring this injection for [class com.baomidou.mybatisplus.core.injector.methods.DeleteById]
2020-04-23 14:05:39.254 WARN  [main]com.baomidou.mybatisplus.core.injector.AbstractMethod.addMappedStatement:307 -[cn.codexing.blog.mapper.TagMapper.deleteById] Has been loaded by XML or SqlProvider or Mybatis's Annotation, so ignoring this injection for [class com.baomidou.mybatisplus.core.injector.methods.DeleteById]
2020-04-23 14:26:45.920 WARN  [background-preinit]o.s.http.converter.json.Jackson2ObjectMapperBuilder.warn:127 -For Jackson Kotlin classes support please add "com.fasterxml.jackson.module:jackson-module-kotlin" to the classpath
2020-04-23 14:26:49.105 WARN  [main]com.baomidou.mybatisplus.core.injector.AbstractMethod.addMappedStatement:307 -[cn.codexing.blog.mapper.ArticleMapper.deleteById] Has been loaded by XML or SqlProvider or Mybatis's Annotation, so ignoring this injection for [class com.baomidou.mybatisplus.core.injector.methods.DeleteById]
2020-04-23 14:26:49.167 WARN  [main]com.baomidou.mybatisplus.core.injector.AbstractMethod.addMappedStatement:307 -[cn.codexing.blog.mapper.CategoryMapper.deleteById] Has been loaded by XML or SqlProvider or Mybatis's Annotation, so ignoring this injection for [class com.baomidou.mybatisplus.core.injector.methods.DeleteById]
2020-04-23 14:26:49.383 WARN  [main]com.baomidou.mybatisplus.core.injector.AbstractMethod.addMappedStatement:307 -[cn.codexing.blog.mapper.TagMapper.deleteById] Has been loaded by XML or SqlProvider or Mybatis's Annotation, so ignoring this injection for [class com.baomidou.mybatisplus.core.injector.methods.DeleteById]
2020-04-23 14:27:19.079 WARN  [http-nio-8088-exec-4]org.springframework.web.servlet.PageNotFound.noHandlerFound:1251 -No mapping for POST /user/login
2020-04-23 14:27:19.116 WARN  [http-nio-8088-exec-6]org.springframework.web.servlet.PageNotFound.noHandlerFound:1251 -No mapping for POST /user/login
2020-04-23 14:27:23.570 WARN  [http-nio-8088-exec-8]org.springframework.web.servlet.PageNotFound.noHandlerFound:1251 -No mapping for POST /user/login
2020-04-23 14:27:54.123 WARN  [http-nio-8088-exec-10]org.springframework.web.servlet.PageNotFound.noHandlerFound:1251 -No mapping for POST /user/login
2020-04-23 14:28:23.954 WARN  [http-nio-8088-exec-1]org.springframework.web.servlet.PageNotFound.noHandlerFound:1251 -No mapping for POST /user/login
2020-04-23 14:29:20.048 WARN  [http-nio-8088-exec-4]org.springframework.web.servlet.PageNotFound.noHandlerFound:1251 -No mapping for POST /user/login
2020-04-23 14:29:58.543 WARN  [http-nio-8088-exec-7]org.springframework.web.servlet.PageNotFound.noHandlerFound:1251 -No mapping for POST /user/login
2020-04-23 14:33:08.002 WARN  [http-nio-8088-exec-10]org.springframework.web.servlet.PageNotFound.noHandlerFound:1251 -No mapping for POST /user/login
2020-04-23 14:35:08.860 WARN  [background-preinit]o.s.http.converter.json.Jackson2ObjectMapperBuilder.warn:127 -For Jackson Kotlin classes support please add "com.fasterxml.jackson.module:jackson-module-kotlin" to the classpath
2020-04-23 14:35:11.685 WARN  [main]com.baomidou.mybatisplus.core.injector.AbstractMethod.addMappedStatement:307 -[cn.codexing.blog.mapper.ArticleMapper.deleteById] Has been loaded by XML or SqlProvider or Mybatis's Annotation, so ignoring this injection for [class com.baomidou.mybatisplus.core.injector.methods.DeleteById]
2020-04-23 14:35:11.738 WARN  [main]com.baomidou.mybatisplus.core.injector.AbstractMethod.addMappedStatement:307 -[cn.codexing.blog.mapper.CategoryMapper.deleteById] Has been loaded by XML or SqlProvider or Mybatis's Annotation, so ignoring this injection for [class com.baomidou.mybatisplus.core.injector.methods.DeleteById]
2020-04-23 14:35:11.910 WARN  [main]com.baomidou.mybatisplus.core.injector.AbstractMethod.addMappedStatement:307 -[cn.codexing.blog.mapper.TagMapper.deleteById] Has been loaded by XML or SqlProvider or Mybatis's Annotation, so ignoring this injection for [class com.baomidou.mybatisplus.core.injector.methods.DeleteById]
2020-04-23 14:36:12.380 WARN  [background-preinit]o.s.http.converter.json.Jackson2ObjectMapperBuilder.warn:127 -For Jackson Kotlin classes support please add "com.fasterxml.jackson.module:jackson-module-kotlin" to the classpath
2020-04-23 14:36:15.235 WARN  [main]com.baomidou.mybatisplus.core.injector.AbstractMethod.addMappedStatement:307 -[cn.codexing.blog.mapper.ArticleMapper.deleteById] Has been loaded by XML or SqlProvider or Mybatis's Annotation, so ignoring this injection for [class com.baomidou.mybatisplus.core.injector.methods.DeleteById]
2020-04-23 14:36:15.288 WARN  [main]com.baomidou.mybatisplus.core.injector.AbstractMethod.addMappedStatement:307 -[cn.codexing.blog.mapper.CategoryMapper.deleteById] Has been loaded by XML or SqlProvider or Mybatis's Annotation, so ignoring this injection for [class com.baomidou.mybatisplus.core.injector.methods.DeleteById]
2020-04-23 14:36:15.455 WARN  [main]com.baomidou.mybatisplus.core.injector.AbstractMethod.addMappedStatement:307 -[cn.codexing.blog.mapper.TagMapper.deleteById] Has been loaded by XML or SqlProvider or Mybatis's Annotation, so ignoring this injection for [class com.baomidou.mybatisplus.core.injector.methods.DeleteById]
2020-04-23 14:40:29.993 WARN  [background-preinit]o.s.http.converter.json.Jackson2ObjectMapperBuilder.warn:127 -For Jackson Kotlin classes support please add "com.fasterxml.jackson.module:jackson-module-kotlin" to the classpath
2020-04-23 14:40:32.908 WARN  [main]com.baomidou.mybatisplus.core.injector.AbstractMethod.addMappedStatement:307 -[cn.codexing.blog.mapper.ArticleMapper.deleteById] Has been loaded by XML or SqlProvider or Mybatis's Annotation, so ignoring this injection for [class com.baomidou.mybatisplus.core.injector.methods.DeleteById]
2020-04-23 14:40:32.970 WARN  [main]com.baomidou.mybatisplus.core.injector.AbstractMethod.addMappedStatement:307 -[cn.codexing.blog.mapper.CategoryMapper.deleteById] Has been loaded by XML or SqlProvider or Mybatis's Annotation, so ignoring this injection for [class com.baomidou.mybatisplus.core.injector.methods.DeleteById]
2020-04-23 14:40:33.175 WARN  [main]com.baomidou.mybatisplus.core.injector.AbstractMethod.addMappedStatement:307 -[cn.codexing.blog.mapper.TagMapper.deleteById] Has been loaded by XML or SqlProvider or Mybatis's Annotation, so ignoring this injection for [class com.baomidou.mybatisplus.core.injector.methods.DeleteById]
2020-04-23 14:41:30.981 WARN  [http-nio-8088-exec-8]o.s.w.s.mvc.support.DefaultHandlerExceptionResolver.logException:199 -Resolved [org.springframework.web.HttpRequestMethodNotSupportedException: Request method 'DELETE' not supported]
2020-04-23 14:48:17.121 WARN  [http-nio-8088-exec-9]org.springframework.web.servlet.PageNotFound.noHandlerFound:1251 -No mapping for GET /login
2020-04-23 14:49:51.859 WARN  [background-preinit]o.s.http.converter.json.Jackson2ObjectMapperBuilder.warn:127 -For Jackson Kotlin classes support please add "com.fasterxml.jackson.module:jackson-module-kotlin" to the classpath
2020-04-23 14:49:54.631 WARN  [main]com.baomidou.mybatisplus.core.injector.AbstractMethod.addMappedStatement:307 -[cn.codexing.blog.mapper.ArticleMapper.deleteById] Has been loaded by XML or SqlProvider or Mybatis's Annotation, so ignoring this injection for [class com.baomidou.mybatisplus.core.injector.methods.DeleteById]
2020-04-23 14:49:54.695 WARN  [main]com.baomidou.mybatisplus.core.injector.AbstractMethod.addMappedStatement:307 -[cn.codexing.blog.mapper.CategoryMapper.deleteById] Has been loaded by XML or SqlProvider or Mybatis's Annotation, so ignoring this injection for [class com.baomidou.mybatisplus.core.injector.methods.DeleteById]
2020-04-23 14:49:54.881 WARN  [main]com.baomidou.mybatisplus.core.injector.AbstractMethod.addMappedStatement:307 -[cn.codexing.blog.mapper.TagMapper.deleteById] Has been loaded by XML or SqlProvider or Mybatis's Annotation, so ignoring this injection for [class com.baomidou.mybatisplus.core.injector.methods.DeleteById]
2020-04-23 14:50:09.068 WARN  [http-nio-8088-exec-7]org.springframework.web.servlet.PageNotFound.noHandlerFound:1251 -No mapping for GET /login
2020-04-23 16:07:59.203 WARN  [background-preinit]o.s.http.converter.json.Jackson2ObjectMapperBuilder.warn:127 -For Jackson Kotlin classes support please add "com.fasterxml.jackson.module:jackson-module-kotlin" to the classpath
2020-04-23 16:08:02.622 WARN  [main]com.baomidou.mybatisplus.core.injector.AbstractMethod.addMappedStatement:307 -[cn.codexing.blog.mapper.ArticleMapper.deleteById] Has been loaded by XML or SqlProvider or Mybatis's Annotation, so ignoring this injection for [class com.baomidou.mybatisplus.core.injector.methods.DeleteById]
2020-04-23 16:08:02.689 WARN  [main]com.baomidou.mybatisplus.core.injector.AbstractMethod.addMappedStatement:307 -[cn.codexing.blog.mapper.CategoryMapper.deleteById] Has been loaded by XML or SqlProvider or Mybatis's Annotation, so ignoring this injection for [class com.baomidou.mybatisplus.core.injector.methods.DeleteById]
2020-04-23 16:08:02.874 WARN  [main]com.baomidou.mybatisplus.core.injector.AbstractMethod.addMappedStatement:307 -[cn.codexing.blog.mapper.TagMapper.deleteById] Has been loaded by XML or SqlProvider or Mybatis's Annotation, so ignoring this injection for [class com.baomidou.mybatisplus.core.injector.methods.DeleteById]
2020-04-23 16:14:16.047 WARN  [background-preinit]o.s.http.converter.json.Jackson2ObjectMapperBuilder.warn:127 -For Jackson Kotlin classes support please add "com.fasterxml.jackson.module:jackson-module-kotlin" to the classpath
2020-04-23 16:14:19.089 WARN  [main]com.baomidou.mybatisplus.core.injector.AbstractMethod.addMappedStatement:307 -[cn.codexing.blog.mapper.ArticleMapper.deleteById] Has been loaded by XML or SqlProvider or Mybatis's Annotation, so ignoring this injection for [class com.baomidou.mybatisplus.core.injector.methods.DeleteById]
2020-04-23 16:14:19.148 WARN  [main]com.baomidou.mybatisplus.core.injector.AbstractMethod.addMappedStatement:307 -[cn.codexing.blog.mapper.CategoryMapper.deleteById] Has been loaded by XML or SqlProvider or Mybatis's Annotation, so ignoring this injection for [class com.baomidou.mybatisplus.core.injector.methods.DeleteById]
2020-04-23 16:14:19.323 WARN  [main]com.baomidou.mybatisplus.core.injector.AbstractMethod.addMappedStatement:307 -[cn.codexing.blog.mapper.TagMapper.deleteById] Has been loaded by XML or SqlProvider or Mybatis's Annotation, so ignoring this injection for [class com.baomidou.mybatisplus.core.injector.methods.DeleteById]
2020-04-23 16:28:17.442 WARN  [background-preinit]o.s.http.converter.json.Jackson2ObjectMapperBuilder.warn:127 -For Jackson Kotlin classes support please add "com.fasterxml.jackson.module:jackson-module-kotlin" to the classpath
2020-04-23 16:28:20.754 WARN  [main]com.baomidou.mybatisplus.core.injector.AbstractMethod.addMappedStatement:307 -[cn.codexing.blog.mapper.ArticleMapper.deleteById] Has been loaded by XML or SqlProvider or Mybatis's Annotation, so ignoring this injection for [class com.baomidou.mybatisplus.core.injector.methods.DeleteById]
2020-04-23 16:28:20.815 WARN  [main]com.baomidou.mybatisplus.core.injector.AbstractMethod.addMappedStatement:307 -[cn.codexing.blog.mapper.CategoryMapper.deleteById] Has been loaded by XML or SqlProvider or Mybatis's Annotation, so ignoring this injection for [class com.baomidou.mybatisplus.core.injector.methods.DeleteById]
2020-04-23 16:28:21.039 WARN  [main]com.baomidou.mybatisplus.core.injector.AbstractMethod.addMappedStatement:307 -[cn.codexing.blog.mapper.TagMapper.deleteById] Has been loaded by XML or SqlProvider or Mybatis's Annotation, so ignoring this injection for [class com.baomidou.mybatisplus.core.injector.methods.DeleteById]
2020-04-23 16:33:55.213 WARN  [background-preinit]o.s.http.converter.json.Jackson2ObjectMapperBuilder.warn:127 -For Jackson Kotlin classes support please add "com.fasterxml.jackson.module:jackson-module-kotlin" to the classpath
2020-04-23 16:33:58.250 WARN  [main]com.baomidou.mybatisplus.core.injector.AbstractMethod.addMappedStatement:307 -[cn.codexing.blog.mapper.ArticleMapper.deleteById] Has been loaded by XML or SqlProvider or Mybatis's Annotation, so ignoring this injection for [class com.baomidou.mybatisplus.core.injector.methods.DeleteById]
2020-04-23 16:33:58.307 WARN  [main]com.baomidou.mybatisplus.core.injector.AbstractMethod.addMappedStatement:307 -[cn.codexing.blog.mapper.CategoryMapper.deleteById] Has been loaded by XML or SqlProvider or Mybatis's Annotation, so ignoring this injection for [class com.baomidou.mybatisplus.core.injector.methods.DeleteById]
2020-04-23 16:33:58.475 WARN  [main]com.baomidou.mybatisplus.core.injector.AbstractMethod.addMappedStatement:307 -[cn.codexing.blog.mapper.TagMapper.deleteById] Has been loaded by XML or SqlProvider or Mybatis's Annotation, so ignoring this injection for [class com.baomidou.mybatisplus.core.injector.methods.DeleteById]
2020-04-23 16:50:10.537 WARN  [background-preinit]o.s.http.converter.json.Jackson2ObjectMapperBuilder.warn:127 -For Jackson Kotlin classes support please add "com.fasterxml.jackson.module:jackson-module-kotlin" to the classpath
2020-04-23 16:50:13.633 WARN  [main]com.baomidou.mybatisplus.core.injector.AbstractMethod.addMappedStatement:307 -[cn.codexing.blog.mapper.ArticleMapper.deleteById] Has been loaded by XML or SqlProvider or Mybatis's Annotation, so ignoring this injection for [class com.baomidou.mybatisplus.core.injector.methods.DeleteById]
2020-04-23 16:50:13.697 WARN  [main]com.baomidou.mybatisplus.core.injector.AbstractMethod.addMappedStatement:307 -[cn.codexing.blog.mapper.CategoryMapper.deleteById] Has been loaded by XML or SqlProvider or Mybatis's Annotation, so ignoring this injection for [class com.baomidou.mybatisplus.core.injector.methods.DeleteById]
2020-04-23 16:50:13.883 WARN  [main]com.baomidou.mybatisplus.core.injector.AbstractMethod.addMappedStatement:307 -[cn.codexing.blog.mapper.TagMapper.deleteById] Has been loaded by XML or SqlProvider or Mybatis's Annotation, so ignoring this injection for [class com.baomidou.mybatisplus.core.injector.methods.DeleteById]
2020-04-23 17:08:54.092 WARN  [background-preinit]o.s.http.converter.json.Jackson2ObjectMapperBuilder.warn:127 -For Jackson Kotlin classes support please add "com.fasterxml.jackson.module:jackson-module-kotlin" to the classpath
2020-04-23 17:08:57.451 WARN  [main]com.baomidou.mybatisplus.core.injector.AbstractMethod.addMappedStatement:307 -[cn.codexing.blog.mapper.ArticleMapper.deleteById] Has been loaded by XML or SqlProvider or Mybatis's Annotation, so ignoring this injection for [class com.baomidou.mybatisplus.core.injector.methods.DeleteById]
2020-04-23 17:08:57.521 WARN  [main]com.baomidou.mybatisplus.core.injector.AbstractMethod.addMappedStatement:307 -[cn.codexing.blog.mapper.CategoryMapper.deleteById] Has been loaded by XML or SqlProvider or Mybatis's Annotation, so ignoring this injection for [class com.baomidou.mybatisplus.core.injector.methods.DeleteById]
2020-04-23 17:08:57.736 WARN  [main]com.baomidou.mybatisplus.core.injector.AbstractMethod.addMappedStatement:307 -[cn.codexing.blog.mapper.TagMapper.deleteById] Has been loaded by XML or SqlProvider or Mybatis's Annotation, so ignoring this injection for [class com.baomidou.mybatisplus.core.injector.methods.DeleteById]
2020-04-23 17:12:05.782 WARN  [background-preinit]o.s.http.converter.json.Jackson2ObjectMapperBuilder.warn:127 -For Jackson Kotlin classes support please add "com.fasterxml.jackson.module:jackson-module-kotlin" to the classpath
2020-04-23 17:12:08.564 WARN  [main]com.baomidou.mybatisplus.core.injector.AbstractMethod.addMappedStatement:307 -[cn.codexing.blog.mapper.ArticleMapper.deleteById] Has been loaded by XML or SqlProvider or Mybatis's Annotation, so ignoring this injection for [class com.baomidou.mybatisplus.core.injector.methods.DeleteById]
2020-04-23 17:12:08.622 WARN  [main]com.baomidou.mybatisplus.core.injector.AbstractMethod.addMappedStatement:307 -[cn.codexing.blog.mapper.CategoryMapper.deleteById] Has been loaded by XML or SqlProvider or Mybatis's Annotation, so ignoring this injection for [class com.baomidou.mybatisplus.core.injector.methods.DeleteById]
2020-04-23 17:12:08.808 WARN  [main]com.baomidou.mybatisplus.core.injector.AbstractMethod.addMappedStatement:307 -[cn.codexing.blog.mapper.TagMapper.deleteById] Has been loaded by XML or SqlProvider or Mybatis's Annotation, so ignoring this injection for [class com.baomidou.mybatisplus.core.injector.methods.DeleteById]
2020-04-23 17:12:48.065 WARN  [background-preinit]o.s.http.converter.json.Jackson2ObjectMapperBuilder.warn:127 -For Jackson Kotlin classes support please add "com.fasterxml.jackson.module:jackson-module-kotlin" to the classpath
2020-04-23 17:12:50.910 WARN  [main]com.baomidou.mybatisplus.core.injector.AbstractMethod.addMappedStatement:307 -[cn.codexing.blog.mapper.ArticleMapper.deleteById] Has been loaded by XML or SqlProvider or Mybatis's Annotation, so ignoring this injection for [class com.baomidou.mybatisplus.core.injector.methods.DeleteById]
2020-04-23 17:12:50.966 WARN  [main]com.baomidou.mybatisplus.core.injector.AbstractMethod.addMappedStatement:307 -[cn.codexing.blog.mapper.CategoryMapper.deleteById] Has been loaded by XML or SqlProvider or Mybatis's Annotation, so ignoring this injection for [class com.baomidou.mybatisplus.core.injector.methods.DeleteById]
2020-04-23 17:12:51.144 WARN  [main]com.baomidou.mybatisplus.core.injector.AbstractMethod.addMappedStatement:307 -[cn.codexing.blog.mapper.TagMapper.deleteById] Has been loaded by XML or SqlProvider or Mybatis's Annotation, so ignoring this injection for [class com.baomidou.mybatisplus.core.injector.methods.DeleteById]
2020-04-23 17:16:36.052 WARN  [background-preinit]o.s.http.converter.json.Jackson2ObjectMapperBuilder.warn:127 -For Jackson Kotlin classes support please add "com.fasterxml.jackson.module:jackson-module-kotlin" to the classpath
2020-04-23 17:16:39.200 WARN  [main]com.baomidou.mybatisplus.core.injector.AbstractMethod.addMappedStatement:307 -[cn.codexing.blog.mapper.ArticleMapper.deleteById] Has been loaded by XML or SqlProvider or Mybatis's Annotation, so ignoring this injection for [class com.baomidou.mybatisplus.core.injector.methods.DeleteById]
2020-04-23 17:16:39.269 WARN  [main]com.baomidou.mybatisplus.core.injector.AbstractMethod.addMappedStatement:307 -[cn.codexing.blog.mapper.CategoryMapper.deleteById] Has been loaded by XML or SqlProvider or Mybatis's Annotation, so ignoring this injection for [class com.baomidou.mybatisplus.core.injector.methods.DeleteById]
2020-04-23 17:16:39.474 WARN  [main]com.baomidou.mybatisplus.core.injector.AbstractMethod.addMappedStatement:307 -[cn.codexing.blog.mapper.TagMapper.deleteById] Has been loaded by XML or SqlProvider or Mybatis's Annotation, so ignoring this injection for [class com.baomidou.mybatisplus.core.injector.methods.DeleteById]
2020-04-23 17:20:04.471 WARN  [background-preinit]o.s.http.converter.json.Jackson2ObjectMapperBuilder.warn:127 -For Jackson Kotlin classes support please add "com.fasterxml.jackson.module:jackson-module-kotlin" to the classpath
2020-04-23 17:20:07.144 WARN  [main]com.baomidou.mybatisplus.core.injector.AbstractMethod.addMappedStatement:307 -[cn.codexing.blog.mapper.ArticleMapper.deleteById] Has been loaded by XML or SqlProvider or Mybatis's Annotation, so ignoring this injection for [class com.baomidou.mybatisplus.core.injector.methods.DeleteById]
2020-04-23 17:20:07.202 WARN  [main]com.baomidou.mybatisplus.core.injector.AbstractMethod.addMappedStatement:307 -[cn.codexing.blog.mapper.CategoryMapper.deleteById] Has been loaded by XML or SqlProvider or Mybatis's Annotation, so ignoring this injection for [class com.baomidou.mybatisplus.core.injector.methods.DeleteById]
2020-04-23 17:20:07.375 WARN  [main]com.baomidou.mybatisplus.core.injector.AbstractMethod.addMappedStatement:307 -[cn.codexing.blog.mapper.TagMapper.deleteById] Has been loaded by XML or SqlProvider or Mybatis's Annotation, so ignoring this injection for [class com.baomidou.mybatisplus.core.injector.methods.DeleteById]
2020-04-23 17:21:59.069 WARN  [background-preinit]o.s.http.converter.json.Jackson2ObjectMapperBuilder.warn:127 -For Jackson Kotlin classes support please add "com.fasterxml.jackson.module:jackson-module-kotlin" to the classpath
2020-04-23 17:22:01.991 WARN  [main]com.baomidou.mybatisplus.core.injector.AbstractMethod.addMappedStatement:307 -[cn.codexing.blog.mapper.ArticleMapper.deleteById] Has been loaded by XML or SqlProvider or Mybatis's Annotation, so ignoring this injection for [class com.baomidou.mybatisplus.core.injector.methods.DeleteById]
2020-04-23 17:22:02.045 WARN  [main]com.baomidou.mybatisplus.core.injector.AbstractMethod.addMappedStatement:307 -[cn.codexing.blog.mapper.CategoryMapper.deleteById] Has been loaded by XML or SqlProvider or Mybatis's Annotation, so ignoring this injection for [class com.baomidou.mybatisplus.core.injector.methods.DeleteById]
2020-04-23 17:22:02.220 WARN  [main]com.baomidou.mybatisplus.core.injector.AbstractMethod.addMappedStatement:307 -[cn.codexing.blog.mapper.TagMapper.deleteById] Has been loaded by XML or SqlProvider or Mybatis's Annotation, so ignoring this injection for [class com.baomidou.mybatisplus.core.injector.methods.DeleteById]
2020-04-23 17:37:35.932 WARN  [http-nio-8088-exec-7]o.s.w.s.mvc.support.DefaultHandlerExceptionResolver.logException:199 -Resolved [org.springframework.http.converter.HttpMessageNotReadableException: Invalid JSON input: Cannot deserialize value of type `java.lang.Integer` from String "male": not a valid Integer value; nested exception is com.fasterxml.jackson.databind.exc.InvalidFormatException: Cannot deserialize value of type `java.lang.Integer` from String "male": not a valid Integer value
 at [Source: (PushbackInputStream); line: 1, column: 77] (through reference chain: cn.codexing.blog.entity.SysUser["gender"])]
2020-04-23 17:38:26.439 WARN  [http-nio-8088-exec-9]o.s.w.s.mvc.support.DefaultHandlerExceptionResolver.logException:199 -Resolved [org.springframework.http.converter.HttpMessageNotReadableException: Invalid JSON input: Cannot deserialize value of type `java.lang.Integer` from String "male": not a valid Integer value; nested exception is com.fasterxml.jackson.databind.exc.InvalidFormatException: Cannot deserialize value of type `java.lang.Integer` from String "male": not a valid Integer value
 at [Source: (PushbackInputStream); line: 1, column: 77] (through reference chain: cn.codexing.blog.entity.SysUser["gender"])]
2020-04-23 18:17:55.639 WARN  [background-preinit]o.s.http.converter.json.Jackson2ObjectMapperBuilder.warn:127 -For Jackson Kotlin classes support please add "com.fasterxml.jackson.module:jackson-module-kotlin" to the classpath
2020-04-23 18:17:58.910 WARN  [main]com.baomidou.mybatisplus.core.injector.AbstractMethod.addMappedStatement:307 -[cn.codexing.blog.mapper.ArticleMapper.deleteById] Has been loaded by XML or SqlProvider or Mybatis's Annotation, so ignoring this injection for [class com.baomidou.mybatisplus.core.injector.methods.DeleteById]
2020-04-23 18:17:58.965 WARN  [main]com.baomidou.mybatisplus.core.injector.AbstractMethod.addMappedStatement:307 -[cn.codexing.blog.mapper.CategoryMapper.deleteById] Has been loaded by XML or SqlProvider or Mybatis's Annotation, so ignoring this injection for [class com.baomidou.mybatisplus.core.injector.methods.DeleteById]
2020-04-23 18:17:59.232 WARN  [main]com.baomidou.mybatisplus.core.injector.AbstractMethod.addMappedStatement:307 -[cn.codexing.blog.mapper.TagMapper.deleteById] Has been loaded by XML or SqlProvider or Mybatis's Annotation, so ignoring this injection for [class com.baomidou.mybatisplus.core.injector.methods.DeleteById]
2020-04-23 18:33:58.260 WARN  [background-preinit]o.s.http.converter.json.Jackson2ObjectMapperBuilder.warn:127 -For Jackson Kotlin classes support please add "com.fasterxml.jackson.module:jackson-module-kotlin" to the classpath
2020-04-23 18:34:02.033 WARN  [main]com.baomidou.mybatisplus.core.injector.AbstractMethod.addMappedStatement:307 -[cn.codexing.blog.mapper.ArticleMapper.deleteById] Has been loaded by XML or SqlProvider or Mybatis's Annotation, so ignoring this injection for [class com.baomidou.mybatisplus.core.injector.methods.DeleteById]
2020-04-23 18:34:02.112 WARN  [main]com.baomidou.mybatisplus.core.injector.AbstractMethod.addMappedStatement:307 -[cn.codexing.blog.mapper.CategoryMapper.deleteById] Has been loaded by XML or SqlProvider or Mybatis's Annotation, so ignoring this injection for [class com.baomidou.mybatisplus.core.injector.methods.DeleteById]
2020-04-23 18:34:02.347 WARN  [main]com.baomidou.mybatisplus.core.injector.AbstractMethod.addMappedStatement:307 -[cn.codexing.blog.mapper.TagMapper.deleteById] Has been loaded by XML or SqlProvider or Mybatis's Annotation, so ignoring this injection for [class com.baomidou.mybatisplus.core.injector.methods.DeleteById]
2020-04-23 19:43:24.976 WARN  [background-preinit]o.s.http.converter.json.Jackson2ObjectMapperBuilder.warn:127 -For Jackson Kotlin classes support please add "com.fasterxml.jackson.module:jackson-module-kotlin" to the classpath
2020-04-23 19:43:34.763 WARN  [main]com.baomidou.mybatisplus.core.injector.AbstractMethod.addMappedStatement:307 -[cn.codexing.blog.mapper.ArticleMapper.deleteById] Has been loaded by XML or SqlProvider or Mybatis's Annotation, so ignoring this injection for [class com.baomidou.mybatisplus.core.injector.methods.DeleteById]
2020-04-23 19:43:34.925 WARN  [main]com.baomidou.mybatisplus.core.injector.AbstractMethod.addMappedStatement:307 -[cn.codexing.blog.mapper.CategoryMapper.deleteById] Has been loaded by XML or SqlProvider or Mybatis's Annotation, so ignoring this injection for [class com.baomidou.mybatisplus.core.injector.methods.DeleteById]
2020-04-23 19:43:35.613 WARN  [main]com.baomidou.mybatisplus.core.injector.AbstractMethod.addMappedStatement:307 -[cn.codexing.blog.mapper.TagMapper.deleteById] Has been loaded by XML or SqlProvider or Mybatis's Annotation, so ignoring this injection for [class com.baomidou.mybatisplus.core.injector.methods.DeleteById]
2020-04-23 19:54:34.015 WARN  [background-preinit]o.s.http.converter.json.Jackson2ObjectMapperBuilder.warn:127 -For Jackson Kotlin classes support please add "com.fasterxml.jackson.module:jackson-module-kotlin" to the classpath
2020-04-23 19:54:36.945 WARN  [main]com.baomidou.mybatisplus.core.injector.AbstractMethod.addMappedStatement:307 -[cn.codexing.blog.mapper.ArticleMapper.deleteById] Has been loaded by XML or SqlProvider or Mybatis's Annotation, so ignoring this injection for [class com.baomidou.mybatisplus.core.injector.methods.DeleteById]
2020-04-23 19:54:37.015 WARN  [main]com.baomidou.mybatisplus.core.injector.AbstractMethod.addMappedStatement:307 -[cn.codexing.blog.mapper.CategoryMapper.deleteById] Has been loaded by XML or SqlProvider or Mybatis's Annotation, so ignoring this injection for [class com.baomidou.mybatisplus.core.injector.methods.DeleteById]
2020-04-23 19:54:37.200 WARN  [main]com.baomidou.mybatisplus.core.injector.AbstractMethod.addMappedStatement:307 -[cn.codexing.blog.mapper.TagMapper.deleteById] Has been loaded by XML or SqlProvider or Mybatis's Annotation, so ignoring this injection for [class com.baomidou.mybatisplus.core.injector.methods.DeleteById]
2020-04-23 19:56:30.368 WARN  [background-preinit]o.s.http.converter.json.Jackson2ObjectMapperBuilder.warn:127 -For Jackson Kotlin classes support please add "com.fasterxml.jackson.module:jackson-module-kotlin" to the classpath
2020-04-23 19:56:33.865 WARN  [main]com.baomidou.mybatisplus.core.injector.AbstractMethod.addMappedStatement:307 -[cn.codexing.blog.mapper.ArticleMapper.deleteById] Has been loaded by XML or SqlProvider or Mybatis's Annotation, so ignoring this injection for [class com.baomidou.mybatisplus.core.injector.methods.DeleteById]
2020-04-23 19:56:33.927 WARN  [main]com.baomidou.mybatisplus.core.injector.AbstractMethod.addMappedStatement:307 -[cn.codexing.blog.mapper.CategoryMapper.deleteById] Has been loaded by XML or SqlProvider or Mybatis's Annotation, so ignoring this injection for [class com.baomidou.mybatisplus.core.injector.methods.DeleteById]
2020-04-23 19:56:34.099 WARN  [main]com.baomidou.mybatisplus.core.injector.AbstractMethod.addMappedStatement:307 -[cn.codexing.blog.mapper.TagMapper.deleteById] Has been loaded by XML or SqlProvider or Mybatis's Annotation, so ignoring this injection for [class com.baomidou.mybatisplus.core.injector.methods.DeleteById]
2020-04-23 20:07:00.094 WARN  [background-preinit]o.s.http.converter.json.Jackson2ObjectMapperBuilder.warn:127 -For Jackson Kotlin classes support please add "com.fasterxml.jackson.module:jackson-module-kotlin" to the classpath
2020-04-23 20:07:02.761 WARN  [main]com.baomidou.mybatisplus.core.injector.AbstractMethod.addMappedStatement:307 -[cn.codexing.blog.mapper.ArticleMapper.deleteById] Has been loaded by XML or SqlProvider or Mybatis's Annotation, so ignoring this injection for [class com.baomidou.mybatisplus.core.injector.methods.DeleteById]
2020-04-23 20:07:02.808 WARN  [main]com.baomidou.mybatisplus.core.injector.AbstractMethod.addMappedStatement:307 -[cn.codexing.blog.mapper.CategoryMapper.deleteById] Has been loaded by XML or SqlProvider or Mybatis's Annotation, so ignoring this injection for [class com.baomidou.mybatisplus.core.injector.methods.DeleteById]
2020-04-23 20:07:02.980 WARN  [main]com.baomidou.mybatisplus.core.injector.AbstractMethod.addMappedStatement:307 -[cn.codexing.blog.mapper.TagMapper.deleteById] Has been loaded by XML or SqlProvider or Mybatis's Annotation, so ignoring this injection for [class com.baomidou.mybatisplus.core.injector.methods.DeleteById]
2020-04-23 20:44:06.696 WARN  [background-preinit]o.s.http.converter.json.Jackson2ObjectMapperBuilder.warn:127 -For Jackson Kotlin classes support please add "com.fasterxml.jackson.module:jackson-module-kotlin" to the classpath
2020-04-23 20:44:09.271 WARN  [main]com.baomidou.mybatisplus.core.injector.AbstractMethod.addMappedStatement:307 -[cn.codexing.blog.mapper.ArticleMapper.deleteById] Has been loaded by XML or SqlProvider or Mybatis's Annotation, so ignoring this injection for [class com.baomidou.mybatisplus.core.injector.methods.DeleteById]
2020-04-23 20:44:09.318 WARN  [main]com.baomidou.mybatisplus.core.injector.AbstractMethod.addMappedStatement:307 -[cn.codexing.blog.mapper.CategoryMapper.deleteById] Has been loaded by XML or SqlProvider or Mybatis's Annotation, so ignoring this injection for [class com.baomidou.mybatisplus.core.injector.methods.DeleteById]
2020-04-23 20:44:09.490 WARN  [main]com.baomidou.mybatisplus.core.injector.AbstractMethod.addMappedStatement:307 -[cn.codexing.blog.mapper.TagMapper.deleteById] Has been loaded by XML or SqlProvider or Mybatis's Annotation, so ignoring this injection for [class com.baomidou.mybatisplus.core.injector.methods.DeleteById]
2020-04-23 21:00:59.409 WARN  [background-preinit]o.s.http.converter.json.Jackson2ObjectMapperBuilder.warn:127 -For Jackson Kotlin classes support please add "com.fasterxml.jackson.module:jackson-module-kotlin" to the classpath
2020-04-23 21:01:02.394 WARN  [main]com.baomidou.mybatisplus.core.injector.AbstractMethod.addMappedStatement:307 -[cn.codexing.blog.mapper.ArticleMapper.deleteById] Has been loaded by XML or SqlProvider or Mybatis's Annotation, so ignoring this injection for [class com.baomidou.mybatisplus.core.injector.methods.DeleteById]
2020-04-23 21:01:02.481 WARN  [main]com.baomidou.mybatisplus.core.injector.AbstractMethod.addMappedStatement:307 -[cn.codexing.blog.mapper.CategoryMapper.deleteById] Has been loaded by XML or SqlProvider or Mybatis's Annotation, so ignoring this injection for [class com.baomidou.mybatisplus.core.injector.methods.DeleteById]
2020-04-23 21:01:02.646 WARN  [main]com.baomidou.mybatisplus.core.injector.AbstractMethod.addMappedStatement:307 -[cn.codexing.blog.mapper.TagMapper.deleteById] Has been loaded by XML or SqlProvider or Mybatis's Annotation, so ignoring this injection for [class com.baomidou.mybatisplus.core.injector.methods.DeleteById]
2020-04-23 21:20:55.363 WARN  [background-preinit]o.s.http.converter.json.Jackson2ObjectMapperBuilder.warn:127 -For Jackson Kotlin classes support please add "com.fasterxml.jackson.module:jackson-module-kotlin" to the classpath
2020-04-23 21:20:58.136 WARN  [main]com.baomidou.mybatisplus.core.injector.AbstractMethod.addMappedStatement:307 -[cn.codexing.blog.mapper.ArticleMapper.deleteById] Has been loaded by XML or SqlProvider or Mybatis's Annotation, so ignoring this injection for [class com.baomidou.mybatisplus.core.injector.methods.DeleteById]
2020-04-23 21:20:58.221 WARN  [main]com.baomidou.mybatisplus.core.injector.AbstractMethod.addMappedStatement:307 -[cn.codexing.blog.mapper.CategoryMapper.deleteById] Has been loaded by XML or SqlProvider or Mybatis's Annotation, so ignoring this injection for [class com.baomidou.mybatisplus.core.injector.methods.DeleteById]
2020-04-23 21:20:58.410 WARN  [main]com.baomidou.mybatisplus.core.injector.AbstractMethod.addMappedStatement:307 -[cn.codexing.blog.mapper.TagMapper.deleteById] Has been loaded by XML or SqlProvider or Mybatis's Annotation, so ignoring this injection for [class com.baomidou.mybatisplus.core.injector.methods.DeleteById]
2020-04-23 21:27:02.159 WARN  [background-preinit]o.s.http.converter.json.Jackson2ObjectMapperBuilder.warn:127 -For Jackson Kotlin classes support please add "com.fasterxml.jackson.module:jackson-module-kotlin" to the classpath
2020-04-23 21:27:04.906 WARN  [main]com.baomidou.mybatisplus.core.injector.AbstractMethod.addMappedStatement:307 -[cn.codexing.blog.mapper.ArticleMapper.deleteById] Has been loaded by XML or SqlProvider or Mybatis's Annotation, so ignoring this injection for [class com.baomidou.mybatisplus.core.injector.methods.DeleteById]
2020-04-23 21:27:04.973 WARN  [main]com.baomidou.mybatisplus.core.injector.AbstractMethod.addMappedStatement:307 -[cn.codexing.blog.mapper.CategoryMapper.deleteById] Has been loaded by XML or SqlProvider or Mybatis's Annotation, so ignoring this injection for [class com.baomidou.mybatisplus.core.injector.methods.DeleteById]
2020-04-23 21:27:05.162 WARN  [main]com.baomidou.mybatisplus.core.injector.AbstractMethod.addMappedStatement:307 -[cn.codexing.blog.mapper.TagMapper.deleteById] Has been loaded by XML or SqlProvider or Mybatis's Annotation, so ignoring this injection for [class com.baomidou.mybatisplus.core.injector.methods.DeleteById]
2020-04-23 21:53:11.230 WARN  [background-preinit]o.s.http.converter.json.Jackson2ObjectMapperBuilder.warn:127 -For Jackson Kotlin classes support please add "com.fasterxml.jackson.module:jackson-module-kotlin" to the classpath
2020-04-23 21:53:15.011 WARN  [main]com.baomidou.mybatisplus.core.injector.AbstractMethod.addMappedStatement:307 -[cn.codexing.blog.mapper.ArticleMapper.deleteById] Has been loaded by XML or SqlProvider or Mybatis's Annotation, so ignoring this injection for [class com.baomidou.mybatisplus.core.injector.methods.DeleteById]
2020-04-23 21:53:15.069 WARN  [main]com.baomidou.mybatisplus.core.injector.AbstractMethod.addMappedStatement:307 -[cn.codexing.blog.mapper.CategoryMapper.deleteById] Has been loaded by XML or SqlProvider or Mybatis's Annotation, so ignoring this injection for [class com.baomidou.mybatisplus.core.injector.methods.DeleteById]
2020-04-23 21:53:15.298 WARN  [main]com.baomidou.mybatisplus.core.injector.AbstractMethod.addMappedStatement:307 -[cn.codexing.blog.mapper.TagMapper.deleteById] Has been loaded by XML or SqlProvider or Mybatis's Annotation, so ignoring this injection for [class com.baomidou.mybatisplus.core.injector.methods.DeleteById]
2020-04-23 21:56:16.675 WARN  [background-preinit]o.s.http.converter.json.Jackson2ObjectMapperBuilder.warn:127 -For Jackson Kotlin classes support please add "com.fasterxml.jackson.module:jackson-module-kotlin" to the classpath
2020-04-23 21:56:19.381 WARN  [main]com.baomidou.mybatisplus.core.injector.AbstractMethod.addMappedStatement:307 -[cn.codexing.blog.mapper.ArticleMapper.deleteById] Has been loaded by XML or SqlProvider or Mybatis's Annotation, so ignoring this injection for [class com.baomidou.mybatisplus.core.injector.methods.DeleteById]
2020-04-23 21:56:19.452 WARN  [main]com.baomidou.mybatisplus.core.injector.AbstractMethod.addMappedStatement:307 -[cn.codexing.blog.mapper.CategoryMapper.deleteById] Has been loaded by XML or SqlProvider or Mybatis's Annotation, so ignoring this injection for [class com.baomidou.mybatisplus.core.injector.methods.DeleteById]
2020-04-23 21:56:19.668 WARN  [main]com.baomidou.mybatisplus.core.injector.AbstractMethod.addMappedStatement:307 -[cn.codexing.blog.mapper.TagMapper.deleteById] Has been loaded by XML or SqlProvider or Mybatis's Annotation, so ignoring this injection for [class com.baomidou.mybatisplus.core.injector.methods.DeleteById]
2020-04-23 21:57:31.944 WARN  [background-preinit]o.s.http.converter.json.Jackson2ObjectMapperBuilder.warn:127 -For Jackson Kotlin classes support please add "com.fasterxml.jackson.module:jackson-module-kotlin" to the classpath
2020-04-23 21:57:35.367 WARN  [main]com.baomidou.mybatisplus.core.injector.AbstractMethod.addMappedStatement:307 -[cn.codexing.blog.mapper.ArticleMapper.deleteById] Has been loaded by XML or SqlProvider or Mybatis's Annotation, so ignoring this injection for [class com.baomidou.mybatisplus.core.injector.methods.DeleteById]
2020-04-23 21:57:35.424 WARN  [main]com.baomidou.mybatisplus.core.injector.AbstractMethod.addMappedStatement:307 -[cn.codexing.blog.mapper.CategoryMapper.deleteById] Has been loaded by XML or SqlProvider or Mybatis's Annotation, so ignoring this injection for [class com.baomidou.mybatisplus.core.injector.methods.DeleteById]
2020-04-23 21:57:35.600 WARN  [main]com.baomidou.mybatisplus.core.injector.AbstractMethod.addMappedStatement:307 -[cn.codexing.blog.mapper.TagMapper.deleteById] Has been loaded by XML or SqlProvider or Mybatis's Annotation, so ignoring this injection for [class com.baomidou.mybatisplus.core.injector.methods.DeleteById]
2020-04-23 21:57:37.299 WARN  [main]o.s.b.w.s.c.AnnotationConfigServletWebServerApplicationContext.refresh:558 -Exception encountered during context initialization - cancelling refresh attempt: org.springframework.beans.factory.BeanCreationException: Error creating bean with name 'springSecurityFilterChain' defined in class path resource [org/springframework/security/config/annotation/web/configuration/WebSecurityConfiguration.class]: Bean instantiation via factory method failed; nested exception is org.springframework.beans.BeanInstantiationException: Failed to instantiate [javax.servlet.Filter]: Factory method 'springSecurityFilterChain' threw exception; nested exception is java.lang.IllegalStateException: Can't configure antMatchers after anyRequest
2020-04-23 21:57:37.331 WARN  [main]org.apache.catalina.loader.WebappClassLoaderBase.log:173 -The web application [ROOT] appears to have started a thread named [ForkJoinPool.commonPool-worker-1] but has failed to stop it. This is very likely to create a memory leak. Stack trace of thread:
 sun.misc.Unsafe.park(Native Method)
 java.util.concurrent.ForkJoinPool.awaitWork(ForkJoinPool.java:1824)
 java.util.concurrent.ForkJoinPool.runWorker(ForkJoinPool.java:1693)
 java.util.concurrent.ForkJoinWorkerThread.run(ForkJoinWorkerThread.java:157)
2020-04-23 21:57:37.331 WARN  [main]org.apache.catalina.loader.WebappClassLoaderBase.log:173 -The web application [ROOT] appears to have started a thread named [ForkJoinPool.commonPool-worker-2] but has failed to stop it. This is very likely to create a memory leak. Stack trace of thread:
 sun.misc.Unsafe.park(Native Method)
 java.util.concurrent.ForkJoinPool.awaitWork(ForkJoinPool.java:1824)
 java.util.concurrent.ForkJoinPool.runWorker(ForkJoinPool.java:1693)
 java.util.concurrent.ForkJoinWorkerThread.run(ForkJoinWorkerThread.java:157)
2020-04-23 21:57:37.331 WARN  [main]org.apache.catalina.loader.WebappClassLoaderBase.log:173 -The web application [ROOT] appears to have started a thread named [ForkJoinPool.commonPool-worker-3] but has failed to stop it. This is very likely to create a memory leak. Stack trace of thread:
 sun.misc.Unsafe.park(Native Method)
 java.util.concurrent.ForkJoinPool.awaitWork(ForkJoinPool.java:1824)
 java.util.concurrent.ForkJoinPool.runWorker(ForkJoinPool.java:1693)
 java.util.concurrent.ForkJoinWorkerThread.run(ForkJoinWorkerThread.java:157)
2020-04-23 21:58:35.390 WARN  [background-preinit]o.s.http.converter.json.Jackson2ObjectMapperBuilder.warn:127 -For Jackson Kotlin classes support please add "com.fasterxml.jackson.module:jackson-module-kotlin" to the classpath
2020-04-23 21:58:38.080 WARN  [main]com.baomidou.mybatisplus.core.injector.AbstractMethod.addMappedStatement:307 -[cn.codexing.blog.mapper.ArticleMapper.deleteById] Has been loaded by XML or SqlProvider or Mybatis's Annotation, so ignoring this injection for [class com.baomidou.mybatisplus.core.injector.methods.DeleteById]
2020-04-23 21:58:38.128 WARN  [main]com.baomidou.mybatisplus.core.injector.AbstractMethod.addMappedStatement:307 -[cn.codexing.blog.mapper.CategoryMapper.deleteById] Has been loaded by XML or SqlProvider or Mybatis's Annotation, so ignoring this injection for [class com.baomidou.mybatisplus.core.injector.methods.DeleteById]
2020-04-23 21:58:38.320 WARN  [main]com.baomidou.mybatisplus.core.injector.AbstractMethod.addMappedStatement:307 -[cn.codexing.blog.mapper.TagMapper.deleteById] Has been loaded by XML or SqlProvider or Mybatis's Annotation, so ignoring this injection for [class com.baomidou.mybatisplus.core.injector.methods.DeleteById]
2020-04-23 21:59:27.161 WARN  [background-preinit]o.s.http.converter.json.Jackson2ObjectMapperBuilder.warn:127 -For Jackson Kotlin classes support please add "com.fasterxml.jackson.module:jackson-module-kotlin" to the classpath
2020-04-23 21:59:29.721 WARN  [main]com.baomidou.mybatisplus.core.injector.AbstractMethod.addMappedStatement:307 -[cn.codexing.blog.mapper.ArticleMapper.deleteById] Has been loaded by XML or SqlProvider or Mybatis's Annotation, so ignoring this injection for [class com.baomidou.mybatisplus.core.injector.methods.DeleteById]
2020-04-23 21:59:29.784 WARN  [main]com.baomidou.mybatisplus.core.injector.AbstractMethod.addMappedStatement:307 -[cn.codexing.blog.mapper.CategoryMapper.deleteById] Has been loaded by XML or SqlProvider or Mybatis's Annotation, so ignoring this injection for [class com.baomidou.mybatisplus.core.injector.methods.DeleteById]
2020-04-23 21:59:29.977 WARN  [main]com.baomidou.mybatisplus.core.injector.AbstractMethod.addMappedStatement:307 -[cn.codexing.blog.mapper.TagMapper.deleteById] Has been loaded by XML or SqlProvider or Mybatis's Annotation, so ignoring this injection for [class com.baomidou.mybatisplus.core.injector.methods.DeleteById]
2020-04-23 22:00:07.719 WARN  [background-preinit]o.s.http.converter.json.Jackson2ObjectMapperBuilder.warn:127 -For Jackson Kotlin classes support please add "com.fasterxml.jackson.module:jackson-module-kotlin" to the classpath
2020-04-23 22:00:10.410 WARN  [main]com.baomidou.mybatisplus.core.injector.AbstractMethod.addMappedStatement:307 -[cn.codexing.blog.mapper.ArticleMapper.deleteById] Has been loaded by XML or SqlProvider or Mybatis's Annotation, so ignoring this injection for [class com.baomidou.mybatisplus.core.injector.methods.DeleteById]
2020-04-23 22:00:10.457 WARN  [main]com.baomidou.mybatisplus.core.injector.AbstractMethod.addMappedStatement:307 -[cn.codexing.blog.mapper.CategoryMapper.deleteById] Has been loaded by XML or SqlProvider or Mybatis's Annotation, so ignoring this injection for [class com.baomidou.mybatisplus.core.injector.methods.DeleteById]
2020-04-23 22:00:10.629 WARN  [main]com.baomidou.mybatisplus.core.injector.AbstractMethod.addMappedStatement:307 -[cn.codexing.blog.mapper.TagMapper.deleteById] Has been loaded by XML or SqlProvider or Mybatis's Annotation, so ignoring this injection for [class com.baomidou.mybatisplus.core.injector.methods.DeleteById]
2020-04-23 22:03:52.847 WARN  [background-preinit]o.s.http.converter.json.Jackson2ObjectMapperBuilder.warn:127 -For Jackson Kotlin classes support please add "com.fasterxml.jackson.module:jackson-module-kotlin" to the classpath
2020-04-23 22:03:55.459 WARN  [main]com.baomidou.mybatisplus.core.injector.AbstractMethod.addMappedStatement:307 -[cn.codexing.blog.mapper.ArticleMapper.deleteById] Has been loaded by XML or SqlProvider or Mybatis's Annotation, so ignoring this injection for [class com.baomidou.mybatisplus.core.injector.methods.DeleteById]
2020-04-23 22:03:55.521 WARN  [main]com.baomidou.mybatisplus.core.injector.AbstractMethod.addMappedStatement:307 -[cn.codexing.blog.mapper.CategoryMapper.deleteById] Has been loaded by XML or SqlProvider or Mybatis's Annotation, so ignoring this injection for [class com.baomidou.mybatisplus.core.injector.methods.DeleteById]
2020-04-23 22:03:55.708 WARN  [main]com.baomidou.mybatisplus.core.injector.AbstractMethod.addMappedStatement:307 -[cn.codexing.blog.mapper.TagMapper.deleteById] Has been loaded by XML or SqlProvider or Mybatis's Annotation, so ignoring this injection for [class com.baomidou.mybatisplus.core.injector.methods.DeleteById]
2020-04-23 22:06:10.728 WARN  [background-preinit]o.s.http.converter.json.Jackson2ObjectMapperBuilder.warn:127 -For Jackson Kotlin classes support please add "com.fasterxml.jackson.module:jackson-module-kotlin" to the classpath
2020-04-23 22:06:13.540 WARN  [main]com.baomidou.mybatisplus.core.injector.AbstractMethod.addMappedStatement:307 -[cn.codexing.blog.mapper.ArticleMapper.deleteById] Has been loaded by XML or SqlProvider or Mybatis's Annotation, so ignoring this injection for [class com.baomidou.mybatisplus.core.injector.methods.DeleteById]
2020-04-23 22:06:13.587 WARN  [main]com.baomidou.mybatisplus.core.injector.AbstractMethod.addMappedStatement:307 -[cn.codexing.blog.mapper.CategoryMapper.deleteById] Has been loaded by XML or SqlProvider or Mybatis's Annotation, so ignoring this injection for [class com.baomidou.mybatisplus.core.injector.methods.DeleteById]
2020-04-23 22:06:13.790 WARN  [main]com.baomidou.mybatisplus.core.injector.AbstractMethod.addMappedStatement:307 -[cn.codexing.blog.mapper.TagMapper.deleteById] Has been loaded by XML or SqlProvider or Mybatis's Annotation, so ignoring this injection for [class com.baomidou.mybatisplus.core.injector.methods.DeleteById]
