2020-04-12 19:07:37.858 WARN  [background-preinit]o.s.http.converter.json.Jackson2ObjectMapperBuilder.warn:127 -For Jackson Kotlin classes support please add "com.fasterxml.jackson.module:jackson-module-kotlin" to the classpath
2020-04-12 19:07:40.650 WARN  [main]com.baomidou.mybatisplus.core.metadata.TableInfoHelper.initTableFields:280 -Warn: Could not find @TableId in Class: cn.codexing.blog.entity.ArticleComment.
2020-04-12 19:09:09.044 WARN  [background-preinit]o.s.http.converter.json.Jackson2ObjectMapperBuilder.warn:127 -For Jackson Kotlin classes support please add "com.fasterxml.jackson.module:jackson-module-kotlin" to the classpath
2020-04-12 19:09:11.432 WARN  [main]com.baomidou.mybatisplus.core.metadata.TableInfoHelper.initTableFields:280 -Warn: Could not find @TableId in Class: cn.codexing.blog.entity.ArticleComment.
2020-04-12 19:15:06.590 WARN  [http-nio-8088-exec-1]o.s.w.s.mvc.support.DefaultHandlerExceptionResolver.logException:199 -Resolved [org.springframework.web.HttpRequestMethodNotSupportedException: Request method 'POST' not supported]
2020-04-12 19:15:23.193 WARN  [background-preinit]o.s.http.converter.json.Jackson2ObjectMapperBuilder.warn:127 -For Jackson Kotlin classes support please add "com.fasterxml.jackson.module:jackson-module-kotlin" to the classpath
2020-04-12 19:15:25.738 WARN  [main]com.baomidou.mybatisplus.core.metadata.TableInfoHelper.initTableFields:280 -Warn: Could not find @TableId in Class: cn.codexing.blog.entity.ArticleComment.
2020-04-12 19:19:56.859 WARN  [background-preinit]o.s.http.converter.json.Jackson2ObjectMapperBuilder.warn:127 -For Jackson Kotlin classes support please add "com.fasterxml.jackson.module:jackson-module-kotlin" to the classpath
2020-04-12 19:19:58.986 WARN  [main]com.baomidou.mybatisplus.core.metadata.TableInfoHelper.initTableFields:280 -Warn: Could not find @TableId in Class: cn.codexing.blog.entity.ArticleComment.
2020-04-12 19:20:26.922 WARN  [background-preinit]o.s.http.converter.json.Jackson2ObjectMapperBuilder.warn:127 -For Jackson Kotlin classes support please add "com.fasterxml.jackson.module:jackson-module-kotlin" to the classpath
2020-04-12 19:20:29.190 WARN  [main]com.baomidou.mybatisplus.core.metadata.TableInfoHelper.initTableFields:280 -Warn: Could not find @TableId in Class: cn.codexing.blog.entity.ArticleComment.
2020-04-12 19:22:42.954 WARN  [http-nio-8088-exec-4]o.s.w.s.mvc.support.DefaultHandlerExceptionResolver.logException:199 -Resolved [org.springframework.http.converter.HttpMessageNotReadableException: Required request body is missing: public cn.codexing.blog.common.Result<cn.codexing.blog.common.util.PageUtils> cn.codexing.blog.controller.ArticleController.getByPage(cn.codexing.blog.common.util.PageUtils)]
2020-04-12 19:23:06.723 WARN  [http-nio-8088-exec-6]o.s.w.s.mvc.support.DefaultHandlerExceptionResolver.logException:199 -Resolved [org.springframework.http.converter.HttpMessageNotReadableException: Required request body is missing: public cn.codexing.blog.common.Result<cn.codexing.blog.common.util.PageUtils> cn.codexing.blog.controller.ArticleController.getByPage(cn.codexing.blog.common.util.PageUtils)]
2020-04-12 19:24:21.656 WARN  [background-preinit]o.s.http.converter.json.Jackson2ObjectMapperBuilder.warn:127 -For Jackson Kotlin classes support please add "com.fasterxml.jackson.module:jackson-module-kotlin" to the classpath
2020-04-12 19:24:24.121 WARN  [main]com.baomidou.mybatisplus.core.metadata.TableInfoHelper.initTableFields:280 -Warn: Could not find @TableId in Class: cn.codexing.blog.entity.ArticleComment.
2020-04-12 19:24:33.331 WARN  [http-nio-8088-exec-2]o.s.w.s.mvc.support.DefaultHandlerExceptionResolver.logException:199 -Resolved [org.springframework.http.converter.HttpMessageNotReadableException: Required request body is missing: public cn.codexing.blog.common.Result<cn.codexing.blog.common.util.PageUtils> cn.codexing.blog.controller.ArticleController.getByPage(cn.codexing.blog.common.util.PageUtils)]
2020-04-12 19:29:13.713 WARN  [background-preinit]o.s.http.converter.json.Jackson2ObjectMapperBuilder.warn:127 -For Jackson Kotlin classes support please add "com.fasterxml.jackson.module:jackson-module-kotlin" to the classpath
2020-04-12 19:29:15.985 WARN  [main]com.baomidou.mybatisplus.core.metadata.TableInfoHelper.initTableFields:280 -Warn: Could not find @TableId in Class: cn.codexing.blog.entity.ArticleComment.
2020-04-12 19:48:50.261 WARN  [background-preinit]o.s.http.converter.json.Jackson2ObjectMapperBuilder.warn:127 -For Jackson Kotlin classes support please add "com.fasterxml.jackson.module:jackson-module-kotlin" to the classpath
2020-04-12 19:48:52.813 WARN  [main]com.baomidou.mybatisplus.core.metadata.TableInfoHelper.initTableFields:280 -Warn: Could not find @TableId in Class: cn.codexing.blog.entity.ArticleComment.
2020-04-12 20:53:17.805 WARN  [background-preinit]o.s.http.converter.json.Jackson2ObjectMapperBuilder.warn:127 -For Jackson Kotlin classes support please add "com.fasterxml.jackson.module:jackson-module-kotlin" to the classpath
2020-04-12 20:53:20.027 WARN  [main]com.baomidou.mybatisplus.core.metadata.TableInfoHelper.initTableFields:280 -Warn: Could not find @TableId in Class: cn.codexing.blog.entity.ArticleComment.
2020-04-12 20:53:27.298 WARN  [http-nio-8088-exec-1]o.s.w.s.mvc.support.DefaultHandlerExceptionResolver.logException:199 -Resolved [org.springframework.http.converter.HttpMessageNotReadableException: Required request body is missing: public cn.codexing.blog.common.Result<cn.codexing.blog.common.util.PageUtils<cn.codexing.blog.entity.Article>> cn.codexing.blog.controller.ArticleController.getByPage(cn.codexing.blog.common.util.PageUtils<cn.codexing.blog.entity.Article>)]
2020-04-12 20:54:22.820 WARN  [background-preinit]o.s.http.converter.json.Jackson2ObjectMapperBuilder.warn:127 -For Jackson Kotlin classes support please add "com.fasterxml.jackson.module:jackson-module-kotlin" to the classpath
2020-04-12 20:54:24.923 WARN  [main]com.baomidou.mybatisplus.core.metadata.TableInfoHelper.initTableFields:280 -Warn: Could not find @TableId in Class: cn.codexing.blog.entity.ArticleComment.
2020-04-12 21:10:20.886 WARN  [background-preinit]o.s.http.converter.json.Jackson2ObjectMapperBuilder.warn:127 -For Jackson Kotlin classes support please add "com.fasterxml.jackson.module:jackson-module-kotlin" to the classpath
2020-04-12 21:10:23.384 WARN  [main]com.baomidou.mybatisplus.core.metadata.TableInfoHelper.initTableFields:280 -Warn: Could not find @TableId in Class: cn.codexing.blog.entity.ArticleComment.
2020-04-12 21:11:06.909 WARN  [background-preinit]o.s.http.converter.json.Jackson2ObjectMapperBuilder.warn:127 -For Jackson Kotlin classes support please add "com.fasterxml.jackson.module:jackson-module-kotlin" to the classpath
2020-04-12 21:11:09.008 WARN  [main]com.baomidou.mybatisplus.core.metadata.TableInfoHelper.initTableFields:280 -Warn: Could not find @TableId in Class: cn.codexing.blog.entity.ArticleComment.
2020-04-12 21:14:10.116 WARN  [background-preinit]o.s.http.converter.json.Jackson2ObjectMapperBuilder.warn:127 -For Jackson Kotlin classes support please add "com.fasterxml.jackson.module:jackson-module-kotlin" to the classpath
2020-04-12 21:14:12.657 WARN  [main]com.baomidou.mybatisplus.core.metadata.TableInfoHelper.initTableFields:280 -Warn: Could not find @TableId in Class: cn.codexing.blog.entity.ArticleComment.
2020-04-12 21:15:45.447 WARN  [background-preinit]o.s.http.converter.json.Jackson2ObjectMapperBuilder.warn:127 -For Jackson Kotlin classes support please add "com.fasterxml.jackson.module:jackson-module-kotlin" to the classpath
2020-04-12 21:15:47.762 WARN  [main]com.baomidou.mybatisplus.core.metadata.TableInfoHelper.initTableFields:280 -Warn: Could not find @TableId in Class: cn.codexing.blog.entity.ArticleComment.
2020-04-12 21:31:28.752 WARN  [background-preinit]o.s.http.converter.json.Jackson2ObjectMapperBuilder.warn:127 -For Jackson Kotlin classes support please add "com.fasterxml.jackson.module:jackson-module-kotlin" to the classpath
2020-04-12 21:31:31.098 WARN  [main]com.baomidou.mybatisplus.core.metadata.TableInfoHelper.initTableFields:280 -Warn: Could not find @TableId in Class: cn.codexing.blog.entity.ArticleComment.
2020-04-12 21:31:47.002 WARN  [http-nio-8088-exec-2]o.s.w.s.mvc.support.DefaultHandlerExceptionResolver.logException:199 -Resolved [org.springframework.http.converter.HttpMessageNotReadableException: Required request body is missing: public cn.codexing.blog.common.Result<cn.codexing.blog.common.util.PageUtils<cn.codexing.blog.entity.Article>> cn.codexing.blog.controller.ArticleController.getByPage(cn.codexing.blog.common.util.PageUtils<cn.codexing.blog.entity.Article>)]
2020-04-12 21:35:04.187 WARN  [http-nio-8088-exec-8]o.s.w.s.mvc.support.DefaultHandlerExceptionResolver.logException:199 -Resolved [org.springframework.http.converter.HttpMessageNotReadableException: Invalid JSON input: Cannot deserialize instance of `java.util.LinkedHashMap<java.lang.Object,java.lang.Object>` out of START_ARRAY token; nested exception is com.fasterxml.jackson.databind.exc.MismatchedInputException: Cannot deserialize instance of `java.util.LinkedHashMap<java.lang.Object,java.lang.Object>` out of START_ARRAY token
 at [Source: (PushbackInputStream); line: 2, column: 11] (through reference chain: cn.codexing.blog.common.util.PageUtils["params"])]
2020-04-12 21:36:14.504 WARN  [background-preinit]o.s.http.converter.json.Jackson2ObjectMapperBuilder.warn:127 -For Jackson Kotlin classes support please add "com.fasterxml.jackson.module:jackson-module-kotlin" to the classpath
2020-04-12 21:36:16.739 WARN  [main]com.baomidou.mybatisplus.core.metadata.TableInfoHelper.initTableFields:280 -Warn: Could not find @TableId in Class: cn.codexing.blog.entity.ArticleComment.
2020-04-12 21:36:23.135 WARN  [http-nio-8088-exec-1]o.s.w.s.mvc.support.DefaultHandlerExceptionResolver.logException:199 -Resolved [org.springframework.http.converter.HttpMessageNotReadableException: Invalid JSON input: Cannot deserialize instance of `java.util.LinkedHashMap<java.lang.Object,java.lang.Object>` out of START_ARRAY token; nested exception is com.fasterxml.jackson.databind.exc.MismatchedInputException: Cannot deserialize instance of `java.util.LinkedHashMap<java.lang.Object,java.lang.Object>` out of START_ARRAY token
 at [Source: (PushbackInputStream); line: 2, column: 11] (through reference chain: cn.codexing.blog.common.util.PageUtils["params"])]
2020-04-12 21:37:57.161 WARN  [background-preinit]o.s.http.converter.json.Jackson2ObjectMapperBuilder.warn:127 -For Jackson Kotlin classes support please add "com.fasterxml.jackson.module:jackson-module-kotlin" to the classpath
2020-04-12 21:37:59.695 WARN  [main]com.baomidou.mybatisplus.core.metadata.TableInfoHelper.initTableFields:280 -Warn: Could not find @TableId in Class: cn.codexing.blog.entity.ArticleComment.
